<?xml version="1.0" encoding="UTF-8"?>
<testsuite name="kr.co.test.contstraint.service.OrderInfoDtoServiceTest" tests="1" skipped="0" failures="0" errors="0" timestamp="2021-09-19T01:12:37" hostname="AL01590445.local" time="0.255">
  <properties/>
  <testcase name="test1()" classname="kr.co.test.contstraint.service.OrderInfoDtoServiceTest" time="0.255"/>
  <system-out><![CDATA[10:12:27.897 [Test worker] DEBUG org.springframework.test.context.BootstrapUtils - Instantiating CacheAwareContextLoaderDelegate from class [org.springframework.test.context.cache.DefaultCacheAwareContextLoaderDelegate]
10:12:27.906 [Test worker] DEBUG org.springframework.test.context.BootstrapUtils - Instantiating BootstrapContext using constructor [public org.springframework.test.context.support.DefaultBootstrapContext(java.lang.Class,org.springframework.test.context.CacheAwareContextLoaderDelegate)]
10:12:27.932 [Test worker] DEBUG org.springframework.test.context.BootstrapUtils - Instantiating TestContextBootstrapper for test class [kr.co.test.contstraint.service.OrderInfoDtoServiceTest] from class [org.springframework.boot.test.context.SpringBootTestContextBootstrapper]
10:12:27.940 [Test worker] INFO org.springframework.boot.test.context.SpringBootTestContextBootstrapper - Neither @ContextConfiguration nor @ContextHierarchy found for test class [kr.co.test.contstraint.service.OrderInfoDtoServiceTest], using SpringBootContextLoader
10:12:27.943 [Test worker] DEBUG org.springframework.test.context.support.AbstractContextLoader - Did not detect default resource location for test class [kr.co.test.contstraint.service.OrderInfoDtoServiceTest]: class path resource [kr/co/test/contstraint/service/OrderInfoDtoServiceTest-context.xml] does not exist
10:12:27.943 [Test worker] DEBUG org.springframework.test.context.support.AbstractContextLoader - Did not detect default resource location for test class [kr.co.test.contstraint.service.OrderInfoDtoServiceTest]: class path resource [kr/co/test/contstraint/service/OrderInfoDtoServiceTestContext.groovy] does not exist
10:12:27.944 [Test worker] INFO org.springframework.test.context.support.AbstractContextLoader - Could not detect default resource locations for test class [kr.co.test.contstraint.service.OrderInfoDtoServiceTest]: no resource found for suffixes {-context.xml, Context.groovy}.
10:12:27.944 [Test worker] INFO org.springframework.test.context.support.AnnotationConfigContextLoaderUtils - Could not detect default configuration classes for test class [kr.co.test.contstraint.service.OrderInfoDtoServiceTest]: OrderInfoDtoServiceTest does not declare any static, non-private, non-final, nested classes annotated with @Configuration.
10:12:28.022 [Test worker] DEBUG org.springframework.context.annotation.ClassPathScanningCandidateComponentProvider - Identified candidate component class: file [/Users/nhn/Study/test-study/contraint-test/build/classes/java/main/kr/co/test/contstraint/Application.class]
10:12:28.023 [Test worker] INFO org.springframework.boot.test.context.SpringBootTestContextBootstrapper - Found @SpringBootConfiguration kr.co.test.contstraint.Application for test class kr.co.test.contstraint.service.OrderInfoDtoServiceTest
10:12:28.089 [Test worker] DEBUG org.springframework.boot.test.context.SpringBootTestContextBootstrapper - @TestExecutionListeners is not present for class [kr.co.test.contstraint.service.OrderInfoDtoServiceTest]: using defaults.
10:12:28.089 [Test worker] INFO org.springframework.boot.test.context.SpringBootTestContextBootstrapper - Loaded default TestExecutionListener class names from location [META-INF/spring.factories]: [org.springframework.boot.test.autoconfigure.restdocs.RestDocsTestExecutionListener, org.springframework.boot.test.autoconfigure.web.client.MockRestServiceServerResetTestExecutionListener, org.springframework.boot.test.autoconfigure.web.servlet.MockMvcPrintOnlyOnFailureTestExecutionListener, org.springframework.boot.test.autoconfigure.web.servlet.WebDriverTestExecutionListener, org.springframework.boot.test.autoconfigure.webservices.client.MockWebServiceServerTestExecutionListener, org.springframework.boot.test.mock.mockito.MockitoTestExecutionListener, org.springframework.boot.test.mock.mockito.ResetMocksTestExecutionListener, org.springframework.test.context.web.ServletTestExecutionListener, org.springframework.test.context.support.DirtiesContextBeforeModesTestExecutionListener, org.springframework.test.context.event.ApplicationEventsTestExecutionListener, org.springframework.test.context.support.DependencyInjectionTestExecutionListener, org.springframework.test.context.support.DirtiesContextTestExecutionListener, org.springframework.test.context.transaction.TransactionalTestExecutionListener, org.springframework.test.context.jdbc.SqlScriptsTestExecutionListener, org.springframework.test.context.event.EventPublishingTestExecutionListener]
10:12:28.101 [Test worker] INFO org.springframework.boot.test.context.SpringBootTestContextBootstrapper - Using TestExecutionListeners: [org.springframework.test.context.web.ServletTestExecutionListener@d8db5c1, org.springframework.test.context.support.DirtiesContextBeforeModesTestExecutionListener@24a4e18c, org.springframework.test.context.event.ApplicationEventsTestExecutionListener@421bd927, org.springframework.boot.test.mock.mockito.MockitoTestExecutionListener@73a3c7c5, org.springframework.boot.test.autoconfigure.SpringBootDependencyInjectionTestExecutionListener@13e047cd, org.springframework.test.context.support.DirtiesContextTestExecutionListener@104b7cbc, org.springframework.test.context.transaction.TransactionalTestExecutionListener@c855d73, org.springframework.test.context.jdbc.SqlScriptsTestExecutionListener@61f53ec9, org.springframework.test.context.event.EventPublishingTestExecutionListener@70bac315, org.springframework.boot.test.autoconfigure.restdocs.RestDocsTestExecutionListener@3bdfef22, org.springframework.boot.test.autoconfigure.web.client.MockRestServiceServerResetTestExecutionListener@1d1743ef, org.springframework.boot.test.autoconfigure.web.servlet.MockMvcPrintOnlyOnFailureTestExecutionListener@55dc25f2, org.springframework.boot.test.autoconfigure.web.servlet.WebDriverTestExecutionListener@7358e637, org.springframework.boot.test.autoconfigure.webservices.client.MockWebServiceServerTestExecutionListener@373ab181, org.springframework.boot.test.mock.mockito.ResetMocksTestExecutionListener@101594b2]
10:12:28.103 [Test worker] DEBUG org.springframework.test.context.support.AbstractDirtiesContextTestExecutionListener - Before test class: context [DefaultTestContext@252e3bb7 testClass = OrderInfoDtoServiceTest, testInstance = [null], testMethod = [null], testException = [null], mergedContextConfiguration = [WebMergedContextConfiguration@312515dc testClass = OrderInfoDtoServiceTest, locations = '{}', classes = '{class kr.co.test.contstraint.Application}', contextInitializerClasses = '[]', activeProfiles = '{test}', propertySourceLocations = '{}', propertySourceProperties = '{org.springframework.boot.test.context.SpringBootTestContextBootstrapper=true}', contextCustomizers = set[org.springframework.boot.test.autoconfigure.actuate.metrics.MetricsExportContextCustomizerFactory$DisableMetricExportContextCustomizer@2a8404af, org.springframework.boot.test.autoconfigure.properties.PropertyMappingContextCustomizer@0, org.springframework.boot.test.autoconfigure.web.servlet.WebDriverContextCustomizerFactory$Customizer@42d7fe72, org.springframework.boot.test.context.filter.ExcludeFilterContextCustomizer@7d6de834, org.springframework.boot.test.json.DuplicateJsonObjectContextCustomizerFactory$DuplicateJsonObjectContextCustomizer@40ea836f, org.springframework.boot.test.mock.mockito.MockitoContextCustomizer@0, org.springframework.boot.test.web.client.TestRestTemplateContextCustomizer@7a6bb168, org.springframework.boot.test.context.SpringBootTestArgs@1, org.springframework.boot.test.context.SpringBootTestWebEnvironment@5c596fb1], resourceBasePath = 'src/main/webapp', contextLoader = 'org.springframework.boot.test.context.SpringBootContextLoader', parent = [null]], attributes = map['org.springframework.test.context.web.ServletTestExecutionListener.activateListener' -> true]], class annotated with @DirtiesContext [false] with mode [null].
10:12:28.122 [Test worker] INFO com.wix.mysql.EmbeddedMysql - Preparing EmbeddedMysql version 'Version 8.0.17'...
10:12:28.293 [Test worker] INFO com.wix.mysql.MysqldExecutable - Preparing mysqld for startup
10:12:31.066 [Thread-5] DEBUG com.wix.mysql.MysqldProcess - 2021-09-19T01:12:30.095402Z 0 [System] [MY-013169] [Server] /Users/nhn/Study/test-study/contraint-test/target/mysql-8.0-6abb4680-dadd-4bb8-9902-32d901c2b0cc/bin/mysqld (mysqld 8.0.17) initializing of server in progress as process 1442
10:12:31.067 [Thread-5] DEBUG com.wix.mysql.MysqldProcess - 2021-09-19T01:12:30.097421Z 0 [Warning] [MY-010159] [Server] Setting lower_case_table_names=2 because file system for /Users/nhn/Study/test-study/contraint-test/target/mysql-8.0-6abb4680-dadd-4bb8-9902-32d901c2b0cc/data/ is case insensitive
10:12:31.067 [Thread-5] DEBUG com.wix.mysql.MysqldProcess - 2021-09-19T01:12:31.066537Z 4 [Warning] [MY-010453] [Server] root@localhost is created with an empty password ! Please consider switching off the --initialize-insecure option.
10:12:31.637 [Thread-5] DEBUG com.wix.mysql.MysqldProcess - 2021-09-19T01:12:31.637522Z 0 [System] [MY-013170] [Server] /Users/nhn/Study/test-study/contraint-test/target/mysql-8.0-6abb4680-dadd-4bb8-9902-32d901c2b0cc/bin/mysqld (mysqld 8.0.17) initializing of server has completed
10:12:32.514 [Test worker] INFO com.wix.mysql.MysqldExecutable - Starting MysqldProcess
10:12:33.003 [Thread-7] DEBUG com.wix.mysql.MysqldProcess - 2021-09-19T01:12:32.774873Z 0 [Warning] [MY-010915] [Server] 'NO_ZERO_DATE', 'NO_ZERO_IN_DATE' and 'ERROR_FOR_DIVISION_BY_ZERO' sql modes should be used with strict mode. They will be merged with strict mode in a future release.
10:12:33.003 [Thread-7] DEBUG com.wix.mysql.MysqldProcess - 2021-09-19T01:12:32.775006Z 0 [System] [MY-010116] [Server] /Users/nhn/Study/test-study/contraint-test/target/mysql-8.0-6abb4680-dadd-4bb8-9902-32d901c2b0cc/bin/mysqld (mysqld 8.0.17) starting as process 1449
10:12:33.003 [Thread-7] DEBUG com.wix.mysql.MysqldProcess - 2021-09-19T01:12:32.777304Z 0 [Warning] [MY-010159] [Server] Setting lower_case_table_names=2 because file system for /Users/nhn/Study/test-study/contraint-test/target/mysql-8.0-6abb4680-dadd-4bb8-9902-32d901c2b0cc/data/ is case insensitive
10:12:33.003 [Thread-7] DEBUG com.wix.mysql.MysqldProcess - 2021-09-19T01:12:32.990270Z 0 [Warning] [MY-010068] [Server] CA certificate ca.pem is self signed.
10:12:33.004 [Thread-7] DEBUG com.wix.mysql.MysqldProcess - 2021-09-19T01:12:33.003608Z 0 [System] [MY-010931] [Server] /Users/nhn/Study/test-study/contraint-test/target/mysql-8.0-6abb4680-dadd-4bb8-9902-32d901c2b0cc/bin/mysqld: ready for connections. Version: '8.0.17'  socket: '/var/folders/pg/f_7c87sd3y11pshn7rv2y9wm0000gn/T/3128154860668200239.sock'  port: 13306  MySQL Community Server - GPL.
10:12:33.003 [Test worker] INFO de.flapdoodle.embed.process.runtime.Executable - start com.wix.mysql.config.MysqldConfig@1f29e296[charset=Charset{charset='utf8mb4', collate='utf8mb4_bin'},port=13306,serverVariables=[com.wix.mysql.config.MysqldConfig$ServerVariable@45d7c09e[name=sql_mode,value=ONLY_FULL_GROUP_BY,STRICT_TRANS_TABLES,NO_ENGINE_SUBSTITUTION], com.wix.mysql.config.MysqldConfig$ServerVariable@44de3158[name=max_connect_errors,value=666]],tempDir=target/,timeZone=sun.util.calendar.ZoneInfo[id="Asia/Seoul",offset=32400000,dstSavings=0,useDaylight=false,transitions=30,lastRule=null],timeout=com.wix.mysql.config.MysqldConfig$Timeout@44c82f95[length=30,unit=SECONDS],user=com.wix.mysql.config.MysqldConfig$User@2ba107b2[name=test],_supportConfig=com.wix.mysql.config.MysqldConfig$1@46b12b65,version=Version 8.0.17]
10:12:33.440 [Test worker] INFO org.flywaydb.core.internal.license.VersionPrinter - Flyway Community Edition 6.4.4 by Redgate
10:12:33.442 [Test worker] DEBUG org.flywaydb.core.internal.scanner.classpath.ClassPathScanner - Scanning for classpath resources at 'classpath:db/migration' ...
10:12:33.442 [Test worker] DEBUG org.flywaydb.core.internal.scanner.classpath.ClassPathScanner - Determining location urls for classpath:db/migration using ClassLoader jdk.internal.loader.ClassLoaders$AppClassLoader@277050dc ...
10:12:33.443 [Test worker] DEBUG org.flywaydb.core.internal.scanner.classpath.ClassPathScanner - Scanning URL: file:/Users/nhn/Study/test-study/contraint-test/build/resources/main/db/migration
10:12:33.443 [Test worker] DEBUG org.flywaydb.core.internal.util.FeatureDetector - JBoss VFS v2 available: false
10:12:33.444 [Test worker] DEBUG org.flywaydb.core.internal.scanner.classpath.FileSystemClassPathLocationScanner - Scanning starting at classpath root in filesystem: /Users/nhn/Study/test-study/contraint-test/build/resources/main/
10:12:33.444 [Test worker] DEBUG org.flywaydb.core.internal.scanner.classpath.FileSystemClassPathLocationScanner - Scanning for resources in path: /Users/nhn/Study/test-study/contraint-test/build/resources/main/db/migration (db/migration)
10:12:33.445 [Test worker] DEBUG org.flywaydb.core.internal.scanner.classpath.ClassPathScanner - Found resource: db/migration/V1__create_all_table.sql
10:12:33.445 [Test worker] DEBUG org.flywaydb.core.internal.scanner.classpath.ClassPathScanner - Scanning for classes at classpath:db/migration
10:12:33.736 [Test worker] INFO org.flywaydb.core.internal.database.DatabaseFactory - Database: jdbc:mysql://127.0.0.1:13306/test (MySQL 8.0)
10:12:33.736 [Test worker] DEBUG org.flywaydb.core.internal.database.DatabaseFactory - Driver  : MySQL Connector/J mysql-connector-java-8.0.25 (Revision: 08be9e9b4cba6aa115f9b27b215887af40b159e0)
10:12:33.741 [Test worker] DEBUG org.flywaydb.core.Flyway - DDL Transactions Supported: false
10:12:33.741 [Test worker] DEBUG org.flywaydb.core.Flyway - Schemas: 
10:12:33.741 [Test worker] DEBUG org.flywaydb.core.Flyway - Default schema: null
10:12:33.749 [Test worker] DEBUG org.flywaydb.core.internal.database.mysql.MySQLConnection - Disabled user variable reset as performance_schema.user_variables_by_threadcannot be queried (SQL State: 42000, Error Code: 1142)
10:12:33.755 [Test worker] DEBUG org.flywaydb.core.internal.callback.SqlScriptCallbackFactory - Scanning for SQL callbacks ...
10:12:33.762 [Test worker] DEBUG org.flywaydb.core.internal.command.DbValidate - Validating migrations ...
10:12:33.771 [Test worker] DEBUG org.flywaydb.core.internal.scanner.Scanner - Filtering out resource: db/migration/V1__create_all_table.sql (filename: V1__create_all_table.sql)
10:12:33.777 [Test worker] INFO org.flywaydb.core.internal.command.DbValidate - Successfully validated 1 migration (execution time 00:00.014s)
10:12:33.789 [Test worker] DEBUG org.flywaydb.core.internal.command.DbSchemas - Skipping creation of existing schema: `test`
10:12:33.792 [Test worker] INFO org.flywaydb.core.internal.schemahistory.JdbcTableSchemaHistory - Creating Schema History table `test`.`flyway_schema_history` ...
10:12:33.795 [Test worker] DEBUG org.flywaydb.core.internal.parser.Parser - Parsing  ...
10:12:33.800 [Test worker] DEBUG org.flywaydb.core.internal.sqlscript.ParserSqlScript - Found statement at line 1: CREATE TABLE `test`.`flyway_schema_history` (
    `installed_rank` INT NOT NULL,
    `version` VARCHAR(50),
    `description` VARCHAR(200) NOT NULL,
    `type` VARCHAR(20) NOT NULL,
    `script` VARCHAR(1000) NOT NULL,
    `checksum` INT,
    `installed_by` VARCHAR(100) NOT NULL,
    `installed_on` TIMESTAMP NOT NULL DEFAULT CURRENT_TIMESTAMP,
    `execution_time` INT NOT NULL,
    `success` BOOL NOT NULL,
    CONSTRAINT `flyway_schema_history_pk` PRIMARY KEY (`installed_rank`)
) ENGINE=InnoDB
10:12:33.800 [Test worker] DEBUG org.flywaydb.core.internal.sqlscript.ParserSqlScript - Found statement at line 14: CREATE INDEX `flyway_schema_history_s_idx` ON `test`.`flyway_schema_history` (`success`)
10:12:33.801 [Test worker] DEBUG org.flywaydb.core.internal.sqlscript.DefaultSqlScriptExecutor - Executing SQL: CREATE TABLE `test`.`flyway_schema_history` (
    `installed_rank` INT NOT NULL,
    `version` VARCHAR(50),
    `description` VARCHAR(200) NOT NULL,
    `type` VARCHAR(20) NOT NULL,
    `script` VARCHAR(1000) NOT NULL,
    `checksum` INT,
    `installed_by` VARCHAR(100) NOT NULL,
    `installed_on` TIMESTAMP NOT NULL DEFAULT CURRENT_TIMESTAMP,
    `execution_time` INT NOT NULL,
    `success` BOOL NOT NULL,
    CONSTRAINT `flyway_schema_history_pk` PRIMARY KEY (`installed_rank`)
) ENGINE=InnoDB
10:12:33.810 [Test worker] DEBUG org.flywaydb.core.internal.sqlscript.DefaultSqlScriptExecutor - Update Count: 0
10:12:33.810 [Test worker] DEBUG org.flywaydb.core.internal.sqlscript.DefaultSqlScriptExecutor - Executing SQL: CREATE INDEX `flyway_schema_history_s_idx` ON `test`.`flyway_schema_history` (`success`)
10:12:33.822 [Test worker] DEBUG org.flywaydb.core.internal.sqlscript.DefaultSqlScriptExecutor - Update Count: 0
10:12:33.822 [Test worker] DEBUG org.flywaydb.core.internal.schemahistory.JdbcTableSchemaHistory - Created Schema History table `test`.`flyway_schema_history`
10:12:33.830 [Test worker] INFO org.flywaydb.core.internal.command.DbMigrate - Current version of schema `test`: << Empty Schema >>
10:12:33.831 [Test worker] DEBUG org.flywaydb.core.internal.parser.Parser - Parsing V1__create_all_table.sql ...
10:12:33.832 [Test worker] DEBUG org.flywaydb.core.internal.sqlscript.ParserSqlScript - Found statement at line 1: CREATE TABLE test.category_manager (
                                    `category_manager_id` bigint NOT NULL AUTO_INCREMENT,
                                    `name` varchar(255) NOT NULL,
                                    `phone_number` varchar(255) NOT NULL,
                                    PRIMARY KEY (`category_manager_id`)
)
10:12:33.833 [Test worker] DEBUG org.flywaydb.core.internal.sqlscript.ParserSqlScript - Found statement at line 8: CREATE TABLE test.member (
                          `member_id` bigint NOT NULL AUTO_INCREMENT,
                          `address` varchar(255) NOT NULL,
                          `name` varchar(255) NOT NULL,
                          PRIMARY KEY (`member_id`)
) ENGINE=InnoDB DEFAULT CHARSET=utf8mb4 COLLATE=utf8mb4_0900_ai_ci
10:12:33.834 [Test worker] DEBUG org.flywaydb.core.internal.sqlscript.ParserSqlScript - Found statement at line 15: CREATE TABLE test.product_category (
                                    `product_category_id` bigint NOT NULL AUTO_INCREMENT,
                                    `name` varchar(255) NOT NULL,
                                    `category_manager_id` bigint NOT NULL,
                                    PRIMARY KEY (`product_category_id`),
                                    KEY `fk_pc_cmi` (`category_manager_id`),
                                    CONSTRAINT `fk_pc_cmi` FOREIGN KEY (`category_manager_id`) REFERENCES `category_manager` (`category_manager_id`)
) ENGINE=InnoDB DEFAULT CHARSET=utf8mb4 COLLATE=utf8mb4_0900_ai_ci
10:12:33.836 [Test worker] DEBUG org.flywaydb.core.internal.sqlscript.ParserSqlScript - Found statement at line 26: CREATE TABLE test.product (
                           `product_id` bigint NOT NULL AUTO_INCREMENT,
                           `name` varchar(255) NOT NULL,
                           `price` double NOT NULL,
                           `product_category_id` bigint NOT NULL,
                           PRIMARY KEY (`product_id`),
                           KEY `fk_pd_pci` (`product_category_id`),
                           CONSTRAINT `fk_pd_pci` FOREIGN KEY (`product_category_id`) REFERENCES `product_category` (`product_category_id`)

) ENGINE=InnoDB DEFAULT CHARSET=utf8mb4 COLLATE=utf8mb4_0900_ai_ci
10:12:33.836 [Test worker] DEBUG org.flywaydb.core.internal.sqlscript.ParserSqlScript - Found statement at line 38: CREATE TABLE test.order_info (
                         `order_info_id` bigint NOT NULL AUTO_INCREMENT,
                         `member_id` bigint NOT NUll NULL,
                         `product_id` bigint NOT NUll NULL,
                         `amount` int NOT NULl NULL,
                         `total_order_amount` double NOT NULL,
                         PRIMARY KEY (`order_info_id`),
                         KEY `fk_pd_mi` (`member_id`),
                         CONSTRAINT `fk_pd_mi` FOREIGN KEY (`member_id`) REFERENCES `member` (`member_id`),
                         KEY `fk_pd_pi` (`product_id`),
                         CONSTRAINT `fk_pd_pi` FOREIGN KEY (`product_id`) REFERENCES `product` (`product_id`)

) ENGINE=InnoDB DEFAULT CHARSET=utf8mb4 COLLATE=utf8mb4_0900_ai_ci
10:12:33.838 [Test worker] DEBUG org.flywaydb.core.internal.command.DbMigrate - Starting migration of schema `test` to version 1 - create all table ...
10:12:33.840 [Test worker] INFO org.flywaydb.core.internal.command.DbMigrate - Migrating schema `test` to version 1 - create all table
10:12:33.841 [Test worker] DEBUG org.flywaydb.core.internal.sqlscript.DefaultSqlScriptExecutor - Executing SQL: CREATE TABLE test.category_manager (
                                    `category_manager_id` bigint NOT NULL AUTO_INCREMENT,
                                    `name` varchar(255) NOT NULL,
                                    `phone_number` varchar(255) NOT NULL,
                                    PRIMARY KEY (`category_manager_id`)
)
10:12:33.846 [Test worker] DEBUG org.flywaydb.core.internal.sqlscript.DefaultSqlScriptExecutor - Update Count: 0
10:12:33.846 [Test worker] DEBUG org.flywaydb.core.internal.sqlscript.DefaultSqlScriptExecutor - Executing SQL: CREATE TABLE test.member (
                          `member_id` bigint NOT NULL AUTO_INCREMENT,
                          `address` varchar(255) NOT NULL,
                          `name` varchar(255) NOT NULL,
                          PRIMARY KEY (`member_id`)
) ENGINE=InnoDB DEFAULT CHARSET=utf8mb4 COLLATE=utf8mb4_0900_ai_ci
10:12:33.851 [Test worker] DEBUG org.flywaydb.core.internal.sqlscript.DefaultSqlScriptExecutor - Update Count: 0
10:12:33.852 [Test worker] DEBUG org.flywaydb.core.internal.sqlscript.DefaultSqlScriptExecutor - Executing SQL: CREATE TABLE test.product_category (
                                    `product_category_id` bigint NOT NULL AUTO_INCREMENT,
                                    `name` varchar(255) NOT NULL,
                                    `category_manager_id` bigint NOT NULL,
                                    PRIMARY KEY (`product_category_id`),
                                    KEY `fk_pc_cmi` (`category_manager_id`),
                                    CONSTRAINT `fk_pc_cmi` FOREIGN KEY (`category_manager_id`) REFERENCES `category_manager` (`category_manager_id`)
) ENGINE=InnoDB DEFAULT CHARSET=utf8mb4 COLLATE=utf8mb4_0900_ai_ci
10:12:33.858 [Test worker] DEBUG org.flywaydb.core.internal.sqlscript.DefaultSqlScriptExecutor - Update Count: 0
10:12:33.858 [Test worker] DEBUG org.flywaydb.core.internal.sqlscript.DefaultSqlScriptExecutor - Executing SQL: CREATE TABLE test.product (
                           `product_id` bigint NOT NULL AUTO_INCREMENT,
                           `name` varchar(255) NOT NULL,
                           `price` double NOT NULL,
                           `product_category_id` bigint NOT NULL,
                           PRIMARY KEY (`product_id`),
                           KEY `fk_pd_pci` (`product_category_id`),
                           CONSTRAINT `fk_pd_pci` FOREIGN KEY (`product_category_id`) REFERENCES `product_category` (`product_category_id`)

) ENGINE=InnoDB DEFAULT CHARSET=utf8mb4 COLLATE=utf8mb4_0900_ai_ci
10:12:33.865 [Test worker] DEBUG org.flywaydb.core.internal.sqlscript.DefaultSqlScriptExecutor - Update Count: 0
10:12:33.865 [Test worker] DEBUG org.flywaydb.core.internal.sqlscript.DefaultSqlScriptExecutor - Executing SQL: CREATE TABLE test.order_info (
                         `order_info_id` bigint NOT NULL AUTO_INCREMENT,
                         `member_id` bigint NOT NUll NULL,
                         `product_id` bigint NOT NUll NULL,
                         `amount` int NOT NULl NULL,
                         `total_order_amount` double NOT NULL,
                         PRIMARY KEY (`order_info_id`),
                         KEY `fk_pd_mi` (`member_id`),
                         CONSTRAINT `fk_pd_mi` FOREIGN KEY (`member_id`) REFERENCES `member` (`member_id`),
                         KEY `fk_pd_pi` (`product_id`),
                         CONSTRAINT `fk_pd_pi` FOREIGN KEY (`product_id`) REFERENCES `product` (`product_id`)

) ENGINE=InnoDB DEFAULT CHARSET=utf8mb4 COLLATE=utf8mb4_0900_ai_ci
10:12:33.873 [Test worker] DEBUG org.flywaydb.core.internal.sqlscript.DefaultSqlScriptExecutor - Update Count: 0
10:12:33.873 [Test worker] DEBUG org.flywaydb.core.internal.command.DbMigrate - Successfully completed migration of schema `test` to version 1 - create all table
10:12:33.879 [Test worker] DEBUG org.flywaydb.core.internal.schemahistory.JdbcTableSchemaHistory - Schema History table `test`.`flyway_schema_history` successfully updated to reflect changes
10:12:33.885 [Test worker] INFO org.flywaydb.core.internal.command.DbMigrate - Successfully applied 1 migration to schema `test` (execution time 00:00.058s)
10:12:33.889 [Test worker] DEBUG org.flywaydb.core.Flyway - Memory usage: 43 of 256M
10:12:33.908 [Test worker] DEBUG org.springframework.core.env.StandardEnvironment - Activating profiles [test]
10:12:33.911 [Test worker] DEBUG org.springframework.test.context.support.TestPropertySourceUtils - Adding inlined properties to environment: {spring.jmx.enabled=false, org.springframework.boot.test.context.SpringBootTestContextBootstrapper=true}

  .   ____          _            __ _ _
 /\\ / ___'_ __ _ _(_)_ __  __ _ \ \ \ \
( ( )\___ | '_ | '_| | '_ \/ _` | \ \ \ \
 \\/  ___)| |_)| | | | | || (_| |  ) ) ) )
  '  |____| .__|_| |_|_| |_\__, | / / / /
 =========|_|==============|___/=/_/_/_/
 :: Spring Boot ::                (v2.5.0)

2021-09-19 10:12:34.422  INFO 1438 --- [    Test worker] k.c.t.c.service.OrderInfoDtoServiceTest  : Starting OrderInfoDtoServiceTest using Java 11.0.10 on AL01590445.local with PID 1438 (started by nhn in /Users/nhn/Study/test-study/contraint-test)
2021-09-19 10:12:34.423 DEBUG 1438 --- [    Test worker] k.c.t.c.service.OrderInfoDtoServiceTest  : Running with Spring Boot v2.5.0, Spring v5.3.7
2021-09-19 10:12:34.423  INFO 1438 --- [    Test worker] k.c.t.c.service.OrderInfoDtoServiceTest  : The following profiles are active: test
2021-09-19 10:12:34.423 DEBUG 1438 --- [    Test worker] o.s.boot.SpringApplication               : Loading source class kr.co.test.contstraint.Application
2021-09-19 10:12:34.452 DEBUG 1438 --- [    Test worker] o.s.w.c.s.GenericWebApplicationContext   : Refreshing org.springframework.web.context.support.GenericWebApplicationContext@33b5359c
2021-09-19 10:12:34.471 DEBUG 1438 --- [    Test worker] o.s.b.f.s.DefaultListableBeanFactory     : Creating shared instance of singleton bean 'org.springframework.context.annotation.internalConfigurationAnnotationProcessor'
2021-09-19 10:12:34.485 DEBUG 1438 --- [    Test worker] o.s.b.f.s.DefaultListableBeanFactory     : Creating shared instance of singleton bean 'org.springframework.boot.autoconfigure.internalCachingMetadataReaderFactory'
2021-09-19 10:12:34.523 DEBUG 1438 --- [    Test worker] o.s.c.a.ClassPathBeanDefinitionScanner   : Identified candidate component class: file [/Users/nhn/Study/test-study/contraint-test/build/classes/java/main/kr/co/test/contstraint/service/OrderService.class]
2021-09-19 10:12:34.644 DEBUG 1438 --- [    Test worker] o.s.c.e.PropertySourcesPropertyResolver  : Found key 'server.error.whitelabel.enabled' in PropertySource 'configurationProperties' with value of type Boolean
2021-09-19 10:12:34.664 DEBUG 1438 --- [    Test worker] o.s.c.e.PropertySourcesPropertyResolver  : Found key 'spring.jmx.enabled' in PropertySource 'configurationProperties' with value of type String
2021-09-19 10:12:34.716 DEBUG 1438 --- [    Test worker] o.s.c.e.PropertySourcesPropertyResolver  : Found key 'spring.jmx.enabled' in PropertySource 'configurationProperties' with value of type String
2021-09-19 10:12:34.717 DEBUG 1438 --- [    Test worker] o.s.c.e.PropertySourcesPropertyResolver  : Found key 'spring.datasource.url' in PropertySource 'configurationProperties' with value of type String
2021-09-19 10:12:34.767 DEBUG 1438 --- [    Test worker] o.s.c.e.PropertySourcesPropertyResolver  : Found key 'spring.flyway.enabled' in PropertySource 'configurationProperties' with value of type Boolean
2021-09-19 10:12:34.783 DEBUG 1438 --- [    Test worker] o.s.c.e.PropertySourcesPropertyResolver  : Found key 'server.servlet.encoding.enabled' in PropertySource 'configurationProperties' with value of type Boolean
2021-09-19 10:12:34.923  INFO 1438 --- [    Test worker] .s.d.r.c.RepositoryConfigurationDelegate : Bootstrapping Spring Data JPA repositories in DEFAULT mode.
2021-09-19 10:12:34.929 DEBUG 1438 --- [    Test worker] o.s.b.f.s.DefaultListableBeanFactory     : Creating shared instance of singleton bean 'org.springframework.boot.autoconfigure.AutoConfigurationPackages'
2021-09-19 10:12:34.929 DEBUG 1438 --- [    Test worker] o.s.b.a.AutoConfigurationPackages        : @EnableAutoConfiguration was declared on a class in the package 'kr.co.test.contstraint'. Automatic @Repository and @Entity scanning is enabled.
2021-09-19 10:12:34.930 DEBUG 1438 --- [    Test worker] .s.d.r.c.RepositoryConfigurationDelegate : Scanning for JPA repositories in packages kr.co.test.contstraint.
2021-09-19 10:12:34.938 DEBUG 1438 --- [    Test worker] o.s.d.r.c.RepositoryComponentProvider    : Identified candidate component class: file [/Users/nhn/Study/test-study/contraint-test/build/classes/java/main/kr/co/test/contstraint/repository/CategoryManagerRepository.class]
2021-09-19 10:12:34.938 DEBUG 1438 --- [    Test worker] o.s.d.r.c.RepositoryComponentProvider    : Identified candidate component class: file [/Users/nhn/Study/test-study/contraint-test/build/classes/java/main/kr/co/test/contstraint/repository/MemberRepository.class]
2021-09-19 10:12:34.938 DEBUG 1438 --- [    Test worker] o.s.d.r.c.RepositoryComponentProvider    : Identified candidate component class: file [/Users/nhn/Study/test-study/contraint-test/build/classes/java/main/kr/co/test/contstraint/repository/OrderRepository.class]
2021-09-19 10:12:34.938 DEBUG 1438 --- [    Test worker] o.s.d.r.c.RepositoryComponentProvider    : Identified candidate component class: file [/Users/nhn/Study/test-study/contraint-test/build/classes/java/main/kr/co/test/contstraint/repository/ProductCategoryRepository.class]
2021-09-19 10:12:34.938 DEBUG 1438 --- [    Test worker] o.s.d.r.c.RepositoryComponentProvider    : Identified candidate component class: file [/Users/nhn/Study/test-study/contraint-test/build/classes/java/main/kr/co/test/contstraint/repository/ProductRepository.class]
2021-09-19 10:12:34.975  INFO 1438 --- [    Test worker] .s.d.r.c.RepositoryConfigurationDelegate : Finished Spring Data repository scanning in 44 ms. Found 5 JPA repository interfaces.
2021-09-19 10:12:34.991 DEBUG 1438 --- [    Test worker] o.s.c.e.PropertySourcesPropertyResolver  : Found key 'spring.flyway.enabled' in PropertySource 'configurationProperties' with value of type Boolean
2021-09-19 10:12:35.021 DEBUG 1438 --- [    Test worker] o.s.c.e.PropertySourcesPropertyResolver  : Found key 'server.servlet.encoding.enabled' in PropertySource 'configurationProperties' with value of type Boolean
2021-09-19 10:12:35.087 DEBUG 1438 --- [    Test worker] o.s.b.f.s.DefaultListableBeanFactory     : Creating shared instance of singleton bean 'propertySourcesPlaceholderConfigurer'
2021-09-19 10:12:35.092 DEBUG 1438 --- [    Test worker] o.s.b.f.s.DefaultListableBeanFactory     : Creating shared instance of singleton bean 'org.springframework.boot.test.mock.mockito.MockitoPostProcessor'
2021-09-19 10:12:35.096 DEBUG 1438 --- [    Test worker] o.s.b.f.s.DefaultListableBeanFactory     : Creating shared instance of singleton bean 'emBeanDefinitionRegistrarPostProcessor'
2021-09-19 10:12:35.115 DEBUG 1438 --- [    Test worker] o.s.b.f.s.DefaultListableBeanFactory     : Creating shared instance of singleton bean 'org.springframework.context.event.internalEventListenerProcessor'
2021-09-19 10:12:35.116 DEBUG 1438 --- [    Test worker] o.s.b.f.s.DefaultListableBeanFactory     : Creating shared instance of singleton bean 'preserveErrorControllerTargetClassPostProcessor'
2021-09-19 10:12:35.117 DEBUG 1438 --- [    Test worker] o.s.b.f.s.DefaultListableBeanFactory     : Creating shared instance of singleton bean 'org.springframework.boot.sql.init.dependency.DatabaseInitializationDependencyConfigurer$DependsOnDatabaseInitializationPostProcessor'
2021-09-19 10:12:35.118 DEBUG 1438 --- [    Test worker] o.s.b.f.s.DefaultListableBeanFactory     : Creating shared instance of singleton bean 'org.springframework.context.event.internalEventListenerFactory'
2021-09-19 10:12:35.118 DEBUG 1438 --- [    Test worker] o.s.b.f.s.DefaultListableBeanFactory     : Creating shared instance of singleton bean 'org.springframework.transaction.config.internalTransactionalEventListenerFactory'
2021-09-19 10:12:35.145 DEBUG 1438 --- [    Test worker] o.s.b.f.s.DefaultListableBeanFactory     : Creating shared instance of singleton bean 'org.springframework.boot.test.mock.mockito.MockitoPostProcessor$SpyPostProcessor'
2021-09-19 10:12:35.147 DEBUG 1438 --- [    Test worker] o.s.b.f.s.DefaultListableBeanFactory     : Creating shared instance of singleton bean 'org.springframework.context.annotation.internalAutowiredAnnotationProcessor'
2021-09-19 10:12:35.150 DEBUG 1438 --- [    Test worker] o.s.b.f.s.DefaultListableBeanFactory     : Creating shared instance of singleton bean 'org.springframework.context.annotation.internalCommonAnnotationProcessor'
2021-09-19 10:12:35.157 DEBUG 1438 --- [    Test worker] o.s.b.f.s.DefaultListableBeanFactory     : Creating shared instance of singleton bean 'org.springframework.context.annotation.internalPersistenceAnnotationProcessor'
2021-09-19 10:12:35.158 DEBUG 1438 --- [    Test worker] o.s.b.f.s.DefaultListableBeanFactory     : Creating shared instance of singleton bean 'org.springframework.boot.context.properties.ConfigurationPropertiesBindingPostProcessor'
2021-09-19 10:12:35.158 DEBUG 1438 --- [    Test worker] o.s.b.f.s.DefaultListableBeanFactory     : Creating shared instance of singleton bean 'org.springframework.boot.context.internalConfigurationPropertiesBinder'
2021-09-19 10:12:35.158 DEBUG 1438 --- [    Test worker] o.s.b.f.s.DefaultListableBeanFactory     : Creating shared instance of singleton bean 'org.springframework.boot.context.internalConfigurationPropertiesBinderFactory'
2021-09-19 10:12:35.161 DEBUG 1438 --- [    Test worker] o.s.b.f.s.DefaultListableBeanFactory     : Creating shared instance of singleton bean 'org.springframework.aop.config.internalAutoProxyCreator'
2021-09-19 10:12:35.206 DEBUG 1438 --- [    Test worker] o.s.b.f.s.DefaultListableBeanFactory     : Creating shared instance of singleton bean 'persistenceExceptionTranslationPostProcessor'
2021-09-19 10:12:35.211 DEBUG 1438 --- [    Test worker] o.s.b.f.s.DefaultListableBeanFactory     : Autowiring by type from bean name 'persistenceExceptionTranslationPostProcessor' via factory method to bean named 'environment'
2021-09-19 10:12:35.227 DEBUG 1438 --- [    Test worker] o.s.b.f.s.DefaultListableBeanFactory     : Creating shared instance of singleton bean 'webServerFactoryCustomizerBeanPostProcessor'
2021-09-19 10:12:35.232 DEBUG 1438 --- [    Test worker] o.s.b.f.s.DefaultListableBeanFactory     : Creating shared instance of singleton bean 'errorPageRegistrarBeanPostProcessor'
2021-09-19 10:12:35.239 DEBUG 1438 --- [    Test worker] o.s.b.f.s.DefaultListableBeanFactory     : Creating shared instance of singleton bean 'projectingArgumentResolverBeanPostProcessor'
2021-09-19 10:12:35.241 DEBUG 1438 --- [    Test worker] o.s.b.f.s.DefaultListableBeanFactory     : Creating shared instance of singleton bean 'org.springframework.transaction.config.internalTransactionAdvisor'
2021-09-19 10:12:35.241 DEBUG 1438 --- [    Test worker] o.s.b.f.s.DefaultListableBeanFactory     : Creating shared instance of singleton bean 'org.springframework.transaction.annotation.ProxyTransactionManagementConfiguration'
2021-09-19 10:12:35.258 DEBUG 1438 --- [    Test worker] o.s.b.f.s.DefaultListableBeanFactory     : Creating shared instance of singleton bean 'transactionAttributeSource'
2021-09-19 10:12:35.264 DEBUG 1438 --- [    Test worker] o.s.b.f.s.DefaultListableBeanFactory     : Creating shared instance of singleton bean 'transactionInterceptor'
2021-09-19 10:12:35.265 DEBUG 1438 --- [    Test worker] o.s.b.f.s.DefaultListableBeanFactory     : Autowiring by type from bean name 'transactionInterceptor' via factory method to bean named 'transactionAttributeSource'
2021-09-19 10:12:35.282 DEBUG 1438 --- [    Test worker] o.s.b.f.s.DefaultListableBeanFactory     : Autowiring by type from bean name 'org.springframework.transaction.config.internalTransactionAdvisor' via factory method to bean named 'transactionAttributeSource'
2021-09-19 10:12:35.282 DEBUG 1438 --- [    Test worker] o.s.b.f.s.DefaultListableBeanFactory     : Autowiring by type from bean name 'org.springframework.transaction.config.internalTransactionAdvisor' via factory method to bean named 'transactionInterceptor'
2021-09-19 10:12:35.321 DEBUG 1438 --- [    Test worker] o.s.u.c.s.UiApplicationContextUtils      : Unable to locate ThemeSource with name 'themeSource': using default [org.springframework.ui.context.support.ResourceBundleThemeSource@385edbce]
2021-09-19 10:12:35.323 DEBUG 1438 --- [    Test worker] o.s.b.f.s.DefaultListableBeanFactory     : Creating shared instance of singleton bean 'flyway'
2021-09-19 10:12:35.323 DEBUG 1438 --- [    Test worker] o.s.b.f.s.DefaultListableBeanFactory     : Creating shared instance of singleton bean 'org.springframework.boot.autoconfigure.flyway.FlywayAutoConfiguration$FlywayConfiguration'
2021-09-19 10:12:35.326 DEBUG 1438 --- [    Test worker] o.s.b.f.s.DefaultListableBeanFactory     : Creating shared instance of singleton bean 'spring.flyway-org.springframework.boot.autoconfigure.flyway.FlywayProperties'
2021-09-19 10:12:35.334 DEBUG 1438 --- [    Test worker] o.s.b.f.s.DefaultListableBeanFactory     : Creating shared instance of singleton bean 'org.springframework.boot.context.properties.BoundConfigurationProperties'
2021-09-19 10:12:35.341 DEBUG 1438 --- [    Test worker] o.s.b.f.s.DefaultListableBeanFactory     : Creating shared instance of singleton bean 'stringOrNumberMigrationVersionConverter'
2021-09-19 10:12:35.341 DEBUG 1438 --- [    Test worker] o.s.b.f.s.DefaultListableBeanFactory     : Creating shared instance of singleton bean 'org.springframework.boot.autoconfigure.flyway.FlywayAutoConfiguration'
2021-09-19 10:12:35.367 DEBUG 1438 --- [    Test worker] o.s.b.f.s.DefaultListableBeanFactory     : Autowiring by type from bean name 'flyway' via factory method to bean named 'spring.flyway-org.springframework.boot.autoconfigure.flyway.FlywayProperties'
2021-09-19 10:12:35.367 DEBUG 1438 --- [    Test worker] o.s.b.f.s.DefaultListableBeanFactory     : Autowiring by type from bean name 'flyway' via factory method to bean named 'org.springframework.web.context.support.GenericWebApplicationContext@33b5359c'
2021-09-19 10:12:35.370 DEBUG 1438 --- [    Test worker] o.s.b.f.s.DefaultListableBeanFactory     : Creating shared instance of singleton bean 'dataSource'
2021-09-19 10:12:35.370 DEBUG 1438 --- [    Test worker] o.s.b.f.s.DefaultListableBeanFactory     : Creating shared instance of singleton bean 'org.springframework.boot.autoconfigure.jdbc.DataSourceConfiguration$Hikari'
2021-09-19 10:12:35.373 DEBUG 1438 --- [    Test worker] o.s.b.f.s.DefaultListableBeanFactory     : Creating shared instance of singleton bean 'spring.datasource-org.springframework.boot.autoconfigure.jdbc.DataSourceProperties'
2021-09-19 10:12:35.391 DEBUG 1438 --- [    Test worker] o.s.b.f.s.DefaultListableBeanFactory     : Autowiring by type from bean name 'dataSource' via factory method to bean named 'spring.datasource-org.springframework.boot.autoconfigure.jdbc.DataSourceProperties'
2021-09-19 10:12:35.394 DEBUG 1438 --- [    Test worker] com.zaxxer.hikari.HikariConfig           : Driver class com.mysql.cj.jdbc.Driver found in Thread context class loader jdk.internal.loader.ClassLoaders$AppClassLoader@277050dc
2021-09-19 10:12:35.443 DEBUG 1438 --- [    Test worker] o.s.b.f.s.DefaultListableBeanFactory     : Creating shared instance of singleton bean 'dataSourceScriptDatabaseInitializer'
2021-09-19 10:12:35.443 DEBUG 1438 --- [    Test worker] o.s.b.f.s.DefaultListableBeanFactory     : Creating shared instance of singleton bean 'org.springframework.boot.autoconfigure.sql.init.DataSourceInitializationConfiguration'
2021-09-19 10:12:35.445 DEBUG 1438 --- [    Test worker] o.s.b.f.s.DefaultListableBeanFactory     : Creating shared instance of singleton bean 'spring.sql.init-org.springframework.boot.autoconfigure.sql.init.SqlInitializationProperties'
2021-09-19 10:12:35.451 DEBUG 1438 --- [    Test worker] o.s.b.f.s.DefaultListableBeanFactory     : Autowiring by type from bean name 'dataSourceScriptDatabaseInitializer' via factory method to bean named 'dataSource'
2021-09-19 10:12:35.451 DEBUG 1438 --- [    Test worker] o.s.b.f.s.DefaultListableBeanFactory     : Autowiring by type from bean name 'dataSourceScriptDatabaseInitializer' via factory method to bean named 'spring.sql.init-org.springframework.boot.autoconfigure.sql.init.SqlInitializationProperties'
2021-09-19 10:12:35.458 DEBUG 1438 --- [    Test worker] o.s.b.f.s.DefaultListableBeanFactory     : Creating shared instance of singleton bean 'flywayInitializer'
2021-09-19 10:12:35.459 DEBUG 1438 --- [    Test worker] o.s.b.f.s.DefaultListableBeanFactory     : Autowiring by type from bean name 'flywayInitializer' via factory method to bean named 'flyway'
2021-09-19 10:12:35.463 DEBUG 1438 --- [    Test worker] o.f.c.i.s.classpath.ClassPathScanner     : Scanning for classpath resources at 'classpath:db/migration' ...
2021-09-19 10:12:35.463 DEBUG 1438 --- [    Test worker] o.f.c.i.s.classpath.ClassPathScanner     : Determining location urls for classpath:db/migration using ClassLoader jdk.internal.loader.ClassLoaders$AppClassLoader@277050dc ...
2021-09-19 10:12:35.464 DEBUG 1438 --- [    Test worker] o.f.c.i.s.classpath.ClassPathScanner     : Scanning URL: file:/Users/nhn/Study/test-study/contraint-test/build/resources/main/db/migration
2021-09-19 10:12:35.464 DEBUG 1438 --- [    Test worker] o.f.core.internal.util.FeatureDetector   : JBoss VFS v2 available: false
2021-09-19 10:12:35.464 DEBUG 1438 --- [    Test worker] i.s.c.FileSystemClassPathLocationScanner : Scanning starting at classpath root in filesystem: /Users/nhn/Study/test-study/contraint-test/build/resources/main/
2021-09-19 10:12:35.464 DEBUG 1438 --- [    Test worker] i.s.c.FileSystemClassPathLocationScanner : Scanning for resources in path: /Users/nhn/Study/test-study/contraint-test/build/resources/main/db/migration (db/migration)
2021-09-19 10:12:35.464 DEBUG 1438 --- [    Test worker] o.f.c.i.s.classpath.ClassPathScanner     : Found resource: db/migration/V1__create_all_table.sql
2021-09-19 10:12:35.465 DEBUG 1438 --- [    Test worker] o.f.c.i.s.classpath.ClassPathScanner     : Scanning for classes at classpath:db/migration
2021-09-19 10:12:35.466 DEBUG 1438 --- [    Test worker] com.zaxxer.hikari.HikariConfig           : HikariPool-1 - configuration:
2021-09-19 10:12:35.468 DEBUG 1438 --- [    Test worker] com.zaxxer.hikari.HikariConfig           : allowPoolSuspension................................false
2021-09-19 10:12:35.469 DEBUG 1438 --- [    Test worker] com.zaxxer.hikari.HikariConfig           : autoCommit................................true
2021-09-19 10:12:35.469 DEBUG 1438 --- [    Test worker] com.zaxxer.hikari.HikariConfig           : catalog................................none
2021-09-19 10:12:35.469 DEBUG 1438 --- [    Test worker] com.zaxxer.hikari.HikariConfig           : connectionInitSql................................none
2021-09-19 10:12:35.469 DEBUG 1438 --- [    Test worker] com.zaxxer.hikari.HikariConfig           : connectionTestQuery................................none
2021-09-19 10:12:35.469 DEBUG 1438 --- [    Test worker] com.zaxxer.hikari.HikariConfig           : connectionTimeout................................30000
2021-09-19 10:12:35.469 DEBUG 1438 --- [    Test worker] com.zaxxer.hikari.HikariConfig           : dataSource................................none
2021-09-19 10:12:35.469 DEBUG 1438 --- [    Test worker] com.zaxxer.hikari.HikariConfig           : dataSourceClassName................................none
2021-09-19 10:12:35.470 DEBUG 1438 --- [    Test worker] com.zaxxer.hikari.HikariConfig           : dataSourceJNDI................................none
2021-09-19 10:12:35.470 DEBUG 1438 --- [    Test worker] com.zaxxer.hikari.HikariConfig           : dataSourceProperties................................{password=<masked>}
2021-09-19 10:12:35.470 DEBUG 1438 --- [    Test worker] com.zaxxer.hikari.HikariConfig           : driverClassName................................"com.mysql.cj.jdbc.Driver"
2021-09-19 10:12:35.470 DEBUG 1438 --- [    Test worker] com.zaxxer.hikari.HikariConfig           : exceptionOverrideClassName................................none
2021-09-19 10:12:35.471 DEBUG 1438 --- [    Test worker] com.zaxxer.hikari.HikariConfig           : healthCheckProperties................................{}
2021-09-19 10:12:35.471 DEBUG 1438 --- [    Test worker] com.zaxxer.hikari.HikariConfig           : healthCheckRegistry................................none
2021-09-19 10:12:35.471 DEBUG 1438 --- [    Test worker] com.zaxxer.hikari.HikariConfig           : idleTimeout................................600000
2021-09-19 10:12:35.471 DEBUG 1438 --- [    Test worker] com.zaxxer.hikari.HikariConfig           : initializationFailTimeout................................1
2021-09-19 10:12:35.471 DEBUG 1438 --- [    Test worker] com.zaxxer.hikari.HikariConfig           : isolateInternalQueries................................false
2021-09-19 10:12:35.471 DEBUG 1438 --- [    Test worker] com.zaxxer.hikari.HikariConfig           : jdbcUrl................................jdbc:mysql://127.0.0.1:13306/test?characterEncoding=UTF-8&serverTimezone=Asia/Seoul&profileSQL=true&maxQuerySizeToLog=999999&logger=Slf4JLogger
2021-09-19 10:12:35.471 DEBUG 1438 --- [    Test worker] com.zaxxer.hikari.HikariConfig           : keepaliveTime................................0
2021-09-19 10:12:35.472 DEBUG 1438 --- [    Test worker] com.zaxxer.hikari.HikariConfig           : leakDetectionThreshold................................0
2021-09-19 10:12:35.472 DEBUG 1438 --- [    Test worker] com.zaxxer.hikari.HikariConfig           : maxLifetime................................1800000
2021-09-19 10:12:35.472 DEBUG 1438 --- [    Test worker] com.zaxxer.hikari.HikariConfig           : maximumPoolSize................................10
2021-09-19 10:12:35.472 DEBUG 1438 --- [    Test worker] com.zaxxer.hikari.HikariConfig           : metricRegistry................................none
2021-09-19 10:12:35.472 DEBUG 1438 --- [    Test worker] com.zaxxer.hikari.HikariConfig           : metricsTrackerFactory................................none
2021-09-19 10:12:35.472 DEBUG 1438 --- [    Test worker] com.zaxxer.hikari.HikariConfig           : minimumIdle................................10
2021-09-19 10:12:35.472 DEBUG 1438 --- [    Test worker] com.zaxxer.hikari.HikariConfig           : password................................<masked>
2021-09-19 10:12:35.473 DEBUG 1438 --- [    Test worker] com.zaxxer.hikari.HikariConfig           : poolName................................"HikariPool-1"
2021-09-19 10:12:35.473 DEBUG 1438 --- [    Test worker] com.zaxxer.hikari.HikariConfig           : readOnly................................false
2021-09-19 10:12:35.473 DEBUG 1438 --- [    Test worker] com.zaxxer.hikari.HikariConfig           : registerMbeans................................false
2021-09-19 10:12:35.473 DEBUG 1438 --- [    Test worker] com.zaxxer.hikari.HikariConfig           : scheduledExecutor................................none
2021-09-19 10:12:35.473 DEBUG 1438 --- [    Test worker] com.zaxxer.hikari.HikariConfig           : schema................................none
2021-09-19 10:12:35.474 DEBUG 1438 --- [    Test worker] com.zaxxer.hikari.HikariConfig           : threadFactory................................internal
2021-09-19 10:12:35.474 DEBUG 1438 --- [    Test worker] com.zaxxer.hikari.HikariConfig           : transactionIsolation................................default
2021-09-19 10:12:35.474 DEBUG 1438 --- [    Test worker] com.zaxxer.hikari.HikariConfig           : username................................"test"
2021-09-19 10:12:35.474 DEBUG 1438 --- [    Test worker] com.zaxxer.hikari.HikariConfig           : validationTimeout................................5000
2021-09-19 10:12:35.474  INFO 1438 --- [    Test worker] com.zaxxer.hikari.HikariDataSource       : HikariPool-1 - Starting...
2021-09-19 10:12:35.512  INFO 1438 --- [    Test worker] MySQL                                    : [QUERY] SET autocommit=1 [Created on: Sun Sep 19 10:12:35 KST 2021, duration: 0, connection-id: 11, statement-id: -1, resultset-id: 0,	at com.zaxxer.hikari.util.DriverDataSource.getConnection(DriverDataSource.java:138)]
2021-09-19 10:12:35.513  INFO 1438 --- [    Test worker] MySQL                                    : [FETCH]  [Created on: Sun Sep 19 10:12:35 KST 2021, duration: 0, connection-id: 11, statement-id: -1, resultset-id: 0,	at com.zaxxer.hikari.util.DriverDataSource.getConnection(DriverDataSource.java:138)]
2021-09-19 10:12:35.516 DEBUG 1438 --- [    Test worker] com.zaxxer.hikari.pool.HikariPool        : HikariPool-1 - Added connection com.mysql.cj.jdbc.ConnectionImpl@3de44af
2021-09-19 10:12:35.517  INFO 1438 --- [    Test worker] com.zaxxer.hikari.HikariDataSource       : HikariPool-1 - Start completed.
2021-09-19 10:12:35.525  INFO 1438 --- [    Test worker] MySQL                                    : [QUERY] SELECT version() [Created on: Sun Sep 19 10:12:35 KST 2021, duration: 0, connection-id: 11, statement-id: 0, resultset-id: 0,	at com.zaxxer.hikari.pool.ProxyPreparedStatement.executeQuery(ProxyPreparedStatement.java:52)]
2021-09-19 10:12:35.526  INFO 1438 --- [    Test worker] MySQL                                    : [FETCH]  [Created on: Sun Sep 19 10:12:35 KST 2021, duration: 1, connection-id: 11, statement-id: 0, resultset-id: 0,	at com.zaxxer.hikari.pool.ProxyPreparedStatement.executeQuery(ProxyPreparedStatement.java:52)]
2021-09-19 10:12:35.529  INFO 1438 --- [    Test worker] o.f.c.internal.database.DatabaseFactory  : Database: jdbc:mysql://127.0.0.1:13306/test (MySQL 8.0)
2021-09-19 10:12:35.529 DEBUG 1438 --- [    Test worker] o.f.c.internal.database.DatabaseFactory  : Driver  : MySQL Connector/J mysql-connector-java-8.0.25 (Revision: 08be9e9b4cba6aa115f9b27b215887af40b159e0)
2021-09-19 10:12:35.532  INFO 1438 --- [    Test worker] MySQL                                    : [QUERY] select VARIABLE_VALUE from performance_schema.global_variables where variable_name = 'pxc_strict_mode' [Created on: Sun Sep 19 10:12:35 KST 2021, duration: 1, connection-id: 11, statement-id: 0, resultset-id: 0,	at com.zaxxer.hikari.pool.ProxyPreparedStatement.executeQuery(ProxyPreparedStatement.java:52)]
2021-09-19 10:12:35.533  INFO 1438 --- [    Test worker] MySQL                                    : [FETCH]  [Created on: Sun Sep 19 10:12:35 KST 2021, duration: 0, connection-id: 11, statement-id: 0, resultset-id: 0,	at com.zaxxer.hikari.pool.ProxyPreparedStatement.executeQuery(ProxyPreparedStatement.java:52)]
2021-09-19 10:12:35.535  INFO 1438 --- [    Test worker] MySQL                                    : [QUERY] SELECT @@GLOBAL.ENFORCE_GTID_CONSISTENCY [Created on: Sun Sep 19 10:12:35 KST 2021, duration: 0, connection-id: 11, statement-id: 0, resultset-id: 0,	at com.zaxxer.hikari.pool.ProxyPreparedStatement.executeQuery(ProxyPreparedStatement.java:52)]
2021-09-19 10:12:35.536  INFO 1438 --- [    Test worker] MySQL                                    : [FETCH]  [Created on: Sun Sep 19 10:12:35 KST 2021, duration: 0, connection-id: 11, statement-id: 0, resultset-id: 0,	at com.zaxxer.hikari.pool.ProxyPreparedStatement.executeQuery(ProxyPreparedStatement.java:52)]
2021-09-19 10:12:35.536 DEBUG 1438 --- [    Test worker] org.flywaydb.core.Flyway                 : DDL Transactions Supported: false
2021-09-19 10:12:35.536 DEBUG 1438 --- [    Test worker] org.flywaydb.core.Flyway                 : Schemas: 
2021-09-19 10:12:35.536 DEBUG 1438 --- [    Test worker] org.flywaydb.core.Flyway                 : Default schema: null
2021-09-19 10:12:35.537  INFO 1438 --- [    Test worker] MySQL                                    : [QUERY] SELECT DATABASE() [Created on: Sun Sep 19 10:12:35 KST 2021, duration: 0, connection-id: 11, statement-id: 0, resultset-id: 0,	at com.zaxxer.hikari.pool.ProxyPreparedStatement.executeQuery(ProxyPreparedStatement.java:52)]
2021-09-19 10:12:35.538  INFO 1438 --- [    Test worker] MySQL                                    : [FETCH]  [Created on: Sun Sep 19 10:12:35 KST 2021, duration: 0, connection-id: 11, statement-id: 0, resultset-id: 0,	at com.zaxxer.hikari.pool.ProxyPreparedStatement.executeQuery(ProxyPreparedStatement.java:52)]
2021-09-19 10:12:35.543 DEBUG 1438 --- [    Test worker] o.f.c.i.database.mysql.MySQLConnection   : Disabled user variable reset as performance_schema.user_variables_by_threadcannot be queried (SQL State: 42000, Error Code: 1142)
2021-09-19 10:12:35.544  INFO 1438 --- [    Test worker] MySQL                                    : [QUERY] SELECT @@foreign_key_checks [Created on: Sun Sep 19 10:12:35 KST 2021, duration: 0, connection-id: 11, statement-id: 0, resultset-id: 0,	at com.zaxxer.hikari.pool.ProxyPreparedStatement.executeQuery(ProxyPreparedStatement.java:52)]
2021-09-19 10:12:35.545  INFO 1438 --- [    Test worker] MySQL                                    : [FETCH]  [Created on: Sun Sep 19 10:12:35 KST 2021, duration: 1, connection-id: 11, statement-id: 0, resultset-id: 0,	at com.zaxxer.hikari.pool.ProxyPreparedStatement.executeQuery(ProxyPreparedStatement.java:52)]
2021-09-19 10:12:35.546  INFO 1438 --- [    Test worker] MySQL                                    : [QUERY] SELECT @@sql_safe_updates [Created on: Sun Sep 19 10:12:35 KST 2021, duration: 0, connection-id: 11, statement-id: 0, resultset-id: 0,	at com.zaxxer.hikari.pool.ProxyPreparedStatement.executeQuery(ProxyPreparedStatement.java:52)]
2021-09-19 10:12:35.547  INFO 1438 --- [    Test worker] MySQL                                    : [FETCH]  [Created on: Sun Sep 19 10:12:35 KST 2021, duration: 0, connection-id: 11, statement-id: 0, resultset-id: 0,	at com.zaxxer.hikari.pool.ProxyPreparedStatement.executeQuery(ProxyPreparedStatement.java:52)]
2021-09-19 10:12:35.548  INFO 1438 --- [    Test worker] MySQL                                    : [QUERY] SELECT DATABASE() [Created on: Sun Sep 19 10:12:35 KST 2021, duration: 0, connection-id: 11, statement-id: 0, resultset-id: 0,	at com.zaxxer.hikari.pool.ProxyPreparedStatement.executeQuery(ProxyPreparedStatement.java:52)]
2021-09-19 10:12:35.548  INFO 1438 --- [    Test worker] MySQL                                    : [FETCH]  [Created on: Sun Sep 19 10:12:35 KST 2021, duration: 0, connection-id: 11, statement-id: 0, resultset-id: 0,	at com.zaxxer.hikari.pool.ProxyPreparedStatement.executeQuery(ProxyPreparedStatement.java:52)]
2021-09-19 10:12:35.549  INFO 1438 --- [    Test worker] MySQL                                    : [QUERY] SELECT DATABASE() [Created on: Sun Sep 19 10:12:35 KST 2021, duration: 0, connection-id: 11, statement-id: 0, resultset-id: 0,	at com.zaxxer.hikari.pool.ProxyPreparedStatement.executeQuery(ProxyPreparedStatement.java:52)]
2021-09-19 10:12:35.550  INFO 1438 --- [    Test worker] MySQL                                    : [FETCH]  [Created on: Sun Sep 19 10:12:35 KST 2021, duration: 0, connection-id: 11, statement-id: 0, resultset-id: 0,	at com.zaxxer.hikari.pool.ProxyPreparedStatement.executeQuery(ProxyPreparedStatement.java:52)]
2021-09-19 10:12:35.551  INFO 1438 --- [    Test worker] MySQL                                    : [QUERY] SELECT DATABASE() [Created on: Sun Sep 19 10:12:35 KST 2021, duration: 1, connection-id: 11, statement-id: 0, resultset-id: 0,	at com.zaxxer.hikari.pool.ProxyPreparedStatement.executeQuery(ProxyPreparedStatement.java:52)]
2021-09-19 10:12:35.552  INFO 1438 --- [    Test worker] MySQL                                    : [FETCH]  [Created on: Sun Sep 19 10:12:35 KST 2021, duration: 0, connection-id: 11, statement-id: 0, resultset-id: 0,	at com.zaxxer.hikari.pool.ProxyPreparedStatement.executeQuery(ProxyPreparedStatement.java:52)]
2021-09-19 10:12:35.554  INFO 1438 --- [    Test worker] MySQL                                    : [QUERY] SELECT SUBSTRING_INDEX(USER(),'@',1) [Created on: Sun Sep 19 10:12:35 KST 2021, duration: 0, connection-id: 11, statement-id: 0, resultset-id: 0,	at com.zaxxer.hikari.pool.ProxyPreparedStatement.executeQuery(ProxyPreparedStatement.java:52)]
2021-09-19 10:12:35.554  INFO 1438 --- [    Test worker] MySQL                                    : [FETCH]  [Created on: Sun Sep 19 10:12:35 KST 2021, duration: 0, connection-id: 11, statement-id: 0, resultset-id: 0,	at com.zaxxer.hikari.pool.ProxyPreparedStatement.executeQuery(ProxyPreparedStatement.java:52)]
2021-09-19 10:12:35.555  INFO 1438 --- [    Test worker] MySQL                                    : [QUERY] SELECT version() [Created on: Sun Sep 19 10:12:35 KST 2021, duration: 1, connection-id: 11, statement-id: 0, resultset-id: 0,	at com.zaxxer.hikari.pool.ProxyPreparedStatement.executeQuery(ProxyPreparedStatement.java:52)]
2021-09-19 10:12:35.556  INFO 1438 --- [    Test worker] MySQL                                    : [FETCH]  [Created on: Sun Sep 19 10:12:35 KST 2021, duration: 0, connection-id: 11, statement-id: 0, resultset-id: 0,	at com.zaxxer.hikari.pool.ProxyPreparedStatement.executeQuery(ProxyPreparedStatement.java:52)]
2021-09-19 10:12:35.556 DEBUG 1438 --- [    Test worker] o.f.c.i.c.SqlScriptCallbackFactory       : Scanning for SQL callbacks ...
2021-09-19 10:12:35.558  INFO 1438 --- [    Test worker] MySQL                                    : [QUERY] SELECT (SELECT 1 FROM information_schema.schemata WHERE schema_name='test' LIMIT 1) [Created on: Sun Sep 19 10:12:35 KST 2021, duration: 1, connection-id: 11, statement-id: 0, resultset-id: 0,	at com.zaxxer.hikari.pool.ProxyPreparedStatement.executeQuery(ProxyPreparedStatement.java:52)]
2021-09-19 10:12:35.558  INFO 1438 --- [    Test worker] MySQL                                    : [FETCH]  [Created on: Sun Sep 19 10:12:35 KST 2021, duration: 0, connection-id: 11, statement-id: 0, resultset-id: 0,	at com.zaxxer.hikari.pool.ProxyPreparedStatement.executeQuery(ProxyPreparedStatement.java:52)]
2021-09-19 10:12:35.558 DEBUG 1438 --- [    Test worker] o.f.core.internal.command.DbValidate     : Validating migrations ...
2021-09-19 10:12:35.559  INFO 1438 --- [    Test worker] MySQL                                    : [QUERY] SELECT version() [Created on: Sun Sep 19 10:12:35 KST 2021, duration: 0, connection-id: 11, statement-id: 0, resultset-id: 0,	at com.zaxxer.hikari.pool.ProxyPreparedStatement.executeQuery(ProxyPreparedStatement.java:52)]
2021-09-19 10:12:35.560  INFO 1438 --- [    Test worker] MySQL                                    : [FETCH]  [Created on: Sun Sep 19 10:12:35 KST 2021, duration: 0, connection-id: 11, statement-id: 0, resultset-id: 0,	at com.zaxxer.hikari.pool.ProxyPreparedStatement.executeQuery(ProxyPreparedStatement.java:52)]
2021-09-19 10:12:35.561  INFO 1438 --- [    Test worker] MySQL                                    : [QUERY] SET autocommit=0 [Created on: Sun Sep 19 10:12:35 KST 2021, duration: 0, connection-id: 11, statement-id: -1, resultset-id: 0,	at com.zaxxer.hikari.pool.ProxyConnection.setAutoCommit(ProxyConnection.java:414)]
2021-09-19 10:12:35.562  INFO 1438 --- [    Test worker] MySQL                                    : [FETCH]  [Created on: Sun Sep 19 10:12:35 KST 2021, duration: 0, connection-id: 11, statement-id: -1, resultset-id: 0,	at com.zaxxer.hikari.pool.ProxyConnection.setAutoCommit(ProxyConnection.java:414)]
2021-09-19 10:12:35.562 DEBUG 1438 --- [    Test worker] o.f.core.internal.scanner.Scanner        : Filtering out resource: db/migration/V1__create_all_table.sql (filename: V1__create_all_table.sql)
2021-09-19 10:12:35.563  INFO 1438 --- [    Test worker] MySQL                                    : [QUERY] SET foreign_key_checks=1, sql_safe_updates=0 [Created on: Sun Sep 19 10:12:35 KST 2021, duration: 0, connection-id: 11, statement-id: 0, resultset-id: 0,	at com.zaxxer.hikari.pool.ProxyPreparedStatement.execute(ProxyPreparedStatement.java:44)]
2021-09-19 10:12:35.564  INFO 1438 --- [    Test worker] MySQL                                    : [FETCH]  [Created on: Sun Sep 19 10:12:35 KST 2021, duration: 0, connection-id: 11, statement-id: 0, resultset-id: 0,	at com.zaxxer.hikari.pool.ProxyPreparedStatement.execute(ProxyPreparedStatement.java:44)]
2021-09-19 10:12:35.566  INFO 1438 --- [    Test worker] MySQL                                    : [QUERY] SELECT TABLE_SCHEMA AS TABLE_CAT, NULL AS TABLE_SCHEM, TABLE_NAME, CASE WHEN TABLE_TYPE='BASE TABLE' THEN CASE WHEN TABLE_SCHEMA = 'mysql' OR TABLE_SCHEMA = 'performance_schema' THEN 'SYSTEM TABLE' ELSE 'TABLE' END WHEN TABLE_TYPE='TEMPORARY' THEN 'LOCAL_TEMPORARY' ELSE TABLE_TYPE END AS TABLE_TYPE, TABLE_COMMENT AS REMARKS, NULL AS TYPE_CAT, NULL AS TYPE_SCHEM, NULL AS TYPE_NAME, NULL AS SELF_REFERENCING_COL_NAME, NULL AS REF_GENERATION FROM INFORMATION_SCHEMA.TABLES WHERE TABLE_SCHEMA = 'test' AND TABLE_NAME LIKE 'flyway_schema_history' ORDER BY TABLE_TYPE, TABLE_SCHEMA, TABLE_NAME [Created on: Sun Sep 19 10:12:35 KST 2021, duration: 1, connection-id: 11, statement-id: 0, resultset-id: 0,	at com.zaxxer.hikari.pool.ProxyDatabaseMetaData.getTables(ProxyDatabaseMetaData.java:68)]
2021-09-19 10:12:35.566  INFO 1438 --- [    Test worker] MySQL                                    : [FETCH]  [Created on: Sun Sep 19 10:12:35 KST 2021, duration: 0, connection-id: 11, statement-id: 0, resultset-id: 0,	at com.zaxxer.hikari.pool.ProxyDatabaseMetaData.getTables(ProxyDatabaseMetaData.java:68)]
2021-09-19 10:12:35.568  INFO 1438 --- [    Test worker] MySQL                                    : [QUERY] SELECT `installed_rank`,`version`,`description`,`type`,`script`,`checksum`,`installed_on`,`installed_by`,`execution_time`,`success` FROM `test`.`flyway_schema_history` WHERE `installed_rank` > -1 ORDER BY `installed_rank` [Created on: Sun Sep 19 10:12:35 KST 2021, duration: 0, connection-id: 11, statement-id: 0, resultset-id: 0,	at com.zaxxer.hikari.pool.ProxyPreparedStatement.executeQuery(ProxyPreparedStatement.java:52)]
2021-09-19 10:12:35.569  INFO 1438 --- [    Test worker] MySQL                                    : [FETCH]  [Created on: Sun Sep 19 10:12:35 KST 2021, duration: 0, connection-id: 11, statement-id: 0, resultset-id: 0,	at com.zaxxer.hikari.pool.ProxyPreparedStatement.executeQuery(ProxyPreparedStatement.java:52)]
2021-09-19 10:12:35.570  INFO 1438 --- [    Test worker] MySQL                                    : [QUERY] commit [Created on: Sun Sep 19 10:12:35 KST 2021, duration: 0, connection-id: 11, statement-id: -1, resultset-id: 0,	at com.zaxxer.hikari.pool.ProxyConnection.commit(ProxyConnection.java:387)]
2021-09-19 10:12:35.570  INFO 1438 --- [    Test worker] MySQL                                    : [FETCH]  [Created on: Sun Sep 19 10:12:35 KST 2021, duration: 0, connection-id: 11, statement-id: -1, resultset-id: 0,	at com.zaxxer.hikari.pool.ProxyConnection.commit(ProxyConnection.java:387)]
2021-09-19 10:12:35.571  INFO 1438 --- [    Test worker] MySQL                                    : [QUERY] SET autocommit=1 [Created on: Sun Sep 19 10:12:35 KST 2021, duration: 1, connection-id: 11, statement-id: -1, resultset-id: 0,	at com.zaxxer.hikari.pool.ProxyConnection.setAutoCommit(ProxyConnection.java:414)]
2021-09-19 10:12:35.572  INFO 1438 --- [    Test worker] MySQL                                    : [FETCH]  [Created on: Sun Sep 19 10:12:35 KST 2021, duration: 0, connection-id: 11, statement-id: -1, resultset-id: 0,	at com.zaxxer.hikari.pool.ProxyConnection.setAutoCommit(ProxyConnection.java:414)]
2021-09-19 10:12:35.572  INFO 1438 --- [    Test worker] o.f.core.internal.command.DbValidate     : Successfully validated 1 migration (execution time 00:00.013s)
2021-09-19 10:12:35.573  INFO 1438 --- [    Test worker] MySQL                                    : [QUERY] SET foreign_key_checks=1, sql_safe_updates=0 [Created on: Sun Sep 19 10:12:35 KST 2021, duration: 1, connection-id: 11, statement-id: 0, resultset-id: 0,	at com.zaxxer.hikari.pool.ProxyPreparedStatement.execute(ProxyPreparedStatement.java:44)]
2021-09-19 10:12:35.574  INFO 1438 --- [    Test worker] MySQL                                    : [FETCH]  [Created on: Sun Sep 19 10:12:35 KST 2021, duration: 0, connection-id: 11, statement-id: 0, resultset-id: 0,	at com.zaxxer.hikari.pool.ProxyPreparedStatement.execute(ProxyPreparedStatement.java:44)]
2021-09-19 10:12:35.575  INFO 1438 --- [    Test worker] MySQL                                    : [QUERY] SELECT TABLE_SCHEMA AS TABLE_CAT, NULL AS TABLE_SCHEM, TABLE_NAME, CASE WHEN TABLE_TYPE='BASE TABLE' THEN CASE WHEN TABLE_SCHEMA = 'mysql' OR TABLE_SCHEMA = 'performance_schema' THEN 'SYSTEM TABLE' ELSE 'TABLE' END WHEN TABLE_TYPE='TEMPORARY' THEN 'LOCAL_TEMPORARY' ELSE TABLE_TYPE END AS TABLE_TYPE, TABLE_COMMENT AS REMARKS, NULL AS TYPE_CAT, NULL AS TYPE_SCHEM, NULL AS TYPE_NAME, NULL AS SELF_REFERENCING_COL_NAME, NULL AS REF_GENERATION FROM INFORMATION_SCHEMA.TABLES WHERE TABLE_SCHEMA = 'test' AND TABLE_NAME LIKE 'flyway_schema_history' ORDER BY TABLE_TYPE, TABLE_SCHEMA, TABLE_NAME [Created on: Sun Sep 19 10:12:35 KST 2021, duration: 1, connection-id: 11, statement-id: 0, resultset-id: 0,	at com.zaxxer.hikari.pool.ProxyDatabaseMetaData.getTables(ProxyDatabaseMetaData.java:68)]
2021-09-19 10:12:35.576  INFO 1438 --- [    Test worker] MySQL                                    : [FETCH]  [Created on: Sun Sep 19 10:12:35 KST 2021, duration: 0, connection-id: 11, statement-id: 0, resultset-id: 0,	at com.zaxxer.hikari.pool.ProxyDatabaseMetaData.getTables(ProxyDatabaseMetaData.java:68)]
2021-09-19 10:12:35.577  INFO 1438 --- [    Test worker] MySQL                                    : [QUERY] SET foreign_key_checks=1, sql_safe_updates=0 [Created on: Sun Sep 19 10:12:35 KST 2021, duration: 0, connection-id: 11, statement-id: 0, resultset-id: 0,	at com.zaxxer.hikari.pool.ProxyPreparedStatement.execute(ProxyPreparedStatement.java:44)]
2021-09-19 10:12:35.577  INFO 1438 --- [    Test worker] MySQL                                    : [FETCH]  [Created on: Sun Sep 19 10:12:35 KST 2021, duration: 0, connection-id: 11, statement-id: 0, resultset-id: 0,	at com.zaxxer.hikari.pool.ProxyPreparedStatement.execute(ProxyPreparedStatement.java:44)]
2021-09-19 10:12:35.578  INFO 1438 --- [    Test worker] MySQL                                    : [QUERY] SELECT GET_LOCK('Flyway--562162009',10) [Created on: Sun Sep 19 10:12:35 KST 2021, duration: 0, connection-id: 11, statement-id: 0, resultset-id: 0,	at com.zaxxer.hikari.pool.ProxyPreparedStatement.executeQuery(ProxyPreparedStatement.java:52)]
2021-09-19 10:12:35.579  INFO 1438 --- [    Test worker] MySQL                                    : [FETCH]  [Created on: Sun Sep 19 10:12:35 KST 2021, duration: 0, connection-id: 11, statement-id: 0, resultset-id: 0,	at com.zaxxer.hikari.pool.ProxyPreparedStatement.executeQuery(ProxyPreparedStatement.java:52)]
2021-09-19 10:12:35.580  INFO 1438 --- [    Test worker] MySQL                                    : [QUERY] SET foreign_key_checks=1, sql_safe_updates=0 [Created on: Sun Sep 19 10:12:35 KST 2021, duration: 0, connection-id: 11, statement-id: 0, resultset-id: 0,	at com.zaxxer.hikari.pool.ProxyPreparedStatement.execute(ProxyPreparedStatement.java:44)]
2021-09-19 10:12:35.581  INFO 1438 --- [    Test worker] MySQL                                    : [FETCH]  [Created on: Sun Sep 19 10:12:35 KST 2021, duration: 0, connection-id: 11, statement-id: 0, resultset-id: 0,	at com.zaxxer.hikari.pool.ProxyPreparedStatement.execute(ProxyPreparedStatement.java:44)]
2021-09-19 10:12:35.582  INFO 1438 --- [    Test worker] MySQL                                    : [QUERY] SELECT TABLE_SCHEMA AS TABLE_CAT, NULL AS TABLE_SCHEM, TABLE_NAME, CASE WHEN TABLE_TYPE='BASE TABLE' THEN CASE WHEN TABLE_SCHEMA = 'mysql' OR TABLE_SCHEMA = 'performance_schema' THEN 'SYSTEM TABLE' ELSE 'TABLE' END WHEN TABLE_TYPE='TEMPORARY' THEN 'LOCAL_TEMPORARY' ELSE TABLE_TYPE END AS TABLE_TYPE, TABLE_COMMENT AS REMARKS, NULL AS TYPE_CAT, NULL AS TYPE_SCHEM, NULL AS TYPE_NAME, NULL AS SELF_REFERENCING_COL_NAME, NULL AS REF_GENERATION FROM INFORMATION_SCHEMA.TABLES WHERE TABLE_SCHEMA = 'test' AND TABLE_NAME LIKE 'flyway_schema_history' ORDER BY TABLE_TYPE, TABLE_SCHEMA, TABLE_NAME [Created on: Sun Sep 19 10:12:35 KST 2021, duration: 1, connection-id: 11, statement-id: 0, resultset-id: 0,	at com.zaxxer.hikari.pool.ProxyDatabaseMetaData.getTables(ProxyDatabaseMetaData.java:68)]
2021-09-19 10:12:35.583  INFO 1438 --- [    Test worker] MySQL                                    : [FETCH]  [Created on: Sun Sep 19 10:12:35 KST 2021, duration: 0, connection-id: 11, statement-id: 0, resultset-id: 0,	at com.zaxxer.hikari.pool.ProxyDatabaseMetaData.getTables(ProxyDatabaseMetaData.java:68)]
2021-09-19 10:12:35.584  INFO 1438 --- [    Test worker] MySQL                                    : [QUERY] SELECT `installed_rank`,`version`,`description`,`type`,`script`,`checksum`,`installed_on`,`installed_by`,`execution_time`,`success` FROM `test`.`flyway_schema_history` WHERE `installed_rank` > 1 ORDER BY `installed_rank` [Created on: Sun Sep 19 10:12:35 KST 2021, duration: 0, connection-id: 11, statement-id: 0, resultset-id: 0,	at com.zaxxer.hikari.pool.ProxyPreparedStatement.executeQuery(ProxyPreparedStatement.java:52)]
2021-09-19 10:12:35.585  INFO 1438 --- [    Test worker] MySQL                                    : [FETCH]  [Created on: Sun Sep 19 10:12:35 KST 2021, duration: 1, connection-id: 11, statement-id: 0, resultset-id: 0,	at com.zaxxer.hikari.pool.ProxyPreparedStatement.executeQuery(ProxyPreparedStatement.java:52)]
2021-09-19 10:12:35.585  INFO 1438 --- [    Test worker] o.f.core.internal.command.DbMigrate      : Current version of schema `test`: 1
2021-09-19 10:12:35.586  INFO 1438 --- [    Test worker] MySQL                                    : [QUERY] SELECT RELEASE_LOCK('Flyway--562162009') [Created on: Sun Sep 19 10:12:35 KST 2021, duration: 0, connection-id: 11, statement-id: 0, resultset-id: 0,	at com.zaxxer.hikari.pool.ProxyPreparedStatement.execute(ProxyPreparedStatement.java:44)]
2021-09-19 10:12:35.586  INFO 1438 --- [    Test worker] MySQL                                    : [FETCH]  [Created on: Sun Sep 19 10:12:35 KST 2021, duration: 0, connection-id: 11, statement-id: 0, resultset-id: 0,	at com.zaxxer.hikari.pool.ProxyPreparedStatement.execute(ProxyPreparedStatement.java:44)]
2021-09-19 10:12:35.586  INFO 1438 --- [    Test worker] o.f.core.internal.command.DbMigrate      : Schema `test` is up to date. No migration necessary.
2021-09-19 10:12:35.587  INFO 1438 --- [    Test worker] MySQL                                    : [QUERY] SET foreign_key_checks=1, sql_safe_updates=0 [Created on: Sun Sep 19 10:12:35 KST 2021, duration: 1, connection-id: 11, statement-id: 0, resultset-id: 0,	at com.zaxxer.hikari.pool.ProxyPreparedStatement.execute(ProxyPreparedStatement.java:44)]
2021-09-19 10:12:35.588  INFO 1438 --- [    Test worker] MySQL                                    : [FETCH]  [Created on: Sun Sep 19 10:12:35 KST 2021, duration: 0, connection-id: 11, statement-id: 0, resultset-id: 0,	at com.zaxxer.hikari.pool.ProxyPreparedStatement.execute(ProxyPreparedStatement.java:44)]
2021-09-19 10:12:35.589  INFO 1438 --- [    Test worker] MySQL                                    : [QUERY] SELECT version() [Created on: Sun Sep 19 10:12:35 KST 2021, duration: 0, connection-id: 11, statement-id: 0, resultset-id: 0,	at com.zaxxer.hikari.pool.ProxyPreparedStatement.executeQuery(ProxyPreparedStatement.java:52)]
2021-09-19 10:12:35.589  INFO 1438 --- [    Test worker] MySQL                                    : [FETCH]  [Created on: Sun Sep 19 10:12:35 KST 2021, duration: 0, connection-id: 11, statement-id: 0, resultset-id: 0,	at com.zaxxer.hikari.pool.ProxyPreparedStatement.executeQuery(ProxyPreparedStatement.java:52)]
2021-09-19 10:12:35.590  INFO 1438 --- [    Test worker] MySQL                                    : [QUERY] SET autocommit=0 [Created on: Sun Sep 19 10:12:35 KST 2021, duration: 1, connection-id: 11, statement-id: -1, resultset-id: 0,	at com.zaxxer.hikari.pool.ProxyConnection.setAutoCommit(ProxyConnection.java:414)]
2021-09-19 10:12:35.591  INFO 1438 --- [    Test worker] MySQL                                    : [FETCH]  [Created on: Sun Sep 19 10:12:35 KST 2021, duration: 0, connection-id: 11, statement-id: -1, resultset-id: 0,	at com.zaxxer.hikari.pool.ProxyConnection.setAutoCommit(ProxyConnection.java:414)]
2021-09-19 10:12:35.591  INFO 1438 --- [    Test worker] MySQL                                    : [QUERY] USE `test` [Created on: Sun Sep 19 10:12:35 KST 2021, duration: 0, connection-id: 11, statement-id: -1, resultset-id: 0,	at com.zaxxer.hikari.pool.ProxyConnection.setCatalog(ProxyConnection.java:442)]
2021-09-19 10:12:35.592  INFO 1438 --- [    Test worker] MySQL                                    : [FETCH]  [Created on: Sun Sep 19 10:12:35 KST 2021, duration: 0, connection-id: 11, statement-id: -1, resultset-id: 0,	at com.zaxxer.hikari.pool.ProxyConnection.setCatalog(ProxyConnection.java:442)]
2021-09-19 10:12:35.592  INFO 1438 --- [    Test worker] MySQL                                    : [QUERY] commit [Created on: Sun Sep 19 10:12:35 KST 2021, duration: 0, connection-id: 11, statement-id: -1, resultset-id: 0,	at com.zaxxer.hikari.pool.ProxyConnection.commit(ProxyConnection.java:387)]
2021-09-19 10:12:35.593  INFO 1438 --- [    Test worker] MySQL                                    : [FETCH]  [Created on: Sun Sep 19 10:12:35 KST 2021, duration: 0, connection-id: 11, statement-id: -1, resultset-id: 0,	at com.zaxxer.hikari.pool.ProxyConnection.commit(ProxyConnection.java:387)]
2021-09-19 10:12:35.593  INFO 1438 --- [    Test worker] MySQL                                    : [QUERY] SET autocommit=1 [Created on: Sun Sep 19 10:12:35 KST 2021, duration: 0, connection-id: 11, statement-id: -1, resultset-id: 0,	at com.zaxxer.hikari.pool.ProxyConnection.setAutoCommit(ProxyConnection.java:414)]
2021-09-19 10:12:35.593  INFO 1438 --- [    Test worker] MySQL                                    : [FETCH]  [Created on: Sun Sep 19 10:12:35 KST 2021, duration: 0, connection-id: 11, statement-id: -1, resultset-id: 0,	at com.zaxxer.hikari.pool.ProxyConnection.setAutoCommit(ProxyConnection.java:414)]
2021-09-19 10:12:35.594  INFO 1438 --- [    Test worker] MySQL                                    : [QUERY] SET autocommit=1 [Created on: Sun Sep 19 10:12:35 KST 2021, duration: 1, connection-id: 11, statement-id: -1, resultset-id: 0,	at com.zaxxer.hikari.pool.ProxyConnection.setAutoCommit(ProxyConnection.java:414)]
2021-09-19 10:12:35.594  INFO 1438 --- [    Test worker] MySQL                                    : [FETCH]  [Created on: Sun Sep 19 10:12:35 KST 2021, duration: 0, connection-id: 11, statement-id: -1, resultset-id: 0,	at com.zaxxer.hikari.pool.ProxyConnection.setAutoCommit(ProxyConnection.java:414)]
2021-09-19 10:12:35.594 DEBUG 1438 --- [    Test worker] org.flywaydb.core.Flyway                 : Memory usage: 105 of 256M
2021-09-19 10:12:35.595 DEBUG 1438 --- [    Test worker] o.s.b.f.s.DefaultListableBeanFactory     : Creating shared instance of singleton bean 'entityManagerFactory'
2021-09-19 10:12:35.595 DEBUG 1438 --- [    Test worker] o.s.b.f.s.DefaultListableBeanFactory     : Creating shared instance of singleton bean 'org.springframework.boot.autoconfigure.orm.jpa.HibernateJpaConfiguration'
2021-09-19 10:12:35.596 DEBUG 1438 --- [    Test worker] o.s.b.f.s.DefaultListableBeanFactory     : Creating shared instance of singleton bean 'spring.jpa-org.springframework.boot.autoconfigure.orm.jpa.JpaProperties'
2021-09-19 10:12:35.600 DEBUG 1438 --- [    Test worker] o.s.b.f.s.DefaultListableBeanFactory     : Creating shared instance of singleton bean 'spring.jpa.hibernate-org.springframework.boot.autoconfigure.orm.jpa.HibernateProperties'
2021-09-19 10:12:35.603 DEBUG 1438 --- [    Test worker] o.s.b.f.s.DefaultListableBeanFactory     : Autowiring by type from bean name 'org.springframework.boot.autoconfigure.orm.jpa.HibernateJpaConfiguration' via constructor to bean named 'dataSource'
2021-09-19 10:12:35.603 DEBUG 1438 --- [    Test worker] o.s.b.f.s.DefaultListableBeanFactory     : Autowiring by type from bean name 'org.springframework.boot.autoconfigure.orm.jpa.HibernateJpaConfiguration' via constructor to bean named 'spring.jpa-org.springframework.boot.autoconfigure.orm.jpa.JpaProperties'
2021-09-19 10:12:35.603 DEBUG 1438 --- [    Test worker] o.s.b.f.s.DefaultListableBeanFactory     : Autowiring by type from bean name 'org.springframework.boot.autoconfigure.orm.jpa.HibernateJpaConfiguration' via constructor to bean named 'org.springframework.beans.factory.support.DefaultListableBeanFactory@4d122b9c'
2021-09-19 10:12:35.603 DEBUG 1438 --- [    Test worker] o.s.b.f.s.DefaultListableBeanFactory     : Autowiring by type from bean name 'org.springframework.boot.autoconfigure.orm.jpa.HibernateJpaConfiguration' via constructor to bean named 'spring.jpa.hibernate-org.springframework.boot.autoconfigure.orm.jpa.HibernateProperties'
2021-09-19 10:12:35.604 DEBUG 1438 --- [    Test worker] o.s.b.f.s.DefaultListableBeanFactory     : Creating shared instance of singleton bean 'hikariPoolDataSourceMetadataProvider'
2021-09-19 10:12:35.604 DEBUG 1438 --- [    Test worker] o.s.b.f.s.DefaultListableBeanFactory     : Creating shared instance of singleton bean 'org.springframework.boot.autoconfigure.jdbc.metadata.DataSourcePoolMetadataProvidersConfiguration$HikariPoolDataSourceMetadataProviderConfiguration'
2021-09-19 10:12:35.611 DEBUG 1438 --- [    Test worker] o.s.b.f.s.DefaultListableBeanFactory     : Creating shared instance of singleton bean 'entityManagerFactoryBuilder'
2021-09-19 10:12:35.612 DEBUG 1438 --- [    Test worker] o.s.b.f.s.DefaultListableBeanFactory     : Creating shared instance of singleton bean 'jpaVendorAdapter'
2021-09-19 10:12:35.619 DEBUG 1438 --- [l-1 housekeeper] com.zaxxer.hikari.pool.HikariPool        : HikariPool-1 - Pool stats (total=1, active=0, idle=1, waiting=0)
2021-09-19 10:12:35.637  INFO 1438 --- [onnection adder] MySQL                                    : [QUERY] SET autocommit=1 [Created on: Sun Sep 19 10:12:35 KST 2021, duration: 0, connection-id: 12, statement-id: -1, resultset-id: 0,	at com.zaxxer.hikari.util.DriverDataSource.getConnection(DriverDataSource.java:138)]
2021-09-19 10:12:35.638  INFO 1438 --- [onnection adder] MySQL                                    : [FETCH]  [Created on: Sun Sep 19 10:12:35 KST 2021, duration: 0, connection-id: 12, statement-id: -1, resultset-id: 0,	at com.zaxxer.hikari.util.DriverDataSource.getConnection(DriverDataSource.java:138)]
2021-09-19 10:12:35.638 DEBUG 1438 --- [onnection adder] com.zaxxer.hikari.pool.HikariPool        : HikariPool-1 - Added connection com.mysql.cj.jdbc.ConnectionImpl@34110431
2021-09-19 10:12:35.649  INFO 1438 --- [onnection adder] MySQL                                    : [QUERY] SET autocommit=1 [Created on: Sun Sep 19 10:12:35 KST 2021, duration: 0, connection-id: 13, statement-id: -1, resultset-id: 0,	at com.zaxxer.hikari.util.DriverDataSource.getConnection(DriverDataSource.java:138)]
2021-09-19 10:12:35.649  INFO 1438 --- [onnection adder] MySQL                                    : [FETCH]  [Created on: Sun Sep 19 10:12:35 KST 2021, duration: 0, connection-id: 13, statement-id: -1, resultset-id: 0,	at com.zaxxer.hikari.util.DriverDataSource.getConnection(DriverDataSource.java:138)]
2021-09-19 10:12:35.650 DEBUG 1438 --- [onnection adder] com.zaxxer.hikari.pool.HikariPool        : HikariPool-1 - Added connection com.mysql.cj.jdbc.ConnectionImpl@73560037
2021-09-19 10:12:35.662 DEBUG 1438 --- [    Test worker] org.jboss.logging                        : Logging Provider: org.jboss.logging.Log4j2LoggerProvider
2021-09-19 10:12:35.663  INFO 1438 --- [onnection adder] MySQL                                    : [QUERY] SET autocommit=1 [Created on: Sun Sep 19 10:12:35 KST 2021, duration: 0, connection-id: 14, statement-id: -1, resultset-id: 0,	at com.zaxxer.hikari.util.DriverDataSource.getConnection(DriverDataSource.java:138)]
2021-09-19 10:12:35.663  INFO 1438 --- [onnection adder] MySQL                                    : [FETCH]  [Created on: Sun Sep 19 10:12:35 KST 2021, duration: 0, connection-id: 14, statement-id: -1, resultset-id: 0,	at com.zaxxer.hikari.util.DriverDataSource.getConnection(DriverDataSource.java:138)]
2021-09-19 10:12:35.664 DEBUG 1438 --- [onnection adder] com.zaxxer.hikari.pool.HikariPool        : HikariPool-1 - Added connection com.mysql.cj.jdbc.ConnectionImpl@38407657
2021-09-19 10:12:35.668 DEBUG 1438 --- [    Test worker] o.s.b.f.s.DefaultListableBeanFactory     : Autowiring by type from bean name 'entityManagerFactoryBuilder' via factory method to bean named 'jpaVendorAdapter'
2021-09-19 10:12:35.672 DEBUG 1438 --- [    Test worker] o.s.b.f.s.DefaultListableBeanFactory     : Autowiring by type from bean name 'entityManagerFactory' via factory method to bean named 'entityManagerFactoryBuilder'
2021-09-19 10:12:35.675  INFO 1438 --- [onnection adder] MySQL                                    : [QUERY] SET autocommit=1 [Created on: Sun Sep 19 10:12:35 KST 2021, duration: 0, connection-id: 15, statement-id: -1, resultset-id: 0,	at com.zaxxer.hikari.util.DriverDataSource.getConnection(DriverDataSource.java:138)]
2021-09-19 10:12:35.675  INFO 1438 --- [onnection adder] MySQL                                    : [FETCH]  [Created on: Sun Sep 19 10:12:35 KST 2021, duration: 0, connection-id: 15, statement-id: -1, resultset-id: 0,	at com.zaxxer.hikari.util.DriverDataSource.getConnection(DriverDataSource.java:138)]
2021-09-19 10:12:35.676 DEBUG 1438 --- [onnection adder] com.zaxxer.hikari.pool.HikariPool        : HikariPool-1 - Added connection com.mysql.cj.jdbc.ConnectionImpl@354a1f5
2021-09-19 10:12:35.687  INFO 1438 --- [onnection adder] MySQL                                    : [QUERY] SET autocommit=1 [Created on: Sun Sep 19 10:12:35 KST 2021, duration: 0, connection-id: 16, statement-id: -1, resultset-id: 0,	at com.zaxxer.hikari.util.DriverDataSource.getConnection(DriverDataSource.java:138)]
2021-09-19 10:12:35.687  INFO 1438 --- [onnection adder] MySQL                                    : [FETCH]  [Created on: Sun Sep 19 10:12:35 KST 2021, duration: 0, connection-id: 16, statement-id: -1, resultset-id: 0,	at com.zaxxer.hikari.util.DriverDataSource.getConnection(DriverDataSource.java:138)]
2021-09-19 10:12:35.688 DEBUG 1438 --- [onnection adder] com.zaxxer.hikari.pool.HikariPool        : HikariPool-1 - Added connection com.mysql.cj.jdbc.ConnectionImpl@5ec88ba3
2021-09-19 10:12:35.699  INFO 1438 --- [onnection adder] MySQL                                    : [QUERY] SET autocommit=1 [Created on: Sun Sep 19 10:12:35 KST 2021, duration: 0, connection-id: 17, statement-id: -1, resultset-id: 0,	at com.zaxxer.hikari.util.DriverDataSource.getConnection(DriverDataSource.java:138)]
2021-09-19 10:12:35.699  INFO 1438 --- [onnection adder] MySQL                                    : [FETCH]  [Created on: Sun Sep 19 10:12:35 KST 2021, duration: 0, connection-id: 17, statement-id: -1, resultset-id: 0,	at com.zaxxer.hikari.util.DriverDataSource.getConnection(DriverDataSource.java:138)]
2021-09-19 10:12:35.700 DEBUG 1438 --- [onnection adder] com.zaxxer.hikari.pool.HikariPool        : HikariPool-1 - Added connection com.mysql.cj.jdbc.ConnectionImpl@40ef2be0
2021-09-19 10:12:35.701 DEBUG 1438 --- [    Test worker] j.LocalContainerEntityManagerFactoryBean : Building JPA container EntityManagerFactory for persistence unit 'default'
2021-09-19 10:12:35.710  INFO 1438 --- [onnection adder] MySQL                                    : [QUERY] SET autocommit=1 [Created on: Sun Sep 19 10:12:35 KST 2021, duration: 0, connection-id: 18, statement-id: -1, resultset-id: 0,	at com.zaxxer.hikari.util.DriverDataSource.getConnection(DriverDataSource.java:138)]
2021-09-19 10:12:35.710  INFO 1438 --- [onnection adder] MySQL                                    : [FETCH]  [Created on: Sun Sep 19 10:12:35 KST 2021, duration: 0, connection-id: 18, statement-id: -1, resultset-id: 0,	at com.zaxxer.hikari.util.DriverDataSource.getConnection(DriverDataSource.java:138)]
2021-09-19 10:12:35.711 DEBUG 1438 --- [onnection adder] com.zaxxer.hikari.pool.HikariPool        : HikariPool-1 - Added connection com.mysql.cj.jdbc.ConnectionImpl@34e0d398
2021-09-19 10:12:35.725 DEBUG 1438 --- [    Test worker] o.hibernate.jpa.internal.util.LogHelper  : PersistenceUnitInfo [
	name: default
	persistence provider classname: null
	classloader: jdk.internal.loader.ClassLoaders$AppClassLoader@277050dc
	excludeUnlistedClasses: true
	JTA datasource: null
	Non JTA datasource: HikariDataSource (HikariPool-1)
	Transaction type: RESOURCE_LOCAL
	PU root URL: file:/Users/nhn/Study/test-study/contraint-test/build/classes/java/test/
	Shared Cache Mode: UNSPECIFIED
	Validation Mode: AUTO
	Jar files URLs []
	Managed classes names [
		kr.co.test.contstraint.entity.CategoryManager
		kr.co.test.contstraint.entity.Member
		kr.co.test.contstraint.entity.OrderInfo
		kr.co.test.contstraint.entity.Product
		kr.co.test.contstraint.entity.ProductCategory]
	Mapping files names []
	Properties []
2021-09-19 10:12:35.726  INFO 1438 --- [onnection adder] MySQL                                    : [QUERY] SET autocommit=1 [Created on: Sun Sep 19 10:12:35 KST 2021, duration: 1, connection-id: 19, statement-id: -1, resultset-id: 0,	at com.zaxxer.hikari.util.DriverDataSource.getConnection(DriverDataSource.java:138)]
2021-09-19 10:12:35.726  INFO 1438 --- [onnection adder] MySQL                                    : [FETCH]  [Created on: Sun Sep 19 10:12:35 KST 2021, duration: 0, connection-id: 19, statement-id: -1, resultset-id: 0,	at com.zaxxer.hikari.util.DriverDataSource.getConnection(DriverDataSource.java:138)]
2021-09-19 10:12:35.730 DEBUG 1438 --- [onnection adder] com.zaxxer.hikari.pool.HikariPool        : HikariPool-1 - Added connection com.mysql.cj.jdbc.ConnectionImpl@23057a5c
2021-09-19 10:12:35.746 DEBUG 1438 --- [    Test worker] o.h.i.internal.IntegratorServiceImpl     : Adding Integrator [org.hibernate.cfg.beanvalidation.BeanValidationIntegrator].
2021-09-19 10:12:35.749 DEBUG 1438 --- [    Test worker] o.h.i.internal.IntegratorServiceImpl     : Adding Integrator [org.hibernate.secure.spi.JaccIntegrator].
2021-09-19 10:12:35.750  INFO 1438 --- [onnection adder] MySQL                                    : [QUERY] SET autocommit=1 [Created on: Sun Sep 19 10:12:35 KST 2021, duration: 1, connection-id: 20, statement-id: -1, resultset-id: 0,	at com.zaxxer.hikari.util.DriverDataSource.getConnection(DriverDataSource.java:138)]
2021-09-19 10:12:35.751  INFO 1438 --- [onnection adder] MySQL                                    : [FETCH]  [Created on: Sun Sep 19 10:12:35 KST 2021, duration: 0, connection-id: 20, statement-id: -1, resultset-id: 0,	at com.zaxxer.hikari.util.DriverDataSource.getConnection(DriverDataSource.java:138)]
2021-09-19 10:12:35.752 DEBUG 1438 --- [onnection adder] com.zaxxer.hikari.pool.HikariPool        : HikariPool-1 - Added connection com.mysql.cj.jdbc.ConnectionImpl@2878ae39
2021-09-19 10:12:35.753 DEBUG 1438 --- [onnection adder] com.zaxxer.hikari.pool.HikariPool        : HikariPool-1 - After adding stats (total=10, active=0, idle=10, waiting=0)
2021-09-19 10:12:35.753 DEBUG 1438 --- [    Test worker] o.h.i.internal.IntegratorServiceImpl     : Adding Integrator [org.hibernate.cache.internal.CollectionCacheInvalidator].
2021-09-19 10:12:35.798  INFO 1438 --- [    Test worker] org.hibernate.Version                    : HHH000412: Hibernate ORM core version 5.4.31.Final
2021-09-19 10:12:35.800 DEBUG 1438 --- [    Test worker] org.hibernate.cfg.Environment            : HHH000206: hibernate.properties not found
2021-09-19 10:12:35.947 DEBUG 1438 --- [    Test worker] o.hibernate.service.spi.ServiceBinding   : Overriding existing service binding [org.hibernate.secure.spi.JaccService]
2021-09-19 10:12:35.958 DEBUG 1438 --- [    Test worker] o.h.c.internal.RegionFactoryInitiator    : Cannot default RegionFactory based on registered strategies as `[]` RegionFactory strategies were registered
2021-09-19 10:12:35.960 DEBUG 1438 --- [    Test worker] o.h.c.internal.RegionFactoryInitiator    : Cache region factory : org.hibernate.cache.internal.NoCachingRegionFactory
2021-09-19 10:12:35.978  INFO 1438 --- [    Test worker] o.hibernate.annotations.common.Version   : HCANN000001: Hibernate Commons Annotations {5.1.2.Final}
2021-09-19 10:12:36.010 DEBUG 1438 --- [    Test worker] org.hibernate.type.BasicTypeRegistry     : Adding type registration boolean -> org.hibernate.type.BooleanType@663bfa47
2021-09-19 10:12:36.010 DEBUG 1438 --- [    Test worker] org.hibernate.type.BasicTypeRegistry     : Adding type registration boolean -> org.hibernate.type.BooleanType@663bfa47
2021-09-19 10:12:36.011 DEBUG 1438 --- [    Test worker] org.hibernate.type.BasicTypeRegistry     : Adding type registration java.lang.Boolean -> org.hibernate.type.BooleanType@663bfa47
2021-09-19 10:12:36.011 DEBUG 1438 --- [    Test worker] org.hibernate.type.BasicTypeRegistry     : Adding type registration numeric_boolean -> org.hibernate.type.NumericBooleanType@4d3131b4
2021-09-19 10:12:36.012 DEBUG 1438 --- [    Test worker] org.hibernate.type.BasicTypeRegistry     : Adding type registration true_false -> org.hibernate.type.TrueFalseType@35c7fe6f
2021-09-19 10:12:36.013 DEBUG 1438 --- [    Test worker] org.hibernate.type.BasicTypeRegistry     : Adding type registration yes_no -> org.hibernate.type.YesNoType@19b84e29
2021-09-19 10:12:36.013 DEBUG 1438 --- [    Test worker] org.hibernate.type.BasicTypeRegistry     : Adding type registration byte -> org.hibernate.type.ByteType@11ab2e02
2021-09-19 10:12:36.014 DEBUG 1438 --- [    Test worker] org.hibernate.type.BasicTypeRegistry     : Adding type registration byte -> org.hibernate.type.ByteType@11ab2e02
2021-09-19 10:12:36.014 DEBUG 1438 --- [    Test worker] org.hibernate.type.BasicTypeRegistry     : Adding type registration java.lang.Byte -> org.hibernate.type.ByteType@11ab2e02
2021-09-19 10:12:36.015 DEBUG 1438 --- [    Test worker] org.hibernate.type.BasicTypeRegistry     : Adding type registration character -> org.hibernate.type.CharacterType@8537444
2021-09-19 10:12:36.015 DEBUG 1438 --- [    Test worker] org.hibernate.type.BasicTypeRegistry     : Adding type registration char -> org.hibernate.type.CharacterType@8537444
2021-09-19 10:12:36.015 DEBUG 1438 --- [    Test worker] org.hibernate.type.BasicTypeRegistry     : Adding type registration java.lang.Character -> org.hibernate.type.CharacterType@8537444
2021-09-19 10:12:36.031 DEBUG 1438 --- [    Test worker] org.hibernate.type.BasicTypeRegistry     : Adding type registration short -> org.hibernate.type.ShortType@2954fe71
2021-09-19 10:12:36.031 DEBUG 1438 --- [    Test worker] org.hibernate.type.BasicTypeRegistry     : Adding type registration short -> org.hibernate.type.ShortType@2954fe71
2021-09-19 10:12:36.031 DEBUG 1438 --- [    Test worker] org.hibernate.type.BasicTypeRegistry     : Adding type registration java.lang.Short -> org.hibernate.type.ShortType@2954fe71
2021-09-19 10:12:36.032 DEBUG 1438 --- [    Test worker] org.hibernate.type.BasicTypeRegistry     : Adding type registration integer -> org.hibernate.type.IntegerType@594ca6fc
2021-09-19 10:12:36.033 DEBUG 1438 --- [    Test worker] org.hibernate.type.BasicTypeRegistry     : Adding type registration int -> org.hibernate.type.IntegerType@594ca6fc
2021-09-19 10:12:36.033 DEBUG 1438 --- [    Test worker] org.hibernate.type.BasicTypeRegistry     : Adding type registration java.lang.Integer -> org.hibernate.type.IntegerType@594ca6fc
2021-09-19 10:12:36.034 DEBUG 1438 --- [    Test worker] org.hibernate.type.BasicTypeRegistry     : Adding type registration long -> org.hibernate.type.LongType@5cf2330c
2021-09-19 10:12:36.034 DEBUG 1438 --- [    Test worker] org.hibernate.type.BasicTypeRegistry     : Adding type registration long -> org.hibernate.type.LongType@5cf2330c
2021-09-19 10:12:36.034 DEBUG 1438 --- [    Test worker] org.hibernate.type.BasicTypeRegistry     : Adding type registration java.lang.Long -> org.hibernate.type.LongType@5cf2330c
2021-09-19 10:12:36.035 DEBUG 1438 --- [    Test worker] org.hibernate.type.BasicTypeRegistry     : Adding type registration float -> org.hibernate.type.FloatType@7f5d6c30
2021-09-19 10:12:36.035 DEBUG 1438 --- [    Test worker] org.hibernate.type.BasicTypeRegistry     : Adding type registration float -> org.hibernate.type.FloatType@7f5d6c30
2021-09-19 10:12:36.035 DEBUG 1438 --- [    Test worker] org.hibernate.type.BasicTypeRegistry     : Adding type registration java.lang.Float -> org.hibernate.type.FloatType@7f5d6c30
2021-09-19 10:12:36.037 DEBUG 1438 --- [    Test worker] org.hibernate.type.BasicTypeRegistry     : Adding type registration double -> org.hibernate.type.DoubleType@1465f1a9
2021-09-19 10:12:36.037 DEBUG 1438 --- [    Test worker] org.hibernate.type.BasicTypeRegistry     : Adding type registration double -> org.hibernate.type.DoubleType@1465f1a9
2021-09-19 10:12:36.037 DEBUG 1438 --- [    Test worker] org.hibernate.type.BasicTypeRegistry     : Adding type registration java.lang.Double -> org.hibernate.type.DoubleType@1465f1a9
2021-09-19 10:12:36.038 DEBUG 1438 --- [    Test worker] org.hibernate.type.BasicTypeRegistry     : Adding type registration big_decimal -> org.hibernate.type.BigDecimalType@7fd896ee
2021-09-19 10:12:36.038 DEBUG 1438 --- [    Test worker] org.hibernate.type.BasicTypeRegistry     : Adding type registration java.math.BigDecimal -> org.hibernate.type.BigDecimalType@7fd896ee
2021-09-19 10:12:36.039 DEBUG 1438 --- [    Test worker] org.hibernate.type.BasicTypeRegistry     : Adding type registration big_integer -> org.hibernate.type.BigIntegerType@1fcc992e
2021-09-19 10:12:36.040 DEBUG 1438 --- [    Test worker] org.hibernate.type.BasicTypeRegistry     : Adding type registration java.math.BigInteger -> org.hibernate.type.BigIntegerType@1fcc992e
2021-09-19 10:12:36.041 DEBUG 1438 --- [    Test worker] org.hibernate.type.BasicTypeRegistry     : Adding type registration string -> org.hibernate.type.StringType@6010bcea
2021-09-19 10:12:36.041 DEBUG 1438 --- [    Test worker] org.hibernate.type.BasicTypeRegistry     : Adding type registration java.lang.String -> org.hibernate.type.StringType@6010bcea
2021-09-19 10:12:36.041 DEBUG 1438 --- [    Test worker] org.hibernate.type.BasicTypeRegistry     : Adding type registration nstring -> org.hibernate.type.StringNVarcharType@14b0c078
2021-09-19 10:12:36.042 DEBUG 1438 --- [    Test worker] org.hibernate.type.BasicTypeRegistry     : Adding type registration ncharacter -> org.hibernate.type.CharacterNCharType@15591c4b
2021-09-19 10:12:36.043 DEBUG 1438 --- [    Test worker] org.hibernate.type.BasicTypeRegistry     : Adding type registration url -> org.hibernate.type.UrlType@3751a6aa
2021-09-19 10:12:36.043 DEBUG 1438 --- [    Test worker] org.hibernate.type.BasicTypeRegistry     : Adding type registration java.net.URL -> org.hibernate.type.UrlType@3751a6aa
2021-09-19 10:12:36.044 DEBUG 1438 --- [    Test worker] org.hibernate.type.BasicTypeRegistry     : Adding type registration Duration -> org.hibernate.type.DurationType@4968ab31
2021-09-19 10:12:36.044 DEBUG 1438 --- [    Test worker] org.hibernate.type.BasicTypeRegistry     : Adding type registration java.time.Duration -> org.hibernate.type.DurationType@4968ab31
2021-09-19 10:12:36.045 DEBUG 1438 --- [    Test worker] org.hibernate.type.BasicTypeRegistry     : Adding type registration Instant -> org.hibernate.type.InstantType@226e0a3f
2021-09-19 10:12:36.045 DEBUG 1438 --- [    Test worker] org.hibernate.type.BasicTypeRegistry     : Adding type registration java.time.Instant -> org.hibernate.type.InstantType@226e0a3f
2021-09-19 10:12:36.045 DEBUG 1438 --- [    Test worker] org.hibernate.type.BasicTypeRegistry     : Adding type registration LocalDateTime -> org.hibernate.type.LocalDateTimeType@7c0fd06e
2021-09-19 10:12:36.046 DEBUG 1438 --- [    Test worker] org.hibernate.type.BasicTypeRegistry     : Adding type registration java.time.LocalDateTime -> org.hibernate.type.LocalDateTimeType@7c0fd06e
2021-09-19 10:12:36.046 DEBUG 1438 --- [    Test worker] org.hibernate.type.BasicTypeRegistry     : Adding type registration LocalDate -> org.hibernate.type.LocalDateType@29c78e70
2021-09-19 10:12:36.047 DEBUG 1438 --- [    Test worker] org.hibernate.type.BasicTypeRegistry     : Adding type registration java.time.LocalDate -> org.hibernate.type.LocalDateType@29c78e70
2021-09-19 10:12:36.048 DEBUG 1438 --- [    Test worker] org.hibernate.type.BasicTypeRegistry     : Adding type registration LocalTime -> org.hibernate.type.LocalTimeType@776de7c0
2021-09-19 10:12:36.049 DEBUG 1438 --- [    Test worker] org.hibernate.type.BasicTypeRegistry     : Adding type registration java.time.LocalTime -> org.hibernate.type.LocalTimeType@776de7c0
2021-09-19 10:12:36.050 DEBUG 1438 --- [    Test worker] org.hibernate.type.BasicTypeRegistry     : Adding type registration OffsetDateTime -> org.hibernate.type.OffsetDateTimeType@77472ff1
2021-09-19 10:12:36.050 DEBUG 1438 --- [    Test worker] org.hibernate.type.BasicTypeRegistry     : Adding type registration java.time.OffsetDateTime -> org.hibernate.type.OffsetDateTimeType@77472ff1
2021-09-19 10:12:36.052 DEBUG 1438 --- [    Test worker] org.hibernate.type.BasicTypeRegistry     : Adding type registration OffsetTime -> org.hibernate.type.OffsetTimeType@3f4c5895
2021-09-19 10:12:36.052 DEBUG 1438 --- [    Test worker] org.hibernate.type.BasicTypeRegistry     : Adding type registration java.time.OffsetTime -> org.hibernate.type.OffsetTimeType@3f4c5895
2021-09-19 10:12:36.054 DEBUG 1438 --- [    Test worker] org.hibernate.type.BasicTypeRegistry     : Adding type registration ZonedDateTime -> org.hibernate.type.ZonedDateTimeType@78c289da
2021-09-19 10:12:36.055 DEBUG 1438 --- [    Test worker] org.hibernate.type.BasicTypeRegistry     : Adding type registration java.time.ZonedDateTime -> org.hibernate.type.ZonedDateTimeType@78c289da
2021-09-19 10:12:36.056 DEBUG 1438 --- [    Test worker] org.hibernate.type.BasicTypeRegistry     : Adding type registration date -> org.hibernate.type.DateType@60cfb941
2021-09-19 10:12:36.056 DEBUG 1438 --- [    Test worker] org.hibernate.type.BasicTypeRegistry     : Adding type registration java.sql.Date -> org.hibernate.type.DateType@60cfb941
2021-09-19 10:12:36.057 DEBUG 1438 --- [    Test worker] org.hibernate.type.BasicTypeRegistry     : Adding type registration time -> org.hibernate.type.TimeType@65aa417c
2021-09-19 10:12:36.057 DEBUG 1438 --- [    Test worker] org.hibernate.type.BasicTypeRegistry     : Adding type registration java.sql.Time -> org.hibernate.type.TimeType@65aa417c
2021-09-19 10:12:36.058 DEBUG 1438 --- [    Test worker] org.hibernate.type.BasicTypeRegistry     : Adding type registration timestamp -> org.hibernate.type.TimestampType@17bf6da9
2021-09-19 10:12:36.058 DEBUG 1438 --- [    Test worker] org.hibernate.type.BasicTypeRegistry     : Adding type registration java.sql.Timestamp -> org.hibernate.type.TimestampType@17bf6da9
2021-09-19 10:12:36.059 DEBUG 1438 --- [    Test worker] org.hibernate.type.BasicTypeRegistry     : Adding type registration java.util.Date -> org.hibernate.type.TimestampType@17bf6da9
2021-09-19 10:12:36.059 DEBUG 1438 --- [    Test worker] org.hibernate.type.BasicTypeRegistry     : Adding type registration dbtimestamp -> org.hibernate.type.DbTimestampType@4c438762
2021-09-19 10:12:36.060 DEBUG 1438 --- [    Test worker] org.hibernate.type.BasicTypeRegistry     : Adding type registration calendar -> org.hibernate.type.CalendarType@70c01ddc
2021-09-19 10:12:36.060 DEBUG 1438 --- [    Test worker] org.hibernate.type.BasicTypeRegistry     : Adding type registration java.util.Calendar -> org.hibernate.type.CalendarType@70c01ddc
2021-09-19 10:12:36.060 DEBUG 1438 --- [    Test worker] org.hibernate.type.BasicTypeRegistry     : Adding type registration java.util.GregorianCalendar -> org.hibernate.type.CalendarType@70c01ddc
2021-09-19 10:12:36.061 DEBUG 1438 --- [    Test worker] org.hibernate.type.BasicTypeRegistry     : Adding type registration calendar_date -> org.hibernate.type.CalendarDateType@64396b83
2021-09-19 10:12:36.062 DEBUG 1438 --- [    Test worker] org.hibernate.type.BasicTypeRegistry     : Adding type registration calendar_time -> org.hibernate.type.CalendarTimeType@12ff645b
2021-09-19 10:12:36.062 DEBUG 1438 --- [    Test worker] org.hibernate.type.BasicTypeRegistry     : Adding type registration locale -> org.hibernate.type.LocaleType@1f34c476
2021-09-19 10:12:36.063 DEBUG 1438 --- [    Test worker] org.hibernate.type.BasicTypeRegistry     : Adding type registration java.util.Locale -> org.hibernate.type.LocaleType@1f34c476
2021-09-19 10:12:36.064 DEBUG 1438 --- [    Test worker] org.hibernate.type.BasicTypeRegistry     : Adding type registration currency -> org.hibernate.type.CurrencyType@6d2bd69c
2021-09-19 10:12:36.064 DEBUG 1438 --- [    Test worker] org.hibernate.type.BasicTypeRegistry     : Adding type registration java.util.Currency -> org.hibernate.type.CurrencyType@6d2bd69c
2021-09-19 10:12:36.065 DEBUG 1438 --- [    Test worker] org.hibernate.type.BasicTypeRegistry     : Adding type registration timezone -> org.hibernate.type.TimeZoneType@69a1294b
2021-09-19 10:12:36.065 DEBUG 1438 --- [    Test worker] org.hibernate.type.BasicTypeRegistry     : Adding type registration java.util.TimeZone -> org.hibernate.type.TimeZoneType@69a1294b
2021-09-19 10:12:36.066 DEBUG 1438 --- [    Test worker] org.hibernate.type.BasicTypeRegistry     : Adding type registration class -> org.hibernate.type.ClassType@43845178
2021-09-19 10:12:36.066 DEBUG 1438 --- [    Test worker] org.hibernate.type.BasicTypeRegistry     : Adding type registration java.lang.Class -> org.hibernate.type.ClassType@43845178
2021-09-19 10:12:36.067 DEBUG 1438 --- [    Test worker] org.hibernate.type.BasicTypeRegistry     : Adding type registration uuid-binary -> org.hibernate.type.UUIDBinaryType@19f91477
2021-09-19 10:12:36.067 DEBUG 1438 --- [    Test worker] org.hibernate.type.BasicTypeRegistry     : Adding type registration java.util.UUID -> org.hibernate.type.UUIDBinaryType@19f91477
2021-09-19 10:12:36.067 DEBUG 1438 --- [    Test worker] org.hibernate.type.BasicTypeRegistry     : Adding type registration uuid-char -> org.hibernate.type.UUIDCharType@4f1d0a46
2021-09-19 10:12:36.068 DEBUG 1438 --- [    Test worker] org.hibernate.type.BasicTypeRegistry     : Adding type registration binary -> org.hibernate.type.BinaryType@27b351e7
2021-09-19 10:12:36.068 DEBUG 1438 --- [    Test worker] org.hibernate.type.BasicTypeRegistry     : Adding type registration byte[] -> org.hibernate.type.BinaryType@27b351e7
2021-09-19 10:12:36.068 DEBUG 1438 --- [    Test worker] org.hibernate.type.BasicTypeRegistry     : Adding type registration [B -> org.hibernate.type.BinaryType@27b351e7
2021-09-19 10:12:36.069 DEBUG 1438 --- [    Test worker] org.hibernate.type.BasicTypeRegistry     : Adding type registration wrapper-binary -> org.hibernate.type.WrapperBinaryType@285a695a
2021-09-19 10:12:36.069 DEBUG 1438 --- [    Test worker] org.hibernate.type.BasicTypeRegistry     : Adding type registration Byte[] -> org.hibernate.type.WrapperBinaryType@285a695a
2021-09-19 10:12:36.069 DEBUG 1438 --- [    Test worker] org.hibernate.type.BasicTypeRegistry     : Adding type registration [Ljava.lang.Byte; -> org.hibernate.type.WrapperBinaryType@285a695a
2021-09-19 10:12:36.070 DEBUG 1438 --- [    Test worker] org.hibernate.type.BasicTypeRegistry     : Adding type registration row_version -> org.hibernate.type.RowVersionType@9665f7a
2021-09-19 10:12:36.071 DEBUG 1438 --- [    Test worker] org.hibernate.type.BasicTypeRegistry     : Adding type registration image -> org.hibernate.type.ImageType@32d5453c
2021-09-19 10:12:36.071 DEBUG 1438 --- [    Test worker] org.hibernate.type.BasicTypeRegistry     : Adding type registration characters -> org.hibernate.type.CharArrayType@65ac9d3
2021-09-19 10:12:36.071 DEBUG 1438 --- [    Test worker] org.hibernate.type.BasicTypeRegistry     : Adding type registration char[] -> org.hibernate.type.CharArrayType@65ac9d3
2021-09-19 10:12:36.072 DEBUG 1438 --- [    Test worker] org.hibernate.type.BasicTypeRegistry     : Adding type registration [C -> org.hibernate.type.CharArrayType@65ac9d3
2021-09-19 10:12:36.072 DEBUG 1438 --- [    Test worker] org.hibernate.type.BasicTypeRegistry     : Adding type registration wrapper-characters -> org.hibernate.type.CharacterArrayType@568dd1b1
2021-09-19 10:12:36.072 DEBUG 1438 --- [    Test worker] org.hibernate.type.BasicTypeRegistry     : Adding type registration [Ljava.lang.Character; -> org.hibernate.type.CharacterArrayType@568dd1b1
2021-09-19 10:12:36.072 DEBUG 1438 --- [    Test worker] org.hibernate.type.BasicTypeRegistry     : Adding type registration Character[] -> org.hibernate.type.CharacterArrayType@568dd1b1
2021-09-19 10:12:36.073 DEBUG 1438 --- [    Test worker] org.hibernate.type.BasicTypeRegistry     : Adding type registration text -> org.hibernate.type.TextType@16c0b587
2021-09-19 10:12:36.073 DEBUG 1438 --- [    Test worker] org.hibernate.type.BasicTypeRegistry     : Adding type registration ntext -> org.hibernate.type.NTextType@1e6e1448
2021-09-19 10:12:36.074 DEBUG 1438 --- [    Test worker] org.hibernate.type.BasicTypeRegistry     : Adding type registration blob -> org.hibernate.type.BlobType@20b16635
2021-09-19 10:12:36.075 DEBUG 1438 --- [    Test worker] org.hibernate.type.BasicTypeRegistry     : Adding type registration java.sql.Blob -> org.hibernate.type.BlobType@20b16635
2021-09-19 10:12:36.075 DEBUG 1438 --- [    Test worker] org.hibernate.type.BasicTypeRegistry     : Adding type registration materialized_blob -> org.hibernate.type.MaterializedBlobType@26668a6c
2021-09-19 10:12:36.076 DEBUG 1438 --- [    Test worker] org.hibernate.type.BasicTypeRegistry     : Adding type registration clob -> org.hibernate.type.ClobType@95ac233
2021-09-19 10:12:36.076 DEBUG 1438 --- [    Test worker] org.hibernate.type.BasicTypeRegistry     : Adding type registration java.sql.Clob -> org.hibernate.type.ClobType@95ac233
2021-09-19 10:12:36.077 DEBUG 1438 --- [    Test worker] org.hibernate.type.BasicTypeRegistry     : Adding type registration nclob -> org.hibernate.type.NClobType@2badfb08
2021-09-19 10:12:36.077 DEBUG 1438 --- [    Test worker] org.hibernate.type.BasicTypeRegistry     : Adding type registration java.sql.NClob -> org.hibernate.type.NClobType@2badfb08
2021-09-19 10:12:36.078 DEBUG 1438 --- [    Test worker] org.hibernate.type.BasicTypeRegistry     : Adding type registration materialized_clob -> org.hibernate.type.MaterializedClobType@68774e90
2021-09-19 10:12:36.078 DEBUG 1438 --- [    Test worker] org.hibernate.type.BasicTypeRegistry     : Adding type registration materialized_nclob -> org.hibernate.type.MaterializedNClobType@414f425c
2021-09-19 10:12:36.079 DEBUG 1438 --- [    Test worker] org.hibernate.type.BasicTypeRegistry     : Adding type registration serializable -> org.hibernate.type.SerializableType@63915d69
2021-09-19 10:12:36.082 DEBUG 1438 --- [    Test worker] org.hibernate.type.BasicTypeRegistry     : Adding type registration object -> org.hibernate.type.ObjectType@32897eb0
2021-09-19 10:12:36.082 DEBUG 1438 --- [    Test worker] org.hibernate.type.BasicTypeRegistry     : Adding type registration java.lang.Object -> org.hibernate.type.ObjectType@32897eb0
2021-09-19 10:12:36.082 DEBUG 1438 --- [    Test worker] org.hibernate.type.BasicTypeRegistry     : Adding type registration imm_date -> org.hibernate.type.AdaptedImmutableType@63637b96
2021-09-19 10:12:36.082 DEBUG 1438 --- [    Test worker] org.hibernate.type.BasicTypeRegistry     : Adding type registration imm_time -> org.hibernate.type.AdaptedImmutableType@40be134d
2021-09-19 10:12:36.082 DEBUG 1438 --- [    Test worker] org.hibernate.type.BasicTypeRegistry     : Adding type registration imm_timestamp -> org.hibernate.type.AdaptedImmutableType@420eb274
2021-09-19 10:12:36.083 DEBUG 1438 --- [    Test worker] org.hibernate.type.BasicTypeRegistry     : Adding type registration imm_dbtimestamp -> org.hibernate.type.AdaptedImmutableType@6f11526b
2021-09-19 10:12:36.083 DEBUG 1438 --- [    Test worker] org.hibernate.type.BasicTypeRegistry     : Adding type registration imm_calendar -> org.hibernate.type.AdaptedImmutableType@17562bd4
2021-09-19 10:12:36.083 DEBUG 1438 --- [    Test worker] org.hibernate.type.BasicTypeRegistry     : Adding type registration imm_calendar_date -> org.hibernate.type.AdaptedImmutableType@27c26608
2021-09-19 10:12:36.083 DEBUG 1438 --- [    Test worker] org.hibernate.type.BasicTypeRegistry     : Adding type registration imm_binary -> org.hibernate.type.AdaptedImmutableType@1068ed96
2021-09-19 10:12:36.083 DEBUG 1438 --- [    Test worker] org.hibernate.type.BasicTypeRegistry     : Adding type registration imm_serializable -> org.hibernate.type.AdaptedImmutableType@750f67fa
2021-09-19 10:12:36.093 DEBUG 1438 --- [    Test worker] o.h.boot.internal.BootstrapContextImpl   : Injecting JPA temp ClassLoader [org.springframework.instrument.classloading.SimpleThrowawayClassLoader@6c6307d4] into BootstrapContext; was [null]
2021-09-19 10:12:36.093 DEBUG 1438 --- [    Test worker] o.h.boot.internal.ClassLoaderAccessImpl  : ClassLoaderAccessImpl#injectTempClassLoader(org.springframework.instrument.classloading.SimpleThrowawayClassLoader@6c6307d4) [was null]
2021-09-19 10:12:36.094 DEBUG 1438 --- [    Test worker] o.h.boot.internal.BootstrapContextImpl   : Injecting ScanEnvironment [org.hibernate.jpa.boot.internal.StandardJpaScanEnvironmentImpl@177aaf18] into BootstrapContext; was [null]
2021-09-19 10:12:36.094 DEBUG 1438 --- [    Test worker] o.h.boot.internal.BootstrapContextImpl   : Injecting ScanOptions [org.hibernate.boot.archive.scan.internal.StandardScanOptions@cf21e62] into BootstrapContext; was [org.hibernate.boot.archive.scan.internal.StandardScanOptions@41407822]
2021-09-19 10:12:36.109 DEBUG 1438 --- [    Test worker] o.h.boot.internal.BootstrapContextImpl   : Injecting JPA temp ClassLoader [null] into BootstrapContext; was [org.springframework.instrument.classloading.SimpleThrowawayClassLoader@6c6307d4]
2021-09-19 10:12:36.109 DEBUG 1438 --- [    Test worker] o.h.boot.internal.ClassLoaderAccessImpl  : ClassLoaderAccessImpl#injectTempClassLoader(null) [was org.springframework.instrument.classloading.SimpleThrowawayClassLoader@6c6307d4]
2021-09-19 10:12:36.119 DEBUG 1438 --- [    Test worker] .i.f.i.DefaultIdentifierGeneratorFactory : Registering IdentifierGenerator strategy [uuid2] -> [org.hibernate.id.UUIDGenerator]
2021-09-19 10:12:36.120 DEBUG 1438 --- [    Test worker] .i.f.i.DefaultIdentifierGeneratorFactory : Registering IdentifierGenerator strategy [guid] -> [org.hibernate.id.GUIDGenerator]
2021-09-19 10:12:36.121 DEBUG 1438 --- [    Test worker] .i.f.i.DefaultIdentifierGeneratorFactory : Registering IdentifierGenerator strategy [uuid] -> [org.hibernate.id.UUIDHexGenerator]
2021-09-19 10:12:36.121 DEBUG 1438 --- [    Test worker] .i.f.i.DefaultIdentifierGeneratorFactory : Registering IdentifierGenerator strategy [uuid.hex] -> [org.hibernate.id.UUIDHexGenerator]
2021-09-19 10:12:36.121 DEBUG 1438 --- [    Test worker] .i.f.i.DefaultIdentifierGeneratorFactory : Registering IdentifierGenerator strategy [assigned] -> [org.hibernate.id.Assigned]
2021-09-19 10:12:36.123 DEBUG 1438 --- [    Test worker] .i.f.i.DefaultIdentifierGeneratorFactory : Registering IdentifierGenerator strategy [identity] -> [org.hibernate.id.IdentityGenerator]
2021-09-19 10:12:36.123 DEBUG 1438 --- [    Test worker] .i.f.i.DefaultIdentifierGeneratorFactory : Registering IdentifierGenerator strategy [select] -> [org.hibernate.id.SelectGenerator]
2021-09-19 10:12:36.124 DEBUG 1438 --- [    Test worker] .i.f.i.DefaultIdentifierGeneratorFactory : Registering IdentifierGenerator strategy [sequence] -> [org.hibernate.id.enhanced.SequenceStyleGenerator]
2021-09-19 10:12:36.125 DEBUG 1438 --- [    Test worker] .i.f.i.DefaultIdentifierGeneratorFactory : Registering IdentifierGenerator strategy [seqhilo] -> [org.hibernate.id.SequenceHiLoGenerator]
2021-09-19 10:12:36.126 DEBUG 1438 --- [    Test worker] .i.f.i.DefaultIdentifierGeneratorFactory : Registering IdentifierGenerator strategy [increment] -> [org.hibernate.id.IncrementGenerator]
2021-09-19 10:12:36.126 DEBUG 1438 --- [    Test worker] .i.f.i.DefaultIdentifierGeneratorFactory : Registering IdentifierGenerator strategy [foreign] -> [org.hibernate.id.ForeignGenerator]
2021-09-19 10:12:36.127 DEBUG 1438 --- [    Test worker] .i.f.i.DefaultIdentifierGeneratorFactory : Registering IdentifierGenerator strategy [sequence-identity] -> [org.hibernate.id.SequenceIdentityGenerator]
2021-09-19 10:12:36.127 DEBUG 1438 --- [    Test worker] .i.f.i.DefaultIdentifierGeneratorFactory : Registering IdentifierGenerator strategy [enhanced-sequence] -> [org.hibernate.id.enhanced.SequenceStyleGenerator]
2021-09-19 10:12:36.128 DEBUG 1438 --- [    Test worker] .i.f.i.DefaultIdentifierGeneratorFactory : Registering IdentifierGenerator strategy [enhanced-table] -> [org.hibernate.id.enhanced.TableGenerator]
2021-09-19 10:12:36.132 DEBUG 1438 --- [    Test worker] o.h.e.j.e.i.JdbcEnvironmentInitiator     : Database ->
       name : MySQL
    version : 8.0.17
      major : 8
      minor : 0
2021-09-19 10:12:36.132 DEBUG 1438 --- [    Test worker] o.h.e.j.e.i.JdbcEnvironmentInitiator     : Driver ->
       name : MySQL Connector/J
    version : mysql-connector-java-8.0.25 (Revision: 08be9e9b4cba6aa115f9b27b215887af40b159e0)
      major : 8
      minor : 0
2021-09-19 10:12:36.132 DEBUG 1438 --- [    Test worker] o.h.e.j.e.i.JdbcEnvironmentInitiator     : JDBC version : 4.2
2021-09-19 10:12:36.145  INFO 1438 --- [    Test worker] org.hibernate.dialect.Dialect            : HHH000400: Using dialect: org.hibernate.dialect.MySQL8Dialect
2021-09-19 10:12:36.157 DEBUG 1438 --- [    Test worker] o.h.e.j.env.spi.IdentifierHelperBuilder  : JDBC driver metadata reported database stores quoted identifiers in more than one case
2021-09-19 10:12:36.163  INFO 1438 --- [    Test worker] MySQL                                    : [QUERY] SELECT WORD FROM INFORMATION_SCHEMA.KEYWORDS WHERE RESERVED=1 ORDER BY WORD [Created on: Sun Sep 19 10:12:36 KST 2021, duration: 4, connection-id: 11, statement-id: 0, resultset-id: 0,	at com.zaxxer.hikari.pool.HikariProxyDatabaseMetaData.getSQLKeywords(HikariProxyDatabaseMetaData.java)]
2021-09-19 10:12:36.164  INFO 1438 --- [    Test worker] MySQL                                    : [FETCH]  [Created on: Sun Sep 19 10:12:36 KST 2021, duration: 1, connection-id: 11, statement-id: 0, resultset-id: 0,	at com.zaxxer.hikari.pool.HikariProxyDatabaseMetaData.getSQLKeywords(HikariProxyDatabaseMetaData.java)]
2021-09-19 10:12:36.168 DEBUG 1438 --- [    Test worker] o.h.e.j.env.spi.IdentifierHelperBuilder  : IdentifierCaseStrategy for both quoted and unquoted identifiers was set to the same strategy [MIXED]; that will likely lead to problems in schema update and validation if using quoted identifiers
2021-09-19 10:12:36.194 DEBUG 1438 --- [    Test worker] o.h.boot.model.relational.Namespace      : Created database namespace [logicalName=Name{catalog=null, schema=null}, physicalName=Name{catalog=null, schema=null}]
2021-09-19 10:12:36.196 DEBUG 1438 --- [    Test worker] o.h.type.spi.TypeConfiguration$Scope     : Scoping TypeConfiguration [org.hibernate.type.spi.TypeConfiguration@3f75a0c] to MetadataBuildingContext [org.hibernate.boot.internal.MetadataBuildingContextRootImpl@51c46f57]
2021-09-19 10:12:36.243 DEBUG 1438 --- [    Test worker] org.hibernate.cfg.AnnotationBinder       : Binding entity from annotated class: kr.co.test.contstraint.entity.CategoryManager
2021-09-19 10:12:36.261 DEBUG 1438 --- [    Test worker] org.hibernate.cfg.Ejb3Column             : Binding column: Ejb3DiscriminatorColumn{logicalColumnName'DTYPE', discriminatorTypeName='string'}
2021-09-19 10:12:36.265 DEBUG 1438 --- [    Test worker] o.h.cfg.annotations.EntityBinder         : Import with entity name CategoryManager
2021-09-19 10:12:36.268 DEBUG 1438 --- [    Test worker] o.h.cfg.annotations.EntityBinder         : Bind entity kr.co.test.contstraint.entity.CategoryManager on table category_manager
2021-09-19 10:12:36.285 DEBUG 1438 --- [    Test worker] org.hibernate.cfg.Ejb3Column             : Binding column: Ejb3Column{table=org.hibernate.mapping.Table(category_manager), mappingColumn=category_manager_id, insertable=true, updatable=true, unique=false}
2021-09-19 10:12:36.287 DEBUG 1438 --- [    Test worker] o.h.boot.internal.ClassLoaderAccessImpl  : Not known whether passed class name [kr.co.test.contstraint.entity.CategoryManager] is safe
2021-09-19 10:12:36.287 DEBUG 1438 --- [    Test worker] o.h.boot.internal.ClassLoaderAccessImpl  : No temp ClassLoader provided; using live ClassLoader for loading potentially unsafe class : kr.co.test.contstraint.entity.CategoryManager
2021-09-19 10:12:36.288 DEBUG 1438 --- [    Test worker] o.h.cfg.annotations.PropertyBinder       : MetadataSourceProcessor property categoryManagerId with lazy=false
2021-09-19 10:12:36.290 DEBUG 1438 --- [    Test worker] o.hibernate.cfg.AbstractPropertyHolder   : Attempting to locate auto-apply AttributeConverter for property [kr.co.test.contstraint.entity.CategoryManager:categoryManagerId]
2021-09-19 10:12:36.291 DEBUG 1438 --- [    Test worker] o.h.cfg.annotations.SimpleValueBinder    : building SimpleValue for categoryManagerId
2021-09-19 10:12:36.294 DEBUG 1438 --- [    Test worker] o.h.cfg.annotations.PropertyBinder       : Building property categoryManagerId
2021-09-19 10:12:36.296 DEBUG 1438 --- [    Test worker] org.hibernate.cfg.BinderHelper           : #makeIdGenerator(org.hibernate.mapping.SimpleValue([org.hibernate.mapping.Column(category_manager_id)]), categoryManagerId, identity, , ...)
2021-09-19 10:12:36.297 DEBUG 1438 --- [    Test worker] org.hibernate.cfg.Ejb3Column             : Binding column: Ejb3Column{table=org.hibernate.mapping.Table(category_manager), mappingColumn=name, insertable=true, updatable=true, unique=false}
2021-09-19 10:12:36.297 DEBUG 1438 --- [    Test worker] o.h.cfg.annotations.PropertyBinder       : MetadataSourceProcessor property name with lazy=false
2021-09-19 10:12:36.297 DEBUG 1438 --- [    Test worker] o.hibernate.cfg.AbstractPropertyHolder   : Attempting to locate auto-apply AttributeConverter for property [kr.co.test.contstraint.entity.CategoryManager:name]
2021-09-19 10:12:36.297 DEBUG 1438 --- [    Test worker] o.h.cfg.annotations.SimpleValueBinder    : building SimpleValue for name
2021-09-19 10:12:36.298 DEBUG 1438 --- [    Test worker] o.h.cfg.annotations.PropertyBinder       : Building property name
2021-09-19 10:12:36.298 DEBUG 1438 --- [    Test worker] org.hibernate.cfg.Ejb3Column             : Binding column: Ejb3Column{table=org.hibernate.mapping.Table(category_manager), mappingColumn=phone_number, insertable=true, updatable=true, unique=false}
2021-09-19 10:12:36.298 DEBUG 1438 --- [    Test worker] o.h.cfg.annotations.PropertyBinder       : MetadataSourceProcessor property phoneNumber with lazy=false
2021-09-19 10:12:36.298 DEBUG 1438 --- [    Test worker] o.hibernate.cfg.AbstractPropertyHolder   : Attempting to locate auto-apply AttributeConverter for property [kr.co.test.contstraint.entity.CategoryManager:phoneNumber]
2021-09-19 10:12:36.298 DEBUG 1438 --- [    Test worker] o.h.cfg.annotations.SimpleValueBinder    : building SimpleValue for phoneNumber
2021-09-19 10:12:36.298 DEBUG 1438 --- [    Test worker] o.h.cfg.annotations.PropertyBinder       : Building property phoneNumber
2021-09-19 10:12:36.300 DEBUG 1438 --- [    Test worker] org.hibernate.cfg.AnnotationBinder       : Binding entity from annotated class: kr.co.test.contstraint.entity.Member
2021-09-19 10:12:36.300 DEBUG 1438 --- [    Test worker] org.hibernate.cfg.Ejb3Column             : Binding column: Ejb3DiscriminatorColumn{logicalColumnName'DTYPE', discriminatorTypeName='string'}
2021-09-19 10:12:36.300 DEBUG 1438 --- [    Test worker] o.h.cfg.annotations.EntityBinder         : Import with entity name Member
2021-09-19 10:12:36.300 DEBUG 1438 --- [    Test worker] o.h.cfg.annotations.EntityBinder         : Bind entity kr.co.test.contstraint.entity.Member on table member
2021-09-19 10:12:36.301 DEBUG 1438 --- [    Test worker] org.hibernate.cfg.Ejb3Column             : Binding column: Ejb3Column{table=org.hibernate.mapping.Table(member), mappingColumn=member_id, insertable=true, updatable=true, unique=false}
2021-09-19 10:12:36.301 DEBUG 1438 --- [    Test worker] o.h.boot.internal.ClassLoaderAccessImpl  : Not known whether passed class name [kr.co.test.contstraint.entity.Member] is safe
2021-09-19 10:12:36.301 DEBUG 1438 --- [    Test worker] o.h.boot.internal.ClassLoaderAccessImpl  : No temp ClassLoader provided; using live ClassLoader for loading potentially unsafe class : kr.co.test.contstraint.entity.Member
2021-09-19 10:12:36.301 DEBUG 1438 --- [    Test worker] o.h.cfg.annotations.PropertyBinder       : MetadataSourceProcessor property memberId with lazy=false
2021-09-19 10:12:36.301 DEBUG 1438 --- [    Test worker] o.hibernate.cfg.AbstractPropertyHolder   : Attempting to locate auto-apply AttributeConverter for property [kr.co.test.contstraint.entity.Member:memberId]
2021-09-19 10:12:36.302 DEBUG 1438 --- [    Test worker] o.h.cfg.annotations.SimpleValueBinder    : building SimpleValue for memberId
2021-09-19 10:12:36.302 DEBUG 1438 --- [    Test worker] o.h.cfg.annotations.PropertyBinder       : Building property memberId
2021-09-19 10:12:36.302 DEBUG 1438 --- [    Test worker] org.hibernate.cfg.BinderHelper           : #makeIdGenerator(org.hibernate.mapping.SimpleValue([org.hibernate.mapping.Column(member_id)]), memberId, identity, , ...)
2021-09-19 10:12:36.302 DEBUG 1438 --- [    Test worker] org.hibernate.cfg.Ejb3Column             : Binding column: Ejb3Column{table=org.hibernate.mapping.Table(member), mappingColumn=address, insertable=true, updatable=true, unique=false}
2021-09-19 10:12:36.302 DEBUG 1438 --- [    Test worker] o.h.cfg.annotations.PropertyBinder       : MetadataSourceProcessor property address with lazy=false
2021-09-19 10:12:36.302 DEBUG 1438 --- [    Test worker] o.hibernate.cfg.AbstractPropertyHolder   : Attempting to locate auto-apply AttributeConverter for property [kr.co.test.contstraint.entity.Member:address]
2021-09-19 10:12:36.302 DEBUG 1438 --- [    Test worker] o.h.cfg.annotations.SimpleValueBinder    : building SimpleValue for address
2021-09-19 10:12:36.302 DEBUG 1438 --- [    Test worker] o.h.cfg.annotations.PropertyBinder       : Building property address
2021-09-19 10:12:36.303 DEBUG 1438 --- [    Test worker] org.hibernate.cfg.Ejb3Column             : Binding column: Ejb3Column{table=org.hibernate.mapping.Table(member), mappingColumn=name, insertable=true, updatable=true, unique=false}
2021-09-19 10:12:36.303 DEBUG 1438 --- [    Test worker] o.h.cfg.annotations.PropertyBinder       : MetadataSourceProcessor property name with lazy=false
2021-09-19 10:12:36.303 DEBUG 1438 --- [    Test worker] o.hibernate.cfg.AbstractPropertyHolder   : Attempting to locate auto-apply AttributeConverter for property [kr.co.test.contstraint.entity.Member:name]
2021-09-19 10:12:36.303 DEBUG 1438 --- [    Test worker] o.h.cfg.annotations.SimpleValueBinder    : building SimpleValue for name
2021-09-19 10:12:36.303 DEBUG 1438 --- [    Test worker] o.h.cfg.annotations.PropertyBinder       : Building property name
2021-09-19 10:12:36.303 DEBUG 1438 --- [    Test worker] org.hibernate.cfg.AnnotationBinder       : Binding entity from annotated class: kr.co.test.contstraint.entity.OrderInfo
2021-09-19 10:12:36.304 DEBUG 1438 --- [    Test worker] org.hibernate.cfg.Ejb3Column             : Binding column: Ejb3DiscriminatorColumn{logicalColumnName'DTYPE', discriminatorTypeName='string'}
2021-09-19 10:12:36.304 DEBUG 1438 --- [    Test worker] o.h.cfg.annotations.EntityBinder         : Import with entity name OrderInfo
2021-09-19 10:12:36.304 DEBUG 1438 --- [    Test worker] o.h.cfg.annotations.EntityBinder         : Bind entity kr.co.test.contstraint.entity.OrderInfo on table order_info
2021-09-19 10:12:36.309 DEBUG 1438 --- [    Test worker] org.hibernate.cfg.Ejb3Column             : Binding column: Ejb3Column{table=org.hibernate.mapping.Table(order_info), mappingColumn=order_info_id, insertable=true, updatable=true, unique=false}
2021-09-19 10:12:36.309 DEBUG 1438 --- [    Test worker] o.h.boot.internal.ClassLoaderAccessImpl  : Not known whether passed class name [kr.co.test.contstraint.entity.OrderInfo] is safe
2021-09-19 10:12:36.310 DEBUG 1438 --- [    Test worker] o.h.boot.internal.ClassLoaderAccessImpl  : No temp ClassLoader provided; using live ClassLoader for loading potentially unsafe class : kr.co.test.contstraint.entity.OrderInfo
2021-09-19 10:12:36.310 DEBUG 1438 --- [    Test worker] o.h.cfg.annotations.PropertyBinder       : MetadataSourceProcessor property orderInfoId with lazy=false
2021-09-19 10:12:36.310 DEBUG 1438 --- [    Test worker] o.hibernate.cfg.AbstractPropertyHolder   : Attempting to locate auto-apply AttributeConverter for property [kr.co.test.contstraint.entity.OrderInfo:orderInfoId]
2021-09-19 10:12:36.310 DEBUG 1438 --- [    Test worker] o.h.cfg.annotations.SimpleValueBinder    : building SimpleValue for orderInfoId
2021-09-19 10:12:36.310 DEBUG 1438 --- [    Test worker] o.h.cfg.annotations.PropertyBinder       : Building property orderInfoId
2021-09-19 10:12:36.310 DEBUG 1438 --- [    Test worker] org.hibernate.cfg.BinderHelper           : #makeIdGenerator(org.hibernate.mapping.SimpleValue([org.hibernate.mapping.Column(order_info_id)]), orderInfoId, identity, , ...)
2021-09-19 10:12:36.311 DEBUG 1438 --- [    Test worker] org.hibernate.cfg.Ejb3Column             : Binding column: Ejb3Column{table=org.hibernate.mapping.Table(order_info), mappingColumn=amount, insertable=true, updatable=true, unique=false}
2021-09-19 10:12:36.311 DEBUG 1438 --- [    Test worker] o.h.cfg.annotations.PropertyBinder       : MetadataSourceProcessor property amount with lazy=false
2021-09-19 10:12:36.311 DEBUG 1438 --- [    Test worker] o.hibernate.cfg.AbstractPropertyHolder   : Attempting to locate auto-apply AttributeConverter for property [kr.co.test.contstraint.entity.OrderInfo:amount]
2021-09-19 10:12:36.311 DEBUG 1438 --- [    Test worker] o.h.cfg.annotations.SimpleValueBinder    : building SimpleValue for amount
2021-09-19 10:12:36.311 DEBUG 1438 --- [    Test worker] o.h.cfg.annotations.PropertyBinder       : Building property amount
2021-09-19 10:12:36.312 DEBUG 1438 --- [    Test worker] org.hibernate.cfg.Ejb3Column             : Binding column: Ejb3JoinColumn{logicalColumnName='member_id', referencedColumn='', mappedBy=''}
2021-09-19 10:12:36.313 DEBUG 1438 --- [    Test worker] org.hibernate.cfg.Ejb3Column             : Binding column: Ejb3Column{table=org.hibernate.mapping.Table(order_info), mappingColumn=orderer, insertable=true, updatable=true, unique=false}
2021-09-19 10:12:36.315 DEBUG 1438 --- [    Test worker] o.h.cfg.annotations.PropertyBinder       : Building property orderer
2021-09-19 10:12:36.316 DEBUG 1438 --- [    Test worker] org.hibernate.cfg.Ejb3Column             : Binding column: Ejb3JoinColumn{logicalColumnName='product_id', referencedColumn='', mappedBy=''}
2021-09-19 10:12:36.316 DEBUG 1438 --- [    Test worker] org.hibernate.cfg.Ejb3Column             : Binding column: Ejb3Column{table=org.hibernate.mapping.Table(order_info), mappingColumn=product, insertable=true, updatable=true, unique=false}
2021-09-19 10:12:36.316 DEBUG 1438 --- [    Test worker] o.h.cfg.annotations.PropertyBinder       : Building property product
2021-09-19 10:12:36.316 DEBUG 1438 --- [    Test worker] org.hibernate.cfg.Ejb3Column             : Binding column: Ejb3Column{table=org.hibernate.mapping.Table(order_info), mappingColumn=total_order_amount, insertable=true, updatable=true, unique=false}
2021-09-19 10:12:36.317 DEBUG 1438 --- [    Test worker] o.h.cfg.annotations.PropertyBinder       : MetadataSourceProcessor property totalOrderAmount with lazy=false
2021-09-19 10:12:36.317 DEBUG 1438 --- [    Test worker] o.hibernate.cfg.AbstractPropertyHolder   : Attempting to locate auto-apply AttributeConverter for property [kr.co.test.contstraint.entity.OrderInfo:totalOrderAmount]
2021-09-19 10:12:36.317 DEBUG 1438 --- [    Test worker] o.h.cfg.annotations.SimpleValueBinder    : building SimpleValue for totalOrderAmount
2021-09-19 10:12:36.317 DEBUG 1438 --- [    Test worker] o.h.cfg.annotations.PropertyBinder       : Building property totalOrderAmount
2021-09-19 10:12:36.317 DEBUG 1438 --- [    Test worker] org.hibernate.cfg.AnnotationBinder       : Binding entity from annotated class: kr.co.test.contstraint.entity.Product
2021-09-19 10:12:36.317 DEBUG 1438 --- [    Test worker] org.hibernate.cfg.Ejb3Column             : Binding column: Ejb3DiscriminatorColumn{logicalColumnName'DTYPE', discriminatorTypeName='string'}
2021-09-19 10:12:36.318 DEBUG 1438 --- [    Test worker] o.h.cfg.annotations.EntityBinder         : Import with entity name Product
2021-09-19 10:12:36.318 DEBUG 1438 --- [    Test worker] o.h.cfg.annotations.EntityBinder         : Bind entity kr.co.test.contstraint.entity.Product on table product
2021-09-19 10:12:36.319 DEBUG 1438 --- [    Test worker] org.hibernate.cfg.Ejb3Column             : Binding column: Ejb3Column{table=org.hibernate.mapping.Table(product), mappingColumn=product_id, insertable=true, updatable=true, unique=false}
2021-09-19 10:12:36.319 DEBUG 1438 --- [    Test worker] o.h.boot.internal.ClassLoaderAccessImpl  : Not known whether passed class name [kr.co.test.contstraint.entity.Product] is safe
2021-09-19 10:12:36.319 DEBUG 1438 --- [    Test worker] o.h.boot.internal.ClassLoaderAccessImpl  : No temp ClassLoader provided; using live ClassLoader for loading potentially unsafe class : kr.co.test.contstraint.entity.Product
2021-09-19 10:12:36.319 DEBUG 1438 --- [    Test worker] o.h.cfg.annotations.PropertyBinder       : MetadataSourceProcessor property productId with lazy=false
2021-09-19 10:12:36.319 DEBUG 1438 --- [    Test worker] o.hibernate.cfg.AbstractPropertyHolder   : Attempting to locate auto-apply AttributeConverter for property [kr.co.test.contstraint.entity.Product:productId]
2021-09-19 10:12:36.320 DEBUG 1438 --- [    Test worker] o.h.cfg.annotations.SimpleValueBinder    : building SimpleValue for productId
2021-09-19 10:12:36.320 DEBUG 1438 --- [    Test worker] o.h.cfg.annotations.PropertyBinder       : Building property productId
2021-09-19 10:12:36.320 DEBUG 1438 --- [    Test worker] org.hibernate.cfg.BinderHelper           : #makeIdGenerator(org.hibernate.mapping.SimpleValue([org.hibernate.mapping.Column(product_id)]), productId, identity, , ...)
2021-09-19 10:12:36.320 DEBUG 1438 --- [    Test worker] org.hibernate.cfg.Ejb3Column             : Binding column: Ejb3Column{table=org.hibernate.mapping.Table(product), mappingColumn=name, insertable=true, updatable=true, unique=false}
2021-09-19 10:12:36.320 DEBUG 1438 --- [    Test worker] o.h.cfg.annotations.PropertyBinder       : MetadataSourceProcessor property name with lazy=false
2021-09-19 10:12:36.321 DEBUG 1438 --- [    Test worker] o.hibernate.cfg.AbstractPropertyHolder   : Attempting to locate auto-apply AttributeConverter for property [kr.co.test.contstraint.entity.Product:name]
2021-09-19 10:12:36.321 DEBUG 1438 --- [    Test worker] o.h.cfg.annotations.SimpleValueBinder    : building SimpleValue for name
2021-09-19 10:12:36.321 DEBUG 1438 --- [    Test worker] o.h.cfg.annotations.PropertyBinder       : Building property name
2021-09-19 10:12:36.321 DEBUG 1438 --- [    Test worker] org.hibernate.cfg.Ejb3Column             : Binding column: Ejb3Column{table=org.hibernate.mapping.Table(product), mappingColumn=price, insertable=true, updatable=true, unique=false}
2021-09-19 10:12:36.321 DEBUG 1438 --- [    Test worker] o.h.cfg.annotations.PropertyBinder       : MetadataSourceProcessor property price with lazy=false
2021-09-19 10:12:36.321 DEBUG 1438 --- [    Test worker] o.hibernate.cfg.AbstractPropertyHolder   : Attempting to locate auto-apply AttributeConverter for property [kr.co.test.contstraint.entity.Product:price]
2021-09-19 10:12:36.321 DEBUG 1438 --- [    Test worker] o.h.cfg.annotations.SimpleValueBinder    : building SimpleValue for price
2021-09-19 10:12:36.322 DEBUG 1438 --- [    Test worker] o.h.cfg.annotations.PropertyBinder       : Building property price
2021-09-19 10:12:36.322 DEBUG 1438 --- [    Test worker] org.hibernate.cfg.Ejb3Column             : Binding column: Ejb3JoinColumn{logicalColumnName='product_category_id', referencedColumn='', mappedBy=''}
2021-09-19 10:12:36.322 DEBUG 1438 --- [    Test worker] org.hibernate.cfg.Ejb3Column             : Binding column: Ejb3Column{table=org.hibernate.mapping.Table(product), mappingColumn=product_category, insertable=true, updatable=true, unique=false}
2021-09-19 10:12:36.322 DEBUG 1438 --- [    Test worker] o.h.cfg.annotations.PropertyBinder       : Building property productCategory
2021-09-19 10:12:36.322 DEBUG 1438 --- [    Test worker] org.hibernate.cfg.AnnotationBinder       : Binding entity from annotated class: kr.co.test.contstraint.entity.ProductCategory
2021-09-19 10:12:36.323 DEBUG 1438 --- [    Test worker] org.hibernate.cfg.Ejb3Column             : Binding column: Ejb3DiscriminatorColumn{logicalColumnName'DTYPE', discriminatorTypeName='string'}
2021-09-19 10:12:36.323 DEBUG 1438 --- [    Test worker] o.h.cfg.annotations.EntityBinder         : Import with entity name ProductCategory
2021-09-19 10:12:36.323 DEBUG 1438 --- [    Test worker] o.h.cfg.annotations.EntityBinder         : Bind entity kr.co.test.contstraint.entity.ProductCategory on table product_category
2021-09-19 10:12:36.324 DEBUG 1438 --- [    Test worker] org.hibernate.cfg.Ejb3Column             : Binding column: Ejb3Column{table=org.hibernate.mapping.Table(product_category), mappingColumn=product_category_id, insertable=true, updatable=true, unique=false}
2021-09-19 10:12:36.324 DEBUG 1438 --- [    Test worker] o.h.boot.internal.ClassLoaderAccessImpl  : Not known whether passed class name [kr.co.test.contstraint.entity.ProductCategory] is safe
2021-09-19 10:12:36.324 DEBUG 1438 --- [    Test worker] o.h.boot.internal.ClassLoaderAccessImpl  : No temp ClassLoader provided; using live ClassLoader for loading potentially unsafe class : kr.co.test.contstraint.entity.ProductCategory
2021-09-19 10:12:36.324 DEBUG 1438 --- [    Test worker] o.h.cfg.annotations.PropertyBinder       : MetadataSourceProcessor property productCategoryId with lazy=false
2021-09-19 10:12:36.324 DEBUG 1438 --- [    Test worker] o.hibernate.cfg.AbstractPropertyHolder   : Attempting to locate auto-apply AttributeConverter for property [kr.co.test.contstraint.entity.ProductCategory:productCategoryId]
2021-09-19 10:12:36.325 DEBUG 1438 --- [    Test worker] o.h.cfg.annotations.SimpleValueBinder    : building SimpleValue for productCategoryId
2021-09-19 10:12:36.325 DEBUG 1438 --- [    Test worker] o.h.cfg.annotations.PropertyBinder       : Building property productCategoryId
2021-09-19 10:12:36.325 DEBUG 1438 --- [    Test worker] org.hibernate.cfg.BinderHelper           : #makeIdGenerator(org.hibernate.mapping.SimpleValue([org.hibernate.mapping.Column(product_category_id)]), productCategoryId, identity, , ...)
2021-09-19 10:12:36.325 DEBUG 1438 --- [    Test worker] org.hibernate.cfg.Ejb3Column             : Binding column: Ejb3JoinColumn{logicalColumnName='category_manager_id', referencedColumn='', mappedBy=''}
2021-09-19 10:12:36.325 DEBUG 1438 --- [    Test worker] org.hibernate.cfg.Ejb3Column             : Binding column: Ejb3Column{table=org.hibernate.mapping.Table(product_category), mappingColumn=category_manager, insertable=true, updatable=true, unique=false}
2021-09-19 10:12:36.325 DEBUG 1438 --- [    Test worker] o.h.cfg.annotations.PropertyBinder       : Building property categoryManager
2021-09-19 10:12:36.326 DEBUG 1438 --- [    Test worker] org.hibernate.cfg.Ejb3Column             : Binding column: Ejb3Column{table=org.hibernate.mapping.Table(product_category), mappingColumn=name, insertable=true, updatable=true, unique=false}
2021-09-19 10:12:36.326 DEBUG 1438 --- [    Test worker] o.h.cfg.annotations.PropertyBinder       : MetadataSourceProcessor property name with lazy=false
2021-09-19 10:12:36.326 DEBUG 1438 --- [    Test worker] o.hibernate.cfg.AbstractPropertyHolder   : Attempting to locate auto-apply AttributeConverter for property [kr.co.test.contstraint.entity.ProductCategory:name]
2021-09-19 10:12:36.326 DEBUG 1438 --- [    Test worker] o.h.cfg.annotations.SimpleValueBinder    : building SimpleValue for name
2021-09-19 10:12:36.326 DEBUG 1438 --- [    Test worker] o.h.cfg.annotations.PropertyBinder       : Building property name
2021-09-19 10:12:36.328 DEBUG 1438 --- [    Test worker] o.h.cfg.annotations.SimpleValueBinder    : Starting fillSimpleValue for categoryManagerId
2021-09-19 10:12:36.328 DEBUG 1438 --- [    Test worker] o.h.cfg.annotations.SimpleValueBinder    : Starting fillSimpleValue for name
2021-09-19 10:12:36.328 DEBUG 1438 --- [    Test worker] o.h.cfg.annotations.SimpleValueBinder    : Starting fillSimpleValue for phoneNumber
2021-09-19 10:12:36.328 DEBUG 1438 --- [    Test worker] o.h.cfg.annotations.SimpleValueBinder    : Starting fillSimpleValue for memberId
2021-09-19 10:12:36.328 DEBUG 1438 --- [    Test worker] o.h.cfg.annotations.SimpleValueBinder    : Starting fillSimpleValue for address
2021-09-19 10:12:36.328 DEBUG 1438 --- [    Test worker] o.h.cfg.annotations.SimpleValueBinder    : Starting fillSimpleValue for name
2021-09-19 10:12:36.328 DEBUG 1438 --- [    Test worker] o.h.cfg.annotations.SimpleValueBinder    : Starting fillSimpleValue for orderInfoId
2021-09-19 10:12:36.328 DEBUG 1438 --- [    Test worker] o.h.cfg.annotations.SimpleValueBinder    : Starting fillSimpleValue for amount
2021-09-19 10:12:36.328 DEBUG 1438 --- [    Test worker] o.h.cfg.annotations.SimpleValueBinder    : Starting fillSimpleValue for totalOrderAmount
2021-09-19 10:12:36.328 DEBUG 1438 --- [    Test worker] o.h.cfg.annotations.SimpleValueBinder    : Starting fillSimpleValue for productId
2021-09-19 10:12:36.328 DEBUG 1438 --- [    Test worker] o.h.cfg.annotations.SimpleValueBinder    : Starting fillSimpleValue for name
2021-09-19 10:12:36.328 DEBUG 1438 --- [    Test worker] o.h.cfg.annotations.SimpleValueBinder    : Starting fillSimpleValue for price
2021-09-19 10:12:36.329 DEBUG 1438 --- [    Test worker] o.h.cfg.annotations.SimpleValueBinder    : Starting fillSimpleValue for productCategoryId
2021-09-19 10:12:36.329 DEBUG 1438 --- [    Test worker] o.h.cfg.annotations.SimpleValueBinder    : Starting fillSimpleValue for name
2021-09-19 10:12:36.333 DEBUG 1438 --- [    Test worker] org.hibernate.mapping.PrimaryKey         : Forcing column [category_manager_id] to be non-null as it is part of the primary key for table [category_manager]
2021-09-19 10:12:36.333 DEBUG 1438 --- [    Test worker] org.hibernate.mapping.PrimaryKey         : Forcing column [member_id] to be non-null as it is part of the primary key for table [member]
2021-09-19 10:12:36.333 DEBUG 1438 --- [    Test worker] org.hibernate.mapping.PrimaryKey         : Forcing column [order_info_id] to be non-null as it is part of the primary key for table [order_info]
2021-09-19 10:12:36.333 DEBUG 1438 --- [    Test worker] org.hibernate.mapping.PrimaryKey         : Forcing column [product_id] to be non-null as it is part of the primary key for table [product]
2021-09-19 10:12:36.333 DEBUG 1438 --- [    Test worker] org.hibernate.mapping.PrimaryKey         : Forcing column [product_category_id] to be non-null as it is part of the primary key for table [product_category]
2021-09-19 10:12:36.333 DEBUG 1438 --- [    Test worker] o.h.b.i.InFlightMetadataCollectorImpl    : Resolving reference to class: kr.co.test.contstraint.entity.Member
2021-09-19 10:12:36.336 DEBUG 1438 --- [    Test worker] o.h.b.i.InFlightMetadataCollectorImpl    : Resolving reference to class: kr.co.test.contstraint.entity.Product
2021-09-19 10:12:36.336 DEBUG 1438 --- [    Test worker] o.h.b.i.InFlightMetadataCollectorImpl    : Resolving reference to class: kr.co.test.contstraint.entity.ProductCategory
2021-09-19 10:12:36.336 DEBUG 1438 --- [    Test worker] o.h.b.i.InFlightMetadataCollectorImpl    : Resolving reference to class: kr.co.test.contstraint.entity.CategoryManager
2021-09-19 10:12:36.338 DEBUG 1438 --- [    Test worker] o.h.b.i.InFlightMetadataCollectorImpl    : Resolving reference to class: kr.co.test.contstraint.entity.Member
2021-09-19 10:12:36.338 DEBUG 1438 --- [    Test worker] o.h.b.i.InFlightMetadataCollectorImpl    : Resolving reference to class: kr.co.test.contstraint.entity.Product
2021-09-19 10:12:36.339 DEBUG 1438 --- [    Test worker] o.h.b.i.InFlightMetadataCollectorImpl    : Resolving reference to class: kr.co.test.contstraint.entity.ProductCategory
2021-09-19 10:12:36.339 DEBUG 1438 --- [    Test worker] o.h.b.i.InFlightMetadataCollectorImpl    : Resolving reference to class: kr.co.test.contstraint.entity.CategoryManager
2021-09-19 10:12:36.370 DEBUG 1438 --- [    Test worker] o.hibernate.internal.SessionFactoryImpl  : Building session factory
2021-09-19 10:12:36.371 DEBUG 1438 --- [    Test worker] org.hibernate.cfg.Settings               : SessionFactory name : null
2021-09-19 10:12:36.371 DEBUG 1438 --- [    Test worker] org.hibernate.cfg.Settings               : Automatic flush during beforeCompletion(): enabled
2021-09-19 10:12:36.371 DEBUG 1438 --- [    Test worker] org.hibernate.cfg.Settings               : Automatic session close at end of transaction: disabled
2021-09-19 10:12:36.371 DEBUG 1438 --- [    Test worker] org.hibernate.cfg.Settings               : Statistics: disabled
2021-09-19 10:12:36.371 DEBUG 1438 --- [    Test worker] org.hibernate.cfg.Settings               : Deleted entity synthetic identifier rollback: disabled
2021-09-19 10:12:36.371 DEBUG 1438 --- [    Test worker] org.hibernate.cfg.Settings               : Default entity-mode: pojo
2021-09-19 10:12:36.371 DEBUG 1438 --- [    Test worker] org.hibernate.cfg.Settings               : Check Nullability in Core (should be disabled when Bean Validation is on): enabled
2021-09-19 10:12:36.372 DEBUG 1438 --- [    Test worker] org.hibernate.cfg.Settings               : Allow initialization of lazy state outside session : disabled
2021-09-19 10:12:36.372 DEBUG 1438 --- [    Test worker] org.hibernate.cfg.Settings               : Using BatchFetchStyle : LEGACY
2021-09-19 10:12:36.372 DEBUG 1438 --- [    Test worker] org.hibernate.cfg.Settings               : Default batch fetch size: -1
2021-09-19 10:12:36.372 DEBUG 1438 --- [    Test worker] org.hibernate.cfg.Settings               : Maximum outer join fetch depth: 2
2021-09-19 10:12:36.372 DEBUG 1438 --- [    Test worker] org.hibernate.cfg.Settings               : Default null ordering: NONE
2021-09-19 10:12:36.372 DEBUG 1438 --- [    Test worker] org.hibernate.cfg.Settings               : Order SQL updates by primary key: disabled
2021-09-19 10:12:36.372 DEBUG 1438 --- [    Test worker] org.hibernate.cfg.Settings               : Order SQL inserts for batching: disabled
2021-09-19 10:12:36.372 DEBUG 1438 --- [    Test worker] org.hibernate.cfg.Settings               : multi-tenancy strategy : NONE
2021-09-19 10:12:36.372 DEBUG 1438 --- [    Test worker] org.hibernate.cfg.Settings               : JTA Track by Thread: enabled
2021-09-19 10:12:36.372 DEBUG 1438 --- [    Test worker] org.hibernate.cfg.Settings               : Query language substitutions: {}
2021-09-19 10:12:36.372 DEBUG 1438 --- [    Test worker] org.hibernate.cfg.Settings               : Named query checking : enabled
2021-09-19 10:12:36.372 DEBUG 1438 --- [    Test worker] org.hibernate.cfg.Settings               : Second-level cache: disabled
2021-09-19 10:12:36.372 DEBUG 1438 --- [    Test worker] org.hibernate.cfg.Settings               : Second-level query cache: disabled
2021-09-19 10:12:36.373 DEBUG 1438 --- [    Test worker] org.hibernate.cfg.Settings               : Second-level query cache factory: null
2021-09-19 10:12:36.373 DEBUG 1438 --- [    Test worker] org.hibernate.cfg.Settings               : Second-level cache region prefix: null
2021-09-19 10:12:36.373 DEBUG 1438 --- [    Test worker] org.hibernate.cfg.Settings               : Optimize second-level cache for minimal puts: disabled
2021-09-19 10:12:36.373 DEBUG 1438 --- [    Test worker] org.hibernate.cfg.Settings               : Structured second-level cache entries: disabled
2021-09-19 10:12:36.373 DEBUG 1438 --- [    Test worker] org.hibernate.cfg.Settings               : Second-level cache direct-reference entries: disabled
2021-09-19 10:12:36.373 DEBUG 1438 --- [    Test worker] org.hibernate.cfg.Settings               : Automatic eviction of collection cache: disabled
2021-09-19 10:12:36.373 DEBUG 1438 --- [    Test worker] org.hibernate.cfg.Settings               : JDBC batch size: 15
2021-09-19 10:12:36.373 DEBUG 1438 --- [    Test worker] org.hibernate.cfg.Settings               : JDBC batch updates for versioned data: enabled
2021-09-19 10:12:36.373 DEBUG 1438 --- [    Test worker] org.hibernate.cfg.Settings               : Scrollable result sets: enabled
2021-09-19 10:12:36.373 DEBUG 1438 --- [    Test worker] org.hibernate.cfg.Settings               : Wrap result sets: disabled
2021-09-19 10:12:36.373 DEBUG 1438 --- [    Test worker] org.hibernate.cfg.Settings               : JDBC3 getGeneratedKeys(): enabled
2021-09-19 10:12:36.373 DEBUG 1438 --- [    Test worker] org.hibernate.cfg.Settings               : JDBC result set fetch size: null
2021-09-19 10:12:36.373 DEBUG 1438 --- [    Test worker] org.hibernate.cfg.Settings               : Connection release mode: ON_CLOSE
2021-09-19 10:12:36.373 DEBUG 1438 --- [    Test worker] org.hibernate.cfg.Settings               : Generate SQL with comments: disabled
2021-09-19 10:12:36.374 DEBUG 1438 --- [    Test worker] org.hibernate.cfg.Settings               : JPA compliance - query : disabled
2021-09-19 10:12:36.374 DEBUG 1438 --- [    Test worker] org.hibernate.cfg.Settings               : JPA compliance - closed-handling : disabled
2021-09-19 10:12:36.374 DEBUG 1438 --- [    Test worker] org.hibernate.cfg.Settings               : JPA compliance - lists : disabled
2021-09-19 10:12:36.374 DEBUG 1438 --- [    Test worker] org.hibernate.cfg.Settings               : JPA compliance - transactions : disabled
2021-09-19 10:12:36.425 DEBUG 1438 --- [    Test worker] o.hibernate.internal.SessionFactoryImpl  : Session factory constructed with filter configurations : {}
2021-09-19 10:12:36.426 DEBUG 1438 --- [    Test worker] o.hibernate.internal.SessionFactoryImpl  : Instantiating session factory with properties: {gopherProxySet=false, awt.toolkit=sun.lwawt.macosx.LWCToolkit, hibernate.id.new_generator_mappings=true, java.specification.version=11, sun.cpu.isalist=, hibernate.resource.beans.container=org.springframework.orm.hibernate5.SpringBeanContainer@54368b20, hibernate.connection.handling_mode=DELAYED_ACQUISITION_AND_HOLD, sun.jnu.encoding=UTF-8, hibernate.dialect=org.hibernate.dialect.MySQL8Dialect, org.gradle.test.worker=9, hibernate.implicit_naming_strategy=org.springframework.boot.orm.jpa.hibernate.SpringImplicitNamingStrategy, java.class.path=/Users/nhn/.gradle/caches/7.1/workerMain/gradle-worker.jar:/Users/nhn/Study/test-study/contraint-test/build/classes/java/test:/Users/nhn/Study/test-study/contraint-test/build/resources/test:/Users/nhn/Study/test-study/contraint-test/build/classes/java/main:/Users/nhn/Study/test-study/contraint-test/build/resources/main:/Users/nhn/.gradle/caches/modules-2/files-2.1/org.projectlombok/lombok/1.18.20/18bcea7d5df4d49227b4a0743a536208ce4825bb/lombok-1.18.20.jar:/Users/nhn/.gradle/caches/modules-2/files-2.1/org.springframework.boot/spring-boot-starter-data-jpa/2.5.0/84f42b4c2b85d59070d1b67c7e5b35a1f62c3e82/spring-boot-starter-data-jpa-2.5.0.jar:/Users/nhn/.gradle/caches/modules-2/files-2.1/org.springframework.boot/spring-boot-starter-web/2.5.0/3103486844ed786b6ba420971ad137658a2da803/spring-boot-starter-web-2.5.0.jar:/Users/nhn/.gradle/caches/modules-2/files-2.1/org.flywaydb/flyway-core/6.4.4/cc05db56f42cb1b3e517f06e8a6277708f3f7965/flyway-core-6.4.4.jar:/Users/nhn/.gradle/caches/modules-2/files-2.1/mysql/mysql-connector-java/8.0.25/f8b9123acd13058c941aff25f308c9ed8000bb73/mysql-connector-java-8.0.25.jar:/Users/nhn/.gradle/caches/modules-2/files-2.1/org.springframework.boot/spring-boot-starter-test/2.5.0/e87ef5d8917500b489ebd1d76f01f9f859dd143e/spring-boot-starter-test-2.5.0.jar:/Users/nhn/.gradle/caches/modules-2/files-2.1/org.junit.jupiter/junit-jupiter-engine/5.7.0/d9044d6b45e2232ddd53fa56c15333e43d1749fd/junit-jupiter-engine-5.7.0.jar:/Users/nhn/.gradle/caches/modules-2/files-2.1/org.junit.platform/junit-platform-engine/1.7.2/2573770b46b8a199ed5f6b0f96fb99e468bfe891/junit-platform-engine-1.7.2.jar:/Users/nhn/.gradle/caches/modules-2/files-2.1/org.junit.platform/junit-platform-commons/1.7.2/34adfea6c13fc4a996cf38cdad80800ce850d198/junit-platform-commons-1.7.2.jar:/Users/nhn/.gradle/caches/modules-2/files-2.1/org.junit.jupiter/junit-jupiter-params/5.7.2/685f832f8c54dd40100f646d61aca88ed9545421/junit-jupiter-params-5.7.2.jar:/Users/nhn/.gradle/caches/modules-2/files-2.1/org.junit.jupiter/junit-jupiter/5.7.2/62faa742964a9d8dab8fdb4a0eab7b01441c171f/junit-jupiter-5.7.2.jar:/Users/nhn/.gradle/caches/modules-2/files-2.1/org.mockito/mockito-junit-jupiter/3.9.0/871745ab6af5a269411ea3c1f99ced82ed079436/mockito-junit-jupiter-3.9.0.jar:/Users/nhn/.gradle/caches/modules-2/files-2.1/org.junit.jupiter/junit-jupiter-api/5.7.0/b25f3815c4c1860a73041e733a14a0379d00c4d5/junit-jupiter-api-5.7.0.jar:/Users/nhn/.gradle/caches/modules-2/files-2.1/com.wix/wix-embedded-mysql/4.6.1/a832e71340db74769910eb4d38a66c2e3b558041/wix-embedded-mysql-4.6.1.jar:/Users/nhn/.gradle/caches/modules-2/files-2.1/org.springframework.boot/spring-boot-starter-aop/2.5.0/7296891fa9032f7ac267da19732c043966216636/spring-boot-starter-aop-2.5.0.jar:/Users/nhn/.gradle/caches/modules-2/files-2.1/org.springframework.boot/spring-boot-starter-jdbc/2.5.0/850bf7c3dacf3d610bb9e7dca3685621539c7099/spring-boot-starter-jdbc-2.5.0.jar:/Users/nhn/.gradle/caches/modules-2/files-2.1/jakarta.transaction/jakarta.transaction-api/1.3.3/c4179d48720a1e87202115fbed6089bdc4195405/jakarta.transaction-api-1.3.3.jar:/Users/nhn/.gradle/caches/modules-2/files-2.1/jakarta.persistence/jakarta.persistence-api/2.2.3/8f6ea5daedc614f07a3654a455660145286f024e/jakarta.persistence-api-2.2.3.jar:/Users/nhn/.gradle/caches/modules-2/files-2.1/org.hibernate/hibernate-core/5.4.31.Final/b0cd5c1d0dbaed84573203fd348a7e64f94d33cb/hibernate-core-5.4.31.Final.jar:/Users/nhn/.gradle/caches/modules-2/files-2.1/org.springframework.data/spring-data-jpa/2.5.1/881f7ae140f424b3bdb1b0c27a61b93e0bee9fa5/spring-data-jpa-2.5.1.jar:/Users/nhn/.gradle/caches/modules-2/files-2.1/org.springframework/spring-aspects/5.3.7/632156b7ae401aba21246a88604f9fbb42f18881/spring-aspects-5.3.7.jar:/Users/nhn/.gradle/caches/modules-2/files-2.1/org.springframework.boot/spring-boot-starter-json/2.5.0/3823529849c1b848e9623bbccc7c2dc7c3d51f93/spring-boot-starter-json-2.5.0.jar:/Users/nhn/.gradle/caches/modules-2/files-2.1/org.springframework.boot/spring-boot-starter/2.5.0/a910887c01efcc7d12f3f89a7604d436f26eeb90/spring-boot-starter-2.5.0.jar:/Users/nhn/.gradle/caches/modules-2/files-2.1/org.springframework.boot/spring-boot-starter-tomcat/2.5.0/3b93aeb708d3319522fb21409ec314ad4d2ef9b3/spring-boot-starter-tomcat-2.5.0.jar:/Users/nhn/.gradle/caches/modules-2/files-2.1/org.springframework/spring-webmvc/5.3.7/8437c7a572177a34607abdaef2f6b8088488f5c0/spring-webmvc-5.3.7.jar:/Users/nhn/.gradle/caches/modules-2/files-2.1/org.springframework/spring-web/5.3.7/49e6a8f45e77f14ef16f82c0413254ef493b785f/spring-web-5.3.7.jar:/Users/nhn/.gradle/caches/modules-2/files-2.1/org.apiguardian/apiguardian-api/1.1.0/fc9dff4bb36d627bdc553de77e1f17efd790876c/apiguardian-api-1.1.0.jar:/Users/nhn/.gradle/caches/modules-2/files-2.1/org.opentest4j/opentest4j/1.2.0/28c11eb91f9b6d8e200631d46e20a7f407f2a046/opentest4j-1.2.0.jar:/Users/nhn/.gradle/caches/modules-2/files-2.1/org.springframework.boot/spring-boot-test-autoconfigure/2.5.0/70ea0e9925c3b300fb4509c425d53d477a033e57/spring-boot-test-autoconfigure-2.5.0.jar:/Users/nhn/.gradle/caches/modules-2/files-2.1/org.springframework.boot/spring-boot-test/2.5.0/53ecfc751fd08d6dab2301c06e8e3de74d85185a/spring-boot-test-2.5.0.jar:/Users/nhn/.gradle/caches/modules-2/files-2.1/com.jayway.jsonpath/json-path/2.5.0/c35ef29095125b51638d19120f63e2b56eff20e9/json-path-2.5.0.jar:/Users/nhn/.gradle/caches/modules-2/files-2.1/org.glassfish.jaxb/jaxb-runtime/2.3.4/5f3828d3a345ff3d8acb83f07ba04eccf59e15bb/jaxb-runtime-2.3.4.jar:/Users/nhn/.gradle/caches/modules-2/files-2.1/jakarta.xml.bind/jakarta.xml.bind-api/2.3.3/48e3b9cfc10752fba3521d6511f4165bea951801/jakarta.xml.bind-api-2.3.3.jar:/Users/nhn/.gradle/caches/modules-2/files-2.1/org.assertj/assertj-core/3.19.0/f64cb5690b85e68d5e1e6c6152bfb6e3840a452d/assertj-core-3.19.0.jar:/Users/nhn/.gradle/caches/modules-2/files-2.1/org.hamcrest/hamcrest/2.2/1820c0968dba3a11a1b30669bb1f01978a91dedc/hamcrest-2.2.jar:/Users/nhn/.gradle/caches/modules-2/files-2.1/org.mockito/mockito-core/3.9.0/b7573430aea743b26434b44f4f46272af613e660/mockito-core-3.9.0.jar:/Users/nhn/.gradle/caches/modules-2/files-2.1/org.skyscreamer/jsonassert/1.5.0/6c9d5fe2f59da598d9aefc1cfc6528ff3cf32df3/jsonassert-1.5.0.jar:/Users/nhn/.gradle/caches/modules-2/files-2.1/org.springframework/spring-test/5.3.7/e23e2a03e95237c48b0db4f399099cc9eac1480c/spring-test-5.3.7.jar:/Users/nhn/.gradle/caches/modules-2/files-2.1/org.springframework.boot/spring-boot-autoconfigure/2.5.0/64c7bbc941c70895621ed613f38dc66b73ea9341/spring-boot-autoconfigure-2.5.0.jar:/Users/nhn/.gradle/caches/modules-2/files-2.1/org.springframework.boot/spring-boot/2.5.0/b07513e04ad906ea69ef84293a123cdb83828f06/spring-boot-2.5.0.jar:/Users/nhn/.gradle/caches/modules-2/files-2.1/org.springframework/spring-context/5.3.7/330b3957efdcdebe3550b8e2c5d45a4c25496626/spring-context-5.3.7.jar:/Users/nhn/.gradle/caches/modules-2/files-2.1/org.springframework/spring-aop/5.3.7/b86edd2455f8c4399068c999beb9ea2a9e7f2047/spring-aop-5.3.7.jar:/Users/nhn/.gradle/caches/modules-2/files-2.1/org.springframework/spring-orm/5.3.7/f1892fe7a6671348d6546facbd40159b7e6f64a2/spring-orm-5.3.7.jar:/Users/nhn/.gradle/caches/modules-2/files-2.1/org.springframework/spring-jdbc/5.3.7/5caf72035a9b8a3a09ef82322cd2497aedddc487/spring-jdbc-5.3.7.jar:/Users/nhn/.gradle/caches/modules-2/files-2.1/org.springframework.data/spring-data-commons/2.5.1/c950ca1a05e928e9fb75420b4ac07713428e9969/spring-data-commons-2.5.1.jar:/Users/nhn/.gradle/caches/modules-2/files-2.1/org.springframework/spring-tx/5.3.7/98be572c2bf3bd08724363b0bba71bcef59c4739/spring-tx-5.3.7.jar:/Users/nhn/.gradle/caches/modules-2/files-2.1/org.springframework/spring-beans/5.3.7/8b1eacd7aaa12f7d173a2f0836d28bd0c1b098fe/spring-beans-5.3.7.jar:/Users/nhn/.gradle/caches/modules-2/files-2.1/org.springframework/spring-expression/5.3.7/13351fce0a604957cd6a41478ebb54a953a0245e/spring-expression-5.3.7.jar:/Users/nhn/.gradle/caches/modules-2/files-2.1/org.springframework/spring-core/5.3.7/4aad1b62bd347a806fe693c9d67b376a3ad8151c/spring-core-5.3.7.jar:/Users/nhn/.gradle/caches/modules-2/files-2.1/org.xmlunit/xmlunit-core/2.8.2/8e4e46b87afaaf9b6cfb8de778e473cf7aeb087f/xmlunit-core-2.8.2.jar:/Users/nhn/.gradle/caches/modules-2/files-2.1/de.flapdoodle.embed/de.flapdoodle.embed.process/2.0.3/81f88ea30603b3e42f2a1c9d4736a8b938b8595a/de.flapdoodle.embed.process-2.0.3.jar:/Users/nhn/.gradle/caches/modules-2/files-2.1/commons-io/commons-io/2.6/815893df5f31da2ece4040fe0a12fd44b577afaf/commons-io-2.6.jar:/Users/nhn/.gradle/caches/modules-2/files-2.1/org.apache.commons/commons-compress/1.19/7e65777fb451ddab6a9c054beb879e521b7eab78/commons-compress-1.19.jar:/Users/nhn/.gradle/caches/modules-2/files-2.1/org.tukaani/xz/1.8/c4f7d054303948eb6a4066194253886c8af07128/xz-1.8.jar:/Users/nhn/.gradle/caches/modules-2/files-2.1/org.aspectj/aspectjweaver/1.9.6/ee3b73aa16df35179255f17354d9dfd8e7822835/aspectjweaver-1.9.6.jar:/Users/nhn/.gradle/caches/modules-2/files-2.1/com.zaxxer/HikariCP/4.0.3/107cbdf0db6780a065f895ae9d8fbf3bb0e1c21f/HikariCP-4.0.3.jar:/Users/nhn/.gradle/caches/modules-2/files-2.1/org.hibernate.common/hibernate-commons-annotations/5.1.2.Final/e59ffdbc6ad09eeb33507b39ffcf287679a498c8/hibernate-commons-annotations-5.1.2.Final.jar:/Users/nhn/.gradle/caches/modules-2/files-2.1/org.jboss.logging/jboss-logging/3.4.1.Final/40fd4d696c55793e996d1ff3c475833f836c2498/jboss-logging-3.4.1.Final.jar:/Users/nhn/.gradle/caches/modules-2/files-2.1/org.javassist/javassist/3.27.0-GA/f63e6aa899e15eca8fdaa402a79af4c417252213/javassist-3.27.0-GA.jar:/Users/nhn/.gradle/caches/modules-2/files-2.1/net.bytebuddy/byte-buddy/1.10.22/ef45d7e2cd1c600d279704f492ed5ce2ceb6cdb5/byte-buddy-1.10.22.jar:/Users/nhn/.gradle/caches/modules-2/files-2.1/antlr/antlr/2.7.7/83cd2cd674a217ade95a4bb83a8a14f351f48bd0/antlr-2.7.7.jar:/Users/nhn/.gradle/caches/modules-2/files-2.1/org.jboss/jandex/2.2.3.Final/d3865101f0666b63586683bd811d754517f331ab/jandex-2.2.3.Final.jar:/Users/nhn/.gradle/caches/modules-2/files-2.1/com.fasterxml/classmate/1.5.1/3fe0bed568c62df5e89f4f174c101eab25345b6c/classmate-1.5.1.jar:/Users/nhn/.gradle/caches/modules-2/files-2.1/org.dom4j/dom4j/2.1.3/a75914155a9f5808963170ec20653668a2ffd2fd/dom4j-2.1.3.jar:/Users/nhn/.gradle/caches/modules-2/files-2.1/org.springframework.boot/spring-boot-starter-logging/2.5.0/22401482ba1c5a1dcd3d33e47295779211b913d8/spring-boot-starter-logging-2.5.0.jar:/Users/nhn/.gradle/caches/modules-2/files-2.1/ch.qos.logback/logback-classic/1.2.3/7c4f3c474fb2c041d8028740440937705ebb473a/logback-classic-1.2.3.jar:/Users/nhn/.gradle/caches/modules-2/files-2.1/org.apache.logging.log4j/log4j-to-slf4j/2.14.1/ce8a86a3f50a4304749828ce68e7478cafbc8039/log4j-to-slf4j-2.14.1.jar:/Users/nhn/.gradle/caches/modules-2/files-2.1/org.slf4j/jul-to-slf4j/1.7.30/d58bebff8cbf70ff52b59208586095f467656c30/jul-to-slf4j-1.7.30.jar:/Users/nhn/.gradle/caches/modules-2/files-2.1/org.slf4j/slf4j-api/1.7.30/b5a4b6d16ab13e34a88fae84c35cd5d68cac922c/slf4j-api-1.7.30.jar:/Users/nhn/.gradle/caches/modules-2/files-2.1/jakarta.annotation/jakarta.annotation-api/1.3.5/59eb84ee0d616332ff44aba065f3888cf002cd2d/jakarta.annotation-api-1.3.5.jar:/Users/nhn/.gradle/caches/modules-2/files-2.1/org.yaml/snakeyaml/1.28/7cae037c3014350c923776548e71c9feb7a69259/snakeyaml-1.28.jar:/Users/nhn/.gradle/caches/modules-2/files-2.1/com.fasterxml.jackson.datatype/jackson-datatype-jsr310/2.12.3/f69c636438dcf19c49960c1fe8901320ab85f989/jackson-datatype-jsr310-2.12.3.jar:/Users/nhn/.gradle/caches/modules-2/files-2.1/com.fasterxml.jackson.module/jackson-module-parameter-names/2.12.3/592a882beaf1bd57b8fe960b937a2706b090b4d7/jackson-module-parameter-names-2.12.3.jar:/Users/nhn/.gradle/caches/modules-2/files-2.1/com.fasterxml.jackson.core/jackson-annotations/2.12.3/7275513412694a1aafd08c0287f48469fa0e6e17/jackson-annotations-2.12.3.jar:/Users/nhn/.gradle/caches/modules-2/files-2.1/com.fasterxml.jackson.core/jackson-core/2.12.3/deb23fe2a7f2b773e18ced2b50d4acc1df8fa366/jackson-core-2.12.3.jar:/Users/nhn/.gradle/caches/modules-2/files-2.1/com.fasterxml.jackson.datatype/jackson-datatype-jdk8/2.12.3/77424ea087313312e308dae5ff8445608aabb5e1/jackson-datatype-jdk8-2.12.3.jar:/Users/nhn/.gradle/caches/modules-2/files-2.1/com.fasterxml.jackson.core/jackson-databind/2.12.3/d6153f8fc60c479ab0f9efb35c034526436a4953/jackson-databind-2.12.3.jar:/Users/nhn/.gradle/caches/modules-2/files-2.1/org.apache.tomcat.embed/tomcat-embed-websocket/9.0.46/e85e7c3df9353cf7f6b9e766ac61c0c313f9a57f/tomcat-embed-websocket-9.0.46.jar:/Users/nhn/.gradle/caches/modules-2/files-2.1/org.apache.tomcat.embed/tomcat-embed-core/9.0.46/aa1d93f2e508b6a1001bba9ad2a570a574f6ed64/tomcat-embed-core-9.0.46.jar:/Users/nhn/.gradle/caches/modules-2/files-2.1/org.apache.tomcat.embed/tomcat-embed-el/9.0.46/69a1e4fb339b8f4020481d68067114976e3a8515/tomcat-embed-el-9.0.46.jar:/Users/nhn/.gradle/caches/modules-2/files-2.1/net.minidev/json-smart/2.4.7/8d7f4c1530c07c54930935f3da85f48b83b3c109/json-smart-2.4.7.jar:/Users/nhn/.gradle/caches/modules-2/files-2.1/jakarta.activation/jakarta.activation-api/1.2.2/99f53adba383cb1bf7c3862844488574b559621f/jakarta.activation-api-1.2.2.jar:/Users/nhn/.gradle/caches/modules-2/files-2.1/net.bytebuddy/byte-buddy-agent/1.10.22/b01df6b71a882b9fde5a608a26e641cd399a4d83/byte-buddy-agent-1.10.22.jar:/Users/nhn/.gradle/caches/modules-2/files-2.1/org.objenesis/objenesis/3.2/7fadf57620c8b8abdf7519533e5527367cb51f09/objenesis-3.2.jar:/Users/nhn/.gradle/caches/modules-2/files-2.1/com.vaadin.external.google/android-json/0.0.20131108.vaadin1/fa26d351fe62a6a17f5cda1287c1c6110dec413f/android-json-0.0.20131108.vaadin1.jar:/Users/nhn/.gradle/caches/modules-2/files-2.1/org.springframework/spring-jcl/5.3.7/ccd8bde38bad689737295fa220e1c70680676d72/spring-jcl-5.3.7.jar:/Users/nhn/.gradle/caches/modules-2/files-2.1/org.apache.commons/commons-lang3/3.12.0/c6842c86792ff03b9f1d1fe2aab8dc23aa6c6f0e/commons-lang3-3.12.0.jar:/Users/nhn/.gradle/caches/modules-2/files-2.1/net.java.dev.jna/jna-platform/4.0.0/deb6bf66918989b50209b8c9aaf3b2561af7f011/jna-platform-4.0.0.jar:/Users/nhn/.gradle/caches/modules-2/files-2.1/net.java.dev.jna/jna/4.0.0/9b3a11c613ec3fd3440af4103b12c3de82d38b6e/jna-4.0.0.jar:/Users/nhn/.gradle/caches/modules-2/files-2.1/org.glassfish.jaxb/txw2/2.3.4/257fa649d3137a1060d222aefb96b7d1dd5f1286/txw2-2.3.4.jar:/Users/nhn/.gradle/caches/modules-2/files-2.1/com.sun.istack/istack-commons-runtime/3.0.12/cbbe1a62b0cc6c85972e99d52aaee350153dc530/istack-commons-runtime-3.0.12.jar:/Users/nhn/.gradle/caches/modules-2/files-2.1/com.sun.activation/jakarta.activation/1.2.2/74548703f9851017ce2f556066659438019e7eb5/jakarta.activation-1.2.2.jar:/Users/nhn/.gradle/caches/modules-2/files-2.1/net.minidev/accessors-smart/2.4.7/3970cfc505e6657ca60f3aa57c849f6043000d7a/accessors-smart-2.4.7.jar:/Users/nhn/.gradle/caches/modules-2/files-2.1/ch.qos.logback/logback-core/1.2.3/864344400c3d4d92dfeb0a305dc87d953677c03c/logback-core-1.2.3.jar:/Users/nhn/.gradle/caches/modules-2/files-2.1/org.apache.logging.log4j/log4j-api/2.14.1/cd8858fbbde69f46bce8db1152c18a43328aae78/log4j-api-2.14.1.jar:/Users/nhn/.gradle/caches/modules-2/files-2.1/org.ow2.asm/asm/9.1/a99500cf6eea30535eeac6be73899d048f8d12a8/asm-9.1.jar, java.vm.vendor=AdoptOpenJDK, sun.arch.data.model=64, user.variant=, java.vendor.url=https://adoptopenjdk.net/, user.timezone=Asia/Seoul, os.name=Mac OS X, java.vm.specification.version=11, javax.persistence.validation.mode=AUTO, user.country=KR, sun.java.launcher=SUN_STANDARD, sun.boot.library.path=/Library/Java/JavaVirtualMachines/adoptopenjdk-11.jdk/Contents/Home/lib, sun.java.command=worker.org.gradle.process.internal.worker.GradleWorkerMain 'Gradle Test Executor 9', javax.persistence.nonJtaDataSource=HikariDataSource (HikariPool-1), hibernate.transaction.jta.platform=org.hibernate.engine.transaction.jta.platform.internal.NoJtaPlatform@39ad0fea, http.nonProxyHosts=local|*.local|169.254/16|*.169.254/16, javax.persistence.sharedCache.mode=UNSPECIFIED, jdk.debug=release, sun.cpu.endian=little, user.home=/Users/nhn, user.language=ko, java.specification.vendor=Oracle Corporation, org.gradle.native=false, java.version.date=2021-01-19, java.home=/Library/Java/JavaVirtualMachines/adoptopenjdk-11.jdk/Contents/Home, file.separator=/, java.vm.compressedOopsMode=Zero based, line.separator=
, java.specification.name=Java Platform API Specification, java.vm.specification.vendor=Oracle Corporation, FILE_LOG_CHARSET=UTF-8, hibernate.transaction.coordinator_class=class org.hibernate.resource.transaction.backend.jdbc.internal.JdbcResourceLocalTransactionCoordinatorBuilderImpl, java.awt.graphicsenv=sun.awt.CGraphicsEnvironment, java.awt.headless=true, hibernate.hbm2ddl.auto=none, sun.management.compiler=HotSpot 64-Bit Tiered Compilers, ftp.nonProxyHosts=local|*.local|169.254/16|*.169.254/16, java.runtime.version=11.0.10+9, user.name=nhn, path.separator=:, os.version=10.16, java.runtime.name=OpenJDK Runtime Environment, file.encoding=UTF-8, hibernate.ejb.persistenceUnitName=default, spring.beaninfo.ignore=true, java.vm.name=OpenJDK 64-Bit Server VM, hibernate.show_sql=true, java.vendor.version=AdoptOpenJDK, java.vendor.url.bug=https://github.com/AdoptOpenJDK/openjdk-support/issues, java.io.tmpdir=/var/folders/pg/f_7c87sd3y11pshn7rv2y9wm0000gn/T/, com.zaxxer.hikari.pool_number=1, java.version=11.0.10, hibernate.physical_naming_strategy=org.springframework.boot.orm.jpa.hibernate.SpringPhysicalNamingStrategy, user.dir=/Users/nhn/Study/test-study/contraint-test, os.arch=x86_64, java.vm.specification.name=Java Virtual Machine Specification, PID=1438, java.awt.printerjob=sun.lwawt.macosx.CPrinterJob, sun.os.patch.level=unknown, org.gradle.internal.worker.tmpdir=/Users/nhn/Study/test-study/contraint-test/build/tmp/test/work, CONSOLE_LOG_CHARSET=UTF-8, hibernate.boot.CfgXmlAccessService.key=org.hibernate.boot.registry.StandardServiceRegistryBuilder$1@72160af6, java.library.path=/Users/nhn/Library/Java/Extensions:/Library/Java/Extensions:/Network/Library/Java/Extensions:/System/Library/Java/Extensions:/usr/lib/java:., java.vendor=AdoptOpenJDK, java.vm.info=mixed mode, java.vm.version=11.0.10+9, hibernate.bytecode.use_reflection_optimizer=false, sun.io.unicode.encoding=UnicodeBig, hibernate.archive.scanner=org.hibernate.boot.archive.scan.internal.DisabledScanner, hibernate.connection.datasource=HikariDataSource (HikariPool-1), socksNonProxyHosts=local|*.local|169.254/16|*.169.254/16, java.class.version=55.0}
2021-09-19 10:12:36.440 DEBUG 1438 --- [    Test worker] org.hibernate.secure.spi.JaccIntegrator  : Skipping JACC integration as it was not enabled
2021-09-19 10:12:36.441 DEBUG 1438 --- [    Test worker] o.hibernate.internal.SessionFactoryImpl  : Instantiated session factory
2021-09-19 10:12:36.441 DEBUG 1438 --- [    Test worker] o.h.type.spi.TypeConfiguration$Scope     : Scoping TypeConfiguration [org.hibernate.type.spi.TypeConfiguration@3f75a0c] to SessionFactoryImpl [org.hibernate.internal.SessionFactoryImpl@e321bfb]
2021-09-19 10:12:36.507 DEBUG 1438 --- [    Test worker] o.h.boot.internal.ClassLoaderAccessImpl  : Not known whether passed class name [kr.co.test.contstraint.entity.Product] is safe
2021-09-19 10:12:36.507 DEBUG 1438 --- [    Test worker] o.h.boot.internal.ClassLoaderAccessImpl  : No temp ClassLoader provided; using live ClassLoader for loading potentially unsafe class : kr.co.test.contstraint.entity.Product
2021-09-19 10:12:36.665 DEBUG 1438 --- [    Test worker] o.h.boot.internal.ClassLoaderAccessImpl  : Not known whether passed class name [kr.co.test.contstraint.entity.ProductCategory] is safe
2021-09-19 10:12:36.665 DEBUG 1438 --- [    Test worker] o.h.boot.internal.ClassLoaderAccessImpl  : No temp ClassLoader provided; using live ClassLoader for loading potentially unsafe class : kr.co.test.contstraint.entity.ProductCategory
2021-09-19 10:12:36.671 DEBUG 1438 --- [    Test worker] o.h.boot.internal.ClassLoaderAccessImpl  : Not known whether passed class name [kr.co.test.contstraint.entity.CategoryManager] is safe
2021-09-19 10:12:36.672 DEBUG 1438 --- [    Test worker] o.h.boot.internal.ClassLoaderAccessImpl  : No temp ClassLoader provided; using live ClassLoader for loading potentially unsafe class : kr.co.test.contstraint.entity.CategoryManager
2021-09-19 10:12:36.677 DEBUG 1438 --- [    Test worker] o.h.boot.internal.ClassLoaderAccessImpl  : Not known whether passed class name [kr.co.test.contstraint.entity.OrderInfo] is safe
2021-09-19 10:12:36.677 DEBUG 1438 --- [    Test worker] o.h.boot.internal.ClassLoaderAccessImpl  : No temp ClassLoader provided; using live ClassLoader for loading potentially unsafe class : kr.co.test.contstraint.entity.OrderInfo
2021-09-19 10:12:36.683 DEBUG 1438 --- [    Test worker] o.h.boot.internal.ClassLoaderAccessImpl  : Not known whether passed class name [kr.co.test.contstraint.entity.Member] is safe
2021-09-19 10:12:36.684 DEBUG 1438 --- [    Test worker] o.h.boot.internal.ClassLoaderAccessImpl  : No temp ClassLoader provided; using live ClassLoader for loading potentially unsafe class : kr.co.test.contstraint.entity.Member
2021-09-19 10:12:36.694 DEBUG 1438 --- [    Test worker] o.h.p.entity.AbstractEntityPersister     : Static SQL for entity: kr.co.test.contstraint.entity.Product
2021-09-19 10:12:36.694 DEBUG 1438 --- [    Test worker] o.h.p.entity.AbstractEntityPersister     :  Version select: select product_id from product where product_id =?
2021-09-19 10:12:36.694 DEBUG 1438 --- [    Test worker] o.h.p.entity.AbstractEntityPersister     :  Snapshot select: select product_.product_id, product_.name as name2_3_, product_.price as price3_3_, product_.product_category_id as product_4_3_ from product product_ where product_.product_id=?
2021-09-19 10:12:36.694 DEBUG 1438 --- [    Test worker] o.h.p.entity.AbstractEntityPersister     :  Insert 0: insert into product (name, price, product_category_id, product_id) values (?, ?, ?, ?)
2021-09-19 10:12:36.694 DEBUG 1438 --- [    Test worker] o.h.p.entity.AbstractEntityPersister     :  Update 0: update product set name=?, price=?, product_category_id=? where product_id=?
2021-09-19 10:12:36.694 DEBUG 1438 --- [    Test worker] o.h.p.entity.AbstractEntityPersister     :  Delete 0: delete from product where product_id=?
2021-09-19 10:12:36.695 DEBUG 1438 --- [    Test worker] o.h.p.entity.AbstractEntityPersister     :  Identity insert: insert into product (name, price, product_category_id) values (?, ?, ?)
2021-09-19 10:12:36.720 DEBUG 1438 --- [    Test worker] o.h.l.p.b.i.spaces.QuerySpacesImpl       : Adding QuerySpace : uid = <gen:0> -> org.hibernate.loader.plan.build.internal.spaces.EntityQuerySpaceImpl@29793554]
2021-09-19 10:12:36.721 DEBUG 1438 --- [    Test worker] o.h.p.walking.spi.MetamodelGraphWalker   : Visiting attribute path : name
2021-09-19 10:12:36.721 DEBUG 1438 --- [    Test worker] o.h.p.walking.spi.MetamodelGraphWalker   : Visiting attribute path : price
2021-09-19 10:12:36.721 DEBUG 1438 --- [    Test worker] o.h.p.walking.spi.MetamodelGraphWalker   : Visiting attribute path : productCategory
2021-09-19 10:12:36.724 DEBUG 1438 --- [    Test worker] o.h.l.p.b.i.spaces.QuerySpacesImpl       : Adding QuerySpace : uid = <gen:1> -> org.hibernate.loader.plan.build.internal.spaces.EntityQuerySpaceImpl@64abb93a]
2021-09-19 10:12:36.724 DEBUG 1438 --- [    Test worker] lanBuildingAssociationVisitationStrategy : Building LoadPlan...
2021-09-19 10:12:36.734 DEBUG 1438 --- [    Test worker] h.l.p.e.i.LoadQueryJoinAndFetchProcessor : processing queryspace <gen:0>
2021-09-19 10:12:36.737 DEBUG 1438 --- [    Test worker] o.h.l.p.build.spi.LoadPlanTreePrinter    : LoadPlan(entity=kr.co.test.contstraint.entity.Product)
    - Returns
       - EntityReturnImpl(entity=kr.co.test.contstraint.entity.Product, querySpaceUid=<gen:0>, path=kr.co.test.contstraint.entity.Product)
          - EntityAttributeFetchImpl(entity=kr.co.test.contstraint.entity.ProductCategory, querySpaceUid=<gen:1>, path=kr.co.test.contstraint.entity.Product.productCategory)
    - QuerySpaces
       - EntityQuerySpaceImpl(uid=<gen:0>, entity=kr.co.test.contstraint.entity.Product)
          - SQL table alias mapping - product0_
          - alias suffix - 0_
          - suffixed key columns - {product_1_3_0_}

2021-09-19 10:12:36.739 DEBUG 1438 --- [    Test worker] o.h.loader.entity.plan.EntityLoader      : Static select for entity kr.co.test.contstraint.entity.Product [NONE]: select product0_.product_id as product_1_3_0_, product0_.name as name2_3_0_, product0_.price as price3_3_0_, product0_.product_category_id as product_4_3_0_ from product product0_ where product0_.product_id=?
2021-09-19 10:12:36.739 DEBUG 1438 --- [    Test worker] o.h.p.entity.AbstractEntityPersister     : Static SQL for entity: kr.co.test.contstraint.entity.ProductCategory
2021-09-19 10:12:36.739 DEBUG 1438 --- [    Test worker] o.h.p.entity.AbstractEntityPersister     :  Version select: select product_category_id from product_category where product_category_id =?
2021-09-19 10:12:36.739 DEBUG 1438 --- [    Test worker] o.h.p.entity.AbstractEntityPersister     :  Snapshot select: select productcat_.product_category_id, productcat_.category_manager_id as category3_4_, productcat_.name as name2_4_ from product_category productcat_ where productcat_.product_category_id=?
2021-09-19 10:12:36.739 DEBUG 1438 --- [    Test worker] o.h.p.entity.AbstractEntityPersister     :  Insert 0: insert into product_category (category_manager_id, name, product_category_id) values (?, ?, ?)
2021-09-19 10:12:36.739 DEBUG 1438 --- [    Test worker] o.h.p.entity.AbstractEntityPersister     :  Update 0: update product_category set category_manager_id=?, name=? where product_category_id=?
2021-09-19 10:12:36.739 DEBUG 1438 --- [    Test worker] o.h.p.entity.AbstractEntityPersister     :  Delete 0: delete from product_category where product_category_id=?
2021-09-19 10:12:36.739 DEBUG 1438 --- [    Test worker] o.h.p.entity.AbstractEntityPersister     :  Identity insert: insert into product_category (category_manager_id, name) values (?, ?)
2021-09-19 10:12:36.739 DEBUG 1438 --- [    Test worker] o.h.l.p.b.i.spaces.QuerySpacesImpl       : Adding QuerySpace : uid = <gen:0> -> org.hibernate.loader.plan.build.internal.spaces.EntityQuerySpaceImpl@2fa164eb]
2021-09-19 10:12:36.739 DEBUG 1438 --- [    Test worker] o.h.p.walking.spi.MetamodelGraphWalker   : Visiting attribute path : categoryManager
2021-09-19 10:12:36.739 DEBUG 1438 --- [    Test worker] o.h.l.p.b.i.spaces.QuerySpacesImpl       : Adding QuerySpace : uid = <gen:1> -> org.hibernate.loader.plan.build.internal.spaces.EntityQuerySpaceImpl@2f5b0134]
2021-09-19 10:12:36.739 DEBUG 1438 --- [    Test worker] o.h.p.walking.spi.MetamodelGraphWalker   : Visiting attribute path : name
2021-09-19 10:12:36.740 DEBUG 1438 --- [    Test worker] lanBuildingAssociationVisitationStrategy : Building LoadPlan...
2021-09-19 10:12:36.740 DEBUG 1438 --- [    Test worker] h.l.p.e.i.LoadQueryJoinAndFetchProcessor : processing queryspace <gen:0>
2021-09-19 10:12:36.740 DEBUG 1438 --- [    Test worker] o.h.l.p.build.spi.LoadPlanTreePrinter    : LoadPlan(entity=kr.co.test.contstraint.entity.ProductCategory)
    - Returns
       - EntityReturnImpl(entity=kr.co.test.contstraint.entity.ProductCategory, querySpaceUid=<gen:0>, path=kr.co.test.contstraint.entity.ProductCategory)
          - EntityAttributeFetchImpl(entity=kr.co.test.contstraint.entity.CategoryManager, querySpaceUid=<gen:1>, path=kr.co.test.contstraint.entity.ProductCategory.categoryManager)
    - QuerySpaces
       - EntityQuerySpaceImpl(uid=<gen:0>, entity=kr.co.test.contstraint.entity.ProductCategory)
          - SQL table alias mapping - productcat0_
          - alias suffix - 0_
          - suffixed key columns - {product_1_4_0_}

2021-09-19 10:12:36.740 DEBUG 1438 --- [    Test worker] o.h.loader.entity.plan.EntityLoader      : Static select for entity kr.co.test.contstraint.entity.ProductCategory [NONE]: select productcat0_.product_category_id as product_1_4_0_, productcat0_.category_manager_id as category3_4_0_, productcat0_.name as name2_4_0_ from product_category productcat0_ where productcat0_.product_category_id=?
2021-09-19 10:12:36.740 DEBUG 1438 --- [    Test worker] o.h.p.entity.AbstractEntityPersister     : Static SQL for entity: kr.co.test.contstraint.entity.CategoryManager
2021-09-19 10:12:36.740 DEBUG 1438 --- [    Test worker] o.h.p.entity.AbstractEntityPersister     :  Version select: select category_manager_id from category_manager where category_manager_id =?
2021-09-19 10:12:36.740 DEBUG 1438 --- [    Test worker] o.h.p.entity.AbstractEntityPersister     :  Snapshot select: select categoryma_.category_manager_id, categoryma_.name as name2_0_, categoryma_.phone_number as phone_nu3_0_ from category_manager categoryma_ where categoryma_.category_manager_id=?
2021-09-19 10:12:36.740 DEBUG 1438 --- [    Test worker] o.h.p.entity.AbstractEntityPersister     :  Insert 0: insert into category_manager (name, phone_number, category_manager_id) values (?, ?, ?)
2021-09-19 10:12:36.741 DEBUG 1438 --- [    Test worker] o.h.p.entity.AbstractEntityPersister     :  Update 0: update category_manager set name=?, phone_number=? where category_manager_id=?
2021-09-19 10:12:36.741 DEBUG 1438 --- [    Test worker] o.h.p.entity.AbstractEntityPersister     :  Delete 0: delete from category_manager where category_manager_id=?
2021-09-19 10:12:36.741 DEBUG 1438 --- [    Test worker] o.h.p.entity.AbstractEntityPersister     :  Identity insert: insert into category_manager (name, phone_number) values (?, ?)
2021-09-19 10:12:36.741 DEBUG 1438 --- [    Test worker] o.h.l.p.b.i.spaces.QuerySpacesImpl       : Adding QuerySpace : uid = <gen:0> -> org.hibernate.loader.plan.build.internal.spaces.EntityQuerySpaceImpl@50372bce]
2021-09-19 10:12:36.741 DEBUG 1438 --- [    Test worker] o.h.p.walking.spi.MetamodelGraphWalker   : Visiting attribute path : name
2021-09-19 10:12:36.741 DEBUG 1438 --- [    Test worker] o.h.p.walking.spi.MetamodelGraphWalker   : Visiting attribute path : phoneNumber
2021-09-19 10:12:36.741 DEBUG 1438 --- [    Test worker] lanBuildingAssociationVisitationStrategy : Building LoadPlan...
2021-09-19 10:12:36.741 DEBUG 1438 --- [    Test worker] h.l.p.e.i.LoadQueryJoinAndFetchProcessor : processing queryspace <gen:0>
2021-09-19 10:12:36.741 DEBUG 1438 --- [    Test worker] o.h.l.p.build.spi.LoadPlanTreePrinter    : LoadPlan(entity=kr.co.test.contstraint.entity.CategoryManager)
    - Returns
       - EntityReturnImpl(entity=kr.co.test.contstraint.entity.CategoryManager, querySpaceUid=<gen:0>, path=kr.co.test.contstraint.entity.CategoryManager)
    - QuerySpaces
       - EntityQuerySpaceImpl(uid=<gen:0>, entity=kr.co.test.contstraint.entity.CategoryManager)
          - SQL table alias mapping - categoryma0_
          - alias suffix - 0_
          - suffixed key columns - {category1_0_0_}

2021-09-19 10:12:36.742 DEBUG 1438 --- [    Test worker] o.h.loader.entity.plan.EntityLoader      : Static select for entity kr.co.test.contstraint.entity.CategoryManager [NONE]: select categoryma0_.category_manager_id as category1_0_0_, categoryma0_.name as name2_0_0_, categoryma0_.phone_number as phone_nu3_0_0_ from category_manager categoryma0_ where categoryma0_.category_manager_id=?
2021-09-19 10:12:36.742 DEBUG 1438 --- [    Test worker] o.h.p.entity.AbstractEntityPersister     : Static SQL for entity: kr.co.test.contstraint.entity.OrderInfo
2021-09-19 10:12:36.742 DEBUG 1438 --- [    Test worker] o.h.p.entity.AbstractEntityPersister     :  Version select: select order_info_id from order_info where order_info_id =?
2021-09-19 10:12:36.742 DEBUG 1438 --- [    Test worker] o.h.p.entity.AbstractEntityPersister     :  Snapshot select: select orderinfo_.order_info_id, orderinfo_.amount as amount2_2_, orderinfo_.member_id as member_i4_2_, orderinfo_.product_id as product_5_2_, orderinfo_.total_order_amount as total_or3_2_ from order_info orderinfo_ where orderinfo_.order_info_id=?
2021-09-19 10:12:36.742 DEBUG 1438 --- [    Test worker] o.h.p.entity.AbstractEntityPersister     :  Insert 0: insert into order_info (amount, member_id, product_id, total_order_amount, order_info_id) values (?, ?, ?, ?, ?)
2021-09-19 10:12:36.742 DEBUG 1438 --- [    Test worker] o.h.p.entity.AbstractEntityPersister     :  Update 0: update order_info set amount=?, member_id=?, product_id=?, total_order_amount=? where order_info_id=?
2021-09-19 10:12:36.742 DEBUG 1438 --- [    Test worker] o.h.p.entity.AbstractEntityPersister     :  Delete 0: delete from order_info where order_info_id=?
2021-09-19 10:12:36.742 DEBUG 1438 --- [    Test worker] o.h.p.entity.AbstractEntityPersister     :  Identity insert: insert into order_info (amount, member_id, product_id, total_order_amount) values (?, ?, ?, ?)
2021-09-19 10:12:36.742 DEBUG 1438 --- [    Test worker] o.h.l.p.b.i.spaces.QuerySpacesImpl       : Adding QuerySpace : uid = <gen:0> -> org.hibernate.loader.plan.build.internal.spaces.EntityQuerySpaceImpl@2a36c385]
2021-09-19 10:12:36.742 DEBUG 1438 --- [    Test worker] o.h.p.walking.spi.MetamodelGraphWalker   : Visiting attribute path : amount
2021-09-19 10:12:36.742 DEBUG 1438 --- [    Test worker] o.h.p.walking.spi.MetamodelGraphWalker   : Visiting attribute path : orderer
2021-09-19 10:12:36.742 DEBUG 1438 --- [    Test worker] o.h.l.p.b.i.spaces.QuerySpacesImpl       : Adding QuerySpace : uid = <gen:1> -> org.hibernate.loader.plan.build.internal.spaces.EntityQuerySpaceImpl@34931c71]
2021-09-19 10:12:36.742 DEBUG 1438 --- [    Test worker] o.h.p.walking.spi.MetamodelGraphWalker   : Visiting attribute path : product
2021-09-19 10:12:36.743 DEBUG 1438 --- [    Test worker] o.h.l.p.b.i.spaces.QuerySpacesImpl       : Adding QuerySpace : uid = <gen:2> -> org.hibernate.loader.plan.build.internal.spaces.EntityQuerySpaceImpl@6c06348f]
2021-09-19 10:12:36.743 DEBUG 1438 --- [    Test worker] o.h.p.walking.spi.MetamodelGraphWalker   : Visiting attribute path : totalOrderAmount
2021-09-19 10:12:36.743 DEBUG 1438 --- [    Test worker] lanBuildingAssociationVisitationStrategy : Building LoadPlan...
2021-09-19 10:12:36.743 DEBUG 1438 --- [    Test worker] h.l.p.e.i.LoadQueryJoinAndFetchProcessor : processing queryspace <gen:0>
2021-09-19 10:12:36.743 DEBUG 1438 --- [    Test worker] o.h.l.p.build.spi.LoadPlanTreePrinter    : LoadPlan(entity=kr.co.test.contstraint.entity.OrderInfo)
    - Returns
       - EntityReturnImpl(entity=kr.co.test.contstraint.entity.OrderInfo, querySpaceUid=<gen:0>, path=kr.co.test.contstraint.entity.OrderInfo)
          - EntityAttributeFetchImpl(entity=kr.co.test.contstraint.entity.Member, querySpaceUid=<gen:1>, path=kr.co.test.contstraint.entity.OrderInfo.orderer)
          - EntityAttributeFetchImpl(entity=kr.co.test.contstraint.entity.Product, querySpaceUid=<gen:2>, path=kr.co.test.contstraint.entity.OrderInfo.product)
    - QuerySpaces
       - EntityQuerySpaceImpl(uid=<gen:0>, entity=kr.co.test.contstraint.entity.OrderInfo)
          - SQL table alias mapping - orderinfo0_
          - alias suffix - 0_
          - suffixed key columns - {order_in1_2_0_}

2021-09-19 10:12:36.743 DEBUG 1438 --- [    Test worker] o.h.loader.entity.plan.EntityLoader      : Static select for entity kr.co.test.contstraint.entity.OrderInfo [NONE]: select orderinfo0_.order_info_id as order_in1_2_0_, orderinfo0_.amount as amount2_2_0_, orderinfo0_.member_id as member_i4_2_0_, orderinfo0_.product_id as product_5_2_0_, orderinfo0_.total_order_amount as total_or3_2_0_ from order_info orderinfo0_ where orderinfo0_.order_info_id=?
2021-09-19 10:12:36.743 DEBUG 1438 --- [    Test worker] o.h.p.entity.AbstractEntityPersister     : Static SQL for entity: kr.co.test.contstraint.entity.Member
2021-09-19 10:12:36.743 DEBUG 1438 --- [    Test worker] o.h.p.entity.AbstractEntityPersister     :  Version select: select member_id from member where member_id =?
2021-09-19 10:12:36.743 DEBUG 1438 --- [    Test worker] o.h.p.entity.AbstractEntityPersister     :  Snapshot select: select member_.member_id, member_.address as address2_1_, member_.name as name3_1_ from member member_ where member_.member_id=?
2021-09-19 10:12:36.743 DEBUG 1438 --- [    Test worker] o.h.p.entity.AbstractEntityPersister     :  Insert 0: insert into member (address, name, member_id) values (?, ?, ?)
2021-09-19 10:12:36.743 DEBUG 1438 --- [    Test worker] o.h.p.entity.AbstractEntityPersister     :  Update 0: update member set address=?, name=? where member_id=?
2021-09-19 10:12:36.743 DEBUG 1438 --- [    Test worker] o.h.p.entity.AbstractEntityPersister     :  Delete 0: delete from member where member_id=?
2021-09-19 10:12:36.743 DEBUG 1438 --- [    Test worker] o.h.p.entity.AbstractEntityPersister     :  Identity insert: insert into member (address, name) values (?, ?)
2021-09-19 10:12:36.743 DEBUG 1438 --- [    Test worker] o.h.l.p.b.i.spaces.QuerySpacesImpl       : Adding QuerySpace : uid = <gen:0> -> org.hibernate.loader.plan.build.internal.spaces.EntityQuerySpaceImpl@70b0f861]
2021-09-19 10:12:36.744 DEBUG 1438 --- [    Test worker] o.h.p.walking.spi.MetamodelGraphWalker   : Visiting attribute path : address
2021-09-19 10:12:36.744 DEBUG 1438 --- [    Test worker] o.h.p.walking.spi.MetamodelGraphWalker   : Visiting attribute path : name
2021-09-19 10:12:36.744 DEBUG 1438 --- [    Test worker] lanBuildingAssociationVisitationStrategy : Building LoadPlan...
2021-09-19 10:12:36.744 DEBUG 1438 --- [    Test worker] h.l.p.e.i.LoadQueryJoinAndFetchProcessor : processing queryspace <gen:0>
2021-09-19 10:12:36.744 DEBUG 1438 --- [    Test worker] o.h.l.p.build.spi.LoadPlanTreePrinter    : LoadPlan(entity=kr.co.test.contstraint.entity.Member)
    - Returns
       - EntityReturnImpl(entity=kr.co.test.contstraint.entity.Member, querySpaceUid=<gen:0>, path=kr.co.test.contstraint.entity.Member)
    - QuerySpaces
       - EntityQuerySpaceImpl(uid=<gen:0>, entity=kr.co.test.contstraint.entity.Member)
          - SQL table alias mapping - member0_
          - alias suffix - 0_
          - suffixed key columns - {member_i1_1_0_}

2021-09-19 10:12:36.744 DEBUG 1438 --- [    Test worker] o.h.loader.entity.plan.EntityLoader      : Static select for entity kr.co.test.contstraint.entity.Member [NONE]: select member0_.member_id as member_i1_1_0_, member0_.address as address2_1_0_, member0_.name as name3_1_0_ from member member0_ where member0_.member_id=?
2021-09-19 10:12:36.765 DEBUG 1438 --- [    Test worker] .h.t.s.s.SchemaManagementToolCoordinator : No actions specified; doing nothing
2021-09-19 10:12:36.766  INFO 1438 --- [    Test worker] o.h.e.t.j.p.i.JtaPlatformInitiator       : HHH000490: Using JtaPlatform implementation: [org.hibernate.engine.transaction.jta.platform.internal.NoJtaPlatform]
2021-09-19 10:12:36.767 DEBUG 1438 --- [    Test worker] o.h.query.spi.NamedQueryRepository       : Checking 0 named HQL queries
2021-09-19 10:12:36.767 DEBUG 1438 --- [    Test worker] o.h.query.spi.NamedQueryRepository       : Checking 0 named SQL queries
2021-09-19 10:12:36.777 DEBUG 1438 --- [    Test worker] o.h.internal.SessionFactoryRegistry      : Initializing SessionFactoryRegistry : org.hibernate.internal.SessionFactoryRegistry@5c9ba415
2021-09-19 10:12:36.777 DEBUG 1438 --- [    Test worker] o.h.internal.SessionFactoryRegistry      : Registering SessionFactory: 16bfa29a-e742-4b4e-b267-d40182806352 (<unnamed>)
2021-09-19 10:12:36.777 DEBUG 1438 --- [    Test worker] o.h.internal.SessionFactoryRegistry      : Not binding SessionFactory to JNDI, no JNDI name configured
2021-09-19 10:12:36.777  INFO 1438 --- [    Test worker] j.LocalContainerEntityManagerFactoryBean : Initialized JPA EntityManagerFactory for persistence unit 'default'
2021-09-19 10:12:36.781 DEBUG 1438 --- [    Test worker] o.s.b.f.s.DefaultListableBeanFactory     : Creating shared instance of singleton bean 'application'
2021-09-19 10:12:36.784 DEBUG 1438 --- [    Test worker] o.s.b.f.s.DefaultListableBeanFactory     : Creating shared instance of singleton bean 'orderService'
2021-09-19 10:12:36.785 DEBUG 1438 --- [    Test worker] o.s.b.f.s.DefaultListableBeanFactory     : Creating shared instance of singleton bean 'memberRepository'
2021-09-19 10:12:36.851 DEBUG 1438 --- [    Test worker] o.s.b.f.s.DefaultListableBeanFactory     : Creating shared instance of singleton bean 'jpaMappingContext'
2021-09-19 10:12:36.855 DEBUG 1438 --- [    Test worker] .c.JpaMetamodelMappingContextFactoryBean : Initializing JpaMetamodelMappingContext…
2021-09-19 10:12:36.869 DEBUG 1438 --- [    Test worker] .c.JpaMetamodelMappingContextFactoryBean : Finished initializing JpaMetamodelMappingContext!
2021-09-19 10:12:36.885 DEBUG 1438 --- [    Test worker] tor$SharedEntityManagerInvocationHandler : Creating new EntityManager for shared EntityManager invocation
2021-09-19 10:12:36.931 DEBUG 1438 --- [    Test worker] o.h.stat.internal.StatisticsInitiator    : Statistics initialized [enabled=false]
2021-09-19 10:12:36.936 DEBUG 1438 --- [    Test worker] tor$SharedEntityManagerInvocationHandler : Creating new EntityManager for shared EntityManager invocation
2021-09-19 10:12:36.968 DEBUG 1438 --- [    Test worker] o.s.d.r.c.s.RepositoryFactorySupport     : Initializing repository instance for kr.co.test.contstraint.repository.MemberRepository…
2021-09-19 10:12:36.988 DEBUG 1438 --- [    Test worker] tor$SharedEntityManagerInvocationHandler : Creating new EntityManager for shared EntityManager invocation
2021-09-19 10:12:37.030 DEBUG 1438 --- [    Test worker] o.s.d.r.c.s.RepositoryFactorySupport     : Finished creation of repository instance for {}.
2021-09-19 10:12:37.033 DEBUG 1438 --- [    Test worker] o.s.b.f.s.DefaultListableBeanFactory     : Creating shared instance of singleton bean 'orderRepository'
2021-09-19 10:12:37.036 DEBUG 1438 --- [    Test worker] tor$SharedEntityManagerInvocationHandler : Creating new EntityManager for shared EntityManager invocation
2021-09-19 10:12:37.049 DEBUG 1438 --- [    Test worker] o.s.d.r.c.s.RepositoryFactorySupport     : Initializing repository instance for kr.co.test.contstraint.repository.OrderRepository…
2021-09-19 10:12:37.049 DEBUG 1438 --- [    Test worker] tor$SharedEntityManagerInvocationHandler : Creating new EntityManager for shared EntityManager invocation
2021-09-19 10:12:37.061 DEBUG 1438 --- [    Test worker] o.s.d.r.c.s.RepositoryFactorySupport     : Finished creation of repository instance for {}.
2021-09-19 10:12:37.062 DEBUG 1438 --- [    Test worker] o.s.b.f.s.DefaultListableBeanFactory     : Creating shared instance of singleton bean 'productRepository'
2021-09-19 10:12:37.065 DEBUG 1438 --- [    Test worker] tor$SharedEntityManagerInvocationHandler : Creating new EntityManager for shared EntityManager invocation
2021-09-19 10:12:37.066 DEBUG 1438 --- [    Test worker] o.s.d.r.c.s.RepositoryFactorySupport     : Initializing repository instance for kr.co.test.contstraint.repository.ProductRepository…
2021-09-19 10:12:37.066 DEBUG 1438 --- [    Test worker] tor$SharedEntityManagerInvocationHandler : Creating new EntityManager for shared EntityManager invocation
2021-09-19 10:12:37.080 DEBUG 1438 --- [    Test worker] o.s.d.r.c.s.RepositoryFactorySupport     : Finished creation of repository instance for {}.
2021-09-19 10:12:37.080 DEBUG 1438 --- [    Test worker] o.s.b.f.s.DefaultListableBeanFactory     : Autowiring by type from bean name 'orderService' via constructor to bean named 'memberRepository'
2021-09-19 10:12:37.080 DEBUG 1438 --- [    Test worker] o.s.b.f.s.DefaultListableBeanFactory     : Autowiring by type from bean name 'orderService' via constructor to bean named 'orderRepository'
2021-09-19 10:12:37.080 DEBUG 1438 --- [    Test worker] o.s.b.f.s.DefaultListableBeanFactory     : Autowiring by type from bean name 'orderService' via constructor to bean named 'productRepository'
2021-09-19 10:12:37.100 DEBUG 1438 --- [    Test worker] o.s.b.f.s.DefaultListableBeanFactory     : Creating shared instance of singleton bean 'org.springframework.boot.autoconfigure.context.PropertyPlaceholderAutoConfiguration'
2021-09-19 10:12:37.101 DEBUG 1438 --- [    Test worker] o.s.b.f.s.DefaultListableBeanFactory     : Creating shared instance of singleton bean 'org.springframework.boot.autoconfigure.websocket.servlet.WebSocketServletAutoConfiguration$TomcatWebSocketConfiguration'
2021-09-19 10:12:37.102 DEBUG 1438 --- [    Test worker] o.s.b.f.s.DefaultListableBeanFactory     : Creating shared instance of singleton bean 'websocketServletWebServerCustomizer'
2021-09-19 10:12:37.107 DEBUG 1438 --- [    Test worker] o.s.b.f.s.DefaultListableBeanFactory     : Creating shared instance of singleton bean 'org.springframework.boot.autoconfigure.websocket.servlet.WebSocketServletAutoConfiguration'
2021-09-19 10:12:37.108 DEBUG 1438 --- [    Test worker] o.s.b.f.s.DefaultListableBeanFactory     : Creating shared instance of singleton bean 'org.springframework.boot.autoconfigure.web.servlet.ServletWebServerFactoryConfiguration$EmbeddedTomcat'
2021-09-19 10:12:37.108 DEBUG 1438 --- [    Test worker] o.s.b.f.s.DefaultListableBeanFactory     : Creating shared instance of singleton bean 'tomcatServletWebServerFactory'
2021-09-19 10:12:37.132 DEBUG 1438 --- [    Test worker] o.a.catalina.core.AprLifecycleListener   : The Apache Tomcat Native library could not be found using names [tcnative-1, libtcnative-1] on the java.library.path [/Users/nhn/Library/Java/Extensions:/Library/Java/Extensions:/Network/Library/Java/Extensions:/System/Library/Java/Extensions:/usr/lib/java:.]. The errors reported were [Can't load library: /Users/nhn/Study/test-study/contraint-test/bin/libtcnative-1.dylib, Can't load library: /Users/nhn/Study/test-study/contraint-test/bin/liblibtcnative-1.dylib, no tcnative-1 in java.library.path: [/Users/nhn/Library/Java/Extensions, /Library/Java/Extensions, /Network/Library/Java/Extensions, /System/Library/Java/Extensions, /usr/lib/java, .], no libtcnative-1 in java.library.path: [/Users/nhn/Library/Java/Extensions, /Library/Java/Extensions, /Network/Library/Java/Extensions, /System/Library/Java/Extensions, /usr/lib/java, .]]

org.apache.tomcat.jni.LibraryNotFoundError: Can't load library: /Users/nhn/Study/test-study/contraint-test/bin/libtcnative-1.dylib, Can't load library: /Users/nhn/Study/test-study/contraint-test/bin/liblibtcnative-1.dylib, no tcnative-1 in java.library.path: [/Users/nhn/Library/Java/Extensions, /Library/Java/Extensions, /Network/Library/Java/Extensions, /System/Library/Java/Extensions, /usr/lib/java, .], no libtcnative-1 in java.library.path: [/Users/nhn/Library/Java/Extensions, /Library/Java/Extensions, /Network/Library/Java/Extensions, /System/Library/Java/Extensions, /usr/lib/java, .]
	at org.apache.tomcat.jni.Library.<init>(Library.java:102) ~[tomcat-embed-core-9.0.46.jar:9.0.46]
	at org.apache.tomcat.jni.Library.initialize(Library.java:206) ~[tomcat-embed-core-9.0.46.jar:9.0.46]
	at org.apache.catalina.core.AprLifecycleListener.init(AprLifecycleListener.java:193) ~[tomcat-embed-core-9.0.46.jar:9.0.46]
	at org.apache.catalina.core.AprLifecycleListener.isAprAvailable(AprLifecycleListener.java:102) ~[tomcat-embed-core-9.0.46.jar:9.0.46]
	at org.springframework.boot.web.embedded.tomcat.TomcatServletWebServerFactory.getDefaultLifecycleListeners(TomcatServletWebServerFactory.java:173) ~[spring-boot-2.5.0.jar:2.5.0]
	at org.springframework.boot.web.embedded.tomcat.TomcatServletWebServerFactory.<init>(TomcatServletWebServerFactory.java:120) ~[spring-boot-2.5.0.jar:2.5.0]
	at org.springframework.boot.autoconfigure.web.servlet.ServletWebServerFactoryConfiguration$EmbeddedTomcat.tomcatServletWebServerFactory(ServletWebServerFactoryConfiguration.java:76) ~[spring-boot-autoconfigure-2.5.0.jar:2.5.0]
	at java.base/jdk.internal.reflect.NativeMethodAccessorImpl.invoke0(Native Method) ~[na:na]
	at java.base/jdk.internal.reflect.NativeMethodAccessorImpl.invoke(NativeMethodAccessorImpl.java:62) ~[na:na]
	at java.base/jdk.internal.reflect.DelegatingMethodAccessorImpl.invoke(DelegatingMethodAccessorImpl.java:43) ~[na:na]
	at java.base/java.lang.reflect.Method.invoke(Method.java:566) ~[na:na]
	at org.springframework.beans.factory.support.SimpleInstantiationStrategy.instantiate(SimpleInstantiationStrategy.java:154) ~[spring-beans-5.3.7.jar:5.3.7]
	at org.springframework.beans.factory.support.ConstructorResolver.instantiate(ConstructorResolver.java:653) ~[spring-beans-5.3.7.jar:5.3.7]
	at org.springframework.beans.factory.support.ConstructorResolver.instantiateUsingFactoryMethod(ConstructorResolver.java:638) ~[spring-beans-5.3.7.jar:5.3.7]
	at org.springframework.beans.factory.support.AbstractAutowireCapableBeanFactory.instantiateUsingFactoryMethod(AbstractAutowireCapableBeanFactory.java:1334) ~[spring-beans-5.3.7.jar:5.3.7]
	at org.springframework.beans.factory.support.AbstractAutowireCapableBeanFactory.createBeanInstance(AbstractAutowireCapableBeanFactory.java:1177) ~[spring-beans-5.3.7.jar:5.3.7]
	at org.springframework.beans.factory.support.AbstractAutowireCapableBeanFactory.doCreateBean(AbstractAutowireCapableBeanFactory.java:564) ~[spring-beans-5.3.7.jar:5.3.7]
	at org.springframework.beans.factory.support.AbstractAutowireCapableBeanFactory.createBean(AbstractAutowireCapableBeanFactory.java:524) ~[spring-beans-5.3.7.jar:5.3.7]
	at org.springframework.beans.factory.support.AbstractBeanFactory.lambda$doGetBean$0(AbstractBeanFactory.java:335) ~[spring-beans-5.3.7.jar:5.3.7]
	at org.springframework.beans.factory.support.DefaultSingletonBeanRegistry.getSingleton(DefaultSingletonBeanRegistry.java:234) ~[spring-beans-5.3.7.jar:5.3.7]
	at org.springframework.beans.factory.support.AbstractBeanFactory.doGetBean(AbstractBeanFactory.java:333) ~[spring-beans-5.3.7.jar:5.3.7]
	at org.springframework.beans.factory.support.AbstractBeanFactory.getBean(AbstractBeanFactory.java:208) ~[spring-beans-5.3.7.jar:5.3.7]
	at org.springframework.beans.factory.support.DefaultListableBeanFactory.preInstantiateSingletons(DefaultListableBeanFactory.java:944) ~[spring-beans-5.3.7.jar:5.3.7]
	at org.springframework.context.support.AbstractApplicationContext.finishBeanFactoryInitialization(AbstractApplicationContext.java:918) ~[spring-context-5.3.7.jar:5.3.7]
	at org.springframework.context.support.AbstractApplicationContext.refresh(AbstractApplicationContext.java:583) ~[spring-context-5.3.7.jar:5.3.7]
	at org.springframework.boot.SpringApplication.refresh(SpringApplication.java:758) ~[spring-boot-2.5.0.jar:2.5.0]
	at org.springframework.boot.SpringApplication.refreshContext(SpringApplication.java:438) ~[spring-boot-2.5.0.jar:2.5.0]
	at org.springframework.boot.SpringApplication.run(SpringApplication.java:337) ~[spring-boot-2.5.0.jar:2.5.0]
	at org.springframework.boot.test.context.SpringBootContextLoader.loadContext(SpringBootContextLoader.java:123) ~[spring-boot-test-2.5.0.jar:2.5.0]
	at org.springframework.test.context.cache.DefaultCacheAwareContextLoaderDelegate.loadContextInternal(DefaultCacheAwareContextLoaderDelegate.java:99) ~[spring-test-5.3.7.jar:5.3.7]
	at org.springframework.test.context.cache.DefaultCacheAwareContextLoaderDelegate.loadContext(DefaultCacheAwareContextLoaderDelegate.java:124) ~[spring-test-5.3.7.jar:5.3.7]
	at org.springframework.test.context.support.DefaultTestContext.getApplicationContext(DefaultTestContext.java:124) ~[spring-test-5.3.7.jar:5.3.7]
	at org.springframework.test.context.web.ServletTestExecutionListener.setUpRequestContextIfNecessary(ServletTestExecutionListener.java:190) ~[spring-test-5.3.7.jar:5.3.7]
	at org.springframework.test.context.web.ServletTestExecutionListener.prepareTestInstance(ServletTestExecutionListener.java:132) ~[spring-test-5.3.7.jar:5.3.7]
	at org.springframework.test.context.TestContextManager.prepareTestInstance(TestContextManager.java:244) ~[spring-test-5.3.7.jar:5.3.7]
	at org.springframework.test.context.junit.jupiter.SpringExtension.postProcessTestInstance(SpringExtension.java:138) ~[spring-test-5.3.7.jar:5.3.7]
	at org.junit.jupiter.engine.descriptor.ClassBasedTestDescriptor.lambda$invokeTestInstancePostProcessors$6(ClassBasedTestDescriptor.java:350) ~[junit-jupiter-engine-5.7.0.jar:5.7.0]
	at org.junit.jupiter.engine.descriptor.ClassBasedTestDescriptor.executeAndMaskThrowable(ClassBasedTestDescriptor.java:355) ~[junit-jupiter-engine-5.7.0.jar:5.7.0]
	at org.junit.jupiter.engine.descriptor.ClassBasedTestDescriptor.lambda$invokeTestInstancePostProcessors$7(ClassBasedTestDescriptor.java:350) ~[junit-jupiter-engine-5.7.0.jar:5.7.0]
	at java.base/java.util.stream.ReferencePipeline$3$1.accept(ReferencePipeline.java:195) ~[na:na]
	at java.base/java.util.stream.ReferencePipeline$2$1.accept(ReferencePipeline.java:177) ~[na:na]
	at java.base/java.util.ArrayList$ArrayListSpliterator.forEachRemaining(ArrayList.java:1655) ~[na:na]
	at java.base/java.util.stream.AbstractPipeline.copyInto(AbstractPipeline.java:484) ~[na:na]
	at java.base/java.util.stream.AbstractPipeline.wrapAndCopyInto(AbstractPipeline.java:474) ~[na:na]
	at java.base/java.util.stream.StreamSpliterators$WrappingSpliterator.forEachRemaining(StreamSpliterators.java:312) ~[na:na]
	at java.base/java.util.stream.Streams$ConcatSpliterator.forEachRemaining(Streams.java:735) ~[na:na]
	at java.base/java.util.stream.Streams$ConcatSpliterator.forEachRemaining(Streams.java:734) ~[na:na]
	at java.base/java.util.stream.ReferencePipeline$Head.forEach(ReferencePipeline.java:658) ~[na:na]
	at org.junit.jupiter.engine.descriptor.ClassBasedTestDescriptor.invokeTestInstancePostProcessors(ClassBasedTestDescriptor.java:349) ~[junit-jupiter-engine-5.7.0.jar:5.7.0]
	at org.junit.jupiter.engine.descriptor.ClassBasedTestDescriptor.lambda$instantiateAndPostProcessTestInstance$4(ClassBasedTestDescriptor.java:270) ~[junit-jupiter-engine-5.7.0.jar:5.7.0]
	at org.junit.platform.engine.support.hierarchical.ThrowableCollector.execute(ThrowableCollector.java:73) ~[junit-platform-engine-1.7.2.jar:1.7.2]
	at org.junit.jupiter.engine.descriptor.ClassBasedTestDescriptor.instantiateAndPostProcessTestInstance(ClassBasedTestDescriptor.java:269) ~[junit-jupiter-engine-5.7.0.jar:5.7.0]
	at org.junit.jupiter.engine.descriptor.ClassBasedTestDescriptor.lambda$testInstancesProvider$2(ClassBasedTestDescriptor.java:259) ~[junit-jupiter-engine-5.7.0.jar:5.7.0]
	at java.base/java.util.Optional.orElseGet(Optional.java:369) ~[na:na]
	at org.junit.jupiter.engine.descriptor.ClassBasedTestDescriptor.lambda$testInstancesProvider$3(ClassBasedTestDescriptor.java:258) ~[junit-jupiter-engine-5.7.0.jar:5.7.0]
	at org.junit.jupiter.engine.execution.TestInstancesProvider.getTestInstances(TestInstancesProvider.java:31) ~[junit-jupiter-engine-5.7.0.jar:5.7.0]
	at org.junit.jupiter.engine.descriptor.TestMethodTestDescriptor.lambda$prepare$0(TestMethodTestDescriptor.java:101) ~[junit-jupiter-engine-5.7.0.jar:5.7.0]
	at org.junit.platform.engine.support.hierarchical.ThrowableCollector.execute(ThrowableCollector.java:73) ~[junit-platform-engine-1.7.2.jar:1.7.2]
	at org.junit.jupiter.engine.descriptor.TestMethodTestDescriptor.prepare(TestMethodTestDescriptor.java:100) ~[junit-jupiter-engine-5.7.0.jar:5.7.0]
	at org.junit.jupiter.engine.descriptor.TestMethodTestDescriptor.prepare(TestMethodTestDescriptor.java:65) ~[junit-jupiter-engine-5.7.0.jar:5.7.0]
	at org.junit.platform.engine.support.hierarchical.NodeTestTask.lambda$prepare$1(NodeTestTask.java:111) ~[junit-platform-engine-1.7.2.jar:1.7.2]
	at org.junit.platform.engine.support.hierarchical.ThrowableCollector.execute(ThrowableCollector.java:73) ~[junit-platform-engine-1.7.2.jar:1.7.2]
	at org.junit.platform.engine.support.hierarchical.NodeTestTask.prepare(NodeTestTask.java:111) ~[junit-platform-engine-1.7.2.jar:1.7.2]
	at org.junit.platform.engine.support.hierarchical.NodeTestTask.execute(NodeTestTask.java:79) ~[junit-platform-engine-1.7.2.jar:1.7.2]
	at java.base/java.util.ArrayList.forEach(ArrayList.java:1541) ~[na:na]
	at org.junit.platform.engine.support.hierarchical.SameThreadHierarchicalTestExecutorService.invokeAll(SameThreadHierarchicalTestExecutorService.java:38) ~[junit-platform-engine-1.7.2.jar:1.7.2]
	at org.junit.platform.engine.support.hierarchical.NodeTestTask.lambda$executeRecursively$5(NodeTestTask.java:143) ~[junit-platform-engine-1.7.2.jar:1.7.2]
	at org.junit.platform.engine.support.hierarchical.ThrowableCollector.execute(ThrowableCollector.java:73) ~[junit-platform-engine-1.7.2.jar:1.7.2]
	at org.junit.platform.engine.support.hierarchical.NodeTestTask.lambda$executeRecursively$7(NodeTestTask.java:129) ~[junit-platform-engine-1.7.2.jar:1.7.2]
	at org.junit.platform.engine.support.hierarchical.Node.around(Node.java:137) ~[junit-platform-engine-1.7.2.jar:1.7.2]
	at org.junit.platform.engine.support.hierarchical.NodeTestTask.lambda$executeRecursively$8(NodeTestTask.java:127) ~[junit-platform-engine-1.7.2.jar:1.7.2]
	at org.junit.platform.engine.support.hierarchical.ThrowableCollector.execute(ThrowableCollector.java:73) ~[junit-platform-engine-1.7.2.jar:1.7.2]
	at org.junit.platform.engine.support.hierarchical.NodeTestTask.executeRecursively(NodeTestTask.java:126) ~[junit-platform-engine-1.7.2.jar:1.7.2]
	at org.junit.platform.engine.support.hierarchical.NodeTestTask.execute(NodeTestTask.java:84) ~[junit-platform-engine-1.7.2.jar:1.7.2]
	at java.base/java.util.ArrayList.forEach(ArrayList.java:1541) ~[na:na]
	at org.junit.platform.engine.support.hierarchical.SameThreadHierarchicalTestExecutorService.invokeAll(SameThreadHierarchicalTestExecutorService.java:38) ~[junit-platform-engine-1.7.2.jar:1.7.2]
	at org.junit.platform.engine.support.hierarchical.NodeTestTask.lambda$executeRecursively$5(NodeTestTask.java:143) ~[junit-platform-engine-1.7.2.jar:1.7.2]
	at org.junit.platform.engine.support.hierarchical.ThrowableCollector.execute(ThrowableCollector.java:73) ~[junit-platform-engine-1.7.2.jar:1.7.2]
	at org.junit.platform.engine.support.hierarchical.NodeTestTask.lambda$executeRecursively$7(NodeTestTask.java:129) ~[junit-platform-engine-1.7.2.jar:1.7.2]
	at org.junit.platform.engine.support.hierarchical.Node.around(Node.java:137) ~[junit-platform-engine-1.7.2.jar:1.7.2]
	at org.junit.platform.engine.support.hierarchical.NodeTestTask.lambda$executeRecursively$8(NodeTestTask.java:127) ~[junit-platform-engine-1.7.2.jar:1.7.2]
	at org.junit.platform.engine.support.hierarchical.ThrowableCollector.execute(ThrowableCollector.java:73) ~[junit-platform-engine-1.7.2.jar:1.7.2]
	at org.junit.platform.engine.support.hierarchical.NodeTestTask.executeRecursively(NodeTestTask.java:126) ~[junit-platform-engine-1.7.2.jar:1.7.2]
	at org.junit.platform.engine.support.hierarchical.NodeTestTask.execute(NodeTestTask.java:84) ~[junit-platform-engine-1.7.2.jar:1.7.2]
	at org.junit.platform.engine.support.hierarchical.SameThreadHierarchicalTestExecutorService.submit(SameThreadHierarchicalTestExecutorService.java:32) ~[junit-platform-engine-1.7.2.jar:1.7.2]
	at org.junit.platform.engine.support.hierarchical.HierarchicalTestExecutor.execute(HierarchicalTestExecutor.java:57) ~[junit-platform-engine-1.7.2.jar:1.7.2]
	at org.junit.platform.engine.support.hierarchical.HierarchicalTestEngine.execute(HierarchicalTestEngine.java:51) ~[junit-platform-engine-1.7.2.jar:1.7.2]
	at org.junit.platform.launcher.core.EngineExecutionOrchestrator.execute(EngineExecutionOrchestrator.java:108) ~[na:na]
	at org.junit.platform.launcher.core.EngineExecutionOrchestrator.execute(EngineExecutionOrchestrator.java:88) ~[na:na]
	at org.junit.platform.launcher.core.EngineExecutionOrchestrator.lambda$execute$0(EngineExecutionOrchestrator.java:54) ~[na:na]
	at org.junit.platform.launcher.core.EngineExecutionOrchestrator.withInterceptedStreams(EngineExecutionOrchestrator.java:67) ~[na:na]
	at org.junit.platform.launcher.core.EngineExecutionOrchestrator.execute(EngineExecutionOrchestrator.java:52) ~[na:na]
	at org.junit.platform.launcher.core.DefaultLauncher.execute(DefaultLauncher.java:96) ~[na:na]
	at org.junit.platform.launcher.core.DefaultLauncher.execute(DefaultLauncher.java:75) ~[na:na]
	at org.gradle.api.internal.tasks.testing.junitplatform.JUnitPlatformTestClassProcessor$CollectAllTestClassesExecutor.processAllTestClasses(JUnitPlatformTestClassProcessor.java:99) ~[na:na]
	at org.gradle.api.internal.tasks.testing.junitplatform.JUnitPlatformTestClassProcessor$CollectAllTestClassesExecutor.access$000(JUnitPlatformTestClassProcessor.java:79) ~[na:na]
	at org.gradle.api.internal.tasks.testing.junitplatform.JUnitPlatformTestClassProcessor.stop(JUnitPlatformTestClassProcessor.java:75) ~[na:na]
	at org.gradle.api.internal.tasks.testing.SuiteTestClassProcessor.stop(SuiteTestClassProcessor.java:61) ~[na:na]
	at java.base/jdk.internal.reflect.NativeMethodAccessorImpl.invoke0(Native Method) ~[na:na]
	at java.base/jdk.internal.reflect.NativeMethodAccessorImpl.invoke(NativeMethodAccessorImpl.java:62) ~[na:na]
	at java.base/jdk.internal.reflect.DelegatingMethodAccessorImpl.invoke(DelegatingMethodAccessorImpl.java:43) ~[na:na]
	at java.base/java.lang.reflect.Method.invoke(Method.java:566) ~[na:na]
	at org.gradle.internal.dispatch.ReflectionDispatch.dispatch(ReflectionDispatch.java:36) ~[na:na]
	at org.gradle.internal.dispatch.ReflectionDispatch.dispatch(ReflectionDispatch.java:24) ~[na:na]
	at org.gradle.internal.dispatch.ContextClassLoaderDispatch.dispatch(ContextClassLoaderDispatch.java:33) ~[na:na]
	at org.gradle.internal.dispatch.ProxyDispatchAdapter$DispatchingInvocationHandler.invoke(ProxyDispatchAdapter.java:94) ~[na:na]
	at com.sun.proxy.$Proxy2.stop(Unknown Source) ~[na:na]
	at org.gradle.api.internal.tasks.testing.worker.TestWorker.stop(TestWorker.java:135) ~[na:na]
	at java.base/jdk.internal.reflect.NativeMethodAccessorImpl.invoke0(Native Method) ~[na:na]
	at java.base/jdk.internal.reflect.NativeMethodAccessorImpl.invoke(NativeMethodAccessorImpl.java:62) ~[na:na]
	at java.base/jdk.internal.reflect.DelegatingMethodAccessorImpl.invoke(DelegatingMethodAccessorImpl.java:43) ~[na:na]
	at java.base/java.lang.reflect.Method.invoke(Method.java:566) ~[na:na]
	at org.gradle.internal.dispatch.ReflectionDispatch.dispatch(ReflectionDispatch.java:36) ~[na:na]
	at org.gradle.internal.dispatch.ReflectionDispatch.dispatch(ReflectionDispatch.java:24) ~[na:na]
	at org.gradle.internal.remote.internal.hub.MessageHubBackedObjectConnection$DispatchWrapper.dispatch(MessageHubBackedObjectConnection.java:182) ~[na:na]
	at org.gradle.internal.remote.internal.hub.MessageHubBackedObjectConnection$DispatchWrapper.dispatch(MessageHubBackedObjectConnection.java:164) ~[na:na]
	at org.gradle.internal.remote.internal.hub.MessageHub$Handler.run(MessageHub.java:414) ~[na:na]
	at org.gradle.internal.concurrent.ExecutorPolicy$CatchAndRecordFailures.onExecute(ExecutorPolicy.java:64) ~[na:na]
	at org.gradle.internal.concurrent.ManagedExecutorImpl$1.run(ManagedExecutorImpl.java:48) ~[na:na]
	at java.base/java.util.concurrent.ThreadPoolExecutor.runWorker(ThreadPoolExecutor.java:1128) ~[na:na]
	at java.base/java.util.concurrent.ThreadPoolExecutor$Worker.run(ThreadPoolExecutor.java:628) ~[na:na]
	at org.gradle.internal.concurrent.ThreadFactoryImpl$ManagedThreadRunnable.run(ThreadFactoryImpl.java:56) ~[na:na]
	at java.base/java.lang.Thread.run(Thread.java:834) ~[na:na]

2021-09-19 10:12:37.153 DEBUG 1438 --- [    Test worker] o.s.b.f.s.DefaultListableBeanFactory     : Creating shared instance of singleton bean 'servletWebServerFactoryCustomizer'
2021-09-19 10:12:37.153 DEBUG 1438 --- [    Test worker] o.s.b.f.s.DefaultListableBeanFactory     : Creating shared instance of singleton bean 'org.springframework.boot.autoconfigure.web.servlet.ServletWebServerFactoryAutoConfiguration'
2021-09-19 10:12:37.156 DEBUG 1438 --- [    Test worker] o.s.b.f.s.DefaultListableBeanFactory     : Creating shared instance of singleton bean 'server-org.springframework.boot.autoconfigure.web.ServerProperties'
2021-09-19 10:12:37.166 DEBUG 1438 --- [    Test worker] o.s.b.f.s.DefaultListableBeanFactory     : Autowiring by type from bean name 'servletWebServerFactoryCustomizer' via factory method to bean named 'server-org.springframework.boot.autoconfigure.web.ServerProperties'
2021-09-19 10:12:37.169 DEBUG 1438 --- [    Test worker] o.s.b.f.s.DefaultListableBeanFactory     : Creating shared instance of singleton bean 'tomcatServletWebServerFactoryCustomizer'
2021-09-19 10:12:37.169 DEBUG 1438 --- [    Test worker] o.s.b.f.s.DefaultListableBeanFactory     : Autowiring by type from bean name 'tomcatServletWebServerFactoryCustomizer' via factory method to bean named 'server-org.springframework.boot.autoconfigure.web.ServerProperties'
2021-09-19 10:12:37.170 DEBUG 1438 --- [    Test worker] o.s.b.f.s.DefaultListableBeanFactory     : Creating shared instance of singleton bean 'tomcatWebServerFactoryCustomizer'
2021-09-19 10:12:37.170 DEBUG 1438 --- [    Test worker] o.s.b.f.s.DefaultListableBeanFactory     : Creating shared instance of singleton bean 'org.springframework.boot.autoconfigure.web.embedded.EmbeddedWebServerFactoryCustomizerAutoConfiguration$TomcatWebServerFactoryCustomizerConfiguration'
2021-09-19 10:12:37.171 DEBUG 1438 --- [    Test worker] o.s.b.f.s.DefaultListableBeanFactory     : Autowiring by type from bean name 'tomcatWebServerFactoryCustomizer' via factory method to bean named 'environment'
2021-09-19 10:12:37.171 DEBUG 1438 --- [    Test worker] o.s.b.f.s.DefaultListableBeanFactory     : Autowiring by type from bean name 'tomcatWebServerFactoryCustomizer' via factory method to bean named 'server-org.springframework.boot.autoconfigure.web.ServerProperties'
2021-09-19 10:12:37.173 DEBUG 1438 --- [    Test worker] o.s.b.f.s.DefaultListableBeanFactory     : Creating shared instance of singleton bean 'localeCharsetMappingsCustomizer'
2021-09-19 10:12:37.173 DEBUG 1438 --- [    Test worker] o.s.b.f.s.DefaultListableBeanFactory     : Creating shared instance of singleton bean 'org.springframework.boot.autoconfigure.web.servlet.HttpEncodingAutoConfiguration'
2021-09-19 10:12:37.174 DEBUG 1438 --- [    Test worker] o.s.b.f.s.DefaultListableBeanFactory     : Autowiring by type from bean name 'org.springframework.boot.autoconfigure.web.servlet.HttpEncodingAutoConfiguration' via constructor to bean named 'server-org.springframework.boot.autoconfigure.web.ServerProperties'
2021-09-19 10:12:37.195 DEBUG 1438 --- [    Test worker] o.s.b.f.s.DefaultListableBeanFactory     : Creating shared instance of singleton bean 'errorPageCustomizer'
2021-09-19 10:12:37.195 DEBUG 1438 --- [    Test worker] o.s.b.f.s.DefaultListableBeanFactory     : Creating shared instance of singleton bean 'org.springframework.boot.autoconfigure.web.servlet.error.ErrorMvcAutoConfiguration'
2021-09-19 10:12:37.196 DEBUG 1438 --- [    Test worker] o.s.b.f.s.DefaultListableBeanFactory     : Autowiring by type from bean name 'org.springframework.boot.autoconfigure.web.servlet.error.ErrorMvcAutoConfiguration' via constructor to bean named 'server-org.springframework.boot.autoconfigure.web.ServerProperties'
2021-09-19 10:12:37.197 DEBUG 1438 --- [    Test worker] o.s.b.f.s.DefaultListableBeanFactory     : Creating shared instance of singleton bean 'dispatcherServletRegistration'
2021-09-19 10:12:37.197 DEBUG 1438 --- [    Test worker] o.s.b.f.s.DefaultListableBeanFactory     : Creating shared instance of singleton bean 'org.springframework.boot.autoconfigure.web.servlet.DispatcherServletAutoConfiguration$DispatcherServletRegistrationConfiguration'
2021-09-19 10:12:37.198 DEBUG 1438 --- [    Test worker] o.s.b.f.s.DefaultListableBeanFactory     : Creating shared instance of singleton bean 'dispatcherServlet'
2021-09-19 10:12:37.198 DEBUG 1438 --- [    Test worker] o.s.b.f.s.DefaultListableBeanFactory     : Creating shared instance of singleton bean 'org.springframework.boot.autoconfigure.web.servlet.DispatcherServletAutoConfiguration$DispatcherServletConfiguration'
2021-09-19 10:12:37.199 DEBUG 1438 --- [    Test worker] o.s.b.f.s.DefaultListableBeanFactory     : Creating shared instance of singleton bean 'spring.mvc-org.springframework.boot.autoconfigure.web.servlet.WebMvcProperties'
2021-09-19 10:12:37.203 DEBUG 1438 --- [    Test worker] o.s.b.f.s.DefaultListableBeanFactory     : Autowiring by type from bean name 'dispatcherServlet' via factory method to bean named 'spring.mvc-org.springframework.boot.autoconfigure.web.servlet.WebMvcProperties'
2021-09-19 10:12:37.221 DEBUG 1438 --- [    Test worker] o.s.b.f.s.DefaultListableBeanFactory     : Autowiring by type from bean name 'dispatcherServletRegistration' via factory method to bean named 'dispatcherServlet'
2021-09-19 10:12:37.221 DEBUG 1438 --- [    Test worker] o.s.b.f.s.DefaultListableBeanFactory     : Autowiring by type from bean name 'dispatcherServletRegistration' via factory method to bean named 'spring.mvc-org.springframework.boot.autoconfigure.web.servlet.WebMvcProperties'
2021-09-19 10:12:37.222 DEBUG 1438 --- [    Test worker] o.s.b.f.s.DefaultListableBeanFactory     : Creating shared instance of singleton bean 'multipartConfigElement'
2021-09-19 10:12:37.223 DEBUG 1438 --- [    Test worker] o.s.b.f.s.DefaultListableBeanFactory     : Creating shared instance of singleton bean 'org.springframework.boot.autoconfigure.web.servlet.MultipartAutoConfiguration'
2021-09-19 10:12:37.223 DEBUG 1438 --- [    Test worker] o.s.b.f.s.DefaultListableBeanFactory     : Creating shared instance of singleton bean 'spring.servlet.multipart-org.springframework.boot.autoconfigure.web.servlet.MultipartProperties'
2021-09-19 10:12:37.227 DEBUG 1438 --- [    Test worker] o.s.b.f.s.DefaultListableBeanFactory     : Autowiring by type from bean name 'org.springframework.boot.autoconfigure.web.servlet.MultipartAutoConfiguration' via constructor to bean named 'spring.servlet.multipart-org.springframework.boot.autoconfigure.web.servlet.MultipartProperties'
2021-09-19 10:12:37.233 DEBUG 1438 --- [    Test worker] o.s.b.f.s.DefaultListableBeanFactory     : Autowiring by type from bean name 'errorPageCustomizer' via factory method to bean named 'dispatcherServletRegistration'
2021-09-19 10:12:37.237 DEBUG 1438 --- [    Test worker] o.s.b.f.s.DefaultListableBeanFactory     : Creating shared instance of singleton bean 'org.springframework.boot.context.properties.EnableConfigurationPropertiesRegistrar.methodValidationExcludeFilter'
2021-09-19 10:12:37.238 DEBUG 1438 --- [    Test worker] o.s.b.f.s.DefaultListableBeanFactory     : Creating shared instance of singleton bean 'org.springframework.boot.autoconfigure.web.servlet.DispatcherServletAutoConfiguration'
2021-09-19 10:12:37.239 DEBUG 1438 --- [    Test worker] o.s.b.f.s.DefaultListableBeanFactory     : Creating shared instance of singleton bean 'org.springframework.boot.autoconfigure.task.TaskExecutionAutoConfiguration'
2021-09-19 10:12:37.240 DEBUG 1438 --- [    Test worker] o.s.b.f.s.DefaultListableBeanFactory     : Creating shared instance of singleton bean 'taskExecutorBuilder'
2021-09-19 10:12:37.240 DEBUG 1438 --- [    Test worker] o.s.b.f.s.DefaultListableBeanFactory     : Creating shared instance of singleton bean 'spring.task.execution-org.springframework.boot.autoconfigure.task.TaskExecutionProperties'
2021-09-19 10:12:37.242 DEBUG 1438 --- [    Test worker] o.s.b.f.s.DefaultListableBeanFactory     : Autowiring by type from bean name 'taskExecutorBuilder' via factory method to bean named 'spring.task.execution-org.springframework.boot.autoconfigure.task.TaskExecutionProperties'
2021-09-19 10:12:37.244 DEBUG 1438 --- [    Test worker] o.s.b.f.s.DefaultListableBeanFactory     : Creating shared instance of singleton bean 'org.springframework.boot.autoconfigure.web.servlet.error.ErrorMvcAutoConfiguration$DefaultErrorViewResolverConfiguration'
2021-09-19 10:12:37.245 DEBUG 1438 --- [    Test worker] o.s.b.f.s.DefaultListableBeanFactory     : Creating shared instance of singleton bean 'spring.resources-org.springframework.boot.autoconfigure.web.ResourceProperties'
2021-09-19 10:12:37.249 DEBUG 1438 --- [    Test worker] o.s.b.f.s.DefaultListableBeanFactory     : Creating shared instance of singleton bean 'spring.web-org.springframework.boot.autoconfigure.web.WebProperties'
2021-09-19 10:12:37.251 DEBUG 1438 --- [    Test worker] o.s.b.f.s.DefaultListableBeanFactory     : Autowiring by type from bean name 'org.springframework.boot.autoconfigure.web.servlet.error.ErrorMvcAutoConfiguration$DefaultErrorViewResolverConfiguration' via constructor to bean named 'org.springframework.web.context.support.GenericWebApplicationContext@33b5359c'
2021-09-19 10:12:37.251 DEBUG 1438 --- [    Test worker] o.s.b.f.s.DefaultListableBeanFactory     : Autowiring by type from bean name 'org.springframework.boot.autoconfigure.web.servlet.error.ErrorMvcAutoConfiguration$DefaultErrorViewResolverConfiguration' via constructor to bean named 'spring.resources-org.springframework.boot.autoconfigure.web.ResourceProperties'
2021-09-19 10:12:37.251 DEBUG 1438 --- [    Test worker] o.s.b.f.s.DefaultListableBeanFactory     : Autowiring by type from bean name 'org.springframework.boot.autoconfigure.web.servlet.error.ErrorMvcAutoConfiguration$DefaultErrorViewResolverConfiguration' via constructor to bean named 'spring.web-org.springframework.boot.autoconfigure.web.WebProperties'
2021-09-19 10:12:37.252 DEBUG 1438 --- [    Test worker] o.s.b.f.s.DefaultListableBeanFactory     : Creating shared instance of singleton bean 'conventionErrorViewResolver'
2021-09-19 10:12:37.261 DEBUG 1438 --- [    Test worker] o.s.b.f.s.DefaultListableBeanFactory     : Creating shared instance of singleton bean 'errorAttributes'
2021-09-19 10:12:37.263 DEBUG 1438 --- [    Test worker] o.s.b.f.s.DefaultListableBeanFactory     : Creating shared instance of singleton bean 'basicErrorController'
2021-09-19 10:12:37.264 DEBUG 1438 --- [    Test worker] o.s.b.f.s.DefaultListableBeanFactory     : Autowiring by type from bean name 'basicErrorController' via factory method to bean named 'errorAttributes'
2021-09-19 10:12:37.268 DEBUG 1438 --- [    Test worker] o.s.b.f.s.DefaultListableBeanFactory     : Creating shared instance of singleton bean 'org.springframework.boot.autoconfigure.web.servlet.WebMvcAutoConfiguration$EnableWebMvcConfiguration'
2021-09-19 10:12:37.270 DEBUG 1438 --- [    Test worker] o.s.b.f.s.DefaultListableBeanFactory     : Autowiring by type from bean name 'org.springframework.boot.autoconfigure.web.servlet.WebMvcAutoConfiguration$EnableWebMvcConfiguration' via constructor to bean named 'spring.resources-org.springframework.boot.autoconfigure.web.ResourceProperties'
2021-09-19 10:12:37.270 DEBUG 1438 --- [    Test worker] o.s.b.f.s.DefaultListableBeanFactory     : Autowiring by type from bean name 'org.springframework.boot.autoconfigure.web.servlet.WebMvcAutoConfiguration$EnableWebMvcConfiguration' via constructor to bean named 'spring.mvc-org.springframework.boot.autoconfigure.web.servlet.WebMvcProperties'
2021-09-19 10:12:37.270 DEBUG 1438 --- [    Test worker] o.s.b.f.s.DefaultListableBeanFactory     : Autowiring by type from bean name 'org.springframework.boot.autoconfigure.web.servlet.WebMvcAutoConfiguration$EnableWebMvcConfiguration' via constructor to bean named 'spring.web-org.springframework.boot.autoconfigure.web.WebProperties'
2021-09-19 10:12:37.270 DEBUG 1438 --- [    Test worker] o.s.b.f.s.DefaultListableBeanFactory     : Autowiring by type from bean name 'org.springframework.boot.autoconfigure.web.servlet.WebMvcAutoConfiguration$EnableWebMvcConfiguration' via constructor to bean named 'org.springframework.beans.factory.support.DefaultListableBeanFactory@4d122b9c'
2021-09-19 10:12:37.276 DEBUG 1438 --- [    Test worker] o.s.b.f.s.DefaultListableBeanFactory     : Creating shared instance of singleton bean 'org.springframework.boot.autoconfigure.web.servlet.WebMvcAutoConfiguration$WebMvcAutoConfigurationAdapter'
2021-09-19 10:12:37.276 DEBUG 1438 --- [    Test worker] o.s.b.f.s.DefaultListableBeanFactory     : Autowiring by type from bean name 'org.springframework.boot.autoconfigure.web.servlet.WebMvcAutoConfiguration$WebMvcAutoConfigurationAdapter' via constructor to bean named 'spring.resources-org.springframework.boot.autoconfigure.web.ResourceProperties'
2021-09-19 10:12:37.276 DEBUG 1438 --- [    Test worker] o.s.b.f.s.DefaultListableBeanFactory     : Autowiring by type from bean name 'org.springframework.boot.autoconfigure.web.servlet.WebMvcAutoConfiguration$WebMvcAutoConfigurationAdapter' via constructor to bean named 'spring.web-org.springframework.boot.autoconfigure.web.WebProperties'
2021-09-19 10:12:37.276 DEBUG 1438 --- [    Test worker] o.s.b.f.s.DefaultListableBeanFactory     : Autowiring by type from bean name 'org.springframework.boot.autoconfigure.web.servlet.WebMvcAutoConfiguration$WebMvcAutoConfigurationAdapter' via constructor to bean named 'spring.mvc-org.springframework.boot.autoconfigure.web.servlet.WebMvcProperties'
2021-09-19 10:12:37.276 DEBUG 1438 --- [    Test worker] o.s.b.f.s.DefaultListableBeanFactory     : Autowiring by type from bean name 'org.springframework.boot.autoconfigure.web.servlet.WebMvcAutoConfiguration$WebMvcAutoConfigurationAdapter' via constructor to bean named 'org.springframework.beans.factory.support.DefaultListableBeanFactory@4d122b9c'
2021-09-19 10:12:37.280 DEBUG 1438 --- [    Test worker] o.s.b.f.s.DefaultListableBeanFactory     : Creating shared instance of singleton bean 'openEntityManagerInViewInterceptorConfigurer'
2021-09-19 10:12:37.280 DEBUG 1438 --- [    Test worker] o.s.b.f.s.DefaultListableBeanFactory     : Creating shared instance of singleton bean 'org.springframework.boot.autoconfigure.orm.jpa.JpaBaseConfiguration$JpaWebConfiguration'
2021-09-19 10:12:37.280 DEBUG 1438 --- [    Test worker] o.s.b.f.s.DefaultListableBeanFactory     : Autowiring by type from bean name 'org.springframework.boot.autoconfigure.orm.jpa.JpaBaseConfiguration$JpaWebConfiguration' via constructor to bean named 'spring.jpa-org.springframework.boot.autoconfigure.orm.jpa.JpaProperties'
2021-09-19 10:12:37.282 DEBUG 1438 --- [    Test worker] o.s.b.f.s.DefaultListableBeanFactory     : Creating shared instance of singleton bean 'openEntityManagerInViewInterceptor'
2021-09-19 10:12:37.282  WARN 1438 --- [    Test worker] JpaBaseConfiguration$JpaWebConfiguration : spring.jpa.open-in-view is enabled by default. Therefore, database queries may be performed during view rendering. Explicitly configure spring.jpa.open-in-view to disable this warning
2021-09-19 10:12:37.286 DEBUG 1438 --- [    Test worker] o.s.b.f.s.DefaultListableBeanFactory     : Autowiring by type from bean name 'openEntityManagerInViewInterceptorConfigurer' via factory method to bean named 'openEntityManagerInViewInterceptor'
2021-09-19 10:12:37.288 DEBUG 1438 --- [    Test worker] o.s.b.f.s.DefaultListableBeanFactory     : Creating shared instance of singleton bean 'org.springframework.data.web.config.SpringDataWebConfiguration'
2021-09-19 10:12:37.289 DEBUG 1438 --- [    Test worker] o.s.b.f.s.DefaultListableBeanFactory     : Autowiring by type from bean name 'org.springframework.data.web.config.SpringDataWebConfiguration' via constructor to bean named 'org.springframework.web.context.support.GenericWebApplicationContext@33b5359c'
2021-09-19 10:12:37.293 DEBUG 1438 --- [    Test worker] o.s.b.f.s.DefaultListableBeanFactory     : Creating shared instance of singleton bean 'pageableCustomizer'
2021-09-19 10:12:37.294 DEBUG 1438 --- [    Test worker] o.s.b.f.s.DefaultListableBeanFactory     : Creating shared instance of singleton bean 'org.springframework.boot.autoconfigure.data.web.SpringDataWebAutoConfiguration'
2021-09-19 10:12:37.294 DEBUG 1438 --- [    Test worker] o.s.b.f.s.DefaultListableBeanFactory     : Creating shared instance of singleton bean 'spring.data.web-org.springframework.boot.autoconfigure.data.web.SpringDataWebProperties'
2021-09-19 10:12:37.295 DEBUG 1438 --- [    Test worker] o.s.b.f.s.DefaultListableBeanFactory     : Autowiring by type from bean name 'org.springframework.boot.autoconfigure.data.web.SpringDataWebAutoConfiguration' via constructor to bean named 'spring.data.web-org.springframework.boot.autoconfigure.data.web.SpringDataWebProperties'
2021-09-19 10:12:37.298 DEBUG 1438 --- [    Test worker] o.s.b.f.s.DefaultListableBeanFactory     : Creating shared instance of singleton bean 'sortCustomizer'
2021-09-19 10:12:37.301 DEBUG 1438 --- [    Test worker] o.s.b.f.s.DefaultListableBeanFactory     : Creating shared instance of singleton bean 'requestMappingHandlerAdapter'
2021-09-19 10:12:37.301 DEBUG 1438 --- [    Test worker] o.s.b.f.s.DefaultListableBeanFactory     : Creating shared instance of singleton bean 'mvcContentNegotiationManager'
2021-09-19 10:12:37.308 DEBUG 1438 --- [    Test worker] o.s.b.f.s.DefaultListableBeanFactory     : Creating shared instance of singleton bean 'mvcConversionService'
2021-09-19 10:12:37.320 DEBUG 1438 --- [    Test worker] o.s.b.f.s.DefaultListableBeanFactory     : Creating shared instance of singleton bean 'mvcValidator'
2021-09-19 10:12:37.323 DEBUG 1438 --- [    Test worker] o.s.b.f.s.DefaultListableBeanFactory     : Autowiring by type from bean name 'requestMappingHandlerAdapter' via factory method to bean named 'mvcContentNegotiationManager'
2021-09-19 10:12:37.323 DEBUG 1438 --- [    Test worker] o.s.b.f.s.DefaultListableBeanFactory     : Autowiring by type from bean name 'requestMappingHandlerAdapter' via factory method to bean named 'mvcConversionService'
2021-09-19 10:12:37.323 DEBUG 1438 --- [    Test worker] o.s.b.f.s.DefaultListableBeanFactory     : Autowiring by type from bean name 'requestMappingHandlerAdapter' via factory method to bean named 'mvcValidator'
2021-09-19 10:12:37.326 DEBUG 1438 --- [    Test worker] o.s.b.f.s.DefaultListableBeanFactory     : Autowiring by type from bean name 'requestMappingHandlerAdapter' via factory method to bean named 'mvcContentNegotiationManager'
2021-09-19 10:12:37.326 DEBUG 1438 --- [    Test worker] o.s.b.f.s.DefaultListableBeanFactory     : Autowiring by type from bean name 'requestMappingHandlerAdapter' via factory method to bean named 'mvcConversionService'
2021-09-19 10:12:37.326 DEBUG 1438 --- [    Test worker] o.s.b.f.s.DefaultListableBeanFactory     : Autowiring by type from bean name 'requestMappingHandlerAdapter' via factory method to bean named 'mvcValidator'
2021-09-19 10:12:37.338 DEBUG 1438 --- [    Test worker] o.s.b.f.s.DefaultListableBeanFactory     : Creating shared instance of singleton bean 'messageConverters'
2021-09-19 10:12:37.338 DEBUG 1438 --- [    Test worker] o.s.b.f.s.DefaultListableBeanFactory     : Creating shared instance of singleton bean 'org.springframework.boot.autoconfigure.http.HttpMessageConvertersAutoConfiguration'
2021-09-19 10:12:37.341 DEBUG 1438 --- [    Test worker] o.s.b.f.s.DefaultListableBeanFactory     : Creating shared instance of singleton bean 'stringHttpMessageConverter'
2021-09-19 10:12:37.341 DEBUG 1438 --- [    Test worker] o.s.b.f.s.DefaultListableBeanFactory     : Creating shared instance of singleton bean 'org.springframework.boot.autoconfigure.http.HttpMessageConvertersAutoConfiguration$StringHttpMessageConverterConfiguration'
2021-09-19 10:12:37.342 DEBUG 1438 --- [    Test worker] o.s.b.f.s.DefaultListableBeanFactory     : Autowiring by type from bean name 'stringHttpMessageConverter' via factory method to bean named 'environment'
2021-09-19 10:12:37.349 DEBUG 1438 --- [    Test worker] o.s.b.f.s.DefaultListableBeanFactory     : Creating shared instance of singleton bean 'mappingJackson2HttpMessageConverter'
2021-09-19 10:12:37.349 DEBUG 1438 --- [    Test worker] o.s.b.f.s.DefaultListableBeanFactory     : Creating shared instance of singleton bean 'org.springframework.boot.autoconfigure.http.JacksonHttpMessageConvertersConfiguration$MappingJackson2HttpMessageConverterConfiguration'
2021-09-19 10:12:37.350 DEBUG 1438 --- [    Test worker] o.s.b.f.s.DefaultListableBeanFactory     : Creating shared instance of singleton bean 'jacksonObjectMapper'
2021-09-19 10:12:37.350 DEBUG 1438 --- [    Test worker] o.s.b.f.s.DefaultListableBeanFactory     : Creating shared instance of singleton bean 'org.springframework.boot.autoconfigure.jackson.JacksonAutoConfiguration$JacksonObjectMapperConfiguration'
2021-09-19 10:12:37.352 DEBUG 1438 --- [    Test worker] o.s.b.f.s.DefaultListableBeanFactory     : Creating shared instance of singleton bean 'org.springframework.boot.autoconfigure.jackson.JacksonAutoConfiguration$JacksonObjectMapperBuilderConfiguration'
2021-09-19 10:12:37.353 DEBUG 1438 --- [    Test worker] o.s.b.f.s.DefaultListableBeanFactory     : Creating shared instance of singleton bean 'standardJacksonObjectMapperBuilderCustomizer'
2021-09-19 10:12:37.354 DEBUG 1438 --- [    Test worker] o.s.b.f.s.DefaultListableBeanFactory     : Creating shared instance of singleton bean 'org.springframework.boot.autoconfigure.jackson.JacksonAutoConfiguration$Jackson2ObjectMapperBuilderCustomizerConfiguration'
2021-09-19 10:12:37.355 DEBUG 1438 --- [    Test worker] o.s.b.f.s.DefaultListableBeanFactory     : Creating shared instance of singleton bean 'spring.jackson-org.springframework.boot.autoconfigure.jackson.JacksonProperties'
2021-09-19 10:12:37.358 DEBUG 1438 --- [    Test worker] o.s.b.f.s.DefaultListableBeanFactory     : Autowiring by type from bean name 'standardJacksonObjectMapperBuilderCustomizer' via factory method to bean named 'org.springframework.web.context.support.GenericWebApplicationContext@33b5359c'
2021-09-19 10:12:37.358 DEBUG 1438 --- [    Test worker] o.s.b.f.s.DefaultListableBeanFactory     : Autowiring by type from bean name 'standardJacksonObjectMapperBuilderCustomizer' via factory method to bean named 'spring.jackson-org.springframework.boot.autoconfigure.jackson.JacksonProperties'
2021-09-19 10:12:37.359 DEBUG 1438 --- [    Test worker] o.s.b.f.s.DefaultListableBeanFactory     : Autowiring by type from bean name 'jacksonObjectMapperBuilder' via factory method to bean named 'org.springframework.web.context.support.GenericWebApplicationContext@33b5359c'
2021-09-19 10:12:37.359 DEBUG 1438 --- [    Test worker] o.s.b.f.s.DefaultListableBeanFactory     : Autowiring by type from bean name 'jacksonObjectMapperBuilder' via factory method to bean named 'standardJacksonObjectMapperBuilderCustomizer'
2021-09-19 10:12:37.361 DEBUG 1438 --- [    Test worker] o.s.b.f.s.DefaultListableBeanFactory     : Creating shared instance of singleton bean 'parameterNamesModule'
2021-09-19 10:12:37.361 DEBUG 1438 --- [    Test worker] o.s.b.f.s.DefaultListableBeanFactory     : Creating shared instance of singleton bean 'org.springframework.boot.autoconfigure.jackson.JacksonAutoConfiguration$ParameterNamesModuleConfiguration'
2021-09-19 10:12:37.378 DEBUG 1438 --- [    Test worker] o.s.b.f.s.DefaultListableBeanFactory     : Creating shared instance of singleton bean 'jsonComponentModule'
2021-09-19 10:12:37.378 DEBUG 1438 --- [    Test worker] o.s.b.f.s.DefaultListableBeanFactory     : Creating shared instance of singleton bean 'org.springframework.boot.autoconfigure.jackson.JacksonAutoConfiguration'
2021-09-19 10:12:37.384 DEBUG 1438 --- [    Test worker] o.s.b.f.s.DefaultListableBeanFactory     : Creating shared instance of singleton bean 'jacksonGeoModule'
2021-09-19 10:12:37.384 DEBUG 1438 --- [    Test worker] o.s.b.f.s.DefaultListableBeanFactory     : Creating shared instance of singleton bean 'org.springframework.data.web.config.SpringDataJacksonConfiguration'
2021-09-19 10:12:37.391 DEBUG 1438 --- [    Test worker] o.s.b.f.s.DefaultListableBeanFactory     : Autowiring by type from bean name 'jacksonObjectMapper' via factory method to bean named 'jacksonObjectMapperBuilder'
2021-09-19 10:12:37.417 DEBUG 1438 --- [    Test worker] o.s.b.f.s.DefaultListableBeanFactory     : Autowiring by type from bean name 'mappingJackson2HttpMessageConverter' via factory method to bean named 'jacksonObjectMapper'
2021-09-19 10:12:37.453 DEBUG 1438 --- [    Test worker] o.s.b.f.s.DefaultListableBeanFactory     : Creating shared instance of singleton bean 'sortResolver'
2021-09-19 10:12:37.457 DEBUG 1438 --- [    Test worker] o.s.b.f.s.DefaultListableBeanFactory     : Creating shared instance of singleton bean 'pageableResolver'
2021-09-19 10:12:37.463 DEBUG 1438 --- [    Test worker] o.s.b.f.s.DefaultListableBeanFactory     : Creating shared instance of singleton bean 'applicationTaskExecutor'
2021-09-19 10:12:37.463 DEBUG 1438 --- [    Test worker] o.s.b.f.s.DefaultListableBeanFactory     : Autowiring by type from bean name 'applicationTaskExecutor' via factory method to bean named 'taskExecutorBuilder'
2021-09-19 10:12:37.472 DEBUG 1438 --- [    Test worker] o.s.s.concurrent.ThreadPoolTaskExecutor  : Initializing ExecutorService 'applicationTaskExecutor'
2021-09-19 10:12:37.486 DEBUG 1438 --- [    Test worker] s.w.s.m.m.a.RequestMappingHandlerAdapter : ControllerAdvice beans: 0 @ModelAttribute, 0 @InitBinder, 1 RequestBodyAdvice, 1 ResponseBodyAdvice
2021-09-19 10:12:37.516 DEBUG 1438 --- [    Test worker] o.s.b.f.s.DefaultListableBeanFactory     : Creating shared instance of singleton bean 'requestMappingHandlerMapping'
2021-09-19 10:12:37.516 DEBUG 1438 --- [    Test worker] o.s.b.f.s.DefaultListableBeanFactory     : Creating shared instance of singleton bean 'mvcResourceUrlProvider'
2021-09-19 10:12:37.523 DEBUG 1438 --- [    Test worker] o.s.b.f.s.DefaultListableBeanFactory     : Autowiring by type from bean name 'requestMappingHandlerMapping' via factory method to bean named 'mvcContentNegotiationManager'
2021-09-19 10:12:37.524 DEBUG 1438 --- [    Test worker] o.s.b.f.s.DefaultListableBeanFactory     : Autowiring by type from bean name 'requestMappingHandlerMapping' via factory method to bean named 'mvcConversionService'
2021-09-19 10:12:37.524 DEBUG 1438 --- [    Test worker] o.s.b.f.s.DefaultListableBeanFactory     : Autowiring by type from bean name 'requestMappingHandlerMapping' via factory method to bean named 'mvcResourceUrlProvider'
2021-09-19 10:12:37.524 DEBUG 1438 --- [    Test worker] o.s.b.f.s.DefaultListableBeanFactory     : Autowiring by type from bean name 'requestMappingHandlerMapping' via factory method to bean named 'mvcContentNegotiationManager'
2021-09-19 10:12:37.524 DEBUG 1438 --- [    Test worker] o.s.b.f.s.DefaultListableBeanFactory     : Autowiring by type from bean name 'requestMappingHandlerMapping' via factory method to bean named 'mvcConversionService'
2021-09-19 10:12:37.524 DEBUG 1438 --- [    Test worker] o.s.b.f.s.DefaultListableBeanFactory     : Autowiring by type from bean name 'requestMappingHandlerMapping' via factory method to bean named 'mvcResourceUrlProvider'
2021-09-19 10:12:37.562 DEBUG 1438 --- [    Test worker] _.s.web.servlet.HandlerMapping.Mappings  : 
	o.s.b.a.w.s.e.BasicErrorController:
	{ [/error]}: error(HttpServletRequest)
	{ [/error], produces [text/html]}: errorHtml(HttpServletRequest,HttpServletResponse)
2021-09-19 10:12:37.564 DEBUG 1438 --- [    Test worker] s.w.s.m.m.a.RequestMappingHandlerMapping : 2 mappings in 'requestMappingHandlerMapping'
2021-09-19 10:12:37.565 DEBUG 1438 --- [    Test worker] o.s.b.f.s.DefaultListableBeanFactory     : Creating shared instance of singleton bean 'welcomePageHandlerMapping'
2021-09-19 10:12:37.566 DEBUG 1438 --- [    Test worker] o.s.b.f.s.DefaultListableBeanFactory     : Autowiring by type from bean name 'welcomePageHandlerMapping' via factory method to bean named 'org.springframework.web.context.support.GenericWebApplicationContext@33b5359c'
2021-09-19 10:12:37.566 DEBUG 1438 --- [    Test worker] o.s.b.f.s.DefaultListableBeanFactory     : Autowiring by type from bean name 'welcomePageHandlerMapping' via factory method to bean named 'mvcConversionService'
2021-09-19 10:12:37.566 DEBUG 1438 --- [    Test worker] o.s.b.f.s.DefaultListableBeanFactory     : Autowiring by type from bean name 'welcomePageHandlerMapping' via factory method to bean named 'mvcResourceUrlProvider'
2021-09-19 10:12:37.575 DEBUG 1438 --- [    Test worker] o.s.b.f.s.DefaultListableBeanFactory     : Creating shared instance of singleton bean 'localeResolver'
2021-09-19 10:12:37.577 DEBUG 1438 --- [    Test worker] o.s.b.f.s.DefaultListableBeanFactory     : Creating shared instance of singleton bean 'themeResolver'
2021-09-19 10:12:37.579 DEBUG 1438 --- [    Test worker] o.s.b.f.s.DefaultListableBeanFactory     : Creating shared instance of singleton bean 'flashMapManager'
2021-09-19 10:12:37.582 DEBUG 1438 --- [    Test worker] o.s.b.f.s.DefaultListableBeanFactory     : Creating shared instance of singleton bean 'mvcPatternParser'
2021-09-19 10:12:37.583 DEBUG 1438 --- [    Test worker] o.s.b.f.s.DefaultListableBeanFactory     : Creating shared instance of singleton bean 'mvcUrlPathHelper'
2021-09-19 10:12:37.584 DEBUG 1438 --- [    Test worker] o.s.b.f.s.DefaultListableBeanFactory     : Creating shared instance of singleton bean 'mvcPathMatcher'
2021-09-19 10:12:37.587 DEBUG 1438 --- [    Test worker] o.s.b.f.s.DefaultListableBeanFactory     : Creating shared instance of singleton bean 'viewControllerHandlerMapping'
2021-09-19 10:12:37.588 DEBUG 1438 --- [    Test worker] o.s.b.f.s.DefaultListableBeanFactory     : Autowiring by type from bean name 'viewControllerHandlerMapping' via factory method to bean named 'mvcConversionService'
2021-09-19 10:12:37.588 DEBUG 1438 --- [    Test worker] o.s.b.f.s.DefaultListableBeanFactory     : Autowiring by type from bean name 'viewControllerHandlerMapping' via factory method to bean named 'mvcResourceUrlProvider'
2021-09-19 10:12:37.589 DEBUG 1438 --- [    Test worker] o.s.b.f.s.DefaultListableBeanFactory     : Creating shared instance of singleton bean 'beanNameHandlerMapping'
2021-09-19 10:12:37.589 DEBUG 1438 --- [    Test worker] o.s.b.f.s.DefaultListableBeanFactory     : Autowiring by type from bean name 'beanNameHandlerMapping' via factory method to bean named 'mvcConversionService'
2021-09-19 10:12:37.589 DEBUG 1438 --- [    Test worker] o.s.b.f.s.DefaultListableBeanFactory     : Autowiring by type from bean name 'beanNameHandlerMapping' via factory method to bean named 'mvcResourceUrlProvider'
2021-09-19 10:12:37.595 DEBUG 1438 --- [    Test worker] _.s.web.servlet.HandlerMapping.Mappings  : 'beanNameHandlerMapping' {}
2021-09-19 10:12:37.596 DEBUG 1438 --- [    Test worker] o.s.b.f.s.DefaultListableBeanFactory     : Creating shared instance of singleton bean 'routerFunctionMapping'
2021-09-19 10:12:37.596 DEBUG 1438 --- [    Test worker] o.s.b.f.s.DefaultListableBeanFactory     : Autowiring by type from bean name 'routerFunctionMapping' via factory method to bean named 'mvcConversionService'
2021-09-19 10:12:37.596 DEBUG 1438 --- [    Test worker] o.s.b.f.s.DefaultListableBeanFactory     : Autowiring by type from bean name 'routerFunctionMapping' via factory method to bean named 'mvcResourceUrlProvider'
2021-09-19 10:12:37.603 DEBUG 1438 --- [    Test worker] o.s.b.f.s.DefaultListableBeanFactory     : Creating shared instance of singleton bean 'resourceHandlerMapping'
2021-09-19 10:12:37.604 DEBUG 1438 --- [    Test worker] o.s.b.f.s.DefaultListableBeanFactory     : Autowiring by type from bean name 'resourceHandlerMapping' via factory method to bean named 'mvcContentNegotiationManager'
2021-09-19 10:12:37.604 DEBUG 1438 --- [    Test worker] o.s.b.f.s.DefaultListableBeanFactory     : Autowiring by type from bean name 'resourceHandlerMapping' via factory method to bean named 'mvcConversionService'
2021-09-19 10:12:37.604 DEBUG 1438 --- [    Test worker] o.s.b.f.s.DefaultListableBeanFactory     : Autowiring by type from bean name 'resourceHandlerMapping' via factory method to bean named 'mvcResourceUrlProvider'
2021-09-19 10:12:37.616 DEBUG 1438 --- [    Test worker] _.s.web.servlet.HandlerMapping.Mappings  : 'resourceHandlerMapping' {/webjars/**=ResourceHttpRequestHandler [Classpath [META-INF/resources/webjars/]], /**=ResourceHttpRequestHandler [Classpath [META-INF/resources/], Classpath [resources/], Classpath [static/], Classpath [public/], ServletContext [/]]}
2021-09-19 10:12:37.616 DEBUG 1438 --- [    Test worker] o.s.b.f.s.DefaultListableBeanFactory     : Creating shared instance of singleton bean 'defaultServletHandlerMapping'
2021-09-19 10:12:37.617 DEBUG 1438 --- [    Test worker] o.s.b.f.s.DefaultListableBeanFactory     : Creating shared instance of singleton bean 'handlerFunctionAdapter'
2021-09-19 10:12:37.619 DEBUG 1438 --- [    Test worker] o.s.b.f.s.DefaultListableBeanFactory     : Creating shared instance of singleton bean 'mvcUriComponentsContributor'
2021-09-19 10:12:37.619 DEBUG 1438 --- [    Test worker] o.s.b.f.s.DefaultListableBeanFactory     : Autowiring by type from bean name 'mvcUriComponentsContributor' via factory method to bean named 'mvcConversionService'
2021-09-19 10:12:37.620 DEBUG 1438 --- [    Test worker] o.s.b.f.s.DefaultListableBeanFactory     : Autowiring by type from bean name 'mvcUriComponentsContributor' via factory method to bean named 'requestMappingHandlerAdapter'
2021-09-19 10:12:37.622 DEBUG 1438 --- [    Test worker] o.s.b.f.s.DefaultListableBeanFactory     : Creating shared instance of singleton bean 'httpRequestHandlerAdapter'
2021-09-19 10:12:37.623 DEBUG 1438 --- [    Test worker] o.s.b.f.s.DefaultListableBeanFactory     : Creating shared instance of singleton bean 'simpleControllerHandlerAdapter'
2021-09-19 10:12:37.624 DEBUG 1438 --- [    Test worker] o.s.b.f.s.DefaultListableBeanFactory     : Creating shared instance of singleton bean 'handlerExceptionResolver'
2021-09-19 10:12:37.625 DEBUG 1438 --- [    Test worker] o.s.b.f.s.DefaultListableBeanFactory     : Autowiring by type from bean name 'handlerExceptionResolver' via factory method to bean named 'mvcContentNegotiationManager'
2021-09-19 10:12:37.627 DEBUG 1438 --- [    Test worker] .m.m.a.ExceptionHandlerExceptionResolver : ControllerAdvice beans: 0 @ExceptionHandler, 1 ResponseBodyAdvice
2021-09-19 10:12:37.630 DEBUG 1438 --- [    Test worker] o.s.b.f.s.DefaultListableBeanFactory     : Creating shared instance of singleton bean 'mvcViewResolver'
2021-09-19 10:12:37.630 DEBUG 1438 --- [    Test worker] o.s.b.f.s.DefaultListableBeanFactory     : Autowiring by type from bean name 'mvcViewResolver' via factory method to bean named 'mvcContentNegotiationManager'
2021-09-19 10:12:37.634 DEBUG 1438 --- [    Test worker] o.s.b.f.s.DefaultListableBeanFactory     : Creating shared instance of singleton bean 'viewNameTranslator'
2021-09-19 10:12:37.636 DEBUG 1438 --- [    Test worker] o.s.b.f.s.DefaultListableBeanFactory     : Creating shared instance of singleton bean 'defaultViewResolver'
2021-09-19 10:12:37.644 DEBUG 1438 --- [    Test worker] o.s.b.f.s.DefaultListableBeanFactory     : Creating shared instance of singleton bean 'viewResolver'
2021-09-19 10:12:37.645 DEBUG 1438 --- [    Test worker] o.s.b.f.s.DefaultListableBeanFactory     : Autowiring by type from bean name 'viewResolver' via factory method to bean named 'org.springframework.beans.factory.support.DefaultListableBeanFactory@4d122b9c'
2021-09-19 10:12:37.649 DEBUG 1438 --- [    Test worker] o.s.b.f.s.DefaultListableBeanFactory     : Creating shared instance of singleton bean 'requestContextFilter'
2021-09-19 10:12:37.655 DEBUG 1438 --- [    Test worker] o.s.b.f.s.DefaultListableBeanFactory     : Creating shared instance of singleton bean 'org.springframework.boot.autoconfigure.web.servlet.WebMvcAutoConfiguration'
2021-09-19 10:12:37.656 DEBUG 1438 --- [    Test worker] o.s.b.f.s.DefaultListableBeanFactory     : Creating shared instance of singleton bean 'formContentFilter'
2021-09-19 10:12:37.662 DEBUG 1438 --- [    Test worker] o.s.b.f.s.DefaultListableBeanFactory     : Creating shared instance of singleton bean 'org.springframework.boot.autoconfigure.aop.AopAutoConfiguration$AspectJAutoProxyingConfiguration$CglibAutoProxyConfiguration'
2021-09-19 10:12:37.663 DEBUG 1438 --- [    Test worker] o.s.b.f.s.DefaultListableBeanFactory     : Creating shared instance of singleton bean 'org.springframework.boot.autoconfigure.aop.AopAutoConfiguration$AspectJAutoProxyingConfiguration'
2021-09-19 10:12:37.672 DEBUG 1438 --- [    Test worker] o.s.b.f.s.DefaultListableBeanFactory     : Creating shared instance of singleton bean 'org.springframework.boot.autoconfigure.aop.AopAutoConfiguration'
2021-09-19 10:12:37.673 DEBUG 1438 --- [    Test worker] o.s.b.f.s.DefaultListableBeanFactory     : Creating shared instance of singleton bean 'org.springframework.boot.autoconfigure.availability.ApplicationAvailabilityAutoConfiguration'
2021-09-19 10:12:37.674 DEBUG 1438 --- [    Test worker] o.s.b.f.s.DefaultListableBeanFactory     : Creating shared instance of singleton bean 'applicationAvailability'
2021-09-19 10:12:37.676 DEBUG 1438 --- [    Test worker] o.s.b.f.s.DefaultListableBeanFactory     : Creating shared instance of singleton bean 'org.springframework.boot.autoconfigure.transaction.jta.JtaAutoConfiguration'
2021-09-19 10:12:37.677 DEBUG 1438 --- [    Test worker] o.s.b.f.s.DefaultListableBeanFactory     : Creating shared instance of singleton bean 'org.springframework.boot.autoconfigure.jdbc.DataSourceAutoConfiguration$PooledDataSourceConfiguration'
2021-09-19 10:12:37.677 DEBUG 1438 --- [    Test worker] o.s.b.f.s.DefaultListableBeanFactory     : Creating shared instance of singleton bean 'org.springframework.boot.autoconfigure.jdbc.metadata.DataSourcePoolMetadataProvidersConfiguration'
2021-09-19 10:12:37.678 DEBUG 1438 --- [    Test worker] o.s.b.f.s.DefaultListableBeanFactory     : Creating shared instance of singleton bean 'org.springframework.boot.autoconfigure.jdbc.DataSourceAutoConfiguration'
2021-09-19 10:12:37.679 DEBUG 1438 --- [    Test worker] o.s.b.f.s.DefaultListableBeanFactory     : Creating shared instance of singleton bean 'transactionManager'
2021-09-19 10:12:37.681 DEBUG 1438 --- [    Test worker] o.s.b.f.s.DefaultListableBeanFactory     : Creating shared instance of singleton bean 'platformTransactionManagerCustomizers'
2021-09-19 10:12:37.681 DEBUG 1438 --- [    Test worker] o.s.b.f.s.DefaultListableBeanFactory     : Creating shared instance of singleton bean 'org.springframework.boot.autoconfigure.transaction.TransactionAutoConfiguration'
2021-09-19 10:12:37.683 DEBUG 1438 --- [    Test worker] o.s.b.f.s.DefaultListableBeanFactory     : Creating shared instance of singleton bean 'spring.transaction-org.springframework.boot.autoconfigure.transaction.TransactionProperties'
2021-09-19 10:12:37.692 DEBUG 1438 --- [    Test worker] o.s.b.f.s.DefaultListableBeanFactory     : Creating shared instance of singleton bean 'org.springframework.boot.autoconfigure.orm.jpa.HibernateJpaAutoConfiguration'
2021-09-19 10:12:37.692 DEBUG 1438 --- [    Test worker] o.s.b.f.s.DefaultListableBeanFactory     : Creating shared instance of singleton bean 'org.springframework.boot.autoconfigure.context.ConfigurationPropertiesAutoConfiguration'
2021-09-19 10:12:37.693 DEBUG 1438 --- [    Test worker] o.s.b.f.s.DefaultListableBeanFactory     : Creating shared instance of singleton bean 'org.springframework.boot.autoconfigure.context.LifecycleAutoConfiguration'
2021-09-19 10:12:37.694 DEBUG 1438 --- [    Test worker] o.s.b.f.s.DefaultListableBeanFactory     : Creating shared instance of singleton bean 'lifecycleProcessor'
2021-09-19 10:12:37.694 DEBUG 1438 --- [    Test worker] o.s.b.f.s.DefaultListableBeanFactory     : Creating shared instance of singleton bean 'spring.lifecycle-org.springframework.boot.autoconfigure.context.LifecycleProperties'
2021-09-19 10:12:37.696 DEBUG 1438 --- [    Test worker] o.s.b.f.s.DefaultListableBeanFactory     : Autowiring by type from bean name 'lifecycleProcessor' via factory method to bean named 'spring.lifecycle-org.springframework.boot.autoconfigure.context.LifecycleProperties'
2021-09-19 10:12:37.698 DEBUG 1438 --- [    Test worker] o.s.b.f.s.DefaultListableBeanFactory     : Creating shared instance of singleton bean 'org.springframework.boot.autoconfigure.dao.PersistenceExceptionTranslationAutoConfiguration'
2021-09-19 10:12:37.699 DEBUG 1438 --- [    Test worker] o.s.b.f.s.DefaultListableBeanFactory     : Creating shared instance of singleton bean 'org.springframework.boot.autoconfigure.data.jpa.JpaRepositoriesAutoConfiguration'
2021-09-19 10:12:37.700 DEBUG 1438 --- [    Test worker] o.s.b.f.s.DefaultListableBeanFactory     : Creating shared instance of singleton bean 'org.springframework.data.jpa.util.JpaMetamodelCacheCleanup'
2021-09-19 10:12:37.701 DEBUG 1438 --- [    Test worker] o.s.b.f.s.DefaultListableBeanFactory     : Creating shared instance of singleton bean 'org.springframework.data.jpa.repository.support.JpaEvaluationContextExtension'
2021-09-19 10:12:37.704 DEBUG 1438 --- [    Test worker] o.s.b.f.s.DefaultListableBeanFactory     : Creating shared instance of singleton bean 'productCategoryRepository'
2021-09-19 10:12:37.707 DEBUG 1438 --- [    Test worker] tor$SharedEntityManagerInvocationHandler : Creating new EntityManager for shared EntityManager invocation
2021-09-19 10:12:37.708 DEBUG 1438 --- [    Test worker] o.s.d.r.c.s.RepositoryFactorySupport     : Initializing repository instance for kr.co.test.contstraint.repository.ProductCategoryRepository…
2021-09-19 10:12:37.708 DEBUG 1438 --- [    Test worker] tor$SharedEntityManagerInvocationHandler : Creating new EntityManager for shared EntityManager invocation
2021-09-19 10:12:37.718 DEBUG 1438 --- [    Test worker] o.s.d.r.c.s.RepositoryFactorySupport     : Finished creation of repository instance for {}.
2021-09-19 10:12:37.719 DEBUG 1438 --- [    Test worker] o.s.b.f.s.DefaultListableBeanFactory     : Creating shared instance of singleton bean 'categoryManagerRepository'
2021-09-19 10:12:37.722 DEBUG 1438 --- [    Test worker] tor$SharedEntityManagerInvocationHandler : Creating new EntityManager for shared EntityManager invocation
2021-09-19 10:12:37.722 DEBUG 1438 --- [    Test worker] o.s.d.r.c.s.RepositoryFactorySupport     : Initializing repository instance for kr.co.test.contstraint.repository.CategoryManagerRepository…
2021-09-19 10:12:37.723 DEBUG 1438 --- [    Test worker] tor$SharedEntityManagerInvocationHandler : Creating new EntityManager for shared EntityManager invocation
2021-09-19 10:12:37.734 DEBUG 1438 --- [    Test worker] o.s.d.r.c.s.RepositoryFactorySupport     : Finished creation of repository instance for {}.
2021-09-19 10:12:37.734 DEBUG 1438 --- [    Test worker] o.s.b.f.s.DefaultListableBeanFactory     : Creating shared instance of singleton bean 'org.springframework.boot.autoconfigure.http.JacksonHttpMessageConvertersConfiguration'
2021-09-19 10:12:37.735 DEBUG 1438 --- [    Test worker] o.s.b.f.s.DefaultListableBeanFactory     : Creating shared instance of singleton bean 'org.springframework.data.web.config.ProjectingArgumentResolverRegistrar'
2021-09-19 10:12:37.736 DEBUG 1438 --- [    Test worker] o.s.b.f.s.DefaultListableBeanFactory     : Creating shared instance of singleton bean 'org.springframework.boot.autoconfigure.jdbc.JdbcTemplateConfiguration'
2021-09-19 10:12:37.736 DEBUG 1438 --- [    Test worker] o.s.b.f.s.DefaultListableBeanFactory     : Creating shared instance of singleton bean 'jdbcTemplate'
2021-09-19 10:12:37.737 DEBUG 1438 --- [    Test worker] o.s.b.f.s.DefaultListableBeanFactory     : Creating shared instance of singleton bean 'spring.jdbc-org.springframework.boot.autoconfigure.jdbc.JdbcProperties'
2021-09-19 10:12:37.738 DEBUG 1438 --- [    Test worker] o.s.b.f.s.DefaultListableBeanFactory     : Autowiring by type from bean name 'jdbcTemplate' via factory method to bean named 'dataSource'
2021-09-19 10:12:37.738 DEBUG 1438 --- [    Test worker] o.s.b.f.s.DefaultListableBeanFactory     : Autowiring by type from bean name 'jdbcTemplate' via factory method to bean named 'spring.jdbc-org.springframework.boot.autoconfigure.jdbc.JdbcProperties'
2021-09-19 10:12:37.752 DEBUG 1438 --- [    Test worker] o.s.b.f.s.DefaultListableBeanFactory     : Creating shared instance of singleton bean 'org.springframework.boot.autoconfigure.jdbc.NamedParameterJdbcTemplateConfiguration'
2021-09-19 10:12:37.753 DEBUG 1438 --- [    Test worker] o.s.b.f.s.DefaultListableBeanFactory     : Creating shared instance of singleton bean 'namedParameterJdbcTemplate'
2021-09-19 10:12:37.753 DEBUG 1438 --- [    Test worker] o.s.b.f.s.DefaultListableBeanFactory     : Autowiring by type from bean name 'namedParameterJdbcTemplate' via factory method to bean named 'jdbcTemplate'
2021-09-19 10:12:37.759 DEBUG 1438 --- [    Test worker] o.s.b.f.s.DefaultListableBeanFactory     : Creating shared instance of singleton bean 'org.springframework.boot.autoconfigure.jdbc.JdbcTemplateAutoConfiguration'
2021-09-19 10:12:37.760 DEBUG 1438 --- [    Test worker] o.s.b.f.s.DefaultListableBeanFactory     : Creating shared instance of singleton bean 'flywayDefaultDdlModeProvider'
2021-09-19 10:12:37.761 DEBUG 1438 --- [    Test worker] o.s.b.f.s.DefaultListableBeanFactory     : Creating shared instance of singleton bean 'org.springframework.boot.autoconfigure.info.ProjectInfoAutoConfiguration'
2021-09-19 10:12:37.763 DEBUG 1438 --- [    Test worker] o.s.b.f.s.DefaultListableBeanFactory     : Creating shared instance of singleton bean 'spring.info-org.springframework.boot.autoconfigure.info.ProjectInfoProperties'
2021-09-19 10:12:37.764 DEBUG 1438 --- [    Test worker] o.s.b.f.s.DefaultListableBeanFactory     : Autowiring by type from bean name 'org.springframework.boot.autoconfigure.info.ProjectInfoAutoConfiguration' via constructor to bean named 'spring.info-org.springframework.boot.autoconfigure.info.ProjectInfoProperties'
2021-09-19 10:12:37.765 DEBUG 1438 --- [    Test worker] o.s.b.f.s.DefaultListableBeanFactory     : Creating shared instance of singleton bean 'org.springframework.boot.autoconfigure.sql.init.SqlInitializationAutoConfiguration'
2021-09-19 10:12:37.765 DEBUG 1438 --- [    Test worker] o.s.b.f.s.DefaultListableBeanFactory     : Creating shared instance of singleton bean 'org.springframework.boot.autoconfigure.task.TaskSchedulingAutoConfiguration'
2021-09-19 10:12:37.767 DEBUG 1438 --- [    Test worker] o.s.b.f.s.DefaultListableBeanFactory     : Creating shared instance of singleton bean 'scheduledBeanLazyInitializationExcludeFilter'
2021-09-19 10:12:37.768 DEBUG 1438 --- [    Test worker] o.s.b.f.s.DefaultListableBeanFactory     : Creating shared instance of singleton bean 'taskSchedulerBuilder'
2021-09-19 10:12:37.769 DEBUG 1438 --- [    Test worker] o.s.b.f.s.DefaultListableBeanFactory     : Creating shared instance of singleton bean 'spring.task.scheduling-org.springframework.boot.autoconfigure.task.TaskSchedulingProperties'
2021-09-19 10:12:37.770 DEBUG 1438 --- [    Test worker] o.s.b.f.s.DefaultListableBeanFactory     : Autowiring by type from bean name 'taskSchedulerBuilder' via factory method to bean named 'spring.task.scheduling-org.springframework.boot.autoconfigure.task.TaskSchedulingProperties'
2021-09-19 10:12:37.772 DEBUG 1438 --- [    Test worker] o.s.b.f.s.DefaultListableBeanFactory     : Creating shared instance of singleton bean 'org.springframework.boot.autoconfigure.jdbc.DataSourceTransactionManagerAutoConfiguration$JdbcTransactionManagerConfiguration'
2021-09-19 10:12:37.773 DEBUG 1438 --- [    Test worker] o.s.b.f.s.DefaultListableBeanFactory     : Creating shared instance of singleton bean 'org.springframework.boot.autoconfigure.jdbc.DataSourceTransactionManagerAutoConfiguration'
2021-09-19 10:12:37.774 DEBUG 1438 --- [    Test worker] o.s.b.f.s.DefaultListableBeanFactory     : Creating shared instance of singleton bean 'org.springframework.boot.autoconfigure.transaction.TransactionAutoConfiguration$EnableTransactionManagementConfiguration$CglibAutoProxyConfiguration'
2021-09-19 10:12:37.774 DEBUG 1438 --- [    Test worker] o.s.b.f.s.DefaultListableBeanFactory     : Creating shared instance of singleton bean 'org.springframework.boot.autoconfigure.transaction.TransactionAutoConfiguration$EnableTransactionManagementConfiguration'
2021-09-19 10:12:37.775 DEBUG 1438 --- [    Test worker] o.s.b.f.s.DefaultListableBeanFactory     : Creating shared instance of singleton bean 'org.springframework.boot.autoconfigure.transaction.TransactionAutoConfiguration$TransactionTemplateConfiguration'
2021-09-19 10:12:37.776 DEBUG 1438 --- [    Test worker] o.s.b.f.s.DefaultListableBeanFactory     : Creating shared instance of singleton bean 'transactionTemplate'
2021-09-19 10:12:37.776 DEBUG 1438 --- [    Test worker] o.s.b.f.s.DefaultListableBeanFactory     : Autowiring by type from bean name 'transactionTemplate' via factory method to bean named 'transactionManager'
2021-09-19 10:12:37.779 DEBUG 1438 --- [    Test worker] o.s.b.f.s.DefaultListableBeanFactory     : Creating shared instance of singleton bean 'org.springframework.boot.autoconfigure.web.client.RestTemplateAutoConfiguration'
2021-09-19 10:12:37.780 DEBUG 1438 --- [    Test worker] o.s.b.f.s.DefaultListableBeanFactory     : Creating shared instance of singleton bean 'org.springframework.boot.autoconfigure.web.embedded.EmbeddedWebServerFactoryCustomizerAutoConfiguration'
2021-09-19 10:12:37.781 DEBUG 1438 --- [    Test worker] o.s.b.f.s.DefaultListableBeanFactory     : Creating shared instance of singleton bean 'characterEncodingFilter'
2021-09-19 10:12:37.786 DEBUG 1438 --- [    Test worker] o.s.b.f.s.DefaultListableBeanFactory     : Creating shared instance of singleton bean 'multipartResolver'
2021-09-19 10:12:37.802 DEBUG 1438 --- [    Test worker] ConditionEvaluationReportLoggingListener : 


============================
CONDITIONS EVALUATION REPORT
============================


Positive matches:
-----------------

   AopAutoConfiguration matched:
      - @ConditionalOnProperty (spring.aop.auto=true) matched (OnPropertyCondition)

   AopAutoConfiguration.AspectJAutoProxyingConfiguration matched:
      - @ConditionalOnClass found required class 'org.aspectj.weaver.Advice' (OnClassCondition)

   AopAutoConfiguration.AspectJAutoProxyingConfiguration.CglibAutoProxyConfiguration matched:
      - @ConditionalOnProperty (spring.aop.proxy-target-class=true) matched (OnPropertyCondition)

   DataSourceAutoConfiguration matched:
      - @ConditionalOnClass found required classes 'javax.sql.DataSource', 'org.springframework.jdbc.datasource.embedded.EmbeddedDatabaseType' (OnClassCondition)
      - @ConditionalOnMissingBean (types: io.r2dbc.spi.ConnectionFactory; SearchStrategy: all) did not find any beans (OnBeanCondition)

   DataSourceAutoConfiguration.PooledDataSourceConfiguration matched:
      - AnyNestedCondition 1 matched 1 did not; NestedCondition on DataSourceAutoConfiguration.PooledDataSourceCondition.PooledDataSourceAvailable PooledDataSource found supported DataSource; NestedCondition on DataSourceAutoConfiguration.PooledDataSourceCondition.ExplicitType @ConditionalOnProperty (spring.datasource.type) did not find property 'type' (DataSourceAutoConfiguration.PooledDataSourceCondition)
      - @ConditionalOnMissingBean (types: javax.sql.DataSource,javax.sql.XADataSource; SearchStrategy: all) did not find any beans (OnBeanCondition)

   DataSourceConfiguration.Hikari matched:
      - @ConditionalOnClass found required class 'com.zaxxer.hikari.HikariDataSource' (OnClassCondition)
      - @ConditionalOnProperty (spring.datasource.type=com.zaxxer.hikari.HikariDataSource) matched (OnPropertyCondition)
      - @ConditionalOnMissingBean (types: javax.sql.DataSource; SearchStrategy: all) did not find any beans (OnBeanCondition)

   DataSourceInitializationConfiguration matched:
      - @ConditionalOnSingleCandidate (types: javax.sql.DataSource; SearchStrategy: all) found a primary bean from beans 'dataSource'; @ConditionalOnMissingBean (types: org.springframework.boot.sql.init.AbstractScriptDatabaseInitializer; SearchStrategy: all) did not find any beans (OnBeanCondition)

   DataSourcePoolMetadataProvidersConfiguration.HikariPoolDataSourceMetadataProviderConfiguration matched:
      - @ConditionalOnClass found required class 'com.zaxxer.hikari.HikariDataSource' (OnClassCondition)

   DataSourceTransactionManagerAutoConfiguration matched:
      - @ConditionalOnClass found required classes 'org.springframework.jdbc.core.JdbcTemplate', 'org.springframework.transaction.TransactionManager' (OnClassCondition)

   DataSourceTransactionManagerAutoConfiguration.JdbcTransactionManagerConfiguration matched:
      - @ConditionalOnSingleCandidate (types: javax.sql.DataSource; SearchStrategy: all) found a primary bean from beans 'dataSource' (OnBeanCondition)

   DispatcherServletAutoConfiguration matched:
      - @ConditionalOnClass found required class 'org.springframework.web.servlet.DispatcherServlet' (OnClassCondition)
      - found 'session' scope (OnWebApplicationCondition)

   DispatcherServletAutoConfiguration.DispatcherServletConfiguration matched:
      - @ConditionalOnClass found required class 'javax.servlet.ServletRegistration' (OnClassCondition)
      - Default DispatcherServlet did not find dispatcher servlet beans (DispatcherServletAutoConfiguration.DefaultDispatcherServletCondition)

   DispatcherServletAutoConfiguration.DispatcherServletRegistrationConfiguration matched:
      - @ConditionalOnClass found required class 'javax.servlet.ServletRegistration' (OnClassCondition)
      - DispatcherServlet Registration did not find servlet registration bean (DispatcherServletAutoConfiguration.DispatcherServletRegistrationCondition)

   DispatcherServletAutoConfiguration.DispatcherServletRegistrationConfiguration#dispatcherServletRegistration matched:
      - @ConditionalOnBean (names: dispatcherServlet types: org.springframework.web.servlet.DispatcherServlet; SearchStrategy: all) found bean 'dispatcherServlet' (OnBeanCondition)

   EmbeddedWebServerFactoryCustomizerAutoConfiguration matched:
      - @ConditionalOnWebApplication (required) found 'session' scope (OnWebApplicationCondition)

   EmbeddedWebServerFactoryCustomizerAutoConfiguration.TomcatWebServerFactoryCustomizerConfiguration matched:
      - @ConditionalOnClass found required classes 'org.apache.catalina.startup.Tomcat', 'org.apache.coyote.UpgradeProtocol' (OnClassCondition)

   ErrorMvcAutoConfiguration matched:
      - @ConditionalOnClass found required classes 'javax.servlet.Servlet', 'org.springframework.web.servlet.DispatcherServlet' (OnClassCondition)
      - found 'session' scope (OnWebApplicationCondition)

   ErrorMvcAutoConfiguration#basicErrorController matched:
      - @ConditionalOnMissingBean (types: org.springframework.boot.web.servlet.error.ErrorController; SearchStrategy: current) did not find any beans (OnBeanCondition)

   ErrorMvcAutoConfiguration#errorAttributes matched:
      - @ConditionalOnMissingBean (types: org.springframework.boot.web.servlet.error.ErrorAttributes; SearchStrategy: current) did not find any beans (OnBeanCondition)

   ErrorMvcAutoConfiguration.DefaultErrorViewResolverConfiguration#conventionErrorViewResolver matched:
      - @ConditionalOnBean (types: org.springframework.web.servlet.DispatcherServlet; SearchStrategy: all) found bean 'dispatcherServlet'; @ConditionalOnMissingBean (types: org.springframework.boot.autoconfigure.web.servlet.error.ErrorViewResolver; SearchStrategy: all) did not find any beans (OnBeanCondition)

   FlywayAutoConfiguration matched:
      - @ConditionalOnClass found required class 'org.flywaydb.core.Flyway' (OnClassCondition)
      - @ConditionalOnProperty (spring.flyway.enabled) matched (OnPropertyCondition)
      - AnyNestedCondition 1 matched 1 did not; NestedCondition on FlywayAutoConfiguration.FlywayDataSourceCondition.FlywayUrlCondition @ConditionalOnProperty (spring.flyway.url) did not find property 'url'; NestedCondition on FlywayAutoConfiguration.FlywayDataSourceCondition.DataSourceBeanCondition @ConditionalOnBean (types: javax.sql.DataSource; SearchStrategy: all) found bean 'dataSource' (FlywayAutoConfiguration.FlywayDataSourceCondition)

   FlywayAutoConfiguration.FlywayConfiguration matched:
      - @ConditionalOnMissingBean (types: org.flywaydb.core.Flyway; SearchStrategy: all) did not find any beans (OnBeanCondition)

   FlywayAutoConfiguration.FlywayConfiguration#flywayInitializer matched:
      - @ConditionalOnMissingBean (types: org.springframework.boot.autoconfigure.flyway.FlywayMigrationInitializer; SearchStrategy: all) did not find any beans (OnBeanCondition)

   GenericCacheConfiguration matched:
      - Cache org.springframework.boot.autoconfigure.cache.GenericCacheConfiguration automatic cache type (CacheCondition)

   HibernateJpaAutoConfiguration matched:
      - @ConditionalOnClass found required classes 'org.springframework.orm.jpa.LocalContainerEntityManagerFactoryBean', 'javax.persistence.EntityManager', 'org.hibernate.engine.spi.SessionImplementor' (OnClassCondition)

   HibernateJpaConfiguration matched:
      - @ConditionalOnSingleCandidate (types: javax.sql.DataSource; SearchStrategy: all) found a primary bean from beans 'dataSource' (OnBeanCondition)

   HttpEncodingAutoConfiguration matched:
      - @ConditionalOnClass found required class 'org.springframework.web.filter.CharacterEncodingFilter' (OnClassCondition)
      - found 'session' scope (OnWebApplicationCondition)
      - @ConditionalOnProperty (server.servlet.encoding.enabled) matched (OnPropertyCondition)

   HttpEncodingAutoConfiguration#characterEncodingFilter matched:
      - @ConditionalOnMissingBean (types: org.springframework.web.filter.CharacterEncodingFilter; SearchStrategy: all) did not find any beans (OnBeanCondition)

   HttpMessageConvertersAutoConfiguration matched:
      - @ConditionalOnClass found required class 'org.springframework.http.converter.HttpMessageConverter' (OnClassCondition)
      - NoneNestedConditions 0 matched 1 did not; NestedCondition on HttpMessageConvertersAutoConfiguration.NotReactiveWebApplicationCondition.ReactiveWebApplication did not find reactive web application classes (HttpMessageConvertersAutoConfiguration.NotReactiveWebApplicationCondition)

   HttpMessageConvertersAutoConfiguration#messageConverters matched:
      - @ConditionalOnMissingBean (types: org.springframework.boot.autoconfigure.http.HttpMessageConverters; SearchStrategy: all) did not find any beans (OnBeanCondition)

   HttpMessageConvertersAutoConfiguration.StringHttpMessageConverterConfiguration matched:
      - @ConditionalOnClass found required class 'org.springframework.http.converter.StringHttpMessageConverter' (OnClassCondition)

   HttpMessageConvertersAutoConfiguration.StringHttpMessageConverterConfiguration#stringHttpMessageConverter matched:
      - @ConditionalOnMissingBean (types: org.springframework.http.converter.StringHttpMessageConverter; SearchStrategy: all) did not find any beans (OnBeanCondition)

   JacksonAutoConfiguration matched:
      - @ConditionalOnClass found required class 'com.fasterxml.jackson.databind.ObjectMapper' (OnClassCondition)

   JacksonAutoConfiguration.Jackson2ObjectMapperBuilderCustomizerConfiguration matched:
      - @ConditionalOnClass found required class 'org.springframework.http.converter.json.Jackson2ObjectMapperBuilder' (OnClassCondition)

   JacksonAutoConfiguration.JacksonObjectMapperBuilderConfiguration matched:
      - @ConditionalOnClass found required class 'org.springframework.http.converter.json.Jackson2ObjectMapperBuilder' (OnClassCondition)

   JacksonAutoConfiguration.JacksonObjectMapperBuilderConfiguration#jacksonObjectMapperBuilder matched:
      - @ConditionalOnMissingBean (types: org.springframework.http.converter.json.Jackson2ObjectMapperBuilder; SearchStrategy: all) did not find any beans (OnBeanCondition)

   JacksonAutoConfiguration.JacksonObjectMapperConfiguration matched:
      - @ConditionalOnClass found required class 'org.springframework.http.converter.json.Jackson2ObjectMapperBuilder' (OnClassCondition)

   JacksonAutoConfiguration.JacksonObjectMapperConfiguration#jacksonObjectMapper matched:
      - @ConditionalOnMissingBean (types: com.fasterxml.jackson.databind.ObjectMapper; SearchStrategy: all) did not find any beans (OnBeanCondition)

   JacksonAutoConfiguration.ParameterNamesModuleConfiguration matched:
      - @ConditionalOnClass found required class 'com.fasterxml.jackson.module.paramnames.ParameterNamesModule' (OnClassCondition)

   JacksonAutoConfiguration.ParameterNamesModuleConfiguration#parameterNamesModule matched:
      - @ConditionalOnMissingBean (types: com.fasterxml.jackson.module.paramnames.ParameterNamesModule; SearchStrategy: all) did not find any beans (OnBeanCondition)

   JacksonHttpMessageConvertersConfiguration.MappingJackson2HttpMessageConverterConfiguration matched:
      - @ConditionalOnClass found required class 'com.fasterxml.jackson.databind.ObjectMapper' (OnClassCondition)
      - @ConditionalOnProperty (spring.mvc.converters.preferred-json-mapper=jackson) matched (OnPropertyCondition)
      - @ConditionalOnBean (types: com.fasterxml.jackson.databind.ObjectMapper; SearchStrategy: all) found bean 'jacksonObjectMapper' (OnBeanCondition)

   JacksonHttpMessageConvertersConfiguration.MappingJackson2HttpMessageConverterConfiguration#mappingJackson2HttpMessageConverter matched:
      - @ConditionalOnMissingBean (types: org.springframework.http.converter.json.MappingJackson2HttpMessageConverter ignored: org.springframework.hateoas.server.mvc.TypeConstrainedMappingJackson2HttpMessageConverter,org.springframework.data.rest.webmvc.alps.AlpsJsonHttpMessageConverter; SearchStrategy: all) did not find any beans (OnBeanCondition)

   JdbcTemplateAutoConfiguration matched:
      - @ConditionalOnClass found required classes 'javax.sql.DataSource', 'org.springframework.jdbc.core.JdbcTemplate' (OnClassCondition)
      - @ConditionalOnSingleCandidate (types: javax.sql.DataSource; SearchStrategy: all) found a primary bean from beans 'dataSource' (OnBeanCondition)

   JdbcTemplateConfiguration matched:
      - @ConditionalOnMissingBean (types: org.springframework.jdbc.core.JdbcOperations; SearchStrategy: all) did not find any beans (OnBeanCondition)

   JpaBaseConfiguration#entityManagerFactory matched:
      - @ConditionalOnMissingBean (types: org.springframework.orm.jpa.LocalContainerEntityManagerFactoryBean,javax.persistence.EntityManagerFactory; SearchStrategy: all) did not find any beans (OnBeanCondition)

   JpaBaseConfiguration#entityManagerFactoryBuilder matched:
      - @ConditionalOnMissingBean (types: org.springframework.boot.orm.jpa.EntityManagerFactoryBuilder; SearchStrategy: all) did not find any beans (OnBeanCondition)

   JpaBaseConfiguration#jpaVendorAdapter matched:
      - @ConditionalOnMissingBean (types: org.springframework.orm.jpa.JpaVendorAdapter; SearchStrategy: all) did not find any beans (OnBeanCondition)

   JpaBaseConfiguration#transactionManager matched:
      - @ConditionalOnMissingBean (types: org.springframework.transaction.TransactionManager; SearchStrategy: all) did not find any beans (OnBeanCondition)

   JpaBaseConfiguration.JpaWebConfiguration matched:
      - @ConditionalOnClass found required class 'org.springframework.web.servlet.config.annotation.WebMvcConfigurer' (OnClassCondition)
      - found 'session' scope (OnWebApplicationCondition)
      - @ConditionalOnProperty (spring.jpa.open-in-view=true) matched (OnPropertyCondition)
      - @ConditionalOnMissingBean (types: org.springframework.orm.jpa.support.OpenEntityManagerInViewInterceptor,org.springframework.orm.jpa.support.OpenEntityManagerInViewFilter; SearchStrategy: all) did not find any beans (OnBeanCondition)

   JpaRepositoriesAutoConfiguration matched:
      - @ConditionalOnClass found required class 'org.springframework.data.jpa.repository.JpaRepository' (OnClassCondition)
      - @ConditionalOnProperty (spring.data.jpa.repositories.enabled=true) matched (OnPropertyCondition)
      - @ConditionalOnBean (types: javax.sql.DataSource; SearchStrategy: all) found bean 'dataSource'; @ConditionalOnMissingBean (types: org.springframework.data.jpa.repository.support.JpaRepositoryFactoryBean,org.springframework.data.jpa.repository.config.JpaRepositoryConfigExtension; SearchStrategy: all) did not find any beans (OnBeanCondition)

   JtaAutoConfiguration matched:
      - @ConditionalOnClass found required class 'javax.transaction.Transaction' (OnClassCondition)
      - @ConditionalOnProperty (spring.jta.enabled) matched (OnPropertyCondition)

   LifecycleAutoConfiguration#defaultLifecycleProcessor matched:
      - @ConditionalOnMissingBean (names: lifecycleProcessor; SearchStrategy: current) did not find any beans (OnBeanCondition)

   MultipartAutoConfiguration matched:
      - @ConditionalOnClass found required classes 'javax.servlet.Servlet', 'org.springframework.web.multipart.support.StandardServletMultipartResolver', 'javax.servlet.MultipartConfigElement' (OnClassCondition)
      - found 'session' scope (OnWebApplicationCondition)
      - @ConditionalOnProperty (spring.servlet.multipart.enabled) matched (OnPropertyCondition)

   MultipartAutoConfiguration#multipartConfigElement matched:
      - @ConditionalOnMissingBean (types: javax.servlet.MultipartConfigElement,org.springframework.web.multipart.commons.CommonsMultipartResolver; SearchStrategy: all) did not find any beans (OnBeanCondition)

   MultipartAutoConfiguration#multipartResolver matched:
      - @ConditionalOnMissingBean (types: org.springframework.web.multipart.MultipartResolver; SearchStrategy: all) did not find any beans (OnBeanCondition)

   NamedParameterJdbcTemplateConfiguration matched:
      - @ConditionalOnSingleCandidate (types: org.springframework.jdbc.core.JdbcTemplate; SearchStrategy: all) found a primary bean from beans 'jdbcTemplate'; @ConditionalOnMissingBean (types: org.springframework.jdbc.core.namedparam.NamedParameterJdbcOperations; SearchStrategy: all) did not find any beans (OnBeanCondition)

   NoOpCacheConfiguration matched:
      - Cache org.springframework.boot.autoconfigure.cache.NoOpCacheConfiguration automatic cache type (CacheCondition)

   PersistenceExceptionTranslationAutoConfiguration matched:
      - @ConditionalOnClass found required class 'org.springframework.dao.annotation.PersistenceExceptionTranslationPostProcessor' (OnClassCondition)

   PersistenceExceptionTranslationAutoConfiguration#persistenceExceptionTranslationPostProcessor matched:
      - @ConditionalOnProperty (spring.dao.exceptiontranslation.enabled) matched (OnPropertyCondition)
      - @ConditionalOnMissingBean (types: org.springframework.dao.annotation.PersistenceExceptionTranslationPostProcessor; SearchStrategy: all) did not find any beans (OnBeanCondition)

   PropertyPlaceholderAutoConfiguration#propertySourcesPlaceholderConfigurer matched:
      - @ConditionalOnMissingBean (types: org.springframework.context.support.PropertySourcesPlaceholderConfigurer; SearchStrategy: current) did not find any beans (OnBeanCondition)

   RestTemplateAutoConfiguration matched:
      - @ConditionalOnClass found required class 'org.springframework.web.client.RestTemplate' (OnClassCondition)
      - NoneNestedConditions 0 matched 1 did not; NestedCondition on RestTemplateAutoConfiguration.NotReactiveWebApplicationCondition.ReactiveWebApplication did not find reactive web application classes (RestTemplateAutoConfiguration.NotReactiveWebApplicationCondition)

   RestTemplateAutoConfiguration#restTemplateBuilder matched:
      - @ConditionalOnMissingBean (types: org.springframework.boot.web.client.RestTemplateBuilder; SearchStrategy: all) did not find any beans (OnBeanCondition)

   RestTemplateAutoConfiguration#restTemplateBuilderConfigurer matched:
      - @ConditionalOnMissingBean (types: org.springframework.boot.autoconfigure.web.client.RestTemplateBuilderConfigurer; SearchStrategy: all) did not find any beans (OnBeanCondition)

   ServletWebServerFactoryAutoConfiguration matched:
      - @ConditionalOnClass found required class 'javax.servlet.ServletRequest' (OnClassCondition)
      - found 'session' scope (OnWebApplicationCondition)

   ServletWebServerFactoryAutoConfiguration#tomcatServletWebServerFactoryCustomizer matched:
      - @ConditionalOnClass found required class 'org.apache.catalina.startup.Tomcat' (OnClassCondition)

   ServletWebServerFactoryConfiguration.EmbeddedTomcat matched:
      - @ConditionalOnClass found required classes 'javax.servlet.Servlet', 'org.apache.catalina.startup.Tomcat', 'org.apache.coyote.UpgradeProtocol' (OnClassCondition)
      - @ConditionalOnMissingBean (types: org.springframework.boot.web.servlet.server.ServletWebServerFactory; SearchStrategy: current) did not find any beans (OnBeanCondition)

   SimpleCacheConfiguration matched:
      - Cache org.springframework.boot.autoconfigure.cache.SimpleCacheConfiguration automatic cache type (CacheCondition)

   SpringDataWebAutoConfiguration matched:
      - @ConditionalOnClass found required classes 'org.springframework.data.web.PageableHandlerMethodArgumentResolver', 'org.springframework.web.servlet.config.annotation.WebMvcConfigurer' (OnClassCondition)
      - found 'session' scope (OnWebApplicationCondition)
      - @ConditionalOnMissingBean (types: org.springframework.data.web.PageableHandlerMethodArgumentResolver; SearchStrategy: all) did not find any beans (OnBeanCondition)

   SpringDataWebAutoConfiguration#pageableCustomizer matched:
      - @ConditionalOnMissingBean (types: org.springframework.data.web.config.PageableHandlerMethodArgumentResolverCustomizer; SearchStrategy: all) did not find any beans (OnBeanCondition)

   SpringDataWebAutoConfiguration#sortCustomizer matched:
      - @ConditionalOnMissingBean (types: org.springframework.data.web.config.SortHandlerMethodArgumentResolverCustomizer; SearchStrategy: all) did not find any beans (OnBeanCondition)

   SqlInitializationAutoConfiguration matched:
      - @ConditionalOnProperty (spring.sql.init.enabled) matched (OnPropertyCondition)
      - @ConditionalOnMissingBean (types: org.springframework.boot.sql.init.AbstractScriptDatabaseInitializer; SearchStrategy: all) did not find any beans (OnBeanCondition)

   TaskExecutionAutoConfiguration matched:
      - @ConditionalOnClass found required class 'org.springframework.scheduling.concurrent.ThreadPoolTaskExecutor' (OnClassCondition)

   TaskExecutionAutoConfiguration#applicationTaskExecutor matched:
      - @ConditionalOnMissingBean (types: java.util.concurrent.Executor; SearchStrategy: all) did not find any beans (OnBeanCondition)

   TaskExecutionAutoConfiguration#taskExecutorBuilder matched:
      - @ConditionalOnMissingBean (types: org.springframework.boot.task.TaskExecutorBuilder; SearchStrategy: all) did not find any beans (OnBeanCondition)

   TaskSchedulingAutoConfiguration matched:
      - @ConditionalOnClass found required class 'org.springframework.scheduling.concurrent.ThreadPoolTaskScheduler' (OnClassCondition)

   TaskSchedulingAutoConfiguration#taskSchedulerBuilder matched:
      - @ConditionalOnMissingBean (types: org.springframework.boot.task.TaskSchedulerBuilder; SearchStrategy: all) did not find any beans (OnBeanCondition)

   TransactionAutoConfiguration matched:
      - @ConditionalOnClass found required class 'org.springframework.transaction.PlatformTransactionManager' (OnClassCondition)

   TransactionAutoConfiguration#platformTransactionManagerCustomizers matched:
      - @ConditionalOnMissingBean (types: org.springframework.boot.autoconfigure.transaction.TransactionManagerCustomizers; SearchStrategy: all) did not find any beans (OnBeanCondition)

   TransactionAutoConfiguration.EnableTransactionManagementConfiguration matched:
      - @ConditionalOnBean (types: org.springframework.transaction.TransactionManager; SearchStrategy: all) found bean 'transactionManager'; @ConditionalOnMissingBean (types: org.springframework.transaction.annotation.AbstractTransactionManagementConfiguration; SearchStrategy: all) did not find any beans (OnBeanCondition)

   TransactionAutoConfiguration.EnableTransactionManagementConfiguration.CglibAutoProxyConfiguration matched:
      - @ConditionalOnProperty (spring.aop.proxy-target-class=true) matched (OnPropertyCondition)

   TransactionAutoConfiguration.TransactionTemplateConfiguration matched:
      - @ConditionalOnSingleCandidate (types: org.springframework.transaction.PlatformTransactionManager; SearchStrategy: all) found a primary bean from beans 'transactionManager' (OnBeanCondition)

   TransactionAutoConfiguration.TransactionTemplateConfiguration#transactionTemplate matched:
      - @ConditionalOnMissingBean (types: org.springframework.transaction.support.TransactionOperations; SearchStrategy: all) did not find any beans (OnBeanCondition)

   WebMvcAutoConfiguration matched:
      - @ConditionalOnClass found required classes 'javax.servlet.Servlet', 'org.springframework.web.servlet.DispatcherServlet', 'org.springframework.web.servlet.config.annotation.WebMvcConfigurer' (OnClassCondition)
      - found 'session' scope (OnWebApplicationCondition)
      - @ConditionalOnMissingBean (types: org.springframework.web.servlet.config.annotation.WebMvcConfigurationSupport; SearchStrategy: all) did not find any beans (OnBeanCondition)

   WebMvcAutoConfiguration#formContentFilter matched:
      - @ConditionalOnProperty (spring.mvc.formcontent.filter.enabled) matched (OnPropertyCondition)
      - @ConditionalOnMissingBean (types: org.springframework.web.filter.FormContentFilter; SearchStrategy: all) did not find any beans (OnBeanCondition)

   WebMvcAutoConfiguration.EnableWebMvcConfiguration#flashMapManager matched:
      - @ConditionalOnMissingBean (names: flashMapManager; SearchStrategy: all) did not find any beans (OnBeanCondition)

   WebMvcAutoConfiguration.EnableWebMvcConfiguration#localeResolver matched:
      - @ConditionalOnMissingBean (names: localeResolver; SearchStrategy: all) did not find any beans (OnBeanCondition)

   WebMvcAutoConfiguration.EnableWebMvcConfiguration#themeResolver matched:
      - @ConditionalOnMissingBean (names: themeResolver; SearchStrategy: all) did not find any beans (OnBeanCondition)

   WebMvcAutoConfiguration.WebMvcAutoConfigurationAdapter#defaultViewResolver matched:
      - @ConditionalOnMissingBean (types: org.springframework.web.servlet.view.InternalResourceViewResolver; SearchStrategy: all) did not find any beans (OnBeanCondition)

   WebMvcAutoConfiguration.WebMvcAutoConfigurationAdapter#requestContextFilter matched:
      - @ConditionalOnMissingBean (types: org.springframework.web.context.request.RequestContextListener,org.springframework.web.filter.RequestContextFilter; SearchStrategy: all) did not find any beans (OnBeanCondition)

   WebMvcAutoConfiguration.WebMvcAutoConfigurationAdapter#viewResolver matched:
      - @ConditionalOnBean (types: org.springframework.web.servlet.ViewResolver; SearchStrategy: all) found beans 'defaultViewResolver', 'mvcViewResolver'; @ConditionalOnMissingBean (names: viewResolver types: org.springframework.web.servlet.view.ContentNegotiatingViewResolver; SearchStrategy: all) did not find any beans (OnBeanCondition)

   WebSocketServletAutoConfiguration matched:
      - @ConditionalOnClass found required classes 'javax.servlet.Servlet', 'javax.websocket.server.ServerContainer' (OnClassCondition)
      - found 'session' scope (OnWebApplicationCondition)

   WebSocketServletAutoConfiguration.TomcatWebSocketConfiguration matched:
      - @ConditionalOnClass found required classes 'org.apache.catalina.startup.Tomcat', 'org.apache.tomcat.websocket.server.WsSci' (OnClassCondition)

   WebSocketServletAutoConfiguration.TomcatWebSocketConfiguration#websocketServletWebServerCustomizer matched:
      - @ConditionalOnMissingBean (names: websocketServletWebServerCustomizer; SearchStrategy: all) did not find any beans (OnBeanCondition)


Negative matches:
-----------------

   ActiveMQAutoConfiguration:
      Did not match:
         - @ConditionalOnClass did not find required class 'javax.jms.ConnectionFactory' (OnClassCondition)

   AopAutoConfiguration.AspectJAutoProxyingConfiguration.JdkDynamicAutoProxyConfiguration:
      Did not match:
         - @ConditionalOnProperty (spring.aop.proxy-target-class=false) did not find property 'proxy-target-class' (OnPropertyCondition)

   AopAutoConfiguration.ClassProxyingConfiguration:
      Did not match:
         - @ConditionalOnMissingClass found unwanted class 'org.aspectj.weaver.Advice' (OnClassCondition)

   ArtemisAutoConfiguration:
      Did not match:
         - @ConditionalOnClass did not find required class 'javax.jms.ConnectionFactory' (OnClassCondition)

   AtomikosJtaConfiguration:
      Did not match:
         - @ConditionalOnClass did not find required class 'com.atomikos.icatch.jta.UserTransactionManager' (OnClassCondition)

   BatchAutoConfiguration:
      Did not match:
         - @ConditionalOnClass did not find required class 'org.springframework.batch.core.launch.JobLauncher' (OnClassCondition)

   CacheAutoConfiguration:
      Did not match:
         - @ConditionalOnBean (types: org.springframework.cache.interceptor.CacheAspectSupport; SearchStrategy: all) did not find any beans of type org.springframework.cache.interceptor.CacheAspectSupport (OnBeanCondition)
      Matched:
         - @ConditionalOnClass found required class 'org.springframework.cache.CacheManager' (OnClassCondition)

   CacheAutoConfiguration.CacheManagerEntityManagerFactoryDependsOnPostProcessor:
      Did not match:
         - Ancestor org.springframework.boot.autoconfigure.cache.CacheAutoConfiguration did not match (ConditionEvaluationReport.AncestorsMatchedCondition)
      Matched:
         - @ConditionalOnClass found required class 'org.springframework.orm.jpa.LocalContainerEntityManagerFactoryBean' (OnClassCondition)

   CaffeineCacheConfiguration:
      Did not match:
         - @ConditionalOnClass did not find required class 'com.github.benmanes.caffeine.cache.Caffeine' (OnClassCondition)

   CassandraAutoConfiguration:
      Did not match:
         - @ConditionalOnClass did not find required class 'com.datastax.oss.driver.api.core.CqlSession' (OnClassCondition)

   CassandraDataAutoConfiguration:
      Did not match:
         - @ConditionalOnClass did not find required class 'com.datastax.oss.driver.api.core.CqlSession' (OnClassCondition)

   CassandraReactiveDataAutoConfiguration:
      Did not match:
         - @ConditionalOnClass did not find required class 'com.datastax.oss.driver.api.core.CqlSession' (OnClassCondition)

   CassandraReactiveRepositoriesAutoConfiguration:
      Did not match:
         - @ConditionalOnClass did not find required class 'org.springframework.data.cassandra.ReactiveSession' (OnClassCondition)

   CassandraRepositoriesAutoConfiguration:
      Did not match:
         - @ConditionalOnClass did not find required class 'com.datastax.oss.driver.api.core.CqlSession' (OnClassCondition)

   ClientHttpConnectorAutoConfiguration:
      Did not match:
         - @ConditionalOnClass did not find required class 'org.springframework.web.reactive.function.client.WebClient' (OnClassCondition)

   CodecsAutoConfiguration:
      Did not match:
         - @ConditionalOnClass did not find required class 'org.springframework.web.reactive.function.client.WebClient' (OnClassCondition)

   CouchbaseAutoConfiguration:
      Did not match:
         - @ConditionalOnClass did not find required class 'com.couchbase.client.java.Cluster' (OnClassCondition)

   CouchbaseCacheConfiguration:
      Did not match:
         - @ConditionalOnClass did not find required class 'com.couchbase.client.java.Cluster' (OnClassCondition)

   CouchbaseDataAutoConfiguration:
      Did not match:
         - @ConditionalOnClass did not find required class 'com.couchbase.client.java.Bucket' (OnClassCondition)

   CouchbaseReactiveDataAutoConfiguration:
      Did not match:
         - @ConditionalOnClass did not find required class 'com.couchbase.client.java.Cluster' (OnClassCondition)

   CouchbaseReactiveRepositoriesAutoConfiguration:
      Did not match:
         - @ConditionalOnClass did not find required class 'com.couchbase.client.java.Cluster' (OnClassCondition)

   CouchbaseRepositoriesAutoConfiguration:
      Did not match:
         - @ConditionalOnClass did not find required class 'com.couchbase.client.java.Bucket' (OnClassCondition)

   DataSourceAutoConfiguration.EmbeddedDatabaseConfiguration:
      Did not match:
         - EmbeddedDataSource spring.datasource.url is set (DataSourceAutoConfiguration.EmbeddedDatabaseCondition)

   DataSourceConfiguration.Dbcp2:
      Did not match:
         - @ConditionalOnClass did not find required class 'org.apache.commons.dbcp2.BasicDataSource' (OnClassCondition)

   DataSourceConfiguration.Generic:
      Did not match:
         - @ConditionalOnProperty (spring.datasource.type) did not find property 'spring.datasource.type' (OnPropertyCondition)

   DataSourceConfiguration.OracleUcp:
      Did not match:
         - @ConditionalOnClass did not find required classes 'oracle.ucp.jdbc.PoolDataSourceImpl', 'oracle.jdbc.OracleConnection' (OnClassCondition)

   DataSourceConfiguration.Tomcat:
      Did not match:
         - @ConditionalOnClass did not find required class 'org.apache.tomcat.jdbc.pool.DataSource' (OnClassCondition)

   DataSourceInitializationConfiguration.InitializationSpecificCredentialsDataSourceInitializationConfiguration:
      Did not match:
         - AnyNestedCondition 0 matched 2 did not; NestedCondition on DataSourceInitializationConfiguration.InitializationSpecificCredentialsDataSourceInitializationConfiguration.DifferentCredentialsCondition.DataCredentials @ConditionalOnProperty (spring.datasource.data-username) did not find property 'data-username'; NestedCondition on DataSourceInitializationConfiguration.InitializationSpecificCredentialsDataSourceInitializationConfiguration.DifferentCredentialsCondition.SchemaCredentials @ConditionalOnProperty (spring.datasource.schema-username) did not find property 'schema-username' (DataSourceInitializationConfiguration.InitializationSpecificCredentialsDataSourceInitializationConfiguration.DifferentCredentialsCondition)

   DataSourceInitializationConfiguration.SharedCredentialsDataSourceInitializationConfiguration:
      Did not match:
         - DataSource Initialization did not find configured properties spring.datasource.data-username, spring.datasource.schema-password, spring.datasource.schema[0], spring.datasource.data[0], spring.datasource.data, spring.datasource.schema-username, spring.datasource.data-password, spring.datasource.initialization-mode, spring.datasource.schema, spring.datasource.sql-script-encoding, spring.datasource.separator, spring.datasource.platform, spring.datasource.continue-on-error (DataSourceInitializationConfiguration.SharedCredentialsDataSourceInitializationConfiguration.DataSourceInitializationCondition)

   DataSourceJmxConfiguration:
      Did not match:
         - @ConditionalOnProperty (spring.jmx.enabled=true) found different value in property 'enabled' (OnPropertyCondition)

   DataSourcePoolMetadataProvidersConfiguration.CommonsDbcp2PoolDataSourceMetadataProviderConfiguration:
      Did not match:
         - @ConditionalOnClass did not find required class 'org.apache.commons.dbcp2.BasicDataSource' (OnClassCondition)

   DataSourcePoolMetadataProvidersConfiguration.OracleUcpPoolDataSourceMetadataProviderConfiguration:
      Did not match:
         - @ConditionalOnClass did not find required classes 'oracle.ucp.jdbc.PoolDataSource', 'oracle.jdbc.OracleConnection' (OnClassCondition)

   DataSourcePoolMetadataProvidersConfiguration.TomcatDataSourcePoolMetadataProviderConfiguration:
      Did not match:
         - @ConditionalOnClass did not find required class 'org.apache.tomcat.jdbc.pool.DataSource' (OnClassCondition)

   DataSourceTransactionManagerAutoConfiguration.JdbcTransactionManagerConfiguration#transactionManager:
      Did not match:
         - @ConditionalOnMissingBean (types: org.springframework.transaction.TransactionManager; SearchStrategy: all) found beans of type 'org.springframework.transaction.TransactionManager' transactionManager (OnBeanCondition)

   DispatcherServletAutoConfiguration.DispatcherServletConfiguration#multipartResolver:
      Did not match:
         - @ConditionalOnBean (types: org.springframework.web.multipart.MultipartResolver; SearchStrategy: all) did not find any beans of type org.springframework.web.multipart.MultipartResolver (OnBeanCondition)

   EhCacheCacheConfiguration:
      Did not match:
         - @ConditionalOnClass did not find required class 'net.sf.ehcache.Cache' (OnClassCondition)

   ElasticsearchDataAutoConfiguration:
      Did not match:
         - @ConditionalOnClass did not find required class 'org.springframework.data.elasticsearch.core.ElasticsearchRestTemplate' (OnClassCondition)

   ElasticsearchRepositoriesAutoConfiguration:
      Did not match:
         - @ConditionalOnClass did not find required class 'org.elasticsearch.client.Client' (OnClassCondition)

   ElasticsearchRestClientAutoConfiguration:
      Did not match:
         - @ConditionalOnClass did not find required class 'org.elasticsearch.client.RestHighLevelClient' (OnClassCondition)

   EmbeddedLdapAutoConfiguration:
      Did not match:
         - @ConditionalOnClass did not find required class 'com.unboundid.ldap.listener.InMemoryDirectoryServer' (OnClassCondition)

   EmbeddedMongoAutoConfiguration:
      Did not match:
         - @ConditionalOnClass did not find required class 'com.mongodb.MongoClientSettings' (OnClassCondition)

   EmbeddedWebServerFactoryCustomizerAutoConfiguration.JettyWebServerFactoryCustomizerConfiguration:
      Did not match:
         - @ConditionalOnClass did not find required classes 'org.eclipse.jetty.server.Server', 'org.eclipse.jetty.util.Loader', 'org.eclipse.jetty.webapp.WebAppContext' (OnClassCondition)

   EmbeddedWebServerFactoryCustomizerAutoConfiguration.NettyWebServerFactoryCustomizerConfiguration:
      Did not match:
         - @ConditionalOnClass did not find required class 'reactor.netty.http.server.HttpServer' (OnClassCondition)

   EmbeddedWebServerFactoryCustomizerAutoConfiguration.UndertowWebServerFactoryCustomizerConfiguration:
      Did not match:
         - @ConditionalOnClass did not find required classes 'io.undertow.Undertow', 'org.xnio.SslClientAuthMode' (OnClassCondition)

   ErrorMvcAutoConfiguration.WhitelabelErrorViewConfiguration:
      Did not match:
         - @ConditionalOnProperty (server.error.whitelabel.enabled) found different value in property 'enabled' (OnPropertyCondition)

   ErrorWebFluxAutoConfiguration:
      Did not match:
         - @ConditionalOnClass did not find required class 'org.springframework.web.reactive.config.WebFluxConfigurer' (OnClassCondition)

   FreeMarkerAutoConfiguration:
      Did not match:
         - @ConditionalOnClass did not find required class 'freemarker.template.Configuration' (OnClassCondition)

   GroovyTemplateAutoConfiguration:
      Did not match:
         - @ConditionalOnClass did not find required class 'groovy.text.markup.MarkupTemplateEngine' (OnClassCondition)

   GsonAutoConfiguration:
      Did not match:
         - @ConditionalOnClass did not find required class 'com.google.gson.Gson' (OnClassCondition)

   GsonHttpMessageConvertersConfiguration:
      Did not match:
         - @ConditionalOnClass did not find required class 'com.google.gson.Gson' (OnClassCondition)

   H2ConsoleAutoConfiguration:
      Did not match:
         - @ConditionalOnClass did not find required class 'org.h2.server.web.WebServlet' (OnClassCondition)

   HazelcastAutoConfiguration:
      Did not match:
         - @ConditionalOnClass did not find required class 'com.hazelcast.core.HazelcastInstance' (OnClassCondition)

   HazelcastCacheConfiguration:
      Did not match:
         - @ConditionalOnClass did not find required class 'com.hazelcast.core.HazelcastInstance' (OnClassCondition)

   HazelcastJpaDependencyAutoConfiguration:
      Did not match:
         - @ConditionalOnClass did not find required class 'com.hazelcast.core.HazelcastInstance' (OnClassCondition)

   HttpHandlerAutoConfiguration:
      Did not match:
         - @ConditionalOnClass did not find required class 'org.springframework.web.reactive.DispatcherHandler' (OnClassCondition)

   HypermediaAutoConfiguration:
      Did not match:
         - @ConditionalOnClass did not find required class 'org.springframework.hateoas.EntityModel' (OnClassCondition)

   InfinispanCacheConfiguration:
      Did not match:
         - @ConditionalOnClass did not find required class 'org.infinispan.spring.embedded.provider.SpringEmbeddedCacheManager' (OnClassCondition)

   InfluxDbAutoConfiguration:
      Did not match:
         - @ConditionalOnClass did not find required class 'org.influxdb.InfluxDB' (OnClassCondition)

   IntegrationAutoConfiguration:
      Did not match:
         - @ConditionalOnClass did not find required class 'org.springframework.integration.config.EnableIntegration' (OnClassCondition)

   JCacheCacheConfiguration:
      Did not match:
         - @ConditionalOnClass did not find required class 'javax.cache.Caching' (OnClassCondition)

   JacksonHttpMessageConvertersConfiguration.MappingJackson2XmlHttpMessageConverterConfiguration:
      Did not match:
         - @ConditionalOnClass did not find required class 'com.fasterxml.jackson.dataformat.xml.XmlMapper' (OnClassCondition)

   JdbcRepositoriesAutoConfiguration:
      Did not match:
         - @ConditionalOnClass did not find required class 'org.springframework.data.jdbc.repository.config.AbstractJdbcConfiguration' (OnClassCondition)

   JerseyAutoConfiguration:
      Did not match:
         - @ConditionalOnClass did not find required class 'org.glassfish.jersey.server.spring.SpringComponentProvider' (OnClassCondition)

   JmsAutoConfiguration:
      Did not match:
         - @ConditionalOnClass did not find required class 'javax.jms.Message' (OnClassCondition)

   JmxAutoConfiguration:
      Did not match:
         - @ConditionalOnProperty (spring.jmx.enabled=true) found different value in property 'enabled' (OnPropertyCondition)
      Matched:
         - @ConditionalOnClass found required class 'org.springframework.jmx.export.MBeanExporter' (OnClassCondition)

   JndiConnectionFactoryAutoConfiguration:
      Did not match:
         - @ConditionalOnClass did not find required class 'org.springframework.jms.core.JmsTemplate' (OnClassCondition)

   JndiDataSourceAutoConfiguration:
      Did not match:
         - @ConditionalOnProperty (spring.datasource.jndi-name) did not find property 'jndi-name' (OnPropertyCondition)
      Matched:
         - @ConditionalOnClass found required classes 'javax.sql.DataSource', 'org.springframework.jdbc.datasource.embedded.EmbeddedDatabaseType' (OnClassCondition)

   JndiJtaConfiguration:
      Did not match:
         - @ConditionalOnJndi JNDI environment is not available (OnJndiCondition)
      Matched:
         - @ConditionalOnClass found required class 'org.springframework.transaction.jta.JtaTransactionManager' (OnClassCondition)

   JooqAutoConfiguration:
      Did not match:
         - @ConditionalOnClass did not find required class 'org.jooq.DSLContext' (OnClassCondition)

   JpaRepositoriesAutoConfiguration#entityManagerFactoryBootstrapExecutorCustomizer:
      Did not match:
         - AnyNestedCondition 0 matched 2 did not; NestedCondition on JpaRepositoriesAutoConfiguration.BootstrapExecutorCondition.LazyBootstrapMode @ConditionalOnProperty (spring.data.jpa.repositories.bootstrap-mode=lazy) did not find property 'bootstrap-mode'; NestedCondition on JpaRepositoriesAutoConfiguration.BootstrapExecutorCondition.DeferredBootstrapMode @ConditionalOnProperty (spring.data.jpa.repositories.bootstrap-mode=deferred) did not find property 'bootstrap-mode' (JpaRepositoriesAutoConfiguration.BootstrapExecutorCondition)

   JsonbAutoConfiguration:
      Did not match:
         - @ConditionalOnClass did not find required class 'javax.json.bind.Jsonb' (OnClassCondition)

   JsonbHttpMessageConvertersConfiguration:
      Did not match:
         - @ConditionalOnClass did not find required class 'javax.json.bind.Jsonb' (OnClassCondition)

   KafkaAutoConfiguration:
      Did not match:
         - @ConditionalOnClass did not find required class 'org.springframework.kafka.core.KafkaTemplate' (OnClassCondition)

   LdapAutoConfiguration:
      Did not match:
         - @ConditionalOnClass did not find required class 'org.springframework.ldap.core.ContextSource' (OnClassCondition)

   LdapRepositoriesAutoConfiguration:
      Did not match:
         - @ConditionalOnClass did not find required class 'org.springframework.data.ldap.repository.LdapRepository' (OnClassCondition)

   LiquibaseAutoConfiguration:
      Did not match:
         - @ConditionalOnClass did not find required class 'liquibase.change.DatabaseChange' (OnClassCondition)

   MailSenderAutoConfiguration:
      Did not match:
         - @ConditionalOnClass did not find required class 'javax.mail.internet.MimeMessage' (OnClassCondition)

   MailSenderValidatorAutoConfiguration:
      Did not match:
         - @ConditionalOnSingleCandidate did not find required type 'org.springframework.mail.javamail.JavaMailSenderImpl' (OnBeanCondition)

   MessageSourceAutoConfiguration:
      Did not match:
         - ResourceBundle did not find bundle with basename messages (MessageSourceAutoConfiguration.ResourceBundleCondition)

   MongoAutoConfiguration:
      Did not match:
         - @ConditionalOnClass did not find required class 'com.mongodb.client.MongoClient' (OnClassCondition)

   MongoDataAutoConfiguration:
      Did not match:
         - @ConditionalOnClass did not find required class 'com.mongodb.client.MongoClient' (OnClassCondition)

   MongoReactiveAutoConfiguration:
      Did not match:
         - @ConditionalOnClass did not find required class 'com.mongodb.reactivestreams.client.MongoClient' (OnClassCondition)

   MongoReactiveDataAutoConfiguration:
      Did not match:
         - @ConditionalOnClass did not find required class 'com.mongodb.reactivestreams.client.MongoClient' (OnClassCondition)

   MongoReactiveRepositoriesAutoConfiguration:
      Did not match:
         - @ConditionalOnClass did not find required class 'com.mongodb.reactivestreams.client.MongoClient' (OnClassCondition)

   MongoRepositoriesAutoConfiguration:
      Did not match:
         - @ConditionalOnClass did not find required class 'com.mongodb.client.MongoClient' (OnClassCondition)

   MustacheAutoConfiguration:
      Did not match:
         - @ConditionalOnClass did not find required class 'com.samskivert.mustache.Mustache' (OnClassCondition)

   Neo4jAutoConfiguration:
      Did not match:
         - @ConditionalOnClass did not find required class 'org.neo4j.driver.Driver' (OnClassCondition)

   Neo4jDataAutoConfiguration:
      Did not match:
         - @ConditionalOnClass did not find required class 'org.neo4j.driver.Driver' (OnClassCondition)

   Neo4jReactiveDataAutoConfiguration:
      Did not match:
         - @ConditionalOnClass did not find required class 'org.neo4j.driver.Driver' (OnClassCondition)

   Neo4jReactiveRepositoriesAutoConfiguration:
      Did not match:
         - @ConditionalOnClass did not find required class 'org.neo4j.driver.Driver' (OnClassCondition)

   Neo4jRepositoriesAutoConfiguration:
      Did not match:
         - @ConditionalOnClass did not find required class 'org.neo4j.driver.Driver' (OnClassCondition)

   NettyAutoConfiguration:
      Did not match:
         - @ConditionalOnClass did not find required class 'io.netty.util.NettyRuntime' (OnClassCondition)

   OAuth2ClientAutoConfiguration:
      Did not match:
         - @ConditionalOnClass did not find required class 'org.springframework.security.config.annotation.web.configuration.EnableWebSecurity' (OnClassCondition)

   OAuth2ResourceServerAutoConfiguration:
      Did not match:
         - @ConditionalOnClass did not find required class 'org.springframework.security.oauth2.server.resource.BearerTokenAuthenticationToken' (OnClassCondition)

   ProjectInfoAutoConfiguration#buildProperties:
      Did not match:
         - @ConditionalOnResource did not find resource '${spring.info.build.location:classpath:META-INF/build-info.properties}' (OnResourceCondition)

   ProjectInfoAutoConfiguration#gitProperties:
      Did not match:
         - GitResource did not find git info at classpath:git.properties (ProjectInfoAutoConfiguration.GitResourceAvailableCondition)

   QuartzAutoConfiguration:
      Did not match:
         - @ConditionalOnClass did not find required class 'org.quartz.Scheduler' (OnClassCondition)

   R2dbcAutoConfiguration:
      Did not match:
         - @ConditionalOnClass did not find required class 'io.r2dbc.spi.ConnectionFactory' (OnClassCondition)

   R2dbcDataAutoConfiguration:
      Did not match:
         - @ConditionalOnClass did not find required class 'org.springframework.data.r2dbc.core.R2dbcEntityTemplate' (OnClassCondition)

   R2dbcInitializationConfiguration:
      Did not match:
         - @ConditionalOnClass did not find required class 'io.r2dbc.spi.ConnectionFactory' (OnClassCondition)

   R2dbcRepositoriesAutoConfiguration:
      Did not match:
         - @ConditionalOnClass did not find required class 'io.r2dbc.spi.ConnectionFactory' (OnClassCondition)

   R2dbcTransactionManagerAutoConfiguration:
      Did not match:
         - @ConditionalOnClass did not find required class 'org.springframework.r2dbc.connection.R2dbcTransactionManager' (OnClassCondition)

   RSocketMessagingAutoConfiguration:
      Did not match:
         - @ConditionalOnClass did not find required class 'io.rsocket.RSocket' (OnClassCondition)

   RSocketRequesterAutoConfiguration:
      Did not match:
         - @ConditionalOnClass did not find required class 'io.rsocket.RSocket' (OnClassCondition)

   RSocketSecurityAutoConfiguration:
      Did not match:
         - @ConditionalOnClass did not find required class 'org.springframework.security.rsocket.core.SecuritySocketAcceptorInterceptor' (OnClassCondition)

   RSocketServerAutoConfiguration:
      Did not match:
         - @ConditionalOnClass did not find required class 'io.rsocket.core.RSocketServer' (OnClassCondition)

   RSocketStrategiesAutoConfiguration:
      Did not match:
         - @ConditionalOnClass did not find required class 'io.netty.buffer.PooledByteBufAllocator' (OnClassCondition)

   RabbitAutoConfiguration:
      Did not match:
         - @ConditionalOnClass did not find required class 'com.rabbitmq.client.Channel' (OnClassCondition)

   ReactiveElasticsearchRepositoriesAutoConfiguration:
      Did not match:
         - @ConditionalOnClass did not find required class 'org.springframework.data.elasticsearch.client.reactive.ReactiveElasticsearchClient' (OnClassCondition)

   ReactiveElasticsearchRestClientAutoConfiguration:
      Did not match:
         - @ConditionalOnClass did not find required class 'reactor.netty.http.client.HttpClient' (OnClassCondition)

   ReactiveOAuth2ClientAutoConfiguration:
      Did not match:
         - @ConditionalOnClass did not find required class 'reactor.core.publisher.Flux' (OnClassCondition)

   ReactiveOAuth2ResourceServerAutoConfiguration:
      Did not match:
         - @ConditionalOnClass did not find required class 'org.springframework.security.config.annotation.web.reactive.EnableWebFluxSecurity' (OnClassCondition)

   ReactiveSecurityAutoConfiguration:
      Did not match:
         - @ConditionalOnClass did not find required class 'reactor.core.publisher.Flux' (OnClassCondition)

   ReactiveUserDetailsServiceAutoConfiguration:
      Did not match:
         - @ConditionalOnClass did not find required class 'org.springframework.security.authentication.ReactiveAuthenticationManager' (OnClassCondition)

   ReactiveWebServerFactoryAutoConfiguration:
      Did not match:
         - @ConditionalOnWebApplication did not find reactive web application classes (OnWebApplicationCondition)

   RedisAutoConfiguration:
      Did not match:
         - @ConditionalOnClass did not find required class 'org.springframework.data.redis.core.RedisOperations' (OnClassCondition)

   RedisCacheConfiguration:
      Did not match:
         - @ConditionalOnClass did not find required class 'org.springframework.data.redis.connection.RedisConnectionFactory' (OnClassCondition)

   RedisReactiveAutoConfiguration:
      Did not match:
         - @ConditionalOnClass did not find required class 'reactor.core.publisher.Flux' (OnClassCondition)

   RedisRepositoriesAutoConfiguration:
      Did not match:
         - @ConditionalOnClass did not find required class 'org.springframework.data.redis.repository.configuration.EnableRedisRepositories' (OnClassCondition)

   RepositoryRestMvcAutoConfiguration:
      Did not match:
         - @ConditionalOnClass did not find required class 'org.springframework.data.rest.webmvc.config.RepositoryRestMvcConfiguration' (OnClassCondition)

   Saml2RelyingPartyAutoConfiguration:
      Did not match:
         - @ConditionalOnClass did not find required class 'org.springframework.security.saml2.provider.service.registration.RelyingPartyRegistrationRepository' (OnClassCondition)

   SecurityAutoConfiguration:
      Did not match:
         - @ConditionalOnClass did not find required class 'org.springframework.security.authentication.DefaultAuthenticationEventPublisher' (OnClassCondition)

   SecurityFilterAutoConfiguration:
      Did not match:
         - @ConditionalOnClass did not find required class 'org.springframework.security.config.http.SessionCreationPolicy' (OnClassCondition)

   SendGridAutoConfiguration:
      Did not match:
         - @ConditionalOnClass did not find required class 'com.sendgrid.SendGrid' (OnClassCondition)

   ServletWebServerFactoryAutoConfiguration#forwardedHeaderFilter:
      Did not match:
         - @ConditionalOnProperty (server.forward-headers-strategy=framework) did not find property 'server.forward-headers-strategy' (OnPropertyCondition)

   ServletWebServerFactoryConfiguration.EmbeddedJetty:
      Did not match:
         - @ConditionalOnClass did not find required classes 'org.eclipse.jetty.server.Server', 'org.eclipse.jetty.util.Loader', 'org.eclipse.jetty.webapp.WebAppContext' (OnClassCondition)

   ServletWebServerFactoryConfiguration.EmbeddedUndertow:
      Did not match:
         - @ConditionalOnClass did not find required classes 'io.undertow.Undertow', 'org.xnio.SslClientAuthMode' (OnClassCondition)

   SessionAutoConfiguration:
      Did not match:
         - @ConditionalOnClass did not find required class 'org.springframework.session.Session' (OnClassCondition)

   SolrAutoConfiguration:
      Did not match:
         - @ConditionalOnClass did not find required class 'org.apache.solr.client.solrj.impl.CloudSolrClient' (OnClassCondition)

   SpringApplicationAdminJmxAutoConfiguration:
      Did not match:
         - @ConditionalOnProperty (spring.application.admin.enabled=true) did not find property 'enabled' (OnPropertyCondition)

   TaskSchedulingAutoConfiguration#taskScheduler:
      Did not match:
         - @ConditionalOnBean (names: org.springframework.context.annotation.internalScheduledAnnotationProcessor; SearchStrategy: all) did not find any beans named org.springframework.context.annotation.internalScheduledAnnotationProcessor (OnBeanCondition)

   ThymeleafAutoConfiguration:
      Did not match:
         - @ConditionalOnClass did not find required class 'org.thymeleaf.spring5.SpringTemplateEngine' (OnClassCondition)

   TransactionAutoConfiguration#transactionalOperator:
      Did not match:
         - @ConditionalOnSingleCandidate (types: org.springframework.transaction.ReactiveTransactionManager; SearchStrategy: all) did not find any beans (OnBeanCondition)

   TransactionAutoConfiguration.EnableTransactionManagementConfiguration.JdkDynamicAutoProxyConfiguration:
      Did not match:
         - @ConditionalOnProperty (spring.aop.proxy-target-class=false) did not find property 'proxy-target-class' (OnPropertyCondition)

   UserDetailsServiceAutoConfiguration:
      Did not match:
         - @ConditionalOnClass did not find required class 'org.springframework.security.authentication.AuthenticationManager' (OnClassCondition)

   ValidationAutoConfiguration:
      Did not match:
         - @ConditionalOnClass did not find required class 'javax.validation.executable.ExecutableValidator' (OnClassCondition)

   WebClientAutoConfiguration:
      Did not match:
         - @ConditionalOnClass did not find required class 'org.springframework.web.reactive.function.client.WebClient' (OnClassCondition)

   WebFluxAutoConfiguration:
      Did not match:
         - @ConditionalOnClass did not find required class 'org.springframework.web.reactive.config.WebFluxConfigurer' (OnClassCondition)

   WebMvcAutoConfiguration#hiddenHttpMethodFilter:
      Did not match:
         - @ConditionalOnProperty (spring.mvc.hiddenmethod.filter.enabled) did not find property 'enabled' (OnPropertyCondition)

   WebMvcAutoConfiguration.ResourceChainCustomizerConfiguration:
      Did not match:
         - @ConditionalOnEnabledResourceChain did not find class org.webjars.WebJarAssetLocator (OnEnabledResourceChainCondition)

   WebMvcAutoConfiguration.WebMvcAutoConfigurationAdapter#beanNameViewResolver:
      Did not match:
         - @ConditionalOnBean (types: org.springframework.web.servlet.View; SearchStrategy: all) did not find any beans of type org.springframework.web.servlet.View (OnBeanCondition)

   WebServiceTemplateAutoConfiguration:
      Did not match:
         - @ConditionalOnClass did not find required class 'org.springframework.oxm.Marshaller' (OnClassCondition)

   WebServicesAutoConfiguration:
      Did not match:
         - @ConditionalOnClass did not find required class 'org.springframework.ws.transport.http.MessageDispatcherServlet' (OnClassCondition)

   WebSocketMessagingAutoConfiguration:
      Did not match:
         - @ConditionalOnClass did not find required class 'org.springframework.web.socket.config.annotation.WebSocketMessageBrokerConfigurer' (OnClassCondition)

   WebSocketReactiveAutoConfiguration:
      Did not match:
         - @ConditionalOnWebApplication did not find reactive web application classes (OnWebApplicationCondition)

   WebSocketServletAutoConfiguration.JettyWebSocketConfiguration:
      Did not match:
         - @ConditionalOnClass did not find required class 'org.eclipse.jetty.websocket.jsr356.server.deploy.WebSocketServerContainerInitializer' (OnClassCondition)

   WebSocketServletAutoConfiguration.UndertowWebSocketConfiguration:
      Did not match:
         - @ConditionalOnClass did not find required class 'io.undertow.websockets.jsr.Bootstrap' (OnClassCondition)

   XADataSourceAutoConfiguration:
      Did not match:
         - @ConditionalOnBean (types: org.springframework.boot.jdbc.XADataSourceWrapper; SearchStrategy: all) did not find any beans of type org.springframework.boot.jdbc.XADataSourceWrapper (OnBeanCondition)
      Matched:
         - @ConditionalOnClass found required classes 'javax.sql.DataSource', 'javax.transaction.TransactionManager', 'org.springframework.jdbc.datasource.embedded.EmbeddedDatabaseType' (OnClassCondition)


Exclusions:
-----------

    None


Unconditional classes:
----------------------

    org.springframework.boot.autoconfigure.context.ConfigurationPropertiesAutoConfiguration

    org.springframework.boot.autoconfigure.context.LifecycleAutoConfiguration

    org.springframework.boot.autoconfigure.context.PropertyPlaceholderAutoConfiguration

    org.springframework.boot.autoconfigure.availability.ApplicationAvailabilityAutoConfiguration

    org.springframework.boot.autoconfigure.info.ProjectInfoAutoConfiguration



2021-09-19 10:12:37.807  INFO 1438 --- [    Test worker] k.c.t.c.service.OrderInfoDtoServiceTest  : Started OrderInfoDtoServiceTest in 3.891 seconds (JVM running for 10.519)
2021-09-19 10:12:37.808  INFO 1438 --- [    Test worker] o.s.b.a.ApplicationAvailabilityBean      : Application availability state LivenessState changed to CORRECT
2021-09-19 10:12:37.809  INFO 1438 --- [    Test worker] o.s.b.a.ApplicationAvailabilityBean      : Application availability state ReadinessState changed to ACCEPTING_TRAFFIC
2021-09-19 10:12:37.809 DEBUG 1438 --- [    Test worker] c.DefaultCacheAwareContextLoaderDelegate : Storing ApplicationContext [867513756] in cache under key [[WebMergedContextConfiguration@312515dc testClass = OrderInfoDtoServiceTest, locations = '{}', classes = '{class kr.co.test.contstraint.Application}', contextInitializerClasses = '[]', activeProfiles = '{test}', propertySourceLocations = '{}', propertySourceProperties = '{org.springframework.boot.test.context.SpringBootTestContextBootstrapper=true}', contextCustomizers = set[org.springframework.boot.test.autoconfigure.actuate.metrics.MetricsExportContextCustomizerFactory$DisableMetricExportContextCustomizer@2a8404af, org.springframework.boot.test.autoconfigure.properties.PropertyMappingContextCustomizer@0, org.springframework.boot.test.autoconfigure.web.servlet.WebDriverContextCustomizerFactory$Customizer@42d7fe72, org.springframework.boot.test.context.filter.ExcludeFilterContextCustomizer@7d6de834, org.springframework.boot.test.json.DuplicateJsonObjectContextCustomizerFactory$DuplicateJsonObjectContextCustomizer@40ea836f, org.springframework.boot.test.mock.mockito.MockitoContextCustomizer@0, org.springframework.boot.test.web.client.TestRestTemplateContextCustomizer@7a6bb168, org.springframework.boot.test.context.SpringBootTestArgs@1, org.springframework.boot.test.context.SpringBootTestWebEnvironment@5c596fb1], resourceBasePath = 'src/main/webapp', contextLoader = 'org.springframework.boot.test.context.SpringBootContextLoader', parent = [null]]]
2021-09-19 10:12:37.809 DEBUG 1438 --- [    Test worker] org.springframework.test.context.cache   : Spring test ApplicationContext cache statistics: [DefaultContextCache@ad59875 size = 1, maxSize = 32, parentContextCount = 0, hitCount = 0, missCount = 1]
2021-09-19 10:12:37.810 DEBUG 1438 --- [    Test worker] o.s.t.c.w.ServletTestExecutionListener   : Setting up MockHttpServletRequest, MockHttpServletResponse, ServletWebRequest, and RequestContextHolder for test context [DefaultTestContext@252e3bb7 testClass = OrderInfoDtoServiceTest, testInstance = kr.co.test.contstraint.service.OrderInfoDtoServiceTest@624cf451, testMethod = [null], testException = [null], mergedContextConfiguration = [WebMergedContextConfiguration@312515dc testClass = OrderInfoDtoServiceTest, locations = '{}', classes = '{class kr.co.test.contstraint.Application}', contextInitializerClasses = '[]', activeProfiles = '{test}', propertySourceLocations = '{}', propertySourceProperties = '{org.springframework.boot.test.context.SpringBootTestContextBootstrapper=true}', contextCustomizers = set[org.springframework.boot.test.autoconfigure.actuate.metrics.MetricsExportContextCustomizerFactory$DisableMetricExportContextCustomizer@2a8404af, org.springframework.boot.test.autoconfigure.properties.PropertyMappingContextCustomizer@0, org.springframework.boot.test.autoconfigure.web.servlet.WebDriverContextCustomizerFactory$Customizer@42d7fe72, org.springframework.boot.test.context.filter.ExcludeFilterContextCustomizer@7d6de834, org.springframework.boot.test.json.DuplicateJsonObjectContextCustomizerFactory$DuplicateJsonObjectContextCustomizer@40ea836f, org.springframework.boot.test.mock.mockito.MockitoContextCustomizer@0, org.springframework.boot.test.web.client.TestRestTemplateContextCustomizer@7a6bb168, org.springframework.boot.test.context.SpringBootTestArgs@1, org.springframework.boot.test.context.SpringBootTestWebEnvironment@5c596fb1], resourceBasePath = 'src/main/webapp', contextLoader = 'org.springframework.boot.test.context.SpringBootContextLoader', parent = [null]], attributes = map['org.springframework.test.context.web.ServletTestExecutionListener.activateListener' -> true]].
2021-09-19 10:12:37.839 DEBUG 1438 --- [    Test worker] DependencyInjectionTestExecutionListener : Performing dependency injection for test context [[DefaultTestContext@252e3bb7 testClass = OrderInfoDtoServiceTest, testInstance = kr.co.test.contstraint.service.OrderInfoDtoServiceTest@624cf451, testMethod = [null], testException = [null], mergedContextConfiguration = [WebMergedContextConfiguration@312515dc testClass = OrderInfoDtoServiceTest, locations = '{}', classes = '{class kr.co.test.contstraint.Application}', contextInitializerClasses = '[]', activeProfiles = '{test}', propertySourceLocations = '{}', propertySourceProperties = '{org.springframework.boot.test.context.SpringBootTestContextBootstrapper=true}', contextCustomizers = set[org.springframework.boot.test.autoconfigure.actuate.metrics.MetricsExportContextCustomizerFactory$DisableMetricExportContextCustomizer@2a8404af, org.springframework.boot.test.autoconfigure.properties.PropertyMappingContextCustomizer@0, org.springframework.boot.test.autoconfigure.web.servlet.WebDriverContextCustomizerFactory$Customizer@42d7fe72, org.springframework.boot.test.context.filter.ExcludeFilterContextCustomizer@7d6de834, org.springframework.boot.test.json.DuplicateJsonObjectContextCustomizerFactory$DuplicateJsonObjectContextCustomizer@40ea836f, org.springframework.boot.test.mock.mockito.MockitoContextCustomizer@0, org.springframework.boot.test.web.client.TestRestTemplateContextCustomizer@7a6bb168, org.springframework.boot.test.context.SpringBootTestArgs@1, org.springframework.boot.test.context.SpringBootTestWebEnvironment@5c596fb1], resourceBasePath = 'src/main/webapp', contextLoader = 'org.springframework.boot.test.context.SpringBootContextLoader', parent = [null]], attributes = map['org.springframework.test.context.web.ServletTestExecutionListener.activateListener' -> true, 'org.springframework.test.context.web.ServletTestExecutionListener.populatedRequestContextHolder' -> true, 'org.springframework.test.context.web.ServletTestExecutionListener.resetRequestContextHolder' -> true, 'org.springframework.test.context.event.ApplicationEventsTestExecutionListener.recordApplicationEvents' -> false]]].
2021-09-19 10:12:37.839 DEBUG 1438 --- [    Test worker] c.DefaultCacheAwareContextLoaderDelegate : Retrieved ApplicationContext [867513756] from cache with key [[WebMergedContextConfiguration@312515dc testClass = OrderInfoDtoServiceTest, locations = '{}', classes = '{class kr.co.test.contstraint.Application}', contextInitializerClasses = '[]', activeProfiles = '{test}', propertySourceLocations = '{}', propertySourceProperties = '{org.springframework.boot.test.context.SpringBootTestContextBootstrapper=true}', contextCustomizers = set[org.springframework.boot.test.autoconfigure.actuate.metrics.MetricsExportContextCustomizerFactory$DisableMetricExportContextCustomizer@2a8404af, org.springframework.boot.test.autoconfigure.properties.PropertyMappingContextCustomizer@0, org.springframework.boot.test.autoconfigure.web.servlet.WebDriverContextCustomizerFactory$Customizer@42d7fe72, org.springframework.boot.test.context.filter.ExcludeFilterContextCustomizer@7d6de834, org.springframework.boot.test.json.DuplicateJsonObjectContextCustomizerFactory$DuplicateJsonObjectContextCustomizer@40ea836f, org.springframework.boot.test.mock.mockito.MockitoContextCustomizer@0, org.springframework.boot.test.web.client.TestRestTemplateContextCustomizer@7a6bb168, org.springframework.boot.test.context.SpringBootTestArgs@1, org.springframework.boot.test.context.SpringBootTestWebEnvironment@5c596fb1], resourceBasePath = 'src/main/webapp', contextLoader = 'org.springframework.boot.test.context.SpringBootContextLoader', parent = [null]]]
2021-09-19 10:12:37.840 DEBUG 1438 --- [    Test worker] org.springframework.test.context.cache   : Spring test ApplicationContext cache statistics: [DefaultContextCache@ad59875 size = 1, maxSize = 32, parentContextCount = 0, hitCount = 1, missCount = 1]
2021-09-19 10:12:37.843 DEBUG 1438 --- [    Test worker] c.DefaultCacheAwareContextLoaderDelegate : Retrieved ApplicationContext [867513756] from cache with key [[WebMergedContextConfiguration@312515dc testClass = OrderInfoDtoServiceTest, locations = '{}', classes = '{class kr.co.test.contstraint.Application}', contextInitializerClasses = '[]', activeProfiles = '{test}', propertySourceLocations = '{}', propertySourceProperties = '{org.springframework.boot.test.context.SpringBootTestContextBootstrapper=true}', contextCustomizers = set[org.springframework.boot.test.autoconfigure.actuate.metrics.MetricsExportContextCustomizerFactory$DisableMetricExportContextCustomizer@2a8404af, org.springframework.boot.test.autoconfigure.properties.PropertyMappingContextCustomizer@0, org.springframework.boot.test.autoconfigure.web.servlet.WebDriverContextCustomizerFactory$Customizer@42d7fe72, org.springframework.boot.test.context.filter.ExcludeFilterContextCustomizer@7d6de834, org.springframework.boot.test.json.DuplicateJsonObjectContextCustomizerFactory$DuplicateJsonObjectContextCustomizer@40ea836f, org.springframework.boot.test.mock.mockito.MockitoContextCustomizer@0, org.springframework.boot.test.web.client.TestRestTemplateContextCustomizer@7a6bb168, org.springframework.boot.test.context.SpringBootTestArgs@1, org.springframework.boot.test.context.SpringBootTestWebEnvironment@5c596fb1], resourceBasePath = 'src/main/webapp', contextLoader = 'org.springframework.boot.test.context.SpringBootContextLoader', parent = [null]]]
2021-09-19 10:12:37.843 DEBUG 1438 --- [    Test worker] org.springframework.test.context.cache   : Spring test ApplicationContext cache statistics: [DefaultContextCache@ad59875 size = 1, maxSize = 32, parentContextCount = 0, hitCount = 2, missCount = 1]
2021-09-19 10:12:37.847 DEBUG 1438 --- [    Test worker] tractDirtiesContextTestExecutionListener : Before test method: context [DefaultTestContext@252e3bb7 testClass = OrderInfoDtoServiceTest, testInstance = kr.co.test.contstraint.service.OrderInfoDtoServiceTest@624cf451, testMethod = test1@OrderInfoDtoServiceTest, testException = [null], mergedContextConfiguration = [WebMergedContextConfiguration@312515dc testClass = OrderInfoDtoServiceTest, locations = '{}', classes = '{class kr.co.test.contstraint.Application}', contextInitializerClasses = '[]', activeProfiles = '{test}', propertySourceLocations = '{}', propertySourceProperties = '{org.springframework.boot.test.context.SpringBootTestContextBootstrapper=true}', contextCustomizers = set[org.springframework.boot.test.autoconfigure.actuate.metrics.MetricsExportContextCustomizerFactory$DisableMetricExportContextCustomizer@2a8404af, org.springframework.boot.test.autoconfigure.properties.PropertyMappingContextCustomizer@0, org.springframework.boot.test.autoconfigure.web.servlet.WebDriverContextCustomizerFactory$Customizer@42d7fe72, org.springframework.boot.test.context.filter.ExcludeFilterContextCustomizer@7d6de834, org.springframework.boot.test.json.DuplicateJsonObjectContextCustomizerFactory$DuplicateJsonObjectContextCustomizer@40ea836f, org.springframework.boot.test.mock.mockito.MockitoContextCustomizer@0, org.springframework.boot.test.web.client.TestRestTemplateContextCustomizer@7a6bb168, org.springframework.boot.test.context.SpringBootTestArgs@1, org.springframework.boot.test.context.SpringBootTestWebEnvironment@5c596fb1], resourceBasePath = 'src/main/webapp', contextLoader = 'org.springframework.boot.test.context.SpringBootContextLoader', parent = [null]], attributes = map['org.springframework.test.context.web.ServletTestExecutionListener.activateListener' -> true, 'org.springframework.test.context.web.ServletTestExecutionListener.populatedRequestContextHolder' -> true, 'org.springframework.test.context.web.ServletTestExecutionListener.resetRequestContextHolder' -> true, 'org.springframework.test.context.event.ApplicationEventsTestExecutionListener.recordApplicationEvents' -> false]], class annotated with @DirtiesContext [false] with mode [null], method annotated with @DirtiesContext [false] with mode [null].
2021-09-19 10:12:37.849 DEBUG 1438 --- [    Test worker] t.c.t.TransactionalTestExecutionListener : Explicit transaction definition [PROPAGATION_REQUIRED,ISOLATION_DEFAULT] found for test context [DefaultTestContext@252e3bb7 testClass = OrderInfoDtoServiceTest, testInstance = kr.co.test.contstraint.service.OrderInfoDtoServiceTest@624cf451, testMethod = test1@OrderInfoDtoServiceTest, testException = [null], mergedContextConfiguration = [WebMergedContextConfiguration@312515dc testClass = OrderInfoDtoServiceTest, locations = '{}', classes = '{class kr.co.test.contstraint.Application}', contextInitializerClasses = '[]', activeProfiles = '{test}', propertySourceLocations = '{}', propertySourceProperties = '{org.springframework.boot.test.context.SpringBootTestContextBootstrapper=true}', contextCustomizers = set[org.springframework.boot.test.autoconfigure.actuate.metrics.MetricsExportContextCustomizerFactory$DisableMetricExportContextCustomizer@2a8404af, org.springframework.boot.test.autoconfigure.properties.PropertyMappingContextCustomizer@0, org.springframework.boot.test.autoconfigure.web.servlet.WebDriverContextCustomizerFactory$Customizer@42d7fe72, org.springframework.boot.test.context.filter.ExcludeFilterContextCustomizer@7d6de834, org.springframework.boot.test.json.DuplicateJsonObjectContextCustomizerFactory$DuplicateJsonObjectContextCustomizer@40ea836f, org.springframework.boot.test.mock.mockito.MockitoContextCustomizer@0, org.springframework.boot.test.web.client.TestRestTemplateContextCustomizer@7a6bb168, org.springframework.boot.test.context.SpringBootTestArgs@1, org.springframework.boot.test.context.SpringBootTestWebEnvironment@5c596fb1], resourceBasePath = 'src/main/webapp', contextLoader = 'org.springframework.boot.test.context.SpringBootContextLoader', parent = [null]], attributes = map['org.springframework.test.context.web.ServletTestExecutionListener.activateListener' -> true, 'org.springframework.test.context.web.ServletTestExecutionListener.populatedRequestContextHolder' -> true, 'org.springframework.test.context.web.ServletTestExecutionListener.resetRequestContextHolder' -> true, 'org.springframework.test.context.event.ApplicationEventsTestExecutionListener.recordApplicationEvents' -> false]]
2021-09-19 10:12:37.850 DEBUG 1438 --- [    Test worker] c.DefaultCacheAwareContextLoaderDelegate : Retrieved ApplicationContext [867513756] from cache with key [[WebMergedContextConfiguration@312515dc testClass = OrderInfoDtoServiceTest, locations = '{}', classes = '{class kr.co.test.contstraint.Application}', contextInitializerClasses = '[]', activeProfiles = '{test}', propertySourceLocations = '{}', propertySourceProperties = '{org.springframework.boot.test.context.SpringBootTestContextBootstrapper=true}', contextCustomizers = set[org.springframework.boot.test.autoconfigure.actuate.metrics.MetricsExportContextCustomizerFactory$DisableMetricExportContextCustomizer@2a8404af, org.springframework.boot.test.autoconfigure.properties.PropertyMappingContextCustomizer@0, org.springframework.boot.test.autoconfigure.web.servlet.WebDriverContextCustomizerFactory$Customizer@42d7fe72, org.springframework.boot.test.context.filter.ExcludeFilterContextCustomizer@7d6de834, org.springframework.boot.test.json.DuplicateJsonObjectContextCustomizerFactory$DuplicateJsonObjectContextCustomizer@40ea836f, org.springframework.boot.test.mock.mockito.MockitoContextCustomizer@0, org.springframework.boot.test.web.client.TestRestTemplateContextCustomizer@7a6bb168, org.springframework.boot.test.context.SpringBootTestArgs@1, org.springframework.boot.test.context.SpringBootTestWebEnvironment@5c596fb1], resourceBasePath = 'src/main/webapp', contextLoader = 'org.springframework.boot.test.context.SpringBootContextLoader', parent = [null]]]
2021-09-19 10:12:37.850 DEBUG 1438 --- [    Test worker] org.springframework.test.context.cache   : Spring test ApplicationContext cache statistics: [DefaultContextCache@ad59875 size = 1, maxSize = 32, parentContextCount = 0, hitCount = 3, missCount = 1]
2021-09-19 10:12:37.852 DEBUG 1438 --- [    Test worker] t.c.t.TransactionalTestExecutionListener : No method-level @Rollback override: using default rollback [true] for test context [DefaultTestContext@252e3bb7 testClass = OrderInfoDtoServiceTest, testInstance = kr.co.test.contstraint.service.OrderInfoDtoServiceTest@624cf451, testMethod = test1@OrderInfoDtoServiceTest, testException = [null], mergedContextConfiguration = [WebMergedContextConfiguration@312515dc testClass = OrderInfoDtoServiceTest, locations = '{}', classes = '{class kr.co.test.contstraint.Application}', contextInitializerClasses = '[]', activeProfiles = '{test}', propertySourceLocations = '{}', propertySourceProperties = '{org.springframework.boot.test.context.SpringBootTestContextBootstrapper=true}', contextCustomizers = set[org.springframework.boot.test.autoconfigure.actuate.metrics.MetricsExportContextCustomizerFactory$DisableMetricExportContextCustomizer@2a8404af, org.springframework.boot.test.autoconfigure.properties.PropertyMappingContextCustomizer@0, org.springframework.boot.test.autoconfigure.web.servlet.WebDriverContextCustomizerFactory$Customizer@42d7fe72, org.springframework.boot.test.context.filter.ExcludeFilterContextCustomizer@7d6de834, org.springframework.boot.test.json.DuplicateJsonObjectContextCustomizerFactory$DuplicateJsonObjectContextCustomizer@40ea836f, org.springframework.boot.test.mock.mockito.MockitoContextCustomizer@0, org.springframework.boot.test.web.client.TestRestTemplateContextCustomizer@7a6bb168, org.springframework.boot.test.context.SpringBootTestArgs@1, org.springframework.boot.test.context.SpringBootTestWebEnvironment@5c596fb1], resourceBasePath = 'src/main/webapp', contextLoader = 'org.springframework.boot.test.context.SpringBootContextLoader', parent = [null]], attributes = map['org.springframework.test.context.web.ServletTestExecutionListener.activateListener' -> true, 'org.springframework.test.context.web.ServletTestExecutionListener.populatedRequestContextHolder' -> true, 'org.springframework.test.context.web.ServletTestExecutionListener.resetRequestContextHolder' -> true, 'org.springframework.test.context.event.ApplicationEventsTestExecutionListener.recordApplicationEvents' -> false]].
2021-09-19 10:12:37.853 DEBUG 1438 --- [    Test worker] o.s.orm.jpa.JpaTransactionManager        : Creating new transaction with name [kr.co.test.contstraint.service.OrderInfoDtoServiceTest.test1]: PROPAGATION_REQUIRED,ISOLATION_DEFAULT
2021-09-19 10:12:37.854 DEBUG 1438 --- [    Test worker] o.s.orm.jpa.JpaTransactionManager        : Opened new EntityManager [SessionImpl(81604788<open>)] for JPA transaction
2021-09-19 10:12:37.857 DEBUG 1438 --- [    Test worker] o.h.e.t.internal.TransactionImpl         : On TransactionImpl creation, JpaCompliance#isJpaTransactionComplianceEnabled == false
2021-09-19 10:12:37.857 DEBUG 1438 --- [    Test worker] o.h.e.t.internal.TransactionImpl         : begin
2021-09-19 10:12:37.858  INFO 1438 --- [    Test worker] MySQL                                    : [QUERY] SET autocommit=0 [Created on: Sun Sep 19 10:12:37 KST 2021, duration: 1, connection-id: 11, statement-id: -1, resultset-id: 0,	at com.zaxxer.hikari.pool.ProxyConnection.setAutoCommit(ProxyConnection.java:414)]
2021-09-19 10:12:37.859  INFO 1438 --- [    Test worker] MySQL                                    : [FETCH]  [Created on: Sun Sep 19 10:12:37 KST 2021, duration: 0, connection-id: 11, statement-id: -1, resultset-id: 0,	at com.zaxxer.hikari.pool.ProxyConnection.setAutoCommit(ProxyConnection.java:414)]
2021-09-19 10:12:37.860 DEBUG 1438 --- [    Test worker] o.s.orm.jpa.JpaTransactionManager        : Exposing JPA transaction as JDBC [org.springframework.orm.jpa.vendor.HibernateJpaDialect$HibernateConnectionHandle@12e7d0e5]
2021-09-19 10:12:37.861  INFO 1438 --- [    Test worker] o.s.t.c.transaction.TransactionContext   : Began transaction (1) for test context [DefaultTestContext@252e3bb7 testClass = OrderInfoDtoServiceTest, testInstance = kr.co.test.contstraint.service.OrderInfoDtoServiceTest@624cf451, testMethod = test1@OrderInfoDtoServiceTest, testException = [null], mergedContextConfiguration = [WebMergedContextConfiguration@312515dc testClass = OrderInfoDtoServiceTest, locations = '{}', classes = '{class kr.co.test.contstraint.Application}', contextInitializerClasses = '[]', activeProfiles = '{test}', propertySourceLocations = '{}', propertySourceProperties = '{org.springframework.boot.test.context.SpringBootTestContextBootstrapper=true}', contextCustomizers = set[org.springframework.boot.test.autoconfigure.actuate.metrics.MetricsExportContextCustomizerFactory$DisableMetricExportContextCustomizer@2a8404af, org.springframework.boot.test.autoconfigure.properties.PropertyMappingContextCustomizer@0, org.springframework.boot.test.autoconfigure.web.servlet.WebDriverContextCustomizerFactory$Customizer@42d7fe72, org.springframework.boot.test.context.filter.ExcludeFilterContextCustomizer@7d6de834, org.springframework.boot.test.json.DuplicateJsonObjectContextCustomizerFactory$DuplicateJsonObjectContextCustomizer@40ea836f, org.springframework.boot.test.mock.mockito.MockitoContextCustomizer@0, org.springframework.boot.test.web.client.TestRestTemplateContextCustomizer@7a6bb168, org.springframework.boot.test.context.SpringBootTestArgs@1, org.springframework.boot.test.context.SpringBootTestWebEnvironment@5c596fb1], resourceBasePath = 'src/main/webapp', contextLoader = 'org.springframework.boot.test.context.SpringBootContextLoader', parent = [null]], attributes = map['org.springframework.test.context.web.ServletTestExecutionListener.activateListener' -> true, 'org.springframework.test.context.web.ServletTestExecutionListener.populatedRequestContextHolder' -> true, 'org.springframework.test.context.web.ServletTestExecutionListener.resetRequestContextHolder' -> true, 'org.springframework.test.context.event.ApplicationEventsTestExecutionListener.recordApplicationEvents' -> false]]; transaction manager [org.springframework.orm.jpa.JpaTransactionManager@3b2c7411]; rollback [true]
2021-09-19 10:12:37.865 DEBUG 1438 --- [    Test worker] c.DefaultCacheAwareContextLoaderDelegate : Retrieved ApplicationContext [867513756] from cache with key [[WebMergedContextConfiguration@312515dc testClass = OrderInfoDtoServiceTest, locations = '{}', classes = '{class kr.co.test.contstraint.Application}', contextInitializerClasses = '[]', activeProfiles = '{test}', propertySourceLocations = '{}', propertySourceProperties = '{org.springframework.boot.test.context.SpringBootTestContextBootstrapper=true}', contextCustomizers = set[org.springframework.boot.test.autoconfigure.actuate.metrics.MetricsExportContextCustomizerFactory$DisableMetricExportContextCustomizer@2a8404af, org.springframework.boot.test.autoconfigure.properties.PropertyMappingContextCustomizer@0, org.springframework.boot.test.autoconfigure.web.servlet.WebDriverContextCustomizerFactory$Customizer@42d7fe72, org.springframework.boot.test.context.filter.ExcludeFilterContextCustomizer@7d6de834, org.springframework.boot.test.json.DuplicateJsonObjectContextCustomizerFactory$DuplicateJsonObjectContextCustomizer@40ea836f, org.springframework.boot.test.mock.mockito.MockitoContextCustomizer@0, org.springframework.boot.test.web.client.TestRestTemplateContextCustomizer@7a6bb168, org.springframework.boot.test.context.SpringBootTestArgs@1, org.springframework.boot.test.context.SpringBootTestWebEnvironment@5c596fb1], resourceBasePath = 'src/main/webapp', contextLoader = 'org.springframework.boot.test.context.SpringBootContextLoader', parent = [null]]]
2021-09-19 10:12:37.865 DEBUG 1438 --- [    Test worker] org.springframework.test.context.cache   : Spring test ApplicationContext cache statistics: [DefaultContextCache@ad59875 size = 1, maxSize = 32, parentContextCount = 0, hitCount = 4, missCount = 1]
2021-09-19 10:12:37.866 DEBUG 1438 --- [    Test worker] c.DefaultCacheAwareContextLoaderDelegate : Retrieved ApplicationContext [867513756] from cache with key [[WebMergedContextConfiguration@312515dc testClass = OrderInfoDtoServiceTest, locations = '{}', classes = '{class kr.co.test.contstraint.Application}', contextInitializerClasses = '[]', activeProfiles = '{test}', propertySourceLocations = '{}', propertySourceProperties = '{org.springframework.boot.test.context.SpringBootTestContextBootstrapper=true}', contextCustomizers = set[org.springframework.boot.test.autoconfigure.actuate.metrics.MetricsExportContextCustomizerFactory$DisableMetricExportContextCustomizer@2a8404af, org.springframework.boot.test.autoconfigure.properties.PropertyMappingContextCustomizer@0, org.springframework.boot.test.autoconfigure.web.servlet.WebDriverContextCustomizerFactory$Customizer@42d7fe72, org.springframework.boot.test.context.filter.ExcludeFilterContextCustomizer@7d6de834, org.springframework.boot.test.json.DuplicateJsonObjectContextCustomizerFactory$DuplicateJsonObjectContextCustomizer@40ea836f, org.springframework.boot.test.mock.mockito.MockitoContextCustomizer@0, org.springframework.boot.test.web.client.TestRestTemplateContextCustomizer@7a6bb168, org.springframework.boot.test.context.SpringBootTestArgs@1, org.springframework.boot.test.context.SpringBootTestWebEnvironment@5c596fb1], resourceBasePath = 'src/main/webapp', contextLoader = 'org.springframework.boot.test.context.SpringBootContextLoader', parent = [null]]]
2021-09-19 10:12:37.866 DEBUG 1438 --- [    Test worker] org.springframework.test.context.cache   : Spring test ApplicationContext cache statistics: [DefaultContextCache@ad59875 size = 1, maxSize = 32, parentContextCount = 0, hitCount = 5, missCount = 1]
2021-09-19 10:12:37.938 DEBUG 1438 --- [    Test worker] c.DefaultCacheAwareContextLoaderDelegate : Retrieved ApplicationContext [867513756] from cache with key [[WebMergedContextConfiguration@312515dc testClass = OrderInfoDtoServiceTest, locations = '{}', classes = '{class kr.co.test.contstraint.Application}', contextInitializerClasses = '[]', activeProfiles = '{test}', propertySourceLocations = '{}', propertySourceProperties = '{org.springframework.boot.test.context.SpringBootTestContextBootstrapper=true}', contextCustomizers = set[org.springframework.boot.test.autoconfigure.actuate.metrics.MetricsExportContextCustomizerFactory$DisableMetricExportContextCustomizer@2a8404af, org.springframework.boot.test.autoconfigure.properties.PropertyMappingContextCustomizer@0, org.springframework.boot.test.autoconfigure.web.servlet.WebDriverContextCustomizerFactory$Customizer@42d7fe72, org.springframework.boot.test.context.filter.ExcludeFilterContextCustomizer@7d6de834, org.springframework.boot.test.json.DuplicateJsonObjectContextCustomizerFactory$DuplicateJsonObjectContextCustomizer@40ea836f, org.springframework.boot.test.mock.mockito.MockitoContextCustomizer@0, org.springframework.boot.test.web.client.TestRestTemplateContextCustomizer@7a6bb168, org.springframework.boot.test.context.SpringBootTestArgs@1, org.springframework.boot.test.context.SpringBootTestWebEnvironment@5c596fb1], resourceBasePath = 'src/main/webapp', contextLoader = 'org.springframework.boot.test.context.SpringBootContextLoader', parent = [null]]]
2021-09-19 10:12:37.938 DEBUG 1438 --- [    Test worker] org.springframework.test.context.cache   : Spring test ApplicationContext cache statistics: [DefaultContextCache@ad59875 size = 1, maxSize = 32, parentContextCount = 0, hitCount = 6, missCount = 1]
2021-09-19 10:12:37.945 DEBUG 1438 --- [    Test worker] o.s.orm.jpa.JpaTransactionManager        : Found thread-bound EntityManager [SessionImpl(81604788<open>)] for JPA transaction
2021-09-19 10:12:37.945 DEBUG 1438 --- [    Test worker] o.s.orm.jpa.JpaTransactionManager        : Participating in existing transaction
2021-09-19 10:12:37.959 DEBUG 1438 --- [    Test worker] o.s.orm.jpa.JpaTransactionManager        : Found thread-bound EntityManager [SessionImpl(81604788<open>)] for JPA transaction
2021-09-19 10:12:37.959 DEBUG 1438 --- [    Test worker] o.s.orm.jpa.JpaTransactionManager        : Participating in existing transaction
2021-09-19 10:12:37.979 DEBUG 1438 --- [    Test worker] o.h.q.c.internal.CriteriaQueryImpl       : Rendered criteria query -> select generatedAlias0 from OrderInfo as generatedAlias0
2021-09-19 10:12:37.990 DEBUG 1438 --- [    Test worker] o.h.h.i.QueryTranslatorFactoryInitiator  : QueryTranslatorFactory: org.hibernate.hql.internal.ast.ASTQueryTranslatorFactory@c6f13c1
2021-09-19 10:12:38.014 DEBUG 1438 --- [    Test worker] o.h.h.internal.ast.QueryTranslatorImpl   : parse() - HQL: select generatedAlias0 from kr.co.test.contstraint.entity.OrderInfo as generatedAlias0
2021-09-19 10:12:38.018 DEBUG 1438 --- [    Test worker] o.h.hql.internal.ast.ErrorTracker        : throwQueryException() : no errors
2021-09-19 10:12:38.023 DEBUG 1438 --- [    Test worker] o.h.h.internal.ast.QueryTranslatorImpl   : --- HQL AST ---
 \-[QUERY] Node: 'query'
    \-[SELECT_FROM] Node: 'SELECT_FROM'
       +-[FROM] Node: 'from'
       |  \-[RANGE] Node: 'RANGE'
       |     +-[DOT] Node: '.'
       |     |  +-[DOT] Node: '.'
       |     |  |  +-[DOT] Node: '.'
       |     |  |  |  +-[DOT] Node: '.'
       |     |  |  |  |  +-[DOT] Node: '.'
       |     |  |  |  |  |  +-[IDENT] Node: 'kr'
       |     |  |  |  |  |  \-[IDENT] Node: 'co'
       |     |  |  |  |  \-[IDENT] Node: 'test'
       |     |  |  |  \-[IDENT] Node: 'contstraint'
       |     |  |  \-[IDENT] Node: 'entity'
       |     |  \-[IDENT] Node: 'OrderInfo'
       |     \-[ALIAS] Node: 'generatedAlias0'
       \-[SELECT] Node: 'select'
          \-[IDENT] Node: 'generatedAlias0'

2021-09-19 10:12:38.039 DEBUG 1438 --- [    Test worker] o.h.hql.internal.antlr.HqlSqlBaseWalker  : select << begin [level=1, statement=select]
2021-09-19 10:12:38.049 DEBUG 1438 --- [    Test worker] o.h.hql.internal.ast.tree.FromElement    : FromClause{level=1} : kr.co.test.contstraint.entity.OrderInfo (generatedAlias0) -> orderinfo0_
2021-09-19 10:12:38.049 DEBUG 1438 --- [    Test worker] o.h.h.i.ast.tree.FromReferenceNode       : Resolved : generatedAlias0 -> orderinfo0_.order_info_id
2021-09-19 10:12:38.050 DEBUG 1438 --- [    Test worker] o.h.hql.internal.antlr.HqlSqlBaseWalker  : select : finishing up [level=1, statement=select]
2021-09-19 10:12:38.050 DEBUG 1438 --- [    Test worker] o.h.hql.internal.ast.HqlSqlWalker        : processQuery() :  ( SELECT ( {select clause} orderinfo0_.order_info_id ) ( FromClause{level=1} order_info orderinfo0_ ) )
2021-09-19 10:12:38.055 DEBUG 1438 --- [    Test worker] o.h.hql.internal.ast.util.JoinProcessor  : Tables referenced from query nodes:
 \-QueryNode
    +-SelectClause
    | referencedTables(entity OrderInfo): [order_info]
    |  +-IdentNode
    |  | persister: SingleTableEntityPersister(kr.co.test.contstraint.entity.OrderInfo)
    |  | originalText: generatedAlias0
    |  \-SqlFragment
    \-FromClause
       \-FromElement

2021-09-19 10:12:38.057 DEBUG 1438 --- [    Test worker] o.h.hql.internal.ast.util.JoinProcessor  : Using FROM fragment [order_info orderinfo0_]
2021-09-19 10:12:38.057 DEBUG 1438 --- [    Test worker] o.h.hql.internal.antlr.HqlSqlBaseWalker  : select >> end [level=1, statement=select]
2021-09-19 10:12:38.058 DEBUG 1438 --- [    Test worker] o.h.h.internal.ast.QueryTranslatorImpl   : --- SQL AST ---
 \-[SELECT] QueryNode: 'SELECT'  querySpaces (order_info)
    +-[SELECT_CLAUSE] SelectClause: '{select clause}'
    |  +-[ALIAS_REF] IdentNode: 'orderinfo0_.order_info_id as order_in1_2_' {alias=generatedAlias0, className=kr.co.test.contstraint.entity.OrderInfo, tableAlias=orderinfo0_}
    |  \-[SQL_TOKEN] SqlFragment: 'orderinfo0_.amount as amount2_2_, orderinfo0_.member_id as member_i4_2_, orderinfo0_.product_id as product_5_2_, orderinfo0_.total_order_amount as total_or3_2_'
    \-[FROM] FromClause: 'from' FromClause{level=1, fromElementCounter=1, fromElements=1, fromElementByClassAlias=[generatedAlias0], fromElementByTableAlias=[orderinfo0_], fromElementsByPath=[], collectionJoinFromElementsByPath=[], impliedElements=[]}
       \-[FROM_FRAGMENT] FromElement: 'order_info orderinfo0_' FromElement{explicit,not a collection join,not a fetch join,fetch non-lazy properties,classAlias=generatedAlias0,role=null,tableName=order_info,tableAlias=orderinfo0_,origin=null,columns={,className=kr.co.test.contstraint.entity.OrderInfo}}

2021-09-19 10:12:38.058 DEBUG 1438 --- [    Test worker] o.h.hql.internal.ast.ErrorTracker        : throwQueryException() : no errors
2021-09-19 10:12:38.062 DEBUG 1438 --- [    Test worker] o.h.h.internal.ast.QueryTranslatorImpl   : HQL: select generatedAlias0 from kr.co.test.contstraint.entity.OrderInfo as generatedAlias0
2021-09-19 10:12:38.062 DEBUG 1438 --- [    Test worker] o.h.h.internal.ast.QueryTranslatorImpl   : SQL: select orderinfo0_.order_info_id as order_in1_2_, orderinfo0_.amount as amount2_2_, orderinfo0_.member_id as member_i4_2_, orderinfo0_.product_id as product_5_2_, orderinfo0_.total_order_amount as total_or3_2_ from order_info orderinfo0_
2021-09-19 10:12:38.062 DEBUG 1438 --- [    Test worker] o.h.hql.internal.ast.ErrorTracker        : throwQueryException() : no errors
2021-09-19 10:12:38.077 DEBUG 1438 --- [    Test worker] org.hibernate.SQL                        : select orderinfo0_.order_info_id as order_in1_2_, orderinfo0_.amount as amount2_2_, orderinfo0_.member_id as member_i4_2_, orderinfo0_.product_id as product_5_2_, orderinfo0_.total_order_amount as total_or3_2_ from order_info orderinfo0_
Hibernate: select orderinfo0_.order_info_id as order_in1_2_, orderinfo0_.amount as amount2_2_, orderinfo0_.member_id as member_i4_2_, orderinfo0_.product_id as product_5_2_, orderinfo0_.total_order_amount as total_or3_2_ from order_info orderinfo0_
2021-09-19 10:12:38.080  INFO 1438 --- [    Test worker] MySQL                                    : [QUERY] select orderinfo0_.order_info_id as order_in1_2_, orderinfo0_.amount as amount2_2_, orderinfo0_.member_id as member_i4_2_, orderinfo0_.product_id as product_5_2_, orderinfo0_.total_order_amount as total_or3_2_ from order_info orderinfo0_ [Created on: Sun Sep 19 10:12:38 KST 2021, duration: 1, connection-id: 11, statement-id: 0, resultset-id: 0,	at com.zaxxer.hikari.pool.ProxyPreparedStatement.executeQuery(ProxyPreparedStatement.java:52)]
2021-09-19 10:12:38.081  INFO 1438 --- [    Test worker] MySQL                                    : [FETCH]  [Created on: Sun Sep 19 10:12:38 KST 2021, duration: 0, connection-id: 11, statement-id: 0, resultset-id: 0,	at com.zaxxer.hikari.pool.ProxyPreparedStatement.executeQuery(ProxyPreparedStatement.java:52)]
2021-09-19 10:12:38.087 DEBUG 1438 --- [    Test worker] c.DefaultCacheAwareContextLoaderDelegate : Retrieved ApplicationContext [867513756] from cache with key [[WebMergedContextConfiguration@312515dc testClass = OrderInfoDtoServiceTest, locations = '{}', classes = '{class kr.co.test.contstraint.Application}', contextInitializerClasses = '[]', activeProfiles = '{test}', propertySourceLocations = '{}', propertySourceProperties = '{org.springframework.boot.test.context.SpringBootTestContextBootstrapper=true}', contextCustomizers = set[org.springframework.boot.test.autoconfigure.actuate.metrics.MetricsExportContextCustomizerFactory$DisableMetricExportContextCustomizer@2a8404af, org.springframework.boot.test.autoconfigure.properties.PropertyMappingContextCustomizer@0, org.springframework.boot.test.autoconfigure.web.servlet.WebDriverContextCustomizerFactory$Customizer@42d7fe72, org.springframework.boot.test.context.filter.ExcludeFilterContextCustomizer@7d6de834, org.springframework.boot.test.json.DuplicateJsonObjectContextCustomizerFactory$DuplicateJsonObjectContextCustomizer@40ea836f, org.springframework.boot.test.mock.mockito.MockitoContextCustomizer@0, org.springframework.boot.test.web.client.TestRestTemplateContextCustomizer@7a6bb168, org.springframework.boot.test.context.SpringBootTestArgs@1, org.springframework.boot.test.context.SpringBootTestWebEnvironment@5c596fb1], resourceBasePath = 'src/main/webapp', contextLoader = 'org.springframework.boot.test.context.SpringBootContextLoader', parent = [null]]]
2021-09-19 10:12:38.087 DEBUG 1438 --- [    Test worker] org.springframework.test.context.cache   : Spring test ApplicationContext cache statistics: [DefaultContextCache@ad59875 size = 1, maxSize = 32, parentContextCount = 0, hitCount = 7, missCount = 1]
2021-09-19 10:12:38.088 DEBUG 1438 --- [    Test worker] c.DefaultCacheAwareContextLoaderDelegate : Retrieved ApplicationContext [867513756] from cache with key [[WebMergedContextConfiguration@312515dc testClass = OrderInfoDtoServiceTest, locations = '{}', classes = '{class kr.co.test.contstraint.Application}', contextInitializerClasses = '[]', activeProfiles = '{test}', propertySourceLocations = '{}', propertySourceProperties = '{org.springframework.boot.test.context.SpringBootTestContextBootstrapper=true}', contextCustomizers = set[org.springframework.boot.test.autoconfigure.actuate.metrics.MetricsExportContextCustomizerFactory$DisableMetricExportContextCustomizer@2a8404af, org.springframework.boot.test.autoconfigure.properties.PropertyMappingContextCustomizer@0, org.springframework.boot.test.autoconfigure.web.servlet.WebDriverContextCustomizerFactory$Customizer@42d7fe72, org.springframework.boot.test.context.filter.ExcludeFilterContextCustomizer@7d6de834, org.springframework.boot.test.json.DuplicateJsonObjectContextCustomizerFactory$DuplicateJsonObjectContextCustomizer@40ea836f, org.springframework.boot.test.mock.mockito.MockitoContextCustomizer@0, org.springframework.boot.test.web.client.TestRestTemplateContextCustomizer@7a6bb168, org.springframework.boot.test.context.SpringBootTestArgs@1, org.springframework.boot.test.context.SpringBootTestWebEnvironment@5c596fb1], resourceBasePath = 'src/main/webapp', contextLoader = 'org.springframework.boot.test.context.SpringBootContextLoader', parent = [null]]]
2021-09-19 10:12:38.088 DEBUG 1438 --- [    Test worker] org.springframework.test.context.cache   : Spring test ApplicationContext cache statistics: [DefaultContextCache@ad59875 size = 1, maxSize = 32, parentContextCount = 0, hitCount = 8, missCount = 1]
2021-09-19 10:12:38.088 DEBUG 1438 --- [    Test worker] c.DefaultCacheAwareContextLoaderDelegate : Retrieved ApplicationContext [867513756] from cache with key [[WebMergedContextConfiguration@312515dc testClass = OrderInfoDtoServiceTest, locations = '{}', classes = '{class kr.co.test.contstraint.Application}', contextInitializerClasses = '[]', activeProfiles = '{test}', propertySourceLocations = '{}', propertySourceProperties = '{org.springframework.boot.test.context.SpringBootTestContextBootstrapper=true}', contextCustomizers = set[org.springframework.boot.test.autoconfigure.actuate.metrics.MetricsExportContextCustomizerFactory$DisableMetricExportContextCustomizer@2a8404af, org.springframework.boot.test.autoconfigure.properties.PropertyMappingContextCustomizer@0, org.springframework.boot.test.autoconfigure.web.servlet.WebDriverContextCustomizerFactory$Customizer@42d7fe72, org.springframework.boot.test.context.filter.ExcludeFilterContextCustomizer@7d6de834, org.springframework.boot.test.json.DuplicateJsonObjectContextCustomizerFactory$DuplicateJsonObjectContextCustomizer@40ea836f, org.springframework.boot.test.mock.mockito.MockitoContextCustomizer@0, org.springframework.boot.test.web.client.TestRestTemplateContextCustomizer@7a6bb168, org.springframework.boot.test.context.SpringBootTestArgs@1, org.springframework.boot.test.context.SpringBootTestWebEnvironment@5c596fb1], resourceBasePath = 'src/main/webapp', contextLoader = 'org.springframework.boot.test.context.SpringBootContextLoader', parent = [null]]]
2021-09-19 10:12:38.088 DEBUG 1438 --- [    Test worker] org.springframework.test.context.cache   : Spring test ApplicationContext cache statistics: [DefaultContextCache@ad59875 size = 1, maxSize = 32, parentContextCount = 0, hitCount = 9, missCount = 1]
2021-09-19 10:12:38.089 DEBUG 1438 --- [    Test worker] c.DefaultCacheAwareContextLoaderDelegate : Retrieved ApplicationContext [867513756] from cache with key [[WebMergedContextConfiguration@312515dc testClass = OrderInfoDtoServiceTest, locations = '{}', classes = '{class kr.co.test.contstraint.Application}', contextInitializerClasses = '[]', activeProfiles = '{test}', propertySourceLocations = '{}', propertySourceProperties = '{org.springframework.boot.test.context.SpringBootTestContextBootstrapper=true}', contextCustomizers = set[org.springframework.boot.test.autoconfigure.actuate.metrics.MetricsExportContextCustomizerFactory$DisableMetricExportContextCustomizer@2a8404af, org.springframework.boot.test.autoconfigure.properties.PropertyMappingContextCustomizer@0, org.springframework.boot.test.autoconfigure.web.servlet.WebDriverContextCustomizerFactory$Customizer@42d7fe72, org.springframework.boot.test.context.filter.ExcludeFilterContextCustomizer@7d6de834, org.springframework.boot.test.json.DuplicateJsonObjectContextCustomizerFactory$DuplicateJsonObjectContextCustomizer@40ea836f, org.springframework.boot.test.mock.mockito.MockitoContextCustomizer@0, org.springframework.boot.test.web.client.TestRestTemplateContextCustomizer@7a6bb168, org.springframework.boot.test.context.SpringBootTestArgs@1, org.springframework.boot.test.context.SpringBootTestWebEnvironment@5c596fb1], resourceBasePath = 'src/main/webapp', contextLoader = 'org.springframework.boot.test.context.SpringBootContextLoader', parent = [null]]]
2021-09-19 10:12:38.089 DEBUG 1438 --- [    Test worker] org.springframework.test.context.cache   : Spring test ApplicationContext cache statistics: [DefaultContextCache@ad59875 size = 1, maxSize = 32, parentContextCount = 0, hitCount = 10, missCount = 1]
2021-09-19 10:12:38.090 DEBUG 1438 --- [    Test worker] c.DefaultCacheAwareContextLoaderDelegate : Retrieved ApplicationContext [867513756] from cache with key [[WebMergedContextConfiguration@312515dc testClass = OrderInfoDtoServiceTest, locations = '{}', classes = '{class kr.co.test.contstraint.Application}', contextInitializerClasses = '[]', activeProfiles = '{test}', propertySourceLocations = '{}', propertySourceProperties = '{org.springframework.boot.test.context.SpringBootTestContextBootstrapper=true}', contextCustomizers = set[org.springframework.boot.test.autoconfigure.actuate.metrics.MetricsExportContextCustomizerFactory$DisableMetricExportContextCustomizer@2a8404af, org.springframework.boot.test.autoconfigure.properties.PropertyMappingContextCustomizer@0, org.springframework.boot.test.autoconfigure.web.servlet.WebDriverContextCustomizerFactory$Customizer@42d7fe72, org.springframework.boot.test.context.filter.ExcludeFilterContextCustomizer@7d6de834, org.springframework.boot.test.json.DuplicateJsonObjectContextCustomizerFactory$DuplicateJsonObjectContextCustomizer@40ea836f, org.springframework.boot.test.mock.mockito.MockitoContextCustomizer@0, org.springframework.boot.test.web.client.TestRestTemplateContextCustomizer@7a6bb168, org.springframework.boot.test.context.SpringBootTestArgs@1, org.springframework.boot.test.context.SpringBootTestWebEnvironment@5c596fb1], resourceBasePath = 'src/main/webapp', contextLoader = 'org.springframework.boot.test.context.SpringBootContextLoader', parent = [null]]]
2021-09-19 10:12:38.090 DEBUG 1438 --- [    Test worker] org.springframework.test.context.cache   : Spring test ApplicationContext cache statistics: [DefaultContextCache@ad59875 size = 1, maxSize = 32, parentContextCount = 0, hitCount = 11, missCount = 1]
2021-09-19 10:12:38.092 DEBUG 1438 --- [    Test worker] c.DefaultCacheAwareContextLoaderDelegate : Retrieved ApplicationContext [867513756] from cache with key [[WebMergedContextConfiguration@312515dc testClass = OrderInfoDtoServiceTest, locations = '{}', classes = '{class kr.co.test.contstraint.Application}', contextInitializerClasses = '[]', activeProfiles = '{test}', propertySourceLocations = '{}', propertySourceProperties = '{org.springframework.boot.test.context.SpringBootTestContextBootstrapper=true}', contextCustomizers = set[org.springframework.boot.test.autoconfigure.actuate.metrics.MetricsExportContextCustomizerFactory$DisableMetricExportContextCustomizer@2a8404af, org.springframework.boot.test.autoconfigure.properties.PropertyMappingContextCustomizer@0, org.springframework.boot.test.autoconfigure.web.servlet.WebDriverContextCustomizerFactory$Customizer@42d7fe72, org.springframework.boot.test.context.filter.ExcludeFilterContextCustomizer@7d6de834, org.springframework.boot.test.json.DuplicateJsonObjectContextCustomizerFactory$DuplicateJsonObjectContextCustomizer@40ea836f, org.springframework.boot.test.mock.mockito.MockitoContextCustomizer@0, org.springframework.boot.test.web.client.TestRestTemplateContextCustomizer@7a6bb168, org.springframework.boot.test.context.SpringBootTestArgs@1, org.springframework.boot.test.context.SpringBootTestWebEnvironment@5c596fb1], resourceBasePath = 'src/main/webapp', contextLoader = 'org.springframework.boot.test.context.SpringBootContextLoader', parent = [null]]]
2021-09-19 10:12:38.092 DEBUG 1438 --- [    Test worker] org.springframework.test.context.cache   : Spring test ApplicationContext cache statistics: [DefaultContextCache@ad59875 size = 1, maxSize = 32, parentContextCount = 0, hitCount = 12, missCount = 1]
2021-09-19 10:12:38.093 DEBUG 1438 --- [    Test worker] o.s.orm.jpa.JpaTransactionManager        : Initiating transaction rollback
2021-09-19 10:12:38.093 DEBUG 1438 --- [    Test worker] o.s.orm.jpa.JpaTransactionManager        : Rolling back JPA transaction on EntityManager [SessionImpl(81604788<open>)]
2021-09-19 10:12:38.093 DEBUG 1438 --- [    Test worker] o.h.e.t.internal.TransactionImpl         : rolling back
2021-09-19 10:12:38.093  INFO 1438 --- [    Test worker] MySQL                                    : [QUERY] rollback [Created on: Sun Sep 19 10:12:38 KST 2021, duration: 0, connection-id: 11, statement-id: -1, resultset-id: 0,	at com.zaxxer.hikari.pool.ProxyConnection.rollback(ProxyConnection.java:396)]
2021-09-19 10:12:38.094  INFO 1438 --- [    Test worker] MySQL                                    : [FETCH]  [Created on: Sun Sep 19 10:12:38 KST 2021, duration: 0, connection-id: 11, statement-id: -1, resultset-id: 0,	at com.zaxxer.hikari.pool.ProxyConnection.rollback(ProxyConnection.java:396)]
2021-09-19 10:12:38.094  INFO 1438 --- [    Test worker] MySQL                                    : [QUERY] SET autocommit=1 [Created on: Sun Sep 19 10:12:38 KST 2021, duration: 0, connection-id: 11, statement-id: -1, resultset-id: 0,	at com.zaxxer.hikari.pool.ProxyConnection.setAutoCommit(ProxyConnection.java:414)]
2021-09-19 10:12:38.095  INFO 1438 --- [    Test worker] MySQL                                    : [FETCH]  [Created on: Sun Sep 19 10:12:38 KST 2021, duration: 0, connection-id: 11, statement-id: -1, resultset-id: 0,	at com.zaxxer.hikari.pool.ProxyConnection.setAutoCommit(ProxyConnection.java:414)]
2021-09-19 10:12:38.096 DEBUG 1438 --- [    Test worker] o.s.orm.jpa.JpaTransactionManager        : Closing JPA EntityManager [SessionImpl(81604788<open>)] after transaction
2021-09-19 10:12:38.096  INFO 1438 --- [    Test worker] o.s.t.c.transaction.TransactionContext   : Rolled back transaction for test: [DefaultTestContext@252e3bb7 testClass = OrderInfoDtoServiceTest, testInstance = kr.co.test.contstraint.service.OrderInfoDtoServiceTest@624cf451, testMethod = test1@OrderInfoDtoServiceTest, testException = [null], mergedContextConfiguration = [WebMergedContextConfiguration@312515dc testClass = OrderInfoDtoServiceTest, locations = '{}', classes = '{class kr.co.test.contstraint.Application}', contextInitializerClasses = '[]', activeProfiles = '{test}', propertySourceLocations = '{}', propertySourceProperties = '{org.springframework.boot.test.context.SpringBootTestContextBootstrapper=true}', contextCustomizers = set[org.springframework.boot.test.autoconfigure.actuate.metrics.MetricsExportContextCustomizerFactory$DisableMetricExportContextCustomizer@2a8404af, org.springframework.boot.test.autoconfigure.properties.PropertyMappingContextCustomizer@0, org.springframework.boot.test.autoconfigure.web.servlet.WebDriverContextCustomizerFactory$Customizer@42d7fe72, org.springframework.boot.test.context.filter.ExcludeFilterContextCustomizer@7d6de834, org.springframework.boot.test.json.DuplicateJsonObjectContextCustomizerFactory$DuplicateJsonObjectContextCustomizer@40ea836f, org.springframework.boot.test.mock.mockito.MockitoContextCustomizer@0, org.springframework.boot.test.web.client.TestRestTemplateContextCustomizer@7a6bb168, org.springframework.boot.test.context.SpringBootTestArgs@1, org.springframework.boot.test.context.SpringBootTestWebEnvironment@5c596fb1], resourceBasePath = 'src/main/webapp', contextLoader = 'org.springframework.boot.test.context.SpringBootContextLoader', parent = [null]], attributes = map['org.springframework.test.context.web.ServletTestExecutionListener.activateListener' -> true, 'org.springframework.test.context.web.ServletTestExecutionListener.populatedRequestContextHolder' -> true, 'org.springframework.test.context.web.ServletTestExecutionListener.resetRequestContextHolder' -> true, 'org.springframework.test.context.event.ApplicationEventsTestExecutionListener.recordApplicationEvents' -> false]]
2021-09-19 10:12:38.097 DEBUG 1438 --- [    Test worker] tractDirtiesContextTestExecutionListener : After test method: context [DefaultTestContext@252e3bb7 testClass = OrderInfoDtoServiceTest, testInstance = kr.co.test.contstraint.service.OrderInfoDtoServiceTest@624cf451, testMethod = test1@OrderInfoDtoServiceTest, testException = [null], mergedContextConfiguration = [WebMergedContextConfiguration@312515dc testClass = OrderInfoDtoServiceTest, locations = '{}', classes = '{class kr.co.test.contstraint.Application}', contextInitializerClasses = '[]', activeProfiles = '{test}', propertySourceLocations = '{}', propertySourceProperties = '{org.springframework.boot.test.context.SpringBootTestContextBootstrapper=true}', contextCustomizers = set[org.springframework.boot.test.autoconfigure.actuate.metrics.MetricsExportContextCustomizerFactory$DisableMetricExportContextCustomizer@2a8404af, org.springframework.boot.test.autoconfigure.properties.PropertyMappingContextCustomizer@0, org.springframework.boot.test.autoconfigure.web.servlet.WebDriverContextCustomizerFactory$Customizer@42d7fe72, org.springframework.boot.test.context.filter.ExcludeFilterContextCustomizer@7d6de834, org.springframework.boot.test.json.DuplicateJsonObjectContextCustomizerFactory$DuplicateJsonObjectContextCustomizer@40ea836f, org.springframework.boot.test.mock.mockito.MockitoContextCustomizer@0, org.springframework.boot.test.web.client.TestRestTemplateContextCustomizer@7a6bb168, org.springframework.boot.test.context.SpringBootTestArgs@1, org.springframework.boot.test.context.SpringBootTestWebEnvironment@5c596fb1], resourceBasePath = 'src/main/webapp', contextLoader = 'org.springframework.boot.test.context.SpringBootContextLoader', parent = [null]], attributes = map['org.springframework.test.context.web.ServletTestExecutionListener.activateListener' -> true, 'org.springframework.test.context.web.ServletTestExecutionListener.populatedRequestContextHolder' -> true, 'org.springframework.test.context.web.ServletTestExecutionListener.resetRequestContextHolder' -> true, 'org.springframework.test.context.event.ApplicationEventsTestExecutionListener.recordApplicationEvents' -> false]], class annotated with @DirtiesContext [false] with mode [null], method annotated with @DirtiesContext [false] with mode [null].
2021-09-19 10:12:38.097 DEBUG 1438 --- [    Test worker] o.s.t.c.w.ServletTestExecutionListener   : Resetting RequestContextHolder for test context [DefaultTestContext@252e3bb7 testClass = OrderInfoDtoServiceTest, testInstance = kr.co.test.contstraint.service.OrderInfoDtoServiceTest@624cf451, testMethod = test1@OrderInfoDtoServiceTest, testException = [null], mergedContextConfiguration = [WebMergedContextConfiguration@312515dc testClass = OrderInfoDtoServiceTest, locations = '{}', classes = '{class kr.co.test.contstraint.Application}', contextInitializerClasses = '[]', activeProfiles = '{test}', propertySourceLocations = '{}', propertySourceProperties = '{org.springframework.boot.test.context.SpringBootTestContextBootstrapper=true}', contextCustomizers = set[org.springframework.boot.test.autoconfigure.actuate.metrics.MetricsExportContextCustomizerFactory$DisableMetricExportContextCustomizer@2a8404af, org.springframework.boot.test.autoconfigure.properties.PropertyMappingContextCustomizer@0, org.springframework.boot.test.autoconfigure.web.servlet.WebDriverContextCustomizerFactory$Customizer@42d7fe72, org.springframework.boot.test.context.filter.ExcludeFilterContextCustomizer@7d6de834, org.springframework.boot.test.json.DuplicateJsonObjectContextCustomizerFactory$DuplicateJsonObjectContextCustomizer@40ea836f, org.springframework.boot.test.mock.mockito.MockitoContextCustomizer@0, org.springframework.boot.test.web.client.TestRestTemplateContextCustomizer@7a6bb168, org.springframework.boot.test.context.SpringBootTestArgs@1, org.springframework.boot.test.context.SpringBootTestWebEnvironment@5c596fb1], resourceBasePath = 'src/main/webapp', contextLoader = 'org.springframework.boot.test.context.SpringBootContextLoader', parent = [null]], attributes = map['org.springframework.test.context.web.ServletTestExecutionListener.activateListener' -> true, 'org.springframework.test.context.web.ServletTestExecutionListener.populatedRequestContextHolder' -> true, 'org.springframework.test.context.web.ServletTestExecutionListener.resetRequestContextHolder' -> true, 'org.springframework.test.context.event.ApplicationEventsTestExecutionListener.recordApplicationEvents' -> false]].
2021-09-19 10:12:38.102 DEBUG 1438 --- [    Test worker] c.DefaultCacheAwareContextLoaderDelegate : Retrieved ApplicationContext [867513756] from cache with key [[WebMergedContextConfiguration@312515dc testClass = OrderInfoDtoServiceTest, locations = '{}', classes = '{class kr.co.test.contstraint.Application}', contextInitializerClasses = '[]', activeProfiles = '{test}', propertySourceLocations = '{}', propertySourceProperties = '{org.springframework.boot.test.context.SpringBootTestContextBootstrapper=true}', contextCustomizers = set[org.springframework.boot.test.autoconfigure.actuate.metrics.MetricsExportContextCustomizerFactory$DisableMetricExportContextCustomizer@2a8404af, org.springframework.boot.test.autoconfigure.properties.PropertyMappingContextCustomizer@0, org.springframework.boot.test.autoconfigure.web.servlet.WebDriverContextCustomizerFactory$Customizer@42d7fe72, org.springframework.boot.test.context.filter.ExcludeFilterContextCustomizer@7d6de834, org.springframework.boot.test.json.DuplicateJsonObjectContextCustomizerFactory$DuplicateJsonObjectContextCustomizer@40ea836f, org.springframework.boot.test.mock.mockito.MockitoContextCustomizer@0, org.springframework.boot.test.web.client.TestRestTemplateContextCustomizer@7a6bb168, org.springframework.boot.test.context.SpringBootTestArgs@1, org.springframework.boot.test.context.SpringBootTestWebEnvironment@5c596fb1], resourceBasePath = 'src/main/webapp', contextLoader = 'org.springframework.boot.test.context.SpringBootContextLoader', parent = [null]]]
2021-09-19 10:12:38.102 DEBUG 1438 --- [    Test worker] org.springframework.test.context.cache   : Spring test ApplicationContext cache statistics: [DefaultContextCache@ad59875 size = 1, maxSize = 32, parentContextCount = 0, hitCount = 13, missCount = 1]
2021-09-19 10:12:38.102 DEBUG 1438 --- [    Test worker] tractDirtiesContextTestExecutionListener : After test class: context [DefaultTestContext@252e3bb7 testClass = OrderInfoDtoServiceTest, testInstance = [null], testMethod = [null], testException = [null], mergedContextConfiguration = [WebMergedContextConfiguration@312515dc testClass = OrderInfoDtoServiceTest, locations = '{}', classes = '{class kr.co.test.contstraint.Application}', contextInitializerClasses = '[]', activeProfiles = '{test}', propertySourceLocations = '{}', propertySourceProperties = '{org.springframework.boot.test.context.SpringBootTestContextBootstrapper=true}', contextCustomizers = set[org.springframework.boot.test.autoconfigure.actuate.metrics.MetricsExportContextCustomizerFactory$DisableMetricExportContextCustomizer@2a8404af, org.springframework.boot.test.autoconfigure.properties.PropertyMappingContextCustomizer@0, org.springframework.boot.test.autoconfigure.web.servlet.WebDriverContextCustomizerFactory$Customizer@42d7fe72, org.springframework.boot.test.context.filter.ExcludeFilterContextCustomizer@7d6de834, org.springframework.boot.test.json.DuplicateJsonObjectContextCustomizerFactory$DuplicateJsonObjectContextCustomizer@40ea836f, org.springframework.boot.test.mock.mockito.MockitoContextCustomizer@0, org.springframework.boot.test.web.client.TestRestTemplateContextCustomizer@7a6bb168, org.springframework.boot.test.context.SpringBootTestArgs@1, org.springframework.boot.test.context.SpringBootTestWebEnvironment@5c596fb1], resourceBasePath = 'src/main/webapp', contextLoader = 'org.springframework.boot.test.context.SpringBootContextLoader', parent = [null]], attributes = map['org.springframework.test.context.web.ServletTestExecutionListener.activateListener' -> true, 'org.springframework.test.context.event.ApplicationEventsTestExecutionListener.recordApplicationEvents' -> false, 'org.springframework.test.context.support.DependencyInjectionTestExecutionListener.reinjectDependencies' -> true]], class annotated with @DirtiesContext [false] with mode [null].
]]></system-out>
  <system-err><![CDATA[]]></system-err>
</testsuite>
